          *** MOLPOP-CEP; version of October 4, 2013 ***

* Sample run for OH with Offer et al collision rates
* These lines are echoed in the output because they start with a '*'
* Instructions for data input are found at the end of the input file
      Molecule --- OH

        Collision information:
    1.  Relative weight of collision partner =  3.00
        Collision rates from data file DataBase/Coll/OH_H2o.kij

    2.  Relative weight of collision partner =  1.00
        Collision rates from data file DataBase/Coll/OH_H2p.kij

      Number of levels = 24
      Tgas =   50.0 K
      n_tot =  1.00E+04 cm-3
      n_OH/n_tot =  1.00E-06
      n_OH =  1.00E-02 cm-3
      LINE OVERLAP USED
      Thermal speed =   0.2 km/s
      Slab escape probability 
      Using Entered Doppler Width =   12.0 km/s
      FWHM =  20.0 km/s
      Includes maser saturation effects

      External Radiation field includes:
        - 2.725K Cosmic Background
        - Dust with Td =   60.0 K and Tau(v) =  1.00E+02
 Using INCREASING strategy
------------------------------- Energy levels --------------------------------

   i     g    cm^{-1}        GHz        quantum numbers

   1     3  0.00000E+00  0.00000E+00    2^Pi_{3/2},  J=3/2,  F=1-
   2     5  1.77237E-03  5.31342E-02    2^Pi_{3/2},  J=3/2,  F=2-
   3     3  5.55134E-02  1.66425E+00    2^Pi_{3/2},  J=3/2,  F=1+
   4     5  5.73510E-02  1.71934E+00    2^Pi_{3/2},  J=3/2,  F=2+
   5     5  8.36662E+01  2.50825E+03    2^Pi_{3/2},  J=5/2,  F=2+
   6     7  8.36667E+01  2.50826E+03    2^Pi_{3/2},  J=5/2,  F=3+
   7     5  8.38673E+01  2.51428E+03    2^Pi_{3/2},  J=5/2,  F=2-
   8     7  8.38679E+01  2.51430E+03    2^Pi_{3/2},  J=5/2,  F=3-
   9     1  1.26206E+02  3.78355E+03    2^Pi_{1/2},  J=1/2,  F=0+
  10     3  1.26206E+02  3.78357E+03    2^Pi_{1/2},  J=1/2,  F=1+
  11     1  1.26362E+02  3.78822E+03    2^Pi_{1/2},  J=1/2,  F=0-
  12     3  1.26365E+02  3.78831E+03    2^Pi_{1/2},  J=1/2,  F=1-
  13     3  1.87364E+02  5.61703E+03    2^Pi_{1/2},  J=3/2,  F=1-
  14     5  1.87364E+02  5.61704E+03    2^Pi_{1/2},  J=3/2,  F=2-
  15     3  1.87623E+02  5.62479E+03    2^Pi_{1/2},  J=3/2,  F=1+
  16     5  1.87625E+02  5.62486E+03    2^Pi_{1/2},  J=3/2,  F=2+
  17     9  2.01793E+02  6.04959E+03    2^Pi_{3/2},  J=7/2,  F=4-
  18     7  2.01793E+02  6.04960E+03    2^Pi_{3/2},  J=7/2,  F=3-
  19     9  2.02241E+02  6.06303E+03    2^Pi_{3/2},  J=7/2,  F=4+
  20     7  2.02241E+02  6.06303E+03    2^Pi_{3/2},  J=7/2,  F=3+
  21     5  2.88573E+02  8.65120E+03    2^Pi_{1/2},  J=5/2,  F=2+
  22     7  2.88574E+02  8.65122E+03    2^Pi_{1/2},  J=5/2,  F=3+
  23     5  2.88844E+02  8.65933E+03    2^Pi_{1/2},  J=5/2,  F=2-
  24     7  2.88847E+02  8.65940E+03    2^Pi_{1/2},  J=5/2,  F=3-
------------------------------------------------------------------------------

--------------------------------- Transitions --------------------------------

  i -> j     micron          GHz        Aij, s^{-1}   Cij, s^{-1}

  2    1   5.64217E+06   5.31342E-02    0.00000E+00   3.15000E-07
  3    1   1.80137E+05   1.66425E+00    7.17700E-11   1.88000E-06
  3    2   1.86078E+05   1.61112E+00    1.30200E-11   5.51750E-07
  4    1   1.74365E+05   1.71934E+00    9.49600E-12   3.34000E-07
  4    2   1.79925E+05   1.66621E+00    7.77800E-11   2.11250E-06
  4    3   5.44188E+06   5.50899E-02    0.00000E+00   3.67500E-07
  5    1   1.19523E+02   2.50825E+03    1.24400E-01   4.48750E-07
  5    2   1.19525E+02   2.50820E+03    1.38200E-02   1.44700E-07
  5    3   1.19602E+02   2.50659E+03    0.00000E+00   3.75000E-07
  5    4   1.19605E+02   2.50653E+03    0.00000E+00   2.02500E-07
  6    1   1.19522E+02   2.50826E+03    0.00000E+00   5.94500E-08
  6    2   1.19524E+02   2.50821E+03    1.38200E-01   5.32500E-07
  6    3   1.19601E+02   2.50660E+03    0.00000E+00   1.02500E-07
  6    4   1.19604E+02   2.50655E+03    0.00000E+00   4.77500E-07
  6    5   2.14592E+07   1.39703E-02    0.00000E+00   1.80000E-07
  7    1   1.19236E+02   2.51428E+03    0.00000E+00   2.55500E-07
  7    2   1.19239E+02   2.51422E+03    0.00000E+00   1.72500E-07
  7    3   1.19315E+02   2.51261E+03    1.25000E-01   3.75250E-07
  7    4   1.19318E+02   2.51256E+03    1.38900E-02   1.23000E-07
  7    5   4.97451E+04   6.02658E+00    1.54800E-09   1.30750E-06
  7    6   4.98606E+04   6.01261E+00    1.09800E-10   1.92750E-07
  8    1   1.19235E+02   2.51430E+03    0.00000E+00   9.57500E-08
  8    2   1.19238E+02   2.51424E+03    0.00000E+00   3.39500E-07
  8    3   1.19314E+02   2.51263E+03    0.00000E+00   5.54500E-08
  8    4   1.19317E+02   2.51258E+03    1.38900E-01   4.51750E-07
  8    5   4.95943E+04   6.04490E+00    7.96800E-11   1.38750E-07
  8    6   4.97092E+04   6.03092E+00    1.58300E-09   1.38500E-06
  8    7   1.63666E+07   1.83173E-02    0.00000E+00   1.55750E-07
  9    1   7.92357E+01   3.78355E+03    3.57500E-02   1.21500E-07
  9    2   7.92368E+01   3.78350E+03    0.00000E+00   2.93350E-07
  9    3   7.92706E+01   3.78189E+03    0.00000E+00   9.91500E-08
  9    4   7.92718E+01   3.78183E+03    0.00000E+00   9.15000E-07
  9    5   2.35076E+02   1.27530E+03    0.00000E+00   3.95000E-07
  9    6   2.35078E+02   1.27529E+03    0.00000E+00   2.25675E-07
  9    7   2.36192E+02   1.26927E+03    0.00000E+00   1.06475E-07
  9    8   2.36195E+02   1.26926E+03    0.00000E+00   3.17500E-07
 10    1   7.92354E+01   3.78357E+03    5.95800E-03   1.65675E-07
 10    2   7.92365E+01   3.78351E+03    2.97900E-02   2.49175E-07
 10    3   7.92703E+01   3.78190E+03    0.00000E+00   4.75000E-07
 10    4   7.92714E+01   3.78185E+03    0.00000E+00   5.45000E-07
 10    5   2.35073E+02   1.27532E+03    0.00000E+00   2.07500E-07
 10    6   2.35076E+02   1.27530E+03    0.00000E+00   4.05000E-07
 10    7   2.36189E+02   1.26929E+03    0.00000E+00   2.00750E-07
 10    8   2.36193E+02   1.26927E+03    0.00000E+00   2.23000E-07
 10    9   2.00000E+07   1.49896E-02    0.00000E+00   2.03425E-07
 11    1   7.91380E+01   3.78822E+03    0.00000E+00   1.51125E-07
 11    2   7.91391E+01   3.78817E+03    0.00000E+00   6.82500E-07
 11    3   7.91728E+01   3.78656E+03    3.54500E-02   1.53500E-07
 11    4   7.91740E+01   3.78650E+03    0.00000E+00   2.79175E-07
 11    5   2.34218E+02   1.27997E+03    0.00000E+00   1.14175E-07
 11    6   2.34220E+02   1.27996E+03    0.00000E+00   1.97200E-07
 11    7   2.35326E+02   1.27395E+03    0.00000E+00   9.60000E-07
 11    8   2.35329E+02   1.27393E+03    0.00000E+00   1.56250E-07
 11    9   6.41684E+04   4.67197E+00    0.00000E+00   9.75000E-08
 11   10   6.43749E+04   4.65698E+00    1.09200E-09   1.16500E-06
 12    1   7.91361E+01   3.78831E+03    0.00000E+00   3.65000E-07
 12    2   7.91372E+01   3.78826E+03    0.00000E+00   4.62500E-07
 12    3   7.91709E+01   3.78665E+03    5.90900E-03   1.66425E-07
 12    4   7.91721E+01   3.78659E+03    2.95400E-02   2.66250E-07
 12    5   2.34201E+02   1.28006E+03    0.00000E+00   1.36600E-07
 12    6   2.34204E+02   1.28005E+03    0.00000E+00   1.82275E-07
 12    7   2.35309E+02   1.27404E+03    0.00000E+00   3.00000E-07
 12    8   2.35313E+02   1.27402E+03    0.00000E+00   8.12500E-07
 12    9   6.29525E+04   4.76220E+00    3.89300E-10   3.96000E-07
 12   10   6.31512E+04   4.74721E+00    7.71300E-10   9.27500E-07
 12   11   3.32226E+06   9.02375E-02    0.00000E+00   1.58100E-07
 13    1   5.33720E+01   5.61703E+03    0.00000E+00   2.32500E-07
 13    2   5.33725E+01   5.61698E+03    0.00000E+00   2.27500E-07
 13    3   5.33879E+01   5.61537E+03    3.79900E-02   1.21750E-07
 13    4   5.33884E+01   5.61531E+03    7.59700E-03   2.18250E-07
 13    5   9.64341E+01   3.10878E+03    9.12400E-03   2.22250E-07
 13    6   9.64345E+01   3.10877E+03    0.00000E+00   1.16000E-07
 13    7   9.66214E+01   3.10275E+03    0.00000E+00   1.16250E-06
 13    8   9.66220E+01   3.10274E+03    0.00000E+00   4.67500E-07
 13    9   1.63510E+02   1.83348E+03    4.30900E-02   3.55250E-07
 13   10   1.63511E+02   1.83347E+03    2.15400E-02   2.41575E-07
 13   11   1.63928E+02   1.82881E+03    0.00000E+00   5.38750E-08
 13   12   1.63936E+02   1.82872E+03    0.00000E+00   3.07500E-07
 14    1   5.33719E+01   5.61704E+03    0.00000E+00   1.37500E-07
 14    2   5.33724E+01   5.61699E+03    0.00000E+00   3.25000E-07
 14    3   5.33877E+01   5.61538E+03    4.56000E-03   1.32500E-07
 14    4   5.33883E+01   5.61532E+03    4.10300E-02   2.15000E-07
 14    5   9.64337E+01   3.10879E+03    6.08200E-04   9.27500E-08
 14    6   9.64342E+01   3.10878E+03    8.51500E-03   2.45500E-07
 14    7   9.66210E+01   3.10277E+03    0.00000E+00   3.87500E-07
 14    8   9.66216E+01   3.10275E+03    0.00000E+00   1.22500E-06
 14    9   1.63509E+02   1.83349E+03    0.00000E+00   2.56000E-08
 14   10   1.63510E+02   1.83348E+03    6.46300E-02   5.66750E-07
 14   11   1.63927E+02   1.82882E+03    0.00000E+00   1.12500E-07
 14   12   1.63935E+02   1.82873E+03    0.00000E+00   2.50000E-07
 14   13   2.56410E+07   1.16919E-02    0.00000E+00   2.19500E-07
 15    1   5.32984E+01   5.62479E+03    3.73400E-02   1.16500E-07
 15    2   5.32989E+01   5.62473E+03    7.46700E-03   2.02500E-07
 15    3   5.33142E+01   5.62312E+03    0.00000E+00   3.65000E-07
 15    4   5.33147E+01   5.62307E+03    0.00000E+00   3.22500E-07
 15    5   9.61941E+01   3.11654E+03    0.00000E+00   4.62500E-07
 15    6   9.61945E+01   3.11652E+03    0.00000E+00   2.52500E-07
 15    7   9.63805E+01   3.11051E+03    8.97200E-03   3.61750E-07
 15    8   9.63810E+01   3.11049E+03    0.00000E+00   1.74750E-07
 15    9   1.62821E+02   1.84124E+03    0.00000E+00   3.69250E-08
 15   10   1.62823E+02   1.84122E+03    0.00000E+00   1.62500E-07
 15   11   1.63235E+02   1.83656E+03    4.33200E-02   3.63500E-07
 15   12   1.63243E+02   1.83647E+03    2.16600E-02   2.57250E-07
 15   13   3.86518E+04   7.75623E+00    9.46100E-10   4.82500E-07
 15   14   3.87102E+04   7.74454E+00    1.88400E-10   2.93000E-07
 16    1   5.32978E+01   5.62486E+03    4.48100E-03   1.24500E-07
 16    2   5.32983E+01   5.62480E+03    4.03300E-02   1.94250E-07
 16    3   5.33136E+01   5.62319E+03    0.00000E+00   1.97500E-07
 16    4   5.33141E+01   5.62314E+03    0.00000E+00   4.97500E-07
 16    5   9.61919E+01   3.11661E+03    0.00000E+00   2.05000E-07
 16    6   9.61923E+01   3.11659E+03    0.00000E+00   5.25000E-07
 16    7   9.63783E+01   3.11058E+03    5.98000E-04   1.35750E-07
 16    8   9.63788E+01   3.11056E+03    8.37400E-03   3.92500E-07
 16    9   1.62815E+02   1.84131E+03    0.00000E+00   5.87500E-08
 16   10   1.62816E+02   1.84129E+03    0.00000E+00   1.41500E-07
 16   11   1.63229E+02   1.83663E+03    0.00000E+00   3.01850E-08
 16   12   1.63237E+02   1.83654E+03    6.49800E-02   5.83000E-07
 16   13   3.83054E+04   7.82638E+00    1.16600E-10   1.74250E-07
 16   14   3.83627E+04   7.81469E+00    1.04500E-09   6.01250E-07
 16   15   4.27350E+06   7.01514E-02    0.00000E+00   3.92500E-07
 17    1   4.95558E+01   6.04959E+03    0.00000E+00   1.65000E-08
 17    2   4.95562E+01   6.04954E+03    0.00000E+00   1.40000E-07
 17    3   4.95694E+01   6.04793E+03    0.00000E+00   1.47500E-08
 17    4   4.95699E+01   6.04787E+03    0.00000E+00   5.54250E-08
 17    5   8.46550E+01   3.54134E+03    0.00000E+00   1.60750E-08
 17    6   8.46553E+01   3.54133E+03    5.20700E-01   2.40000E-07
 17    7   8.47993E+01   3.53532E+03    0.00000E+00   4.00000E-08
 17    8   8.47998E+01   3.53530E+03    0.00000E+00   3.70000E-07
 17    9   1.32298E+02   2.26604E+03    0.00000E+00   3.38625E-09
 17   10   1.32299E+02   2.26603E+03    0.00000E+00   2.43000E-08
 17   11   1.32571E+02   2.26137E+03    0.00000E+00   8.77500E-09
 17   12   1.32576E+02   2.26128E+03    0.00000E+00   2.57500E-08
 17   13   6.93062E+02   4.32562E+02    0.00000E+00   1.00500E-08
 17   14   6.93080E+02   4.32551E+02    0.00000E+00   1.50000E-07
 17   15   7.05716E+02   4.24806E+02    0.00000E+00   1.30250E-08
 17   16   7.05832E+02   4.24736E+02    0.00000E+00   5.27250E-08
 18    1   4.95557E+01   6.04960E+03    0.00000E+00   1.12500E-07
 18    2   4.95562E+01   6.04955E+03    0.00000E+00   4.22500E-08
 18    3   4.95694E+01   6.04794E+03    0.00000E+00   4.14000E-08
 18    4   4.95698E+01   6.04788E+03    0.00000E+00   2.87750E-08
 18    5   8.46548E+01   3.54135E+03    4.95900E-01   2.24500E-07
 18    6   8.46552E+01   3.54134E+03    2.48000E-02   3.30500E-08
 18    7   8.47991E+01   3.53532E+03    0.00000E+00   3.40000E-07
 18    8   8.47996E+01   3.53531E+03    0.00000E+00   7.07500E-08
 18    9   1.32297E+02   2.26605E+03    0.00000E+00   1.14125E-08
 18   10   1.32298E+02   2.26604E+03    0.00000E+00   1.58975E-08
 18   11   1.32571E+02   2.26138E+03    0.00000E+00   8.39250E-09
 18   12   1.32576E+02   2.26129E+03    0.00000E+00   2.55000E-08
 18   13   6.93050E+02   4.32570E+02    0.00000E+00   1.22500E-07
 18   14   6.93068E+02   4.32558E+02    0.00000E+00   3.55000E-08
 18   15   7.05703E+02   4.24814E+02    0.00000E+00   3.89750E-08
 18   16   7.05820E+02   4.24744E+02    0.00000E+00   2.60250E-08
 18   17   4.00000E+07   7.49481E-03    0.00000E+00   1.12500E-07
 19    1   4.94460E+01   6.06303E+03    0.00000E+00   4.97000E-09
 19    2   4.94464E+01   6.06297E+03    0.00000E+00   2.17500E-08
 19    3   4.94596E+01   6.06136E+03    0.00000E+00   7.77500E-09
 19    4   4.94600E+01   6.06131E+03    0.00000E+00   4.12500E-08
 19    5   8.43351E+01   3.55478E+03    0.00000E+00   1.68000E-08
 19    6   8.43355E+01   3.55476E+03    0.00000E+00   1.34250E-07
 19    7   8.44783E+01   3.54875E+03    0.00000E+00   1.01500E-08
 19    8   8.44788E+01   3.54873E+03    5.23900E-01   2.16500E-07
 19    9   1.31518E+02   2.27947E+03    0.00000E+00   8.62500E-09
 19   10   1.31519E+02   2.27946E+03    0.00000E+00   1.92500E-08
 19   11   1.31788E+02   2.27480E+03    0.00000E+00   2.48275E-09
 19   12   1.31794E+02   2.27471E+03    0.00000E+00   2.60250E-08
 19   13   6.72189E+02   4.45994E+02    0.00000E+00   9.21250E-09
 19   14   6.72207E+02   4.45983E+02    0.00000E+00   4.44250E-08
 19   15   6.84086E+02   4.38238E+02    0.00000E+00   2.27000E-08
 19   16   6.84195E+02   4.38168E+02    0.00000E+00   3.70000E-07
 19   17   2.23194E+04   1.34319E+01    9.34300E-09   7.61000E-07
 19   18   2.23319E+04   1.34244E+01    2.66500E-10   4.23500E-08
 20    1   4.94460E+01   6.06303E+03    0.00000E+00   1.63250E-08
 20    2   4.94464E+01   6.06297E+03    0.00000E+00   1.01000E-08
 20    3   4.94596E+01   6.06136E+03    0.00000E+00   3.17500E-08
 20    4   4.94600E+01   6.06131E+03    0.00000E+00   1.64500E-08
 20    5   8.43351E+01   3.55478E+03    0.00000E+00   1.17750E-07
 20    6   8.43354E+01   3.55476E+03    0.00000E+00   2.77500E-08
 20    7   8.44783E+01   3.54875E+03    4.99000E-01   2.01000E-07
 20    8   8.44788E+01   3.54873E+03    2.49500E-02   2.41000E-08
 20    9   1.31518E+02   2.27948E+03    0.00000E+00   4.83750E-09
 20   10   1.31519E+02   2.27946E+03    0.00000E+00   2.27500E-08
 20   11   1.31788E+02   2.27480E+03    0.00000E+00   1.27250E-08
 20   12   1.31793E+02   2.27471E+03    0.00000E+00   1.48000E-08
 20   13   6.72188E+02   4.45995E+02    0.00000E+00   3.37000E-08
 20   14   6.72205E+02   4.45984E+02    0.00000E+00   1.91750E-08
 20   15   6.84084E+02   4.38239E+02    0.00000E+00   3.05000E-07
 20   16   6.84194E+02   4.38169E+02    0.00000E+00   8.47500E-08
 20   17   2.23179E+04   1.34328E+01    3.43300E-10   5.46750E-08
 20   18   2.23304E+04   1.34253E+01    9.25200E-09   7.45500E-07
 20   19   3.33333E+08   8.99377E-04    0.00000E+00   9.77500E-08
 21    1   3.46533E+01   8.65120E+03    1.59000E-02   3.43000E-08
 21    2   3.46535E+01   8.65115E+03    1.76600E-03   3.22250E-08
 21    3   3.46599E+01   8.64954E+03    0.00000E+00   2.20000E-08
 21    4   3.46602E+01   8.64948E+03    0.00000E+00   3.07500E-08
 21    5   4.88027E+01   6.14295E+03    0.00000E+00   3.75000E-07
 21    6   4.88028E+01   6.14294E+03    0.00000E+00   1.09250E-07
 21    7   4.88506E+01   6.13693E+03    5.32200E-02   1.40750E-07
 21    8   4.88507E+01   6.13691E+03    3.80100E-03   5.75000E-08
 21    9   6.15887E+01   4.86765E+03    0.00000E+00   2.90000E-08
 21   10   6.15889E+01   4.86764E+03    0.00000E+00   2.35000E-08
 21   11   6.16479E+01   4.86298E+03    0.00000E+00   7.65250E-09
 21   12   6.16490E+01   4.86289E+03    0.00000E+00   2.65250E-08
 21   13   9.88054E+01   3.03417E+03    3.17900E-01   3.29500E-07
 21   14   9.88058E+01   3.03416E+03    3.53200E-02   6.95000E-08
 21   15   9.90586E+01   3.02641E+03    0.00000E+00   2.15000E-07
 21   16   9.90609E+01   3.02634E+03    0.00000E+00   9.80000E-08
 21   17   1.15233E+02   2.60161E+03    0.00000E+00   3.46500E-08
 21   18   1.15234E+02   2.60160E+03    2.97800E-03   1.26000E-07
 21   19   1.15832E+02   2.58818E+03    0.00000E+00   2.30000E-07
 21   20   1.15832E+02   2.58818E+03    0.00000E+00   1.50000E-06
 22    1   3.46532E+01   8.65122E+03    0.00000E+00   1.81000E-08
 22    2   3.46534E+01   8.65117E+03    1.76600E-02   4.84000E-08
 22    3   3.46599E+01   8.64956E+03    0.00000E+00   1.82500E-08
 22    4   3.46601E+01   8.64950E+03    0.00000E+00   3.45000E-08
 22    5   4.88025E+01   6.14297E+03    0.00000E+00   7.75000E-08
 22    6   4.88026E+01   6.14296E+03    0.00000E+00   4.07500E-07
 22    7   4.88504E+01   6.13694E+03    2.71600E-03   4.15000E-08
 22    8   4.88506E+01   6.13693E+03    5.43100E-02   1.56750E-07
 22    9   6.15885E+01   4.86767E+03    0.00000E+00   1.88500E-09
 22   10   6.15887E+01   4.86765E+03    0.00000E+00   5.12500E-08
 22   11   6.16477E+01   4.86300E+03    0.00000E+00   8.97500E-09
 22   12   6.16488E+01   4.86291E+03    0.00000E+00   2.52000E-08
 22   13   9.88048E+01   3.03419E+03    0.00000E+00   2.09750E-08
 22   14   9.88052E+01   3.03418E+03    3.53200E-01   3.76500E-07
 22   15   9.90580E+01   3.02643E+03    0.00000E+00   4.95000E-08
 22   16   9.90603E+01   3.02636E+03    0.00000E+00   2.72500E-07
 22   17   1.15233E+02   2.60163E+03    2.87100E-03   1.33750E-07
 22   18   1.15233E+02   2.60162E+03    1.06300E-04   3.05000E-08
 22   19   1.15831E+02   2.58819E+03    0.00000E+00   1.47500E-06
 22   20   1.15831E+02   2.58819E+03    0.00000E+00   2.25000E-07
 22   21   1.69492E+07   1.76878E-02    0.00000E+00   1.26750E-07
 23    1   3.46207E+01   8.65933E+03    0.00000E+00   8.82500E-08
 23    2   3.46209E+01   8.65928E+03    0.00000E+00   1.00000E-07
 23    3   3.46274E+01   8.65767E+03    1.54800E-02   5.00000E-08
 23    4   3.46276E+01   8.65761E+03    1.71900E-03   5.75000E-08
 23    5   4.87382E+01   6.15108E+03    5.19700E-02   9.47500E-08
 23    6   4.87383E+01   6.15107E+03    3.71200E-03   6.72500E-08
 23    7   4.87860E+01   6.14506E+03    0.00000E+00   4.22500E-07
 23    8   4.87861E+01   6.14504E+03    0.00000E+00   1.22500E-07
 23    9   6.14860E+01   4.87578E+03    0.00000E+00   2.93500E-09
 23   10   6.14862E+01   4.87577E+03    0.00000E+00   2.40750E-08
 23   11   6.15450E+01   4.87111E+03    0.00000E+00   6.32500E-08
 23   12   6.15461E+01   4.87102E+03    0.00000E+00   5.32500E-08
 23   13   9.85413E+01   3.04230E+03    0.00000E+00   8.62500E-08
 23   14   9.85417E+01   3.04229E+03    0.00000E+00   6.87500E-08
 23   15   9.87932E+01   3.03455E+03    3.18100E-01   3.79000E-07
 23   16   9.87955E+01   3.03447E+03    3.53400E-02   8.65000E-08
 23   17   1.14875E+02   2.60974E+03    0.00000E+00   1.50000E-07
 23   18   1.14875E+02   2.60973E+03    0.00000E+00   5.15000E-07
 23   19   1.15469E+02   2.59631E+03    0.00000E+00   5.63500E-08
 23   20   1.15469E+02   2.59631E+03    2.89300E-03   2.16250E-07
 23   21   3.68745E+04   8.13007E+00    6.05200E-10   4.62750E-07
 23   22   3.69549E+04   8.11238E+00    4.29400E-11   8.60000E-08
 24    1   3.46204E+01   8.65940E+03    0.00000E+00   5.77500E-08
 24    2   3.46207E+01   8.65935E+03    0.00000E+00   1.32500E-07
 24    3   3.46271E+01   8.65774E+03    0.00000E+00   3.38000E-08
 24    4   3.46273E+01   8.65769E+03    1.71900E-02   7.45000E-08
 24    5   4.87376E+01   6.15115E+03    2.65200E-03   4.85000E-08
 24    6   4.87377E+01   6.15114E+03    5.30400E-02   1.11000E-07
 24    7   4.87854E+01   6.14513E+03    0.00000E+00   8.55000E-08
 24    8   4.87855E+01   6.14511E+03    0.00000E+00   4.62500E-07
 24    9   6.14851E+01   4.87585E+03    0.00000E+00   9.22500E-09
 24   10   6.14853E+01   4.87584E+03    0.00000E+00   1.79500E-08
 24   11   6.15441E+01   4.87118E+03    0.00000E+00   4.82500E-09
 24   12   6.15452E+01   4.87109E+03    0.00000E+00   1.14750E-07
 24   13   9.85390E+01   3.04237E+03    0.00000E+00   3.82500E-08
 24   14   9.85394E+01   3.04236E+03    0.00000E+00   1.20000E-07
 24   15   9.87909E+01   3.03462E+03    0.00000E+00   2.82750E-08
 24   16   9.87932E+01   3.03455E+03    3.53500E-01   4.34250E-07
 24   17   1.14871E+02   2.60981E+03    0.00000E+00   5.42500E-07
 24   18   1.14872E+02   2.60980E+03    0.00000E+00   1.30000E-07
 24   19   1.15466E+02   2.59638E+03    2.79000E-03   2.24000E-07
 24   20   1.15466E+02   2.59638E+03    1.03300E-04   5.01750E-08
 24   21   3.65524E+04   8.20172E+00    3.17000E-11   6.39750E-08
 24   22   3.66314E+04   8.18403E+00    6.29800E-10   4.93750E-07
 24   23   4.18410E+06   7.16504E-02    0.00000E+00   3.35000E-07
------------------------------------------------------------------------------

------------------------------------------------------------------------------

      *** All optical depths are listed at line center ***


***  INITIAL GUESS ***

  R =  0.00E+00cm     H2 column =  1.00E+24cm-2     mol column =  1.00E+20 cm-2
  Total emission =  3.07E-17 erg/s/mol 
  Populations:
      level    x(i)         n(i)       n(i)/n*     T_ex(i,1)     emission     %
                          cm^{-3}                      K         erg/s/mol
        1    6.179E-02    1.854E-03    1.145E+00    0.000E+00    0.000E+00    0
        2    6.179E-02    3.089E-03    1.145E+00    1.886E+02    0.000E+00    0
        3    6.138E-02    1.839E-03    1.137E+00    9.777E+00    1.711E-28    0
        4    6.139E-02    3.064E-03    1.137E+00    1.011E+01    2.963E-28    0
        5    4.487E-03    2.020E-05    8.313E-02    2.393E+01    4.640E-18   15
        6    4.487E-03    2.828E-05    8.313E-02    2.393E+01    6.495E-18   21
        7    4.475E-03    2.003E-05    8.290E-02    2.395E+01    4.631E-18   15
        8    4.475E-03    2.804E-05    8.290E-02    2.395E+01    6.484E-18   21
        9    2.118E-02    5.608E-06    3.925E-01    3.862E+01    5.026E-19    2
       10    2.118E-02    1.682E-05    3.925E-01    3.862E+01    1.508E-18    5
       11    2.122E-02    5.592E-06    3.931E-01    3.864E+01    4.974E-19    2
       12    2.122E-02    1.678E-05    3.931E-01    3.864E+01    1.492E-18    5
       13    1.617E-02    2.210E-06    2.996E-01    4.004E+01    5.899E-19    2
       14    1.617E-02    3.683E-06    2.996E-01    4.004E+01    9.833E-19    3
       15    1.614E-02    2.190E-06    2.991E-01    4.005E+01    5.794E-19    2
       16    1.615E-02    3.650E-06    2.991E-01    4.005E+01    9.657E-19    3
       17    7.137E-04    1.932E-07    1.322E-02    2.828E+01    2.360E-19    1
       18    7.137E-04    1.503E-07    1.322E-02    2.828E+01    1.836E-19    1
       19    7.157E-04    1.912E-07    1.326E-02    2.831E+01    2.356E-19    1
       20    7.157E-04    1.487E-07    1.326E-02    2.831E+01    1.832E-19    1
       21    8.169E-03    1.011E-07    1.513E-01    4.020E+01    1.060E-19    0
       22    8.167E-03    1.415E-07    1.513E-01    4.020E+01    1.484E-19    0
       23    7.998E-03    9.823E-08    1.482E-01    4.013E+01    1.023E-19    0
       24    7.994E-03    1.374E-07    1.481E-01    4.013E+01    1.431E-19    0

------------------------------------------------------------------------------

ABOUT TO CALL SOLVE. R =  1.000E+16
 
  NEWTON PROGRESS:
  ITER.     DET.      EQ. #     RESIDUAL    VAR. #    REL. CHANGE
  1     -4.32E-08       2     -1.13E-06      15      4.31E-03
  2     -4.33E-08       8     -5.29E-09      19      4.09E-05
 SUCCESSFUL SOLUTION

  R =  1.00E+16cm     H2 column =  1.00E+20cm-2     mol column =  1.00E+14 cm-2
  Total emission =  2.70E-17 erg/s/mol 
  The top emitting lines are:

        i    j  wavelength    tau    beta       Tex      emission   %
                  micron                         K       erg/s/mol
        6    2  1.195E+02  1.90E-01  8.06E-01  2.39E+01  5.25E-18  19
        8    4  1.193E+02  1.88E-01  8.07E-01  2.40E+01  5.25E-18  19
        5    1  1.195E+02  1.22E-01  8.57E-01  2.39E+01  3.59E-18  13
        7    3  1.193E+02  1.21E-01  8.58E-01  2.40E+01  3.59E-18  13
       10    2  7.924E+01  5.09E-03  9.88E-01  3.86E+01  1.25E-18   5
       12    4  7.917E+01  5.00E-03  9.89E-01  3.87E+01  1.23E-18   5
       14    4  5.339E+01  3.58E-03  9.91E-01  4.01E+01  5.56E-19   2
       16    2  5.330E+01  3.52E-03  9.91E-01  4.00E+01  5.42E-19   2
        9    1  7.924E+01  2.04E-03  9.95E-01  3.86E+01  5.01E-19   2
       11    3  7.917E+01  2.00E-03  9.95E-01  3.87E+01  4.96E-19   2
        5    2  1.195E+02  1.35E-02  9.74E-01  2.39E+01  4.53E-19   2
        7    4  1.193E+02  1.34E-02  9.74E-01  2.40E+01  4.52E-19   2
       13    3  5.339E+01  1.99E-03  9.95E-01  4.01E+01  3.10E-19   1
       15    1  5.330E+01  1.96E-03  9.95E-01  4.00E+01  3.02E-19   1
       14   10  1.635E+02  1.29E-03  9.96E-01  4.32E+01  2.87E-19   1
       16   12  1.632E+02  1.29E-03  9.96E-01  4.31E+01  2.87E-19   1
       10    1  7.924E+01  1.02E-03  9.97E-01  3.87E+01  2.52E-19   1
       12    3  7.917E+01  9.99E-04  9.97E-01  3.87E+01  2.49E-19   1
       17    6  8.466E+01  2.14E-03  9.94E-01  3.24E+01  2.35E-19   1
       19    8  8.448E+01  2.13E-03  9.94E-01  3.25E+01  2.35E-19   1
       18    5  8.465E+01  1.59E-03  9.96E-01  3.24E+01  1.75E-19   1
       20    7  8.448E+01  1.57E-03  9.96E-01  3.25E+01  1.74E-19   1

  No inversions
------------------------------------------------------------------------------

 
  NEWTON PROGRESS:
  ITER.     DET.      EQ. #     RESIDUAL    VAR. #    REL. CHANGE
  1     -5.13E-08       2     -5.75E-07      16      3.48E-03
  2     -5.13E-08       6      2.14E-08       6     -9.09E-05
 SUCCESSFUL SOLUTION

  R =  1.78E+16cm     H2 column =  1.78E+20cm-2     mol column =  1.78E+14 cm-2
  Total emission =  2.53E-17 erg/s/mol 
  The top emitting lines are:

        i    j  wavelength    tau    beta       Tex      emission   %
                  micron                         K       erg/s/mol
        8    4  1.193E+02  3.35E-01  7.21E-01  2.40E+01  4.70E-18  19
        6    2  1.195E+02  3.37E-01  7.19E-01  2.40E+01  4.70E-18  19
        5    1  1.195E+02  2.17E-01  7.88E-01  2.40E+01  3.31E-18  13
        7    3  1.193E+02  2.15E-01  7.89E-01  2.40E+01  3.31E-18  13
       10    2  7.924E+01  9.05E-03  9.81E-01  3.87E+01  1.24E-18   5
       12    4  7.917E+01  8.88E-03  9.81E-01  3.87E+01  1.23E-18   5
       14    4  5.339E+01  6.36E-03  9.86E-01  4.00E+01  5.51E-19   2
       16    2  5.330E+01  6.27E-03  9.86E-01  4.00E+01  5.37E-19   2
        9    1  7.924E+01  3.62E-03  9.91E-01  3.87E+01  5.01E-19   2
       11    3  7.917E+01  3.55E-03  9.91E-01  3.87E+01  4.95E-19   2
        5    2  1.195E+02  2.41E-02  9.58E-01  2.40E+01  4.47E-19   2
        7    4  1.193E+02  2.39E-02  9.58E-01  2.40E+01  4.46E-19   2
       13    3  5.339E+01  3.53E-03  9.91E-01  4.00E+01  3.08E-19   1
       15    1  5.330E+01  3.48E-03  9.92E-01  4.00E+01  3.00E-19   1
       14   10  1.635E+02  2.30E-03  9.94E-01  4.31E+01  2.86E-19   1
       16   12  1.632E+02  2.30E-03  9.94E-01  4.30E+01  2.85E-19   1
       10    1  7.924E+01  1.81E-03  9.95E-01  3.87E+01  2.51E-19   1
       12    3  7.917E+01  1.78E-03  9.95E-01  3.87E+01  2.49E-19   1
       17    6  8.466E+01  3.82E-03  9.91E-01  3.24E+01  2.35E-19   1
       19    8  8.448E+01  3.79E-03  9.91E-01  3.25E+01  2.35E-19   1
       18    5  8.465E+01  2.83E-03  9.93E-01  3.24E+01  1.74E-19   1
       20    7  8.448E+01  2.81E-03  9.93E-01  3.25E+01  1.74E-19   1

  No inversions
------------------------------------------------------------------------------

 
  NEWTON PROGRESS:
  ITER.     DET.      EQ. #     RESIDUAL    VAR. #    REL. CHANGE
  1     -6.13E-08       2     -8.26E-07      15      4.59E-03
  2     -6.14E-08       6      1.67E-08       6     -8.29E-05
 SUCCESSFUL SOLUTION

  R =  3.16E+16cm     H2 column =  3.16E+20cm-2     mol column =  3.16E+14 cm-2
  Total emission =  2.30E-17 erg/s/mol 
  The top emitting lines are:

        i    j  wavelength    tau    beta       Tex      emission   %
                  micron                         K       erg/s/mol
        8    4  1.193E+02  5.95E-01  6.11E-01  2.40E+01  4.00E-18  17
        6    2  1.195E+02  6.00E-01  6.10E-01  2.40E+01  3.99E-18  17
        7    3  1.193E+02  3.82E-01  6.97E-01  2.40E+01  2.93E-18  13
        5    1  1.195E+02  3.85E-01  6.96E-01  2.40E+01  2.93E-18  13
       10    2  7.924E+01  1.61E-02  9.70E-01  3.87E+01  1.23E-18   5
       12    4  7.917E+01  1.58E-02  9.70E-01  3.88E+01  1.22E-18   5
       14    4  5.339E+01  1.13E-02  9.77E-01  4.00E+01  5.44E-19   2
       16    2  5.330E+01  1.11E-02  9.78E-01  4.00E+01  5.30E-19   2
        9    1  7.924E+01  6.44E-03  9.86E-01  3.87E+01  4.99E-19   2
       11    3  7.917E+01  6.32E-03  9.86E-01  3.88E+01  4.94E-19   2
        5    2  1.195E+02  4.28E-02  9.34E-01  2.40E+01  4.37E-19   2
        7    4  1.193E+02  4.25E-02  9.35E-01  2.40E+01  4.37E-19   2
       13    3  5.339E+01  6.28E-03  9.86E-01  4.00E+01  3.05E-19   1
       15    1  5.330E+01  6.19E-03  9.86E-01  4.00E+01  2.97E-19   1
       14   10  1.635E+02  4.11E-03  9.90E-01  4.30E+01  2.83E-19   1
       16   12  1.632E+02  4.11E-03  9.90E-01  4.29E+01  2.83E-19   1
       10    1  7.924E+01  3.22E-03  9.92E-01  3.87E+01  2.51E-19   1
       12    3  7.917E+01  3.16E-03  9.92E-01  3.88E+01  2.49E-19   1
       17    6  8.466E+01  6.82E-03  9.85E-01  3.24E+01  2.35E-19   1
       19    8  8.448E+01  6.76E-03  9.85E-01  3.25E+01  2.34E-19   1
       18    5  8.465E+01  5.05E-03  9.88E-01  3.24E+01  1.74E-19   1
       20    7  8.448E+01  5.01E-03  9.89E-01  3.25E+01  1.74E-19   1

  No inversions
------------------------------------------------------------------------------

 
  NEWTON PROGRESS:
  ITER.     DET.      EQ. #     RESIDUAL    VAR. #    REL. CHANGE
  1     -6.87E-08       2     -1.08E-06      15      7.12E-03
  2     -6.90E-08       6      3.16E-08       6     -1.89E-04
  3     -6.90E-08       6     -2.80E-09      17      1.96E-05
 SUCCESSFUL SOLUTION

  R =  5.62E+16cm     H2 column =  5.62E+20cm-2     mol column =  5.62E+14 cm-2
  Total emission =  2.04E-17 erg/s/mol 
  The top emitting lines are:

        i    j  wavelength    tau    beta       Tex      emission   %
                  micron                         K       erg/s/mol
        8    4  1.193E+02  1.06E+00  4.85E-01  2.40E+01  3.19E-18  16
        6    2  1.195E+02  1.07E+00  4.84E-01  2.40E+01  3.19E-18  16
        7    3  1.193E+02  6.80E-01  5.83E-01  2.40E+01  2.47E-18  12
        5    1  1.195E+02  6.85E-01  5.82E-01  2.40E+01  2.46E-18  12
       10    2  7.924E+01  2.86E-02  9.52E-01  3.87E+01  1.21E-18   6
       12    4  7.917E+01  2.81E-02  9.53E-01  3.88E+01  1.20E-18   6
       14    4  5.339E+01  2.01E-02  9.64E-01  4.00E+01  5.33E-19   3
       16    2  5.330E+01  1.98E-02  9.64E-01  3.99E+01  5.19E-19   3
        9    1  7.924E+01  1.14E-02  9.77E-01  3.87E+01  4.97E-19   2
       11    3  7.917E+01  1.12E-02  9.77E-01  3.88E+01  4.92E-19   2
        5    2  1.195E+02  7.61E-02  8.98E-01  2.40E+01  4.23E-19   2
        7    4  1.193E+02  7.56E-02  8.99E-01  2.40E+01  4.22E-19   2
       13    3  5.339E+01  1.12E-02  9.78E-01  4.00E+01  3.00E-19   1
       15    1  5.330E+01  1.10E-02  9.78E-01  3.99E+01  2.92E-19   1
       14   10  1.635E+02  7.36E-03  9.84E-01  4.27E+01  2.80E-19   1
       16   12  1.632E+02  7.35E-03  9.84E-01  4.26E+01  2.79E-19   1
       10    1  7.924E+01  5.72E-03  9.87E-01  3.87E+01  2.51E-19   1
       12    3  7.917E+01  5.62E-03  9.87E-01  3.88E+01  2.49E-19   1
       17    6  8.466E+01  1.22E-02  9.76E-01  3.24E+01  2.34E-19   1
       19    8  8.448E+01  1.21E-02  9.76E-01  3.25E+01  2.33E-19   1
       18    5  8.465E+01  9.03E-03  9.81E-01  3.25E+01  1.74E-19   1
       20    7  8.448E+01  8.96E-03  9.81E-01  3.25E+01  1.74E-19   1
       13    9  1.635E+02  2.94E-03  9.93E-01  4.27E+01  1.13E-19   1
       15   11  1.632E+02  2.94E-03  9.93E-01  4.26E+01  1.12E-19   1

  No inversions
------------------------------------------------------------------------------

 
  NEWTON PROGRESS:
  ITER.     DET.      EQ. #     RESIDUAL    VAR. #    REL. CHANGE
  1     -6.54E-08       2     -1.32E-06      15      1.09E-02
  2     -6.59E-08       6      5.44E-08      19      4.67E-04
  3     -6.59E-08       6     -4.62E-09      17      4.53E-05
 SUCCESSFUL SOLUTION

  R =  1.00E+17cm     H2 column =  1.00E+21cm-2     mol column =  1.00E+15 cm-2
  Total emission =  1.75E-17 erg/s/mol 
  The top emitting lines are:

        i    j  wavelength    tau    beta       Tex      emission   %
                  micron                         K       erg/s/mol
        8    4  1.193E+02  1.88E+00  3.57E-01  2.41E+01  2.38E-18  14
        6    2  1.195E+02  1.89E+00  3.56E-01  2.41E+01  2.37E-18  14
        7    3  1.193E+02  1.21E+00  4.55E-01  2.41E+01  1.94E-18  11
        5    1  1.195E+02  1.22E+00  4.53E-01  2.41E+01  1.94E-18  11
       10    2  7.924E+01  5.09E-02  9.25E-01  3.88E+01  1.18E-18   7
       12    4  7.917E+01  5.00E-02  9.26E-01  3.89E+01  1.17E-18   7
       14    4  5.339E+01  3.58E-02  9.43E-01  3.99E+01  5.16E-19   3
       16    2  5.330E+01  3.52E-02  9.43E-01  3.99E+01  5.03E-19   3
        9    1  7.924E+01  2.03E-02  9.63E-01  3.88E+01  4.94E-19   3
       11    3  7.917E+01  2.00E-02  9.64E-01  3.88E+01  4.88E-19   3
        7    4  1.193E+02  1.34E-01  8.47E-01  2.41E+01  4.02E-19   2
        5    2  1.195E+02  1.35E-01  8.46E-01  2.41E+01  4.02E-19   2
       13    3  5.339E+01  1.99E-02  9.64E-01  3.99E+01  2.93E-19   2
       15    1  5.330E+01  1.96E-02  9.65E-01  3.99E+01  2.85E-19   2
       14   10  1.635E+02  1.32E-02  9.74E-01  4.24E+01  2.74E-19   2
       16   12  1.632E+02  1.32E-02  9.74E-01  4.23E+01  2.73E-19   2
       10    1  7.924E+01  1.02E-02  9.79E-01  3.88E+01  2.51E-19   1
       12    3  7.917E+01  1.00E-02  9.79E-01  3.89E+01  2.48E-19   1
       17    6  8.466E+01  2.19E-02  9.61E-01  3.25E+01  2.32E-19   1
       19    8  8.448E+01  2.17E-02  9.61E-01  3.25E+01  2.32E-19   1
       18    5  8.465E+01  1.62E-02  9.70E-01  3.25E+01  1.74E-19   1
       20    7  8.448E+01  1.61E-02  9.70E-01  3.25E+01  1.74E-19   1
       13    9  1.635E+02  5.29E-03  9.88E-01  4.24E+01  1.11E-19   1
       15   11  1.632E+02  5.27E-03  9.88E-01  4.23E+01  1.11E-19   1
       22   14  9.881E+01  3.11E-03  9.92E-01  4.07E+01  9.86E-20   1
       24   16  9.879E+01  3.08E-03  9.92E-01  4.05E+01  9.60E-20   1

  No inversions
------------------------------------------------------------------------------

 
  NEWTON PROGRESS:
  ITER.     DET.      EQ. #     RESIDUAL    VAR. #    REL. CHANGE
  1     -4.86E-08       2     -1.50E-06      19     -1.84E-02
  2     -4.93E-08       6      8.53E-08      19      1.27E-03
  3     -4.94E-08       6     -6.15E-09      17      9.84E-05
 SUCCESSFUL SOLUTION

  R =  1.78E+17cm     H2 column =  1.78E+21cm-2     mol column =  1.78E+15 cm-2
  Total emission =  1.48E-17 erg/s/mol 
  The top emitting lines are:

        i    j  wavelength    tau    beta       Tex      emission   %
                  micron                         K       erg/s/mol
        8    4  1.193E+02  3.35E+00  2.47E-01  2.42E+01  1.67E-18  11
        6    2  1.195E+02  3.37E+00  2.46E-01  2.41E+01  1.66E-18  11
        7    3  1.193E+02  2.15E+00  3.29E-01  2.42E+01  1.43E-18  10
        5    1  1.195E+02  2.16E+00  3.28E-01  2.41E+01  1.43E-18  10
       10    2  7.924E+01  9.04E-02  8.85E-01  3.89E+01  1.14E-18   8
       12    4  7.917E+01  8.89E-02  8.86E-01  3.89E+01  1.14E-18   8
       14    4  5.339E+01  6.36E-02  9.11E-01  3.98E+01  4.92E-19   3
        9    1  7.924E+01  3.62E-02  9.42E-01  3.89E+01  4.88E-19   3
       11    3  7.917E+01  3.56E-02  9.43E-01  3.89E+01  4.82E-19   3
       16    2  5.330E+01  6.26E-02  9.12E-01  3.98E+01  4.79E-19   3
        7    4  1.193E+02  2.39E-01  7.74E-01  2.42E+01  3.74E-19   3
        5    2  1.195E+02  2.41E-01  7.73E-01  2.41E+01  3.74E-19   3
       13    3  5.339E+01  3.53E-02  9.43E-01  3.98E+01  2.83E-19   2
       15    1  5.330E+01  3.48E-02  9.44E-01  3.98E+01  2.75E-19   2
       14   10  1.635E+02  2.38E-02  9.58E-01  4.19E+01  2.66E-19   2
       16   12  1.632E+02  2.38E-02  9.58E-01  4.18E+01  2.65E-19   2
       10    1  7.924E+01  1.81E-02  9.67E-01  3.89E+01  2.50E-19   2
       12    3  7.917E+01  1.78E-02  9.67E-01  3.89E+01  2.48E-19   2
       17    6  8.466E+01  3.96E-02  9.38E-01  3.25E+01  2.31E-19   2
       19    8  8.448E+01  3.93E-02  9.38E-01  3.25E+01  2.31E-19   2
       18    5  8.465E+01  2.93E-02  9.51E-01  3.25E+01  1.73E-19   1
       20    7  8.448E+01  2.91E-02  9.51E-01  3.25E+01  1.73E-19   1
       13    9  1.635E+02  9.53E-03  9.80E-01  4.19E+01  1.09E-19   1
       15   11  1.632E+02  9.50E-03  9.80E-01  4.18E+01  1.08E-19   1
       22   14  9.881E+01  5.45E-03  9.88E-01  4.08E+01  9.76E-20   1
       24   16  9.879E+01  5.40E-03  9.88E-01  4.06E+01  9.50E-20   1

  No inversions
------------------------------------------------------------------------------

 
  NEWTON PROGRESS:
  ITER.     DET.      EQ. #     RESIDUAL    VAR. #    REL. CHANGE
  1     -2.77E-08       2     -1.63E-06      19     -3.00E-02
  2     -2.84E-08       6      1.54E-07      19      2.94E-03
  3     -2.84E-08       5      7.81E-09      17      2.44E-04
  4     -2.84E-08       8      1.11E-09      19     -2.24E-05
 SUCCESSFUL SOLUTION

  R =  3.16E+17cm     H2 column =  3.16E+21cm-2     mol column =  3.16E+15 cm-2
  Total emission =  1.24E-17 erg/s/mol 
  The top emitting lines are:

        i    j  wavelength    tau    beta       Tex      emission   %
                  micron                         K       erg/s/mol
        8    4  1.193E+02  5.95E+00  1.58E-01  2.43E+01  1.10E-18   9
        6    2  1.195E+02  5.98E+00  1.57E-01  2.43E+01  1.09E-18   9
       10    2  7.924E+01  1.61E-01  8.27E-01  3.90E+01  1.09E-18   9
       12    4  7.917E+01  1.58E-01  8.29E-01  3.91E+01  1.08E-18   9
        7    3  1.193E+02  3.83E+00  2.23E-01  2.43E+01  9.98E-19   8
        5    1  1.195E+02  3.84E+00  2.22E-01  2.43E+01  9.94E-19   8
        9    1  7.924E+01  6.42E-02  9.10E-01  3.90E+01  4.78E-19   4
       11    3  7.917E+01  6.32E-02  9.11E-01  3.90E+01  4.73E-19   4
       14    4  5.339E+01  1.13E-01  8.64E-01  3.97E+01  4.57E-19   4
       16    2  5.330E+01  1.11E-01  8.66E-01  3.97E+01  4.45E-19   4
        7    4  1.193E+02  4.25E-01  6.78E-01  2.43E+01  3.37E-19   3
        5    2  1.195E+02  4.27E-01  6.77E-01  2.43E+01  3.36E-19   3
       13    3  5.339E+01  6.29E-02  9.12E-01  3.97E+01  2.68E-19   2
       15    1  5.330E+01  6.18E-02  9.13E-01  3.96E+01  2.59E-19   2
       14   10  1.635E+02  4.32E-02  9.34E-01  4.12E+01  2.54E-19   2
       16   12  1.632E+02  4.32E-02  9.34E-01  4.11E+01  2.52E-19   2
       10    1  7.924E+01  3.21E-02  9.47E-01  3.90E+01  2.49E-19   2
       12    3  7.917E+01  3.16E-02  9.48E-01  3.91E+01  2.47E-19   2
       19    8  8.448E+01  7.19E-02  9.03E-01  3.25E+01  2.28E-19   2
       17    6  8.466E+01  7.24E-02  9.02E-01  3.25E+01  2.28E-19   2
       20    7  8.448E+01  5.32E-02  9.22E-01  3.25E+01  1.73E-19   1
       18    5  8.465E+01  5.36E-02  9.22E-01  3.25E+01  1.72E-19   1
       13    9  1.635E+02  1.73E-02  9.68E-01  4.12E+01  1.05E-19   1
       15   11  1.632E+02  1.72E-02  9.68E-01  4.10E+01  1.04E-19   1
       22   14  9.881E+01  9.49E-03  9.80E-01  4.09E+01  9.59E-20   1
       24   16  9.879E+01  9.38E-03  9.81E-01  4.07E+01  9.35E-20   1

  No inversions
------------------------------------------------------------------------------

 
  NEWTON PROGRESS:
  ITER.     DET.      EQ. #     RESIDUAL    VAR. #    REL. CHANGE
  1     -1.23E-08      12      1.75E-06      19     -4.79E-02
  2     -1.28E-08       6      2.50E-07      19      7.01E-03
  3     -1.29E-08       5      1.23E-08      17      4.72E-04
  4     -1.29E-08       4     -2.49E-09      19     -8.57E-05
 SUCCESSFUL SOLUTION

  R =  5.62E+17cm     H2 column =  5.62E+21cm-2     mol column =  5.62E+15 cm-2
  Total emission =  1.05E-17 erg/s/mol 
  The top emitting lines are:

        i    j  wavelength    tau    beta       Tex      emission   %
                  micron                         K       erg/s/mol
       10    2  7.924E+01  2.85E-01  7.47E-01  3.92E+01  1.00E-18  10
       12    4  7.917E+01  2.81E-01  7.49E-01  3.92E+01  9.97E-19  10
        8    4  1.193E+02  1.06E+01  9.80E-02  2.45E+01  7.11E-19   7
        6    2  1.195E+02  1.06E+01  9.78E-02  2.45E+01  7.09E-19   7
        7    3  1.193E+02  6.80E+00  1.41E-01  2.45E+01  6.59E-19   6
        5    1  1.195E+02  6.82E+00  1.41E-01  2.45E+01  6.57E-19   6
        9    1  7.924E+01  1.14E-01  8.64E-01  3.92E+01  4.63E-19   4
       11    3  7.917E+01  1.12E-01  8.65E-01  3.92E+01  4.58E-19   4
       14    4  5.339E+01  2.01E-01  7.98E-01  3.95E+01  4.10E-19   4
       16    2  5.330E+01  1.97E-01  8.01E-01  3.95E+01  3.99E-19   4
        7    4  1.193E+02  7.56E-01  5.60E-01  2.45E+01  2.90E-19   3
        5    2  1.195E+02  7.58E-01  5.60E-01  2.45E+01  2.89E-19   3
       13    3  5.339E+01  1.12E-01  8.65E-01  3.95E+01  2.47E-19   2
       10    1  7.924E+01  5.70E-02  9.18E-01  3.92E+01  2.46E-19   2
       12    3  7.917E+01  5.62E-02  9.19E-01  3.92E+01  2.44E-19   2
       15    1  5.330E+01  1.10E-01  8.67E-01  3.95E+01  2.38E-19   2
       14   10  1.635E+02  7.89E-02  8.95E-01  4.03E+01  2.36E-19   2
       16   12  1.632E+02  7.91E-02  8.95E-01  4.01E+01  2.35E-19   2
       19    8  8.448E+01  1.33E-01  8.48E-01  3.25E+01  2.23E-19   2
       17    6  8.466E+01  1.34E-01  8.47E-01  3.25E+01  2.23E-19   2
       20    7  8.448E+01  9.87E-02  8.77E-01  3.25E+01  1.71E-19   2
       18    5  8.465E+01  9.93E-02  8.76E-01  3.25E+01  1.71E-19   2
       13    9  1.635E+02  3.16E-02  9.48E-01  4.03E+01  1.00E-19   1
       15   11  1.632E+02  3.15E-02  9.48E-01  4.00E+01  9.85E-20   1
       22   14  9.881E+01  1.64E-02  9.69E-01  4.11E+01  9.35E-20   1
       24   16  9.879E+01  1.62E-02  9.70E-01  4.10E+01  9.13E-20   1
       21   13  9.881E+01  1.05E-02  9.79E-01  4.11E+01  6.07E-20   1
       23   15  9.879E+01  1.03E-02  9.79E-01  4.10E+01  5.92E-20   1
       14    6  9.643E+01  1.54E-03  9.96E-01  7.84E+01  5.87E-20   1
       16    8  9.638E+01  1.51E-03  9.96E-01  7.81E+01  5.69E-20   1
       14    3  5.339E+01  2.24E-02  9.60E-01  3.95E+01  5.48E-20   1
       13    4  5.339E+01  2.24E-02  9.61E-01  3.95E+01  5.48E-20   1
       16    1  5.330E+01  2.19E-02  9.61E-01  3.95E+01  5.32E-20   1
       15    2  5.330E+01  2.19E-02  9.61E-01  3.95E+01  5.27E-20   1

  No inversions
------------------------------------------------------------------------------

 
  NEWTON PROGRESS:
  ITER.     DET.      EQ. #     RESIDUAL    VAR. #    REL. CHANGE
  1     -4.35E-09      12      2.10E-06      19     -7.48E-02
  2     -4.68E-09       6      4.07E-07      19      1.55E-02
  3     -4.71E-09       6      4.19E-08       6     -1.26E-03
  4     -4.71E-09       4     -4.30E-09      17      3.79E-04
  5     -4.71E-09       8      9.40E-10       8     -3.31E-05
 SUCCESSFUL SOLUTION

  R =  1.00E+18cm     H2 column =  1.00E+22cm-2     mol column =  1.00E+16 cm-2
  Total emission =  8.85E-18 erg/s/mol 
  The top emitting lines are:

        i    j  wavelength    tau    beta       Tex      emission   %
                  micron                         K       erg/s/mol
       10    2  7.924E+01  5.06E-01  6.44E-01  3.94E+01  8.88E-19  10
       12    4  7.917E+01  5.00E-01  6.47E-01  3.95E+01  8.86E-19  10
        8    4  1.193E+02  1.88E+01  5.99E-02  2.48E+01  4.62E-19   5
        6    2  1.195E+02  1.88E+01  5.99E-02  2.48E+01  4.61E-19   5
        9    1  7.924E+01  2.02E-01  7.98E-01  3.94E+01  4.40E-19   5
       11    3  7.917E+01  2.00E-01  7.99E-01  3.94E+01  4.35E-19   5
        7    3  1.193E+02  1.21E+01  8.75E-02  2.48E+01  4.34E-19   5
        5    1  1.195E+02  1.21E+01  8.75E-02  2.48E+01  4.33E-19   5
       14    4  5.339E+01  3.58E-01  7.09E-01  3.93E+01  3.50E-19   4
       16    2  5.330E+01  3.50E-01  7.13E-01  3.93E+01  3.40E-19   4
       10    1  7.924E+01  1.01E-01  8.75E-01  3.95E+01  2.41E-19   3
       12    3  7.917E+01  1.00E-01  8.76E-01  3.95E+01  2.40E-19   3
        7    4  1.193E+02  1.34E+00  4.31E-01  2.48E+01  2.37E-19   3
        5    2  1.195E+02  1.35E+00  4.31E-01  2.48E+01  2.37E-19   3
       13    3  5.339E+01  1.99E-01  8.00E-01  3.93E+01  2.19E-19   2
       19    8  8.448E+01  2.52E-01  7.66E-01  3.25E+01  2.15E-19   2
       17    6  8.466E+01  2.53E-01  7.65E-01  3.25E+01  2.14E-19   2
       14   10  1.635E+02  1.46E-01  8.38E-01  3.90E+01  2.13E-19   2
       16   12  1.632E+02  1.46E-01  8.38E-01  3.88E+01  2.10E-19   2
       15    1  5.330E+01  1.95E-01  8.03E-01  3.92E+01  2.10E-19   2
       20    7  8.448E+01  1.87E-01  8.08E-01  3.25E+01  1.68E-19   2
       18    5  8.465E+01  1.88E-01  8.07E-01  3.25E+01  1.67E-19   2
       13    9  1.635E+02  5.82E-02  9.17E-01  3.91E+01  9.30E-20   1
       15   11  1.632E+02  5.81E-02  9.17E-01  3.87E+01  9.10E-20   1
       22   14  9.881E+01  2.80E-02  9.53E-01  4.13E+01  9.00E-20   1
       24   16  9.879E+01  2.75E-02  9.53E-01  4.12E+01  8.81E-20   1
       21   13  9.881E+01  1.80E-02  9.67E-01  4.13E+01  5.87E-20   1
       23   15  9.879E+01  1.75E-02  9.68E-01  4.13E+01  5.73E-20   1
       14    6  9.643E+01  2.96E-03  9.93E-01  7.45E+01  5.62E-20   1
       16    8  9.638E+01  2.90E-03  9.93E-01  7.41E+01  5.44E-20   1
       14    3  5.339E+01  3.98E-02  9.38E-01  3.93E+01  5.14E-20   1
       13    4  5.339E+01  3.98E-02  9.38E-01  3.93E+01  5.14E-20   1
       16    1  5.330E+01  3.89E-02  9.39E-01  3.93E+01  4.98E-20   1
       15    2  5.330E+01  3.89E-02  9.39E-01  3.92E+01  4.92E-20   1
       13   10  1.635E+02  2.91E-02  9.51E-01  3.90E+01  4.83E-20   1
       15   12  1.632E+02  2.93E-02  9.51E-01  3.86E+01  4.72E-20   1

  Inverted lines:

        i    j  wavelength    tau     Tex        eta
                  micron               K

        3    1  1.801E+05 -4.13E-03 -2.80E+02  1.43E-04
        4    1  1.744E+05 -5.19E-04 -4.60E+02  8.98E-05
       12    9  6.295E+04 -5.76E-05 -1.33E+02  8.58E-04
       12   10  6.315E+04 -9.53E-05 -1.60E+02  7.10E-04
------------------------------------------------------------------------------

 
  NEWTON PROGRESS:
  ITER.     DET.      EQ. #     RESIDUAL    VAR. #    REL. CHANGE
  1     -1.26E-09      12      2.21E-06      19     -1.12E-01
  2     -1.41E-09       6      6.20E-07      19      3.00E-02
  3     -1.44E-09       6      1.43E-07       6     -4.65E-03
  4     -1.44E-09       6      2.52E-08      17      1.11E-03
  5     -1.44E-09      17     -2.28E-09      17      2.57E-04
  6     -1.44E-09       8      6.30E-10      17      3.12E-05
 SUCCESSFUL SOLUTION

  R =  1.78E+18cm     H2 column =  1.78E+22cm-2     mol column =  1.78E+16 cm-2
  Total emission =  7.38E-18 erg/s/mol 
  The top emitting lines are:

        i    j  wavelength    tau    beta       Tex      emission   %
                  micron                         K       erg/s/mol
       12    4  7.917E+01  8.90E-01  5.24E-01  3.98E+01  7.46E-19  10
       10    2  7.924E+01  8.96E-01  5.23E-01  3.98E+01  7.46E-19  10
        9    1  7.924E+01  3.58E-01  7.09E-01  3.98E+01  4.04E-19   5
       11    3  7.917E+01  3.56E-01  7.10E-01  3.97E+01  4.01E-19   5
        6    2  1.195E+02  3.34E+01  3.63E-02  2.53E+01  3.04E-19   4
        8    4  1.193E+02  3.35E+01  3.62E-02  2.53E+01  3.04E-19   4
        5    1  1.195E+02  2.14E+01  5.35E-02  2.53E+01  2.88E-19   4
        7    3  1.193E+02  2.15E+01  5.33E-02  2.53E+01  2.88E-19   4
       14    4  5.339E+01  6.38E-01  5.97E-01  3.90E+01  2.80E-19   4
       16    2  5.330E+01  6.21E-01  6.02E-01  3.90E+01  2.73E-19   4
       10    1  7.924E+01  1.79E-01  8.13E-01  3.98E+01  2.32E-19   3
       12    3  7.917E+01  1.78E-01  8.14E-01  3.98E+01  2.32E-19   3
       19    8  8.448E+01  4.88E-01  6.51E-01  3.25E+01  1.99E-19   3
       17    6  8.466E+01  4.91E-01  6.50E-01  3.25E+01  1.98E-19   3
       13    3  5.339E+01  3.54E-01  7.11E-01  3.90E+01  1.85E-19   3
        5    2  1.195E+02  2.38E+00  3.09E-01  2.53E+01  1.85E-19   3
        7    4  1.193E+02  2.39E+00  3.08E-01  2.53E+01  1.85E-19   3
       14   10  1.635E+02  2.70E-01  7.55E-01  3.76E+01  1.82E-19   2
       16   12  1.632E+02  2.72E-01  7.54E-01  3.73E+01  1.80E-19   2
       15    1  5.330E+01  3.45E-01  7.16E-01  3.89E+01  1.77E-19   2
       20    7  8.448E+01  3.61E-01  7.07E-01  3.25E+01  1.60E-19   2
       18    5  8.465E+01  3.63E-01  7.07E-01  3.25E+01  1.60E-19   2
       22   14  9.881E+01  4.73E-02  9.29E-01  4.15E+01  8.52E-20   1
       13    9  1.635E+02  1.08E-01  8.69E-01  3.76E+01  8.39E-20   1
       24   16  9.879E+01  4.64E-02  9.30E-01  4.15E+01  8.36E-20   1
       15   11  1.632E+02  1.08E-01  8.68E-01  3.72E+01  8.13E-20   1
       21   13  9.881E+01  3.04E-02  9.50E-01  4.15E+01  5.60E-20   1
       23   15  9.879E+01  2.93E-02  9.51E-01  4.17E+01  5.48E-20   1
       14    6  9.643E+01  5.84E-03  9.87E-01  6.98E+01  5.32E-20   1
       16    8  9.638E+01  5.72E-03  9.87E-01  6.93E+01  5.13E-20   1
       14    3  5.339E+01  7.09E-02  9.04E-01  3.90E+01  4.71E-20   1
       13    4  5.339E+01  7.08E-02  9.04E-01  3.90E+01  4.71E-20   1
       16    1  5.330E+01  6.90E-02  9.05E-01  3.90E+01  4.55E-20   1
       15    2  5.330E+01  6.90E-02  9.05E-01  3.89E+01  4.48E-20   1
       13   10  1.635E+02  5.41E-02  9.21E-01  3.76E+01  4.45E-20   1
       15   12  1.632E+02  5.46E-02  9.21E-01  3.70E+01  4.31E-20   1

  Inverted lines:

        i    j  wavelength    tau     Tex        eta
                  micron               K

        3    1  1.801E+05 -1.15E-01 -1.79E+01  2.23E-03
        3    2  1.861E+05 -2.02E-02 -1.97E+01  1.97E-03
        4    1  1.744E+05 -2.23E-02 -1.90E+01  2.17E-03
        4    2  1.799E+05 -1.76E-01 -2.10E+01  1.91E-03
       12    9  6.295E+04 -3.29E-04 -4.30E+01  2.66E-03
       12   10  6.315E+04 -6.06E-04 -4.65E+01  2.45E-03
------------------------------------------------------------------------------

 
  NEWTON PROGRESS:
  ITER.     DET.      EQ. #     RESIDUAL    VAR. #    REL. CHANGE
  1     -3.12E-10      12      1.93E-06      19     -1.56E-01
  2     -3.63E-10       6      8.31E-07      19      4.48E-02
  3     -3.76E-10       6      3.19E-07      19      1.29E-02
  4     -3.79E-10       6      1.14E-07       6     -3.62E-03
  5     -3.80E-10       6      3.89E-08       6     -1.17E-03
  6     -3.81E-10       6      1.31E-08       6     -4.06E-04
  7     -3.81E-10       6      4.79E-09       6     -1.48E-04
  8     -3.81E-10       6      1.80E-09       6     -5.70E-05
 SUCCESSFUL SOLUTION

  R =  3.16E+18cm     H2 column =  3.16E+22cm-2     mol column =  3.16E+16 cm-2
  Total emission =  5.99E-18 erg/s/mol 
  The top emitting lines are:

        i    j  wavelength    tau    beta       Tex      emission   %
                  micron                         K       erg/s/mol
       12    4  7.917E+01  1.58E+00  3.95E-01  4.02E+01  5.86E-19  10
       10    2  7.924E+01  1.59E+00  3.94E-01  4.01E+01  5.83E-19  10
        9    1  7.924E+01  6.34E-01  5.98E-01  4.01E+01  3.54E-19   6
       11    3  7.917E+01  6.33E-01  5.98E-01  4.01E+01  3.52E-19   6
       12    3  7.917E+01  3.17E-01  7.30E-01  4.02E+01  2.17E-19   4
       10    1  7.924E+01  3.17E-01  7.30E-01  4.01E+01  2.16E-19   4
       14    4  5.339E+01  1.13E+00  4.70E-01  3.87E+01  2.08E-19   3
        6    2  1.195E+02  5.90E+01  2.18E-02  2.59E+01  2.05E-19   3
       16    2  5.330E+01  1.10E+00  4.77E-01  3.87E+01  2.04E-19   3
        8    4  1.193E+02  5.95E+01  2.17E-02  2.59E+01  2.03E-19   3
        5    1  1.195E+02  3.79E+01  3.24E-02  2.59E+01  1.95E-19   3
        7    3  1.193E+02  3.83E+01  3.21E-02  2.59E+01  1.94E-19   3
       19    8  8.448E+01  9.70E-01  5.05E-01  3.25E+01  1.73E-19   3
       17    6  8.466E+01  9.75E-01  5.04E-01  3.25E+01  1.72E-19   3
       13    3  5.339E+01  6.30E-01  5.99E-01  3.87E+01  1.48E-19   2
       14   10  1.635E+02  5.03E-01  6.45E-01  3.62E+01  1.47E-19   2
       20    7  8.448E+01  7.18E-01  5.71E-01  3.25E+01  1.45E-19   2
       16   12  1.632E+02  5.10E-01  6.43E-01  3.58E+01  1.44E-19   2
       18    5  8.465E+01  7.22E-01  5.70E-01  3.25E+01  1.44E-19   2
       15    1  5.330E+01  6.11E-01  6.06E-01  3.86E+01  1.41E-19   2
        5    2  1.195E+02  4.22E+00  2.07E-01  2.59E+01  1.39E-19   2
        7    4  1.193E+02  4.25E+00  2.06E-01  2.59E+01  1.38E-19   2
       22   14  9.881E+01  7.95E-02  8.95E-01  4.17E+01  7.89E-20   1
       24   16  9.879E+01  7.77E-02  8.97E-01  4.18E+01  7.77E-20   1
       13    9  1.635E+02  2.01E-01  7.98E-01  3.62E+01  7.29E-20   1
       15   11  1.632E+02  2.03E-01  7.97E-01  3.56E+01  7.00E-20   1
       21   13  9.881E+01  5.11E-02  9.25E-01  4.17E+01  5.24E-20   1
       23   15  9.879E+01  4.88E-02  9.27E-01  4.20E+01  5.14E-20   1
       14    6  9.643E+01  1.19E-02  9.76E-01  6.47E+01  4.98E-20   1
       16    8  9.638E+01  1.16E-02  9.77E-01  6.43E+01  4.79E-20   1
       14    3  5.339E+01  1.26E-01  8.53E-01  3.87E+01  4.21E-20   1
       13    4  5.339E+01  1.26E-01  8.53E-01  3.87E+01  4.21E-20   1
       16    1  5.330E+01  1.22E-01  8.57E-01  3.87E+01  4.07E-20   1
       13   10  1.635E+02  1.01E-01  8.75E-01  3.62E+01  3.99E-20   1
       15    2  5.330E+01  1.22E-01  8.57E-01  3.86E+01  3.97E-20   1
       15   12  1.632E+02  1.02E-01  8.74E-01  3.55E+01  3.84E-20   1
       13    5  9.643E+01  7.61E-03  9.84E-01  6.47E+01  3.22E-20   1
       15    7  9.638E+01  7.47E-03  9.84E-01  6.37E+01  3.03E-20   1

  Inverted lines:

        i    j  wavelength    tau     Tex        eta
                  micron               K

        3    1  1.801E+05 -4.35E-01 -8.36E+00  4.78E-03
        3    2  1.861E+05 -8.02E-02 -8.79E+00  4.40E-03
        4    1  1.744E+05 -8.73E-02 -8.62E+00  4.79E-03
        4    2  1.799E+05 -7.24E-01 -9.06E+00  4.41E-03
       11   10  6.437E+04 -1.84E-04 -1.38E+02  8.07E-04
       12    9  6.295E+04 -1.27E-03 -2.06E+01  5.54E-03
       12   10  6.315E+04 -2.39E-03 -2.18E+01  5.23E-03
------------------------------------------------------------------------------

 
  NEWTON PROGRESS:
  ITER.     DET.      EQ. #     RESIDUAL    VAR. #    REL. CHANGE
  1     -6.97E-11      12      1.29E-06      19     -1.95E-01
  2     -8.15E-11       6      9.80E-07      19      4.20E-02
  3     -8.66E-11       6      4.99E-07      19      2.62E-02
  4     -8.87E-11       6      2.51E-07       6     -7.86E-03
  5     -8.96E-11       6      1.28E-07       6     -3.88E-03
  6     -9.00E-11       6      6.89E-08       6     -2.05E-03
  7     -9.01E-11       6      3.95E-08       6     -1.15E-03
  8     -9.02E-11       6      2.39E-08       6     -6.86E-04
  9     -9.02E-11       6      1.50E-08       6     -4.25E-04
 10     -9.02E-11       6      9.66E-09       6     -2.71E-04
 11     -9.03E-11       6      6.33E-09       6     -1.76E-04
 12     -9.03E-11       6      4.20E-09       6     -1.17E-04
 13     -9.03E-11       6      2.81E-09       6     -7.77E-05
 SUCCESSFUL SOLUTION

  R =  5.62E+18cm     H2 column =  5.62E+22cm-2     mol column =  5.62E+16 cm-2
  Total emission =  4.67E-18 erg/s/mol 
  The top emitting lines are:

        i    j  wavelength    tau    beta       Tex      emission   %
                  micron                         K       erg/s/mol
       12    4  7.917E+01  2.81E+00  2.77E-01  4.05E+01  4.27E-19   9
       10    2  7.924E+01  2.81E+00  2.78E-01  4.04E+01  4.23E-19   9
        9    1  7.924E+01  1.12E+00  4.72E-01  4.04E+01  2.88E-19   6
       11    3  7.917E+01  1.13E+00  4.71E-01  4.04E+01  2.88E-19   6
       12    3  7.917E+01  5.63E-01  6.23E-01  4.05E+01  1.92E-19   4
       10    1  7.924E+01  5.61E-01  6.24E-01  4.04E+01  1.90E-19   4
       14    4  5.339E+01  2.02E+00  3.43E-01  3.84E+01  1.44E-19   3
       16    2  5.330E+01  1.95E+00  3.50E-01  3.84E+01  1.41E-19   3
        6    2  1.195E+02  1.04E+02  1.30E-02  2.67E+01  1.40E-19   3
        8    4  1.193E+02  1.06E+02  1.29E-02  2.66E+01  1.39E-19   3
       19    8  8.448E+01  1.98E+00  3.47E-01  3.25E+01  1.36E-19   3
       17    6  8.466E+01  1.99E+00  3.45E-01  3.25E+01  1.36E-19   3
        5    1  1.195E+02  6.70E+01  1.95E-02  2.67E+01  1.35E-19   3
        7    3  1.193E+02  6.79E+01  1.92E-02  2.66E+01  1.33E-19   3
       20    7  8.448E+01  1.47E+00  4.12E-01  3.25E+01  1.20E-19   3
       18    5  8.465E+01  1.47E+00  4.11E-01  3.25E+01  1.19E-19   3
       14   10  1.635E+02  9.29E-01  5.15E-01  3.50E+01  1.11E-19   2
       13    3  5.339E+01  1.12E+00  4.72E-01  3.84E+01  1.10E-19   2
       16   12  1.632E+02  9.49E-01  5.10E-01  3.45E+01  1.08E-19   2
       15    1  5.330E+01  1.08E+00  4.80E-01  3.83E+01  1.05E-19   2
        5    2  1.195E+02  7.45E+00  1.31E-01  2.67E+01  1.01E-19   2
        7    4  1.193E+02  7.55E+00  1.30E-01  2.66E+01  9.99E-20   2
       22   14  9.881E+01  1.34E-01  8.47E-01  4.18E+01  7.11E-20   2
       24   16  9.879E+01  1.31E-01  8.50E-01  4.19E+01  7.03E-20   2
       13    9  1.635E+02  3.71E-01  7.03E-01  3.50E+01  6.08E-20   1
       15   11  1.632E+02  3.77E-01  7.00E-01  3.43E+01  5.79E-20   1
       21   13  9.881E+01  8.61E-02  8.89E-01  4.18E+01  4.79E-20   1
       23   15  9.879E+01  8.18E-02  8.93E-01  4.21E+01  4.71E-20   1
       14    6  9.643E+01  2.47E-02  9.57E-01  5.97E+01  4.62E-20   1
       16    8  9.638E+01  2.41E-02  9.58E-01  5.93E+01  4.44E-20   1
       14    3  5.339E+01  2.24E-01  7.83E-01  3.84E+01  3.66E-20   1
       13    4  5.339E+01  2.24E-01  7.83E-01  3.84E+01  3.66E-20   1
       16    1  5.330E+01  2.16E-01  7.88E-01  3.84E+01  3.54E-20   1
       13   10  1.635E+02  1.86E-01  8.09E-01  3.50E+01  3.50E-20   1
       15    2  5.330E+01  2.16E-01  7.88E-01  3.83E+01  3.44E-20   1
       15   12  1.632E+02  1.90E-01  8.06E-01  3.41E+01  3.33E-20   1
       13    5  9.643E+01  1.58E-02  9.70E-01  5.98E+01  3.01E-20   1
       15    7  9.638E+01  1.55E-02  9.71E-01  5.87E+01  2.82E-20   1
       22    8  4.885E+01  3.10E-02  9.49E-01  4.93E+01  2.48E-20   1
       24    6  4.874E+01  3.02E-02  9.50E-01  4.92E+01  2.39E-20   1

  Inverted lines:

        i    j  wavelength    tau     Tex        eta
                  micron               K

        3    1  1.801E+05 -1.13E+00 -5.69E+00  7.01E-03
        3    2  1.861E+05 -2.13E-01 -5.88E+00  6.57E-03
        4    1  1.744E+05 -2.30E-01 -5.80E+00  7.12E-03
        4    2  1.799E+05 -1.95E+00 -5.99E+00  6.68E-03
       11   10  6.437E+04 -1.66E-03 -2.82E+01  3.96E-03
       12    9  6.295E+04 -3.77E-03 -1.27E+01  8.97E-03
       12   10  6.315E+04 -7.23E-03 -1.33E+01  8.59E-03
------------------------------------------------------------------------------

 
  NEWTON PROGRESS:
  ITER.     DET.      EQ. #     RESIDUAL    VAR. #    REL. CHANGE
  1     -1.46E-11       6      7.71E-07      19     -2.11E-01
  2     -1.64E-11       6      1.03E-06       8     -3.54E-02
  3     -1.75E-11       6      6.45E-07      19      3.02E-02
  4     -1.82E-11       6      3.97E-07      19      1.92E-02
  5     -1.86E-11       6      2.36E-07       6     -7.45E-03
  6     -1.89E-11       6      1.50E-07       6     -4.53E-03
  7     -1.90E-11       6      9.52E-08       6     -2.89E-03
  8     -1.91E-11       6      6.38E-08       6     -1.85E-03
  9     -1.92E-11       6      4.34E-08       6     -1.22E-03
 10     -1.92E-11       6      3.07E-08       6     -8.20E-04
 11     -1.92E-11       6      2.22E-08       6     -5.67E-04
 12     -1.92E-11       6      1.65E-08       6     -4.01E-04
 13     -1.92E-11       6      1.26E-08       6     -2.92E-04
 14     -1.93E-11       6      9.86E-09       6     -2.18E-04
 15     -1.93E-11       6      7.84E-09       6     -1.67E-04
 16     -1.93E-11       6      6.34E-09       6     -1.31E-04
 17     -1.93E-11       6      5.19E-09       6     -1.04E-04
 18     -1.93E-11       6      4.29E-09       6     -8.45E-05
 SUCCESSFUL SOLUTION

  R =  1.00E+19cm     H2 column =  1.00E+23cm-2     mol column =  1.00E+17 cm-2
  Total emission =  3.47E-18 erg/s/mol 
  The top emitting lines are:

        i    j  wavelength    tau    beta       Tex      emission   %
                  micron                         K       erg/s/mol
       12    4  7.917E+01  4.99E+00  1.81E-01  4.07E+01  2.85E-19   8
       10    2  7.924E+01  4.97E+00  1.82E-01  4.06E+01  2.82E-19   8
       11    3  7.917E+01  2.00E+00  3.45E-01  4.06E+01  2.15E-19   6
        9    1  7.924E+01  1.99E+00  3.46E-01  4.06E+01  2.14E-19   6
       12    3  7.917E+01  9.98E-01  4.98E-01  4.07E+01  1.57E-19   5
       10    1  7.924E+01  9.93E-01  5.00E-01  4.06E+01  1.55E-19   4
        6    2  1.195E+02  1.84E+02  7.75E-03  2.77E+01  9.78E-20   3
       19    8  8.448E+01  4.12E+00  2.11E-01  3.26E+01  9.73E-20   3
       17    6  8.466E+01  4.15E+00  2.10E-01  3.25E+01  9.70E-20   3
        8    4  1.193E+02  1.87E+02  7.64E-03  2.76E+01  9.62E-20   3
       14    4  5.339E+01  3.58E+00  2.35E-01  3.82E+01  9.42E-20   3
        5    1  1.195E+02  1.18E+02  1.16E-02  2.77E+01  9.41E-20   3
       16    2  5.330E+01  3.45E+00  2.42E-01  3.82E+01  9.31E-20   3
        7    3  1.193E+02  1.20E+02  1.15E-02  2.76E+01  9.26E-20   3
       20    7  8.448E+01  3.05E+00  2.63E-01  3.26E+01  8.98E-20   3
       18    5  8.465E+01  3.07E+00  2.62E-01  3.25E+01  8.95E-20   3
       14   10  1.635E+02  1.69E+00  3.81E-01  3.41E+01  7.85E-20   2
       13    3  5.339E+01  1.99E+00  3.46E-01  3.82E+01  7.70E-20   2
       16   12  1.632E+02  1.74E+00  3.75E-01  3.36E+01  7.60E-20   2
       15    1  5.330E+01  1.92E+00  3.54E-01  3.80E+01  7.36E-20   2
        5    2  1.195E+02  1.32E+01  8.14E-02  2.77E+01  7.33E-20   2
        7    4  1.193E+02  1.34E+01  8.04E-02  2.76E+01  7.22E-20   2
       22   14  9.881E+01  2.27E-01  7.81E-01  4.17E+01  6.21E-20   2
       24   16  9.879E+01  2.22E-01  7.85E-01  4.18E+01  6.14E-20   2
       13    9  1.635E+02  6.75E-01  5.85E-01  3.42E+01  4.83E-20   1
       15   11  1.632E+02  6.89E-01  5.80E-01  3.33E+01  4.58E-20   1
       21   13  9.881E+01  1.46E-01  8.38E-01  4.17E+01  4.27E-20   1
       14    6  9.643E+01  5.23E-02  9.23E-01  5.52E+01  4.26E-20   1
       23   15  9.879E+01  1.39E-01  8.43E-01  4.20E+01  4.20E-20   1
       16    8  9.638E+01  5.10E-02  9.25E-01  5.49E+01  4.09E-20   1
       14    3  5.339E+01  3.98E-01  6.90E-01  3.82E+01  3.08E-20   1
       13    4  5.339E+01  3.98E-01  6.90E-01  3.82E+01  3.08E-20   1
       16    1  5.330E+01  3.83E-01  6.97E-01  3.82E+01  2.99E-20   1
       13   10  1.635E+02  3.38E-01  7.19E-01  3.41E+01  2.97E-20   1
       15    2  5.330E+01  3.83E-01  6.97E-01  3.80E+01  2.90E-20   1
       15   12  1.632E+02  3.48E-01  7.14E-01  3.32E+01  2.82E-20   1
       13    5  9.643E+01  3.36E-02  9.46E-01  5.52E+01  2.80E-20   1
       15    7  9.638E+01  3.28E-02  9.46E-01  5.43E+01  2.62E-20   1
       22    8  4.885E+01  6.44E-02  9.10E-01  4.76E+01  2.25E-20   1
       24    6  4.874E+01  6.30E-02  9.12E-01  4.75E+01  2.17E-20   1

  Inverted lines:

        i    j  wavelength    tau     Tex        eta
                  micron               K

        3    1  1.801E+05 -2.29E+00 -5.01E+00  7.98E-03
        3    2  1.861E+05 -4.32E-01 -5.13E+00  7.54E-03
        4    1  1.744E+05 -4.68E-01 -5.05E+00  8.16E-03
        4    2  1.799E+05 -3.99E+00 -5.18E+00  7.72E-03
       11   10  6.437E+04 -5.29E-03 -1.60E+01  6.97E-03
       12    9  6.295E+04 -8.96E-03 -9.73E+00  1.17E-02
       12   10  6.315E+04 -1.73E-02 -1.00E+01  1.14E-02
------------------------------------------------------------------------------


      Normal completion. Dimension is   1.00E+19 cm


                                  SUMMARY

      R        H2 column   mol column  emission
      cm          cm-2        cm-2     erg/s/mol
   1.000E+16   1.000E+20   1.000E+14   2.699E-17
   1.778E+16   1.778E+20   1.778E+14   2.527E-17
   3.162E+16   3.162E+20   3.162E+14   2.304E-17
   5.623E+16   5.623E+20   5.623E+14   2.038E-17
   1.000E+17   1.000E+21   1.000E+15   1.752E-17
   1.778E+17   1.778E+21   1.778E+15   1.483E-17
   3.162E+17   3.162E+21   3.162E+15   1.244E-17
   5.623E+17   5.623E+21   5.623E+15   1.048E-17
   1.000E+18   1.000E+22   1.000E+16   8.847E-18
   1.778E+18   1.778E+22   1.778E+16   7.380E-18
   3.162E+18   3.162E+22   3.162E+16   5.987E-18
   5.623E+18   5.623E+22   5.623E+16   4.667E-18
   1.000E+19   1.000E+23   1.000E+17   3.472E-18

                    Parameters for selected transitions

       18.014 cm (  1.664 GHz) transition between levels  3 and  1
     Upper Level: 2^Pi_{3/2},  J=3/2,  F=1+                                                       
     Lower Level: 2^Pi_{3/2},  J=3/2,  F=1-                                                       

    Nmol      Tex       tau       Flux   delta(Tb)    eta       p1        p2       Gamma1    Gamma2    Gamma
  cm-2/kms     K                   Jy       K                 cm-3s-1   cm-3s-1      s-1       s-1       s-1 
 8.333E+12 9.947E+00 1.163E-03 2.177E+04 3.395E-02 0.000E+00 0.000E+00 0.000E+00 0.000E+00 0.000E+00 0.000E+00
 1.482E+13 1.021E+01 2.016E-03 3.864E+04 4.339E-02 0.000E+00 0.000E+00 0.000E+00 0.000E+00 0.000E+00 0.000E+00
 2.635E+13 1.049E+01 3.488E-03 6.850E+04 5.810E-02 0.000E+00 0.000E+00 0.000E+00 0.000E+00 0.000E+00 0.000E+00
 4.686E+13 1.097E+01 5.932E-03 1.212E+05 8.233E-02 0.000E+00 0.000E+00 0.000E+00 0.000E+00 0.000E+00 0.000E+00
 8.333E+13 1.182E+01 9.786E-03 2.141E+05 1.243E-01 0.000E+00 0.000E+00 0.000E+00 0.000E+00 0.000E+00 0.000E+00
 1.482E+14 1.345E+01 1.529E-02 3.773E+05 2.000E-01 0.000E+00 0.000E+00 0.000E+00 0.000E+00 0.000E+00 0.000E+00
 2.635E+14 1.719E+01 2.127E-02 6.651E+05 3.428E-01 0.000E+00 0.000E+00 0.000E+00 0.000E+00 0.000E+00 0.000E+00
 4.686E+14 2.988E+01 2.175E-02 1.182E+06 6.232E-01 0.000E+00 0.000E+00 0.000E+00 0.000E+00 0.000E+00 0.000E+00
 8.333E+14-2.796E+02-4.129E-03 0.000E+00 1.208E+00 1.428E-04 5.707E-07 5.734E-07 3.099E-04 3.113E-04 3.106E-04
 1.482E+15-1.790E+01-1.145E-01 0.000E+00 2.543E+00 2.231E-03 4.527E-07 4.558E-07 2.466E-04 2.472E-04 2.469E-04
 2.635E+15-8.363E+00-4.353E-01 0.000E+00 6.087E+00 4.775E-03 3.581E-07 3.613E-07 1.959E-04 1.958E-04 1.959E-04
 4.686E+15-5.695E+00-1.134E+00 0.000E+00 1.779E+01 7.013E-03 2.771E-07 2.799E-07 1.523E-04 1.517E-04 1.520E-04
 8.333E+15-5.005E+00-2.288E+00 0.000E+00 6.848E+01 7.979E-03 2.067E-07 2.086E-07 1.141E-04 1.133E-04 1.137E-04

       17.993 cm (  1.666 GHz) transition between levels  4 and  2
     Upper Level: 2^Pi_{3/2},  J=3/2,  F=2+                                                       
     Lower Level: 2^Pi_{3/2},  J=3/2,  F=2-                                                       

    Nmol      Tex       tau       Flux   delta(Tb)    eta       p1        p2       Gamma1    Gamma2    Gamma
  cm-2/kms     K                   Jy       K                 cm-3s-1   cm-3s-1      s-1       s-1       s-1 
 8.333E+12 9.925E+00 2.101E-03 3.924E+04 4.348E-02 0.000E+00 0.000E+00 0.000E+00 0.000E+00 0.000E+00 0.000E+00
 1.482E+13 1.022E+01 3.627E-03 6.955E+04 5.826E-02 0.000E+00 0.000E+00 0.000E+00 0.000E+00 0.000E+00 0.000E+00
 2.635E+13 1.049E+01 6.286E-03 1.230E+05 8.225E-02 0.000E+00 0.000E+00 0.000E+00 0.000E+00 0.000E+00 0.000E+00
 4.686E+13 1.094E+01 1.071E-02 2.171E+05 1.233E-01 0.000E+00 0.000E+00 0.000E+00 0.000E+00 0.000E+00 0.000E+00
 8.333E+13 1.174E+01 1.776E-02 3.817E+05 1.959E-01 0.000E+00 0.000E+00 0.000E+00 0.000E+00 0.000E+00 0.000E+00
 1.482E+14 1.322E+01 2.804E-02 6.688E+05 3.285E-01 0.000E+00 0.000E+00 0.000E+00 0.000E+00 0.000E+00 0.000E+00
 2.635E+14 1.649E+01 3.996E-02 1.171E+06 5.782E-01 0.000E+00 0.000E+00 0.000E+00 0.000E+00 0.000E+00 0.000E+00
 4.686E+14 2.663E+01 4.397E-02 2.072E+06 1.068E+00 0.000E+00 0.000E+00 0.000E+00 0.000E+00 0.000E+00 0.000E+00
 8.333E+14 3.944E+02 5.275E-03 3.905E+06 2.101E+00 0.000E+00 0.000E+00 0.000E+00 0.000E+00 0.000E+00 0.000E+00
 1.482E+15-2.095E+01-1.764E-01 0.000E+00 4.608E+00 1.908E-03 6.528E-07 6.567E-07 2.133E-04 2.137E-04 2.135E-04
 2.635E+15-9.061E+00-7.242E-01 0.000E+00 1.257E+01 4.413E-03 4.841E-07 4.875E-07 1.588E-04 1.585E-04 1.587E-04
 4.686E+15-5.985E+00-1.945E+00 0.000E+00 5.227E+01 6.680E-03 3.466E-07 3.493E-07 1.142E-04 1.136E-04 1.139E-04
 8.333E+15-5.177E+00-3.988E+00 0.000E+00 4.184E+02 7.723E-03 2.408E-07 2.423E-07 7.967E-05 7.894E-05 7.930E-05
