          *** MOLPOP-CEP  May 16, 08 ***
* Sample run for ortho H2O.
* These lines are echoed in the output because they start with a '*'
* Instructions for data input are found at the end of the input file
    1.  Relative weight of collision partner = 1.00
        Collision rates from data file H2Oo_H2.kij
        Collision rate coefficients for H2O_ortho-H2 collisions; corrected from 
        Green et al 1993, ApJS 85, 181                                          
      Molecule --- H2O_ortho
      Number of levels = 45
      Tgas =  500.0 K
      n_H2 =  5.00E+08 cm-3
      n_H2O_ortho/n_H2 =  2.00E-04
      n_H2O_ortho =  1.00E+05 cm-3
      NO LINE OVERLAP USED
      Thermal speed =   0.7 km/s
      Slab escape probability 
      Using Entered Doppler Width =    1.0 km/s
      FWHM =   1.7 km/s
      NO SATURATION EFFECTS
      Aspect Ratio = 1

      External Radiation field includes:
        - 3K Cosmic Background
 Using INCREASING strategy
------------------------------------------------------------------------------

FAILED ON LINEAR EQUATIONS AT R = 0

 *** TERMINATED. FAILED ON INITIAL SOLUTION
  POPULATIONS:
  0.000000E+00    0.000000E+00    0.000000E+00    0.000000E+00    0.000000E+00
  0.000000E+00    0.000000E+00    0.000000E+00    0.000000E+00    0.000000E+00
  0.000000E+00    0.000000E+00    0.000000E+00    0.000000E+00    0.000000E+00
  0.000000E+00    0.000000E+00    0.000000E+00    0.000000E+00    0.000000E+00
  0.000000E+00    0.000000E+00    0.000000E+00    0.000000E+00    0.000000E+00
  0.000000E+00    0.000000E+00    0.000000E+00    0.000000E+00    0.000000E+00
  0.000000E+00    0.000000E+00    0.000000E+00    0.000000E+00    0.000000E+00
  0.000000E+00    0.000000E+00    0.000000E+00    0.000000E+00    0.000000E+00
  0.000000E+00    0.000000E+00    0.000000E+00    0.000000E+00    1.000000E+00
