          *** MOLPOP-CEP; version of June 8, 2015 ***

* Sample Run for SiO
* Note that 20 rotational levels are always included in each vib level
* Instructions for data input are found at the end of the input file
      Solution method is Slab (Capriotti) escape probability 
      Molecule data file --- DataBase/SiO_vib.molecule                                                                                                       
      Number of levels = 80

        Collision information:
    1.  Relative weight of collision partner =  1.00
        Collision rates from data file DataBase/Coll/SiO_H2_vib.kij

      Tgas = 1200.0 K
      n_tot =  1.00E+09 cm-3

      Molecule --- SiO_vib
      No considerations of dust absorption
      No considerations of Line Overlap
      Maser saturation effects included

      External Radiation field includes:
        - 2.725K Cosmic Background
        - Black-body with T = 2500.0K  Dilution factor =  2.00E-06
        - Dust with Td =  500.0 K and Tau(v) =  1.00E+00
          Dust properties from file DataBase/Standard_ISM.dat
 Using INCREASING strategy
------------------------------------------------------------------------------

      *** All optical depths are listed at line center ***

 Correct for Finite Number of Rotational Levels
 Using Method of Lockett & Elitzur,ApJ,399,704
 Original Molecular Density =  1.00E+05
 Renormalized Molecular Density =  2.94E+04

  Molecular column = 2.94E+14 cm-2/kms      Total emission = 6.52E-16 erg/s/mol

  The top emitting lines are:

        i    j  wavelength    tau    beta       Tex      emission   %
                  micron                         K       erg/s/mol
       40   19  7.967E+00  9.16E-03  9.81E-01  2.29E+02  2.50E-17   4
       39   20  8.331E+00  9.75E-03  9.80E-01  2.22E+02  2.47E-17   4
       38   19  8.319E+00  9.88E-03  9.80E-01  2.21E+02  2.46E-17   4
       39   18  7.975E+00  9.00E-03  9.81E-01  2.28E+02  2.45E-17   4
       38   17  7.983E+00  8.82E-03  9.82E-01  2.29E+02  2.43E-17   4
       37   18  8.308E+00  9.61E-03  9.80E-01  2.22E+02  2.40E-17   4
       37   16  7.991E+00  8.55E-03  9.82E-01  2.29E+02  2.36E-17   4
       36   17  8.297E+00  9.32E-03  9.81E-01  2.22E+02  2.35E-17   4
       36   15  7.999E+00  8.27E-03  9.82E-01  2.29E+02  2.29E-17   4
       35   16  8.286E+00  8.94E-03  9.81E-01  2.22E+02  2.26E-17   3
       35   14  8.008E+00  7.93E-03  9.83E-01  2.28E+02  2.19E-17   3
       34   15  8.275E+00  8.55E-03  9.82E-01  2.22E+02  2.18E-17   3
       34   13  8.016E+00  7.56E-03  9.84E-01  2.28E+02  2.09E-17   3
       33   14  8.265E+00  8.09E-03  9.83E-01  2.23E+02  2.08E-17   3
       33   12  8.024E+00  7.14E-03  9.85E-01  2.28E+02  1.98E-17   3
       32   13  8.254E+00  7.61E-03  9.84E-01  2.23E+02  1.97E-17   3
       32   11  8.033E+00  6.69E-03  9.85E-01  2.28E+02  1.86E-17   3
       31   12  8.243E+00  7.10E-03  9.85E-01  2.23E+02  1.85E-17   3
       31   10  8.042E+00  6.21E-03  9.86E-01  2.28E+02  1.72E-17   3
       30   11  8.233E+00  6.55E-03  9.86E-01  2.24E+02  1.72E-17   3
       30    9  8.050E+00  5.69E-03  9.87E-01  2.28E+02  1.58E-17   2
       29   10  8.222E+00  5.97E-03  9.87E-01  2.24E+02  1.57E-17   2
       29    8  8.059E+00  5.15E-03  9.88E-01  2.28E+02  1.43E-17   2
       28    9  8.212E+00  5.37E-03  9.88E-01  2.24E+02  1.43E-17   2
       28    7  8.068E+00  4.57E-03  9.89E-01  2.28E+02  1.27E-17   2
       27    8  8.202E+00  4.75E-03  9.89E-01  2.25E+02  1.27E-17   2
       27    6  8.077E+00  3.98E-03  9.91E-01  2.27E+02  1.10E-17   2
       26    7  8.192E+00  4.10E-03  9.90E-01  2.25E+02  1.10E-17   2
       26    5  8.086E+00  3.35E-03  9.92E-01  2.27E+02  9.32E-18   1
       25    6  8.182E+00  3.44E-03  9.92E-01  2.25E+02  9.31E-18   1
       19   18  3.838E+02  2.63E-01  7.60E-01  1.14E+03  8.29E-18   1
       20   19  3.636E+02  5.72E-01  6.20E-01  5.54E+02  8.24E-18   1
       25    4  8.095E+00  2.71E-03  9.93E-01  2.27E+02  7.54E-18   1
       24    5  8.172E+00  2.77E-03  9.93E-01  2.25E+02  7.52E-18   1
       18   17  4.063E+02  2.68E-01  7.57E-01  1.03E+03  6.41E-18   1
       24    3  8.105E+00  2.05E-03  9.95E-01  2.27E+02  5.70E-18   1
       23    4  8.162E+00  2.08E-03  9.95E-01  2.26E+02  5.70E-18   1
       17   16  4.317E+02  2.01E-01  7.98E-01  1.25E+03  5.17E-18   1
       16   15  4.604E+02  2.02E-01  7.97E-01  1.12E+03  3.84E-18   1
       23    2  8.114E+00  1.38E-03  9.96E-01  2.27E+02  3.83E-18   1
       22    3  8.152E+00  1.39E-03  9.96E-01  2.26E+02  3.82E-18   1

  Inverted lines:

        i    j  wavelength    tau     Tex        eta
                  micron               K

       42   41  7.003E+03 -2.64E-08 -1.97E+02  5.22E-03
       44   43  2.334E+03 -2.19E-08 -2.10E+03  1.47E-03
       60   59  3.687E+02 -1.62E-05 -7.86E+01  2.43E-01
       62   61  7.052E+03 -4.57E-10 -1.66E+02  6.16E-03
       64   63  2.350E+03 -4.76E-10 -1.40E+03  2.18E-03
       80   79  3.713E+02 -2.75E-07 -6.72E+01  2.81E-01
------------------------------------------------------------------------------


  Molecular column = 5.22E+14 cm-2/kms      Total emission = 6.42E-16 erg/s/mol

  The top emitting lines are:

        i    j  wavelength    tau    beta       Tex      emission   %
                  micron                         K       erg/s/mol
       40   19  7.967E+00  1.63E-02  9.69E-01  2.29E+02  2.47E-17   4
       39   20  8.331E+00  1.75E-02  9.68E-01  2.22E+02  2.45E-17   4
       38   19  8.319E+00  1.76E-02  9.67E-01  2.21E+02  2.43E-17   4
       39   18  7.975E+00  1.60E-02  9.70E-01  2.29E+02  2.43E-17   4
       38   17  7.983E+00  1.57E-02  9.70E-01  2.29E+02  2.40E-17   4
       37   18  8.308E+00  1.71E-02  9.68E-01  2.22E+02  2.38E-17   4
       37   16  7.991E+00  1.52E-02  9.71E-01  2.29E+02  2.33E-17   4
       36   17  8.297E+00  1.66E-02  9.69E-01  2.22E+02  2.32E-17   4
       36   15  7.999E+00  1.47E-02  9.72E-01  2.29E+02  2.26E-17   4
       35   16  8.286E+00  1.59E-02  9.70E-01  2.22E+02  2.24E-17   3
       35   14  8.008E+00  1.41E-02  9.73E-01  2.28E+02  2.17E-17   3
       34   15  8.275E+00  1.52E-02  9.71E-01  2.23E+02  2.16E-17   3
       34   13  8.016E+00  1.34E-02  9.74E-01  2.28E+02  2.07E-17   3
       33   14  8.265E+00  1.44E-02  9.72E-01  2.23E+02  2.06E-17   3
       33   12  8.024E+00  1.27E-02  9.75E-01  2.28E+02  1.96E-17   3
       32   13  8.254E+00  1.35E-02  9.74E-01  2.23E+02  1.95E-17   3
       32   11  8.033E+00  1.19E-02  9.76E-01  2.28E+02  1.84E-17   3
       31   12  8.243E+00  1.26E-02  9.75E-01  2.23E+02  1.83E-17   3
       31   10  8.042E+00  1.10E-02  9.78E-01  2.28E+02  1.71E-17   3
       30   11  8.233E+00  1.16E-02  9.77E-01  2.24E+02  1.70E-17   3
       30    9  8.050E+00  1.01E-02  9.79E-01  2.28E+02  1.57E-17   2
       29   10  8.222E+00  1.06E-02  9.78E-01  2.24E+02  1.56E-17   2
       29    8  8.059E+00  9.15E-03  9.81E-01  2.28E+02  1.42E-17   2
       28    9  8.212E+00  9.55E-03  9.80E-01  2.24E+02  1.42E-17   2
       28    7  8.068E+00  8.13E-03  9.83E-01  2.28E+02  1.26E-17   2
       27    8  8.202E+00  8.44E-03  9.82E-01  2.25E+02  1.26E-17   2
       27    6  8.077E+00  7.07E-03  9.85E-01  2.27E+02  1.10E-17   2
       26    7  8.192E+00  7.29E-03  9.84E-01  2.25E+02  1.10E-17   2
       26    5  8.086E+00  5.96E-03  9.87E-01  2.27E+02  9.27E-18   1
       25    6  8.182E+00  6.12E-03  9.86E-01  2.25E+02  9.26E-18   1
       25    4  8.095E+00  4.82E-03  9.89E-01  2.27E+02  7.50E-18   1
       24    5  8.172E+00  4.92E-03  9.89E-01  2.25E+02  7.49E-18   1
       19   18  3.838E+02  4.75E-01  6.57E-01  1.12E+03  7.16E-18   1
       20   19  3.636E+02  9.18E-01  5.17E-01  6.15E+02  6.93E-18   1
       24    3  8.105E+00  3.64E-03  9.91E-01  2.27E+02  5.68E-18   1
       23    4  8.162E+00  3.70E-03  9.91E-01  2.26E+02  5.68E-18   1
       18   17  4.063E+02  4.63E-01  6.61E-01  1.06E+03  5.60E-18   1
       17   16  4.317E+02  3.65E-01  7.06E-01  1.23E+03  4.56E-18   1
       23    2  8.114E+00  2.45E-03  9.94E-01  2.27E+02  3.82E-18   1
       22    3  8.152E+00  2.47E-03  9.94E-01  2.26E+02  3.81E-18   1
       16   15  4.604E+02  3.55E-01  7.10E-01  1.14E+03  3.42E-18   1

  Inverted lines:

        i    j  wavelength    tau     Tex        eta
                  micron               K

       42   41  7.003E+03 -4.81E-08 -1.92E+02  5.34E-03
       44   43  2.334E+03 -4.22E-08 -1.94E+03  1.59E-03
       60   59  3.687E+02 -2.89E-05 -7.85E+01  2.43E-01
       62   61  7.052E+03 -8.29E-10 -1.62E+02  6.29E-03
       64   63  2.350E+03 -8.97E-10 -1.32E+03  2.31E-03
       80   79  3.713E+02 -4.90E-07 -6.71E+01  2.81E-01
------------------------------------------------------------------------------


  Molecular column = 9.28E+14 cm-2/kms      Total emission = 6.28E-16 erg/s/mol

  The top emitting lines are:

        i    j  wavelength    tau    beta       Tex      emission   %
                  micron                         K       erg/s/mol
       40   19  7.967E+00  2.90E-02  9.51E-01  2.29E+02  2.43E-17   4
       39   20  8.331E+00  3.12E-02  9.48E-01  2.22E+02  2.41E-17   4
       39   18  7.975E+00  2.84E-02  9.52E-01  2.29E+02  2.40E-17   4
       38   19  8.319E+00  3.12E-02  9.49E-01  2.21E+02  2.39E-17   4
       38   17  7.983E+00  2.78E-02  9.53E-01  2.29E+02  2.36E-17   4
       37   18  8.308E+00  3.04E-02  9.50E-01  2.22E+02  2.33E-17   4
       37   16  7.991E+00  2.70E-02  9.54E-01  2.29E+02  2.30E-17   4
       36   17  8.297E+00  2.94E-02  9.51E-01  2.22E+02  2.28E-17   4
       36   15  7.999E+00  2.61E-02  9.55E-01  2.29E+02  2.23E-17   4
       35   16  8.286E+00  2.82E-02  9.52E-01  2.22E+02  2.20E-17   4
       35   14  8.008E+00  2.50E-02  9.57E-01  2.28E+02  2.14E-17   3
       34   15  8.275E+00  2.70E-02  9.54E-01  2.23E+02  2.12E-17   3
       34   13  8.016E+00  2.39E-02  9.58E-01  2.28E+02  2.04E-17   3
       33   14  8.265E+00  2.56E-02  9.56E-01  2.23E+02  2.02E-17   3
       33   12  8.024E+00  2.26E-02  9.60E-01  2.28E+02  1.93E-17   3
       32   13  8.254E+00  2.40E-02  9.58E-01  2.23E+02  1.92E-17   3
       32   11  8.033E+00  2.11E-02  9.62E-01  2.28E+02  1.82E-17   3
       31   12  8.243E+00  2.24E-02  9.60E-01  2.24E+02  1.80E-17   3
       31   10  8.042E+00  1.96E-02  9.64E-01  2.28E+02  1.69E-17   3
       30   11  8.233E+00  2.07E-02  9.63E-01  2.24E+02  1.68E-17   3
       30    9  8.050E+00  1.80E-02  9.67E-01  2.28E+02  1.55E-17   2
       29   10  8.222E+00  1.89E-02  9.66E-01  2.24E+02  1.54E-17   2
       29    8  8.059E+00  1.63E-02  9.69E-01  2.28E+02  1.41E-17   2
       28    9  8.212E+00  1.70E-02  9.68E-01  2.24E+02  1.40E-17   2
       28    7  8.068E+00  1.45E-02  9.72E-01  2.28E+02  1.25E-17   2
       27    8  8.202E+00  1.50E-02  9.71E-01  2.25E+02  1.25E-17   2
       27    6  8.077E+00  1.26E-02  9.75E-01  2.27E+02  1.09E-17   2
       26    7  8.192E+00  1.30E-02  9.75E-01  2.25E+02  1.09E-17   2
       26    5  8.086E+00  1.06E-02  9.79E-01  2.27E+02  9.21E-18   1
       25    6  8.182E+00  1.09E-02  9.78E-01  2.25E+02  9.19E-18   1
       25    4  8.095E+00  8.56E-03  9.82E-01  2.27E+02  7.46E-18   1
       24    5  8.172E+00  8.74E-03  9.82E-01  2.25E+02  7.44E-18   1
       19   18  3.838E+02  8.43E-01  5.36E-01  1.12E+03  5.84E-18   1
       24    3  8.105E+00  6.47E-03  9.86E-01  2.27E+02  5.65E-18   1
       23    4  8.162E+00  6.58E-03  9.86E-01  2.26E+02  5.65E-18   1
       20   19  3.636E+02  1.47E+00  4.12E-01  6.87E+02  5.55E-18   1
       18   17  4.063E+02  8.04E-01  5.47E-01  1.08E+03  4.63E-18   1
       17   16  4.317E+02  6.56E-01  5.91E-01  1.21E+03  3.82E-18   1
       23    2  8.114E+00  4.35E-03  9.90E-01  2.27E+02  3.80E-18   1
       22    3  8.152E+00  4.39E-03  9.90E-01  2.26E+02  3.80E-18   1

  Inverted lines:

        i    j  wavelength    tau     Tex        eta
                  micron               K

       42   41  7.003E+03 -8.73E-08 -1.88E+02  5.46E-03
       44   43  2.334E+03 -8.06E-08 -1.80E+03  1.71E-03
       60   59  3.687E+02 -5.14E-05 -7.85E+01  2.43E-01
       62   61  7.052E+03 -1.50E-09 -1.59E+02  6.42E-03
       64   63  2.350E+03 -1.68E-09 -1.25E+03  2.44E-03
       80   79  3.713E+02 -8.72E-07 -6.71E+01  2.81E-01
------------------------------------------------------------------------------


  Molecular column = 1.65E+15 cm-2/kms      Total emission = 6.09E-16 erg/s/mol

  The top emitting lines are:

        i    j  wavelength    tau    beta       Tex      emission   %
                  micron                         K       erg/s/mol
       40   19  7.967E+00  5.15E-02  9.24E-01  2.29E+02  2.37E-17   4
       39   20  8.331E+00  5.59E-02  9.19E-01  2.22E+02  2.35E-17   4
       39   18  7.975E+00  5.06E-02  9.25E-01  2.29E+02  2.34E-17   4
       38   19  8.319E+00  5.56E-02  9.20E-01  2.21E+02  2.32E-17   4
       38   17  7.983E+00  4.95E-02  9.26E-01  2.29E+02  2.30E-17   4
       37   18  8.308E+00  5.40E-02  9.21E-01  2.22E+02  2.27E-17   4
       37   16  7.991E+00  4.80E-02  9.28E-01  2.29E+02  2.24E-17   4
       36   17  8.297E+00  5.23E-02  9.23E-01  2.22E+02  2.22E-17   4
       36   15  7.999E+00  4.64E-02  9.30E-01  2.29E+02  2.17E-17   4
       35   16  8.286E+00  5.02E-02  9.26E-01  2.22E+02  2.14E-17   4
       35   14  8.008E+00  4.45E-02  9.32E-01  2.29E+02  2.09E-17   3
       34   15  8.275E+00  4.79E-02  9.28E-01  2.23E+02  2.07E-17   3
       34   13  8.016E+00  4.24E-02  9.35E-01  2.29E+02  2.00E-17   3
       33   14  8.265E+00  4.54E-02  9.31E-01  2.23E+02  1.98E-17   3
       33   12  8.024E+00  4.01E-02  9.37E-01  2.28E+02  1.89E-17   3
       32   13  8.254E+00  4.27E-02  9.34E-01  2.23E+02  1.88E-17   3
       32   11  8.033E+00  3.76E-02  9.41E-01  2.28E+02  1.78E-17   3
       31   12  8.243E+00  3.98E-02  9.38E-01  2.24E+02  1.77E-17   3
       31   10  8.042E+00  3.49E-02  9.44E-01  2.28E+02  1.66E-17   3
       30   11  8.233E+00  3.68E-02  9.41E-01  2.24E+02  1.65E-17   3
       30    9  8.050E+00  3.20E-02  9.48E-01  2.28E+02  1.53E-17   3
       29   10  8.222E+00  3.35E-02  9.46E-01  2.24E+02  1.51E-17   2
       29    8  8.059E+00  2.89E-02  9.52E-01  2.28E+02  1.38E-17   2
       28    9  8.212E+00  3.02E-02  9.50E-01  2.24E+02  1.38E-17   2
       28    7  8.068E+00  2.57E-02  9.56E-01  2.28E+02  1.23E-17   2
       27    8  8.202E+00  2.67E-02  9.55E-01  2.25E+02  1.23E-17   2
       27    6  8.077E+00  2.23E-02  9.61E-01  2.27E+02  1.07E-17   2
       26    7  8.192E+00  2.30E-02  9.60E-01  2.25E+02  1.07E-17   2
       26    5  8.086E+00  1.88E-02  9.66E-01  2.27E+02  9.10E-18   1
       25    6  8.182E+00  1.93E-02  9.65E-01  2.25E+02  9.07E-18   1
       25    4  8.095E+00  1.52E-02  9.71E-01  2.27E+02  7.38E-18   1
       24    5  8.172E+00  1.55E-02  9.71E-01  2.25E+02  7.37E-18   1
       24    3  8.105E+00  1.15E-02  9.77E-01  2.27E+02  5.61E-18   1
       23    4  8.162E+00  1.17E-02  9.77E-01  2.26E+02  5.60E-18   1
       19   18  3.838E+02  1.48E+00  4.10E-01  1.14E+03  4.47E-18   1
       20   19  3.636E+02  2.35E+00  3.12E-01  7.65E+02  4.23E-18   1
       23    2  8.114E+00  7.73E-03  9.83E-01  2.27E+02  3.78E-18   1
       22    3  8.152E+00  7.81E-03  9.83E-01  2.26E+02  3.77E-18   1
       18   17  4.063E+02  1.40E+00  4.23E-01  1.11E+03  3.58E-18   1

  Inverted lines:

        i    j  wavelength    tau     Tex        eta
                  micron               K

       42   41  7.003E+03 -1.58E-07 -1.85E+02  5.56E-03
       44   43  2.334E+03 -1.52E-07 -1.70E+03  1.82E-03
       60   59  3.687E+02 -9.15E-05 -7.85E+01  2.44E-01
       62   61  7.052E+03 -2.72E-09 -1.56E+02  6.52E-03
       64   63  2.350E+03 -3.13E-09 -1.20E+03  2.56E-03
       80   79  3.713E+02 -1.55E-06 -6.70E+01  2.81E-01
------------------------------------------------------------------------------


  Molecular column = 2.94E+15 cm-2/kms      Total emission = 5.84E-16 erg/s/mol

  The top emitting lines are:

        i    j  wavelength    tau    beta       Tex      emission   %
                  micron                         K       erg/s/mol
       40   19  7.967E+00  9.17E-02  8.83E-01  2.29E+02  2.28E-17   4
       39   18  7.975E+00  8.99E-02  8.85E-01  2.29E+02  2.26E-17   4
       39   20  8.331E+00  1.00E-01  8.76E-01  2.22E+02  2.26E-17   4
       38   19  8.319E+00  9.89E-02  8.77E-01  2.22E+02  2.22E-17   4
       38   17  7.983E+00  8.79E-02  8.87E-01  2.29E+02  2.21E-17   4
       37   18  8.308E+00  9.61E-02  8.79E-01  2.22E+02  2.18E-17   4
       37   16  7.991E+00  8.53E-02  8.89E-01  2.29E+02  2.15E-17   4
       36   17  8.297E+00  9.29E-02  8.82E-01  2.22E+02  2.13E-17   4
       36   15  7.999E+00  8.24E-02  8.92E-01  2.29E+02  2.09E-17   4
       35   16  8.286E+00  8.92E-02  8.86E-01  2.22E+02  2.06E-17   4
       35   14  8.008E+00  7.90E-02  8.95E-01  2.29E+02  2.01E-17   3
       34   15  8.275E+00  8.52E-02  8.89E-01  2.23E+02  1.99E-17   3
       34   13  8.016E+00  7.53E-02  8.99E-01  2.29E+02  1.93E-17   3
       33   14  8.265E+00  8.07E-02  8.94E-01  2.23E+02  1.90E-17   3
       33   12  8.024E+00  7.12E-02  9.03E-01  2.29E+02  1.83E-17   3
       32   13  8.254E+00  7.59E-02  8.98E-01  2.23E+02  1.81E-17   3
       32   11  8.033E+00  6.68E-02  9.08E-01  2.28E+02  1.73E-17   3
       31   12  8.243E+00  7.08E-02  9.04E-01  2.24E+02  1.71E-17   3
       31   10  8.042E+00  6.20E-02  9.13E-01  2.28E+02  1.61E-17   3
       30   11  8.233E+00  6.53E-02  9.09E-01  2.24E+02  1.60E-17   3
       30    9  8.050E+00  5.68E-02  9.18E-01  2.28E+02  1.48E-17   3
       29   10  8.222E+00  5.96E-02  9.15E-01  2.24E+02  1.47E-17   3
       29    8  8.059E+00  5.14E-02  9.24E-01  2.28E+02  1.35E-17   2
       28    9  8.212E+00  5.36E-02  9.22E-01  2.25E+02  1.34E-17   2
       28    7  8.068E+00  4.56E-02  9.31E-01  2.28E+02  1.20E-17   2
       27    8  8.202E+00  4.74E-02  9.29E-01  2.25E+02  1.20E-17   2
       27    6  8.077E+00  3.97E-02  9.38E-01  2.28E+02  1.05E-17   2
       26    7  8.192E+00  4.10E-02  9.36E-01  2.25E+02  1.05E-17   2
       26    5  8.086E+00  3.35E-02  9.46E-01  2.27E+02  8.94E-18   2
       25    6  8.182E+00  3.44E-02  9.45E-01  2.25E+02  8.90E-18   2
       25    4  8.095E+00  2.70E-02  9.54E-01  2.27E+02  7.27E-18   1
       24    5  8.172E+00  2.76E-02  9.53E-01  2.26E+02  7.25E-18   1
       24    3  8.105E+00  2.05E-02  9.63E-01  2.27E+02  5.54E-18   1
       23    4  8.162E+00  2.08E-02  9.63E-01  2.26E+02  5.53E-18   1
       23    2  8.114E+00  1.37E-02  9.73E-01  2.27E+02  3.75E-18   1
       22    3  8.152E+00  1.39E-02  9.73E-01  2.26E+02  3.74E-18   1
       19   18  3.838E+02  2.57E+00  2.94E-01  1.16E+03  3.21E-18   1
       20   19  3.636E+02  3.79E+00  2.25E-01  8.45E+02  3.07E-18   1

  Inverted lines:

        i    j  wavelength    tau     Tex        eta
                  micron               K

       42   41  7.003E+03 -2.86E-07 -1.82E+02  5.65E-03
       44   43  2.334E+03 -2.85E-07 -1.61E+03  1.91E-03
       60   59  3.687E+02 -1.63E-04 -7.85E+01  2.44E-01
       62   61  7.052E+03 -4.90E-09 -1.54E+02  6.62E-03
       64   63  2.350E+03 -5.78E-09 -1.15E+03  2.65E-03
       80   79  3.713E+02 -2.76E-06 -6.70E+01  2.82E-01
------------------------------------------------------------------------------


  Molecular column = 5.22E+15 cm-2/kms      Total emission = 5.52E-16 erg/s/mol

  The top emitting lines are:

        i    j  wavelength    tau    beta       Tex      emission   %
                  micron                         K       erg/s/mol
       40   19  7.967E+00  1.63E-01  8.25E-01  2.29E+02  2.16E-17   4
       39   18  7.975E+00  1.60E-01  8.27E-01  2.29E+02  2.13E-17   4
       39   20  8.331E+00  1.79E-01  8.14E-01  2.22E+02  2.12E-17   4
       38   17  7.983E+00  1.56E-01  8.30E-01  2.29E+02  2.09E-17   4
       38   19  8.319E+00  1.76E-01  8.16E-01  2.22E+02  2.08E-17   4
       37   18  8.308E+00  1.71E-01  8.19E-01  2.22E+02  2.04E-17   4
       37   16  7.991E+00  1.52E-01  8.33E-01  2.29E+02  2.03E-17   4
       36   17  8.297E+00  1.65E-01  8.23E-01  2.22E+02  2.00E-17   4
       36   15  7.999E+00  1.46E-01  8.37E-01  2.29E+02  1.98E-17   4
       35   16  8.286E+00  1.59E-01  8.28E-01  2.23E+02  1.94E-17   4
       35   14  8.008E+00  1.40E-01  8.42E-01  2.29E+02  1.91E-17   3
       34   15  8.275E+00  1.51E-01  8.34E-01  2.23E+02  1.88E-17   3
       34   13  8.016E+00  1.34E-01  8.47E-01  2.29E+02  1.83E-17   3
       33   14  8.265E+00  1.43E-01  8.40E-01  2.23E+02  1.80E-17   3
       33   12  8.024E+00  1.27E-01  8.53E-01  2.29E+02  1.74E-17   3
       32   13  8.254E+00  1.35E-01  8.46E-01  2.24E+02  1.72E-17   3
       32   11  8.033E+00  1.19E-01  8.60E-01  2.29E+02  1.65E-17   3
       31   12  8.243E+00  1.26E-01  8.54E-01  2.24E+02  1.62E-17   3
       31   10  8.042E+00  1.10E-01  8.67E-01  2.28E+02  1.54E-17   3
       30   11  8.233E+00  1.16E-01  8.62E-01  2.24E+02  1.52E-17   3
       30    9  8.050E+00  1.01E-01  8.75E-01  2.28E+02  1.42E-17   3
       29   10  8.222E+00  1.06E-01  8.71E-01  2.24E+02  1.41E-17   3
       29    8  8.059E+00  9.13E-02  8.84E-01  2.28E+02  1.30E-17   2
       28    9  8.212E+00  9.53E-02  8.80E-01  2.25E+02  1.29E-17   2
       28    7  8.068E+00  8.11E-02  8.93E-01  2.28E+02  1.16E-17   2
       27    8  8.202E+00  8.42E-02  8.90E-01  2.25E+02  1.15E-17   2
       27    6  8.077E+00  7.05E-02  9.04E-01  2.28E+02  1.02E-17   2
       26    7  8.192E+00  7.28E-02  9.02E-01  2.25E+02  1.01E-17   2
       26    5  8.086E+00  5.95E-02  9.15E-01  2.28E+02  8.69E-18   2
       25    6  8.182E+00  6.11E-02  9.14E-01  2.25E+02  8.65E-18   2
       25    4  8.095E+00  4.81E-02  9.28E-01  2.27E+02  7.10E-18   1
       24    5  8.172E+00  4.91E-02  9.27E-01  2.26E+02  7.08E-18   1
       24    3  8.105E+00  3.64E-02  9.42E-01  2.27E+02  5.44E-18   1
       23    4  8.162E+00  3.70E-02  9.41E-01  2.26E+02  5.42E-18   1
       23    2  8.114E+00  2.44E-02  9.58E-01  2.27E+02  3.70E-18   1
       22    3  8.152E+00  2.47E-02  9.57E-01  2.26E+02  3.69E-18   1

  Inverted lines:

        i    j  wavelength    tau     Tex        eta
                  micron               K

       42   41  7.003E+03 -5.15E-07 -1.79E+02  5.72E-03
       44   43  2.334E+03 -5.28E-07 -1.55E+03  1.99E-03
       60   59  3.687E+02 -2.90E-04 -7.85E+01  2.43E-01
       62   61  7.052E+03 -8.82E-09 -1.52E+02  6.70E-03
       64   63  2.350E+03 -1.06E-08 -1.12E+03  2.74E-03
       80   79  3.713E+02 -4.92E-06 -6.69E+01  2.82E-01
------------------------------------------------------------------------------


  Molecular column = 9.28E+15 cm-2/kms      Total emission = 5.10E-16 erg/s/mol

  The top emitting lines are:

        i    j  wavelength    tau    beta       Tex      emission   %
                  micron                         K       erg/s/mol
       40   19  7.967E+00  2.90E-01  7.44E-01  2.30E+02  1.98E-17   4
       39   18  7.975E+00  2.84E-01  7.47E-01  2.30E+02  1.95E-17   4
       39   20  8.331E+00  3.19E-01  7.29E-01  2.22E+02  1.92E-17   4
       38   17  7.983E+00  2.78E-01  7.51E-01  2.30E+02  1.91E-17   4
       38   19  8.319E+00  3.13E-01  7.32E-01  2.22E+02  1.89E-17   4
       37   16  7.991E+00  2.70E-01  7.56E-01  2.30E+02  1.87E-17   4
       37   18  8.308E+00  3.04E-01  7.37E-01  2.22E+02  1.86E-17   4
       36   17  8.297E+00  2.94E-01  7.42E-01  2.23E+02  1.82E-17   4
       36   15  7.999E+00  2.60E-01  7.61E-01  2.29E+02  1.82E-17   4
       35   16  8.286E+00  2.82E-01  7.49E-01  2.23E+02  1.78E-17   3
       35   14  8.008E+00  2.50E-01  7.68E-01  2.29E+02  1.76E-17   3
       34   15  8.275E+00  2.69E-01  7.56E-01  2.23E+02  1.72E-17   3
       34   13  8.016E+00  2.38E-01  7.75E-01  2.29E+02  1.69E-17   3
       33   14  8.265E+00  2.55E-01  7.64E-01  2.24E+02  1.66E-17   3
       33   12  8.024E+00  2.25E-01  7.83E-01  2.29E+02  1.62E-17   3
       32   13  8.254E+00  2.40E-01  7.74E-01  2.24E+02  1.59E-17   3
       32   11  8.033E+00  2.11E-01  7.92E-01  2.29E+02  1.53E-17   3
       31   12  8.243E+00  2.24E-01  7.84E-01  2.24E+02  1.51E-17   3
       31   10  8.042E+00  1.96E-01  8.02E-01  2.29E+02  1.44E-17   3
       30   11  8.233E+00  2.06E-01  7.95E-01  2.25E+02  1.42E-17   3
       30    9  8.050E+00  1.79E-01  8.13E-01  2.29E+02  1.34E-17   3
       29   10  8.222E+00  1.88E-01  8.07E-01  2.25E+02  1.32E-17   3
       29    8  8.059E+00  1.62E-01  8.25E-01  2.28E+02  1.22E-17   2
       28    9  8.212E+00  1.69E-01  8.20E-01  2.25E+02  1.21E-17   2
       28    7  8.068E+00  1.44E-01  8.39E-01  2.28E+02  1.10E-17   2
       27    8  8.202E+00  1.50E-01  8.35E-01  2.25E+02  1.09E-17   2
       27    6  8.077E+00  1.25E-01  8.54E-01  2.28E+02  9.72E-18   2
       26    7  8.192E+00  1.29E-01  8.51E-01  2.25E+02  9.65E-18   2
       26    5  8.086E+00  1.06E-01  8.71E-01  2.28E+02  8.34E-18   2
       25    6  8.182E+00  1.09E-01  8.68E-01  2.26E+02  8.28E-18   2
       25    4  8.095E+00  8.55E-02  8.89E-01  2.28E+02  6.85E-18   1
       24    5  8.172E+00  8.73E-02  8.87E-01  2.26E+02  6.82E-18   1
       24    3  8.105E+00  6.46E-02  9.10E-01  2.27E+02  5.29E-18   1
       23    4  8.162E+00  6.57E-02  9.09E-01  2.26E+02  5.26E-18   1
       23    2  8.114E+00  4.34E-02  9.33E-01  2.27E+02  3.62E-18   1
       22    3  8.152E+00  4.38E-02  9.33E-01  2.26E+02  3.61E-18   1

  Inverted lines:

        i    j  wavelength    tau     Tex        eta
                  micron               K

       22   21  6.954E+03 -5.53E-06 -2.85E+03  3.63E-04
       42   41  7.003E+03 -9.24E-07 -1.78E+02  5.78E-03
       44   43  2.334E+03 -9.74E-07 -1.49E+03  2.07E-03
       60   59  3.687E+02 -5.16E-04 -7.86E+01  2.43E-01
       62   61  7.052E+03 -1.58E-08 -1.51E+02  6.75E-03
       64   63  2.350E+03 -1.93E-08 -1.09E+03  2.80E-03
       80   79  3.713E+02 -8.75E-06 -6.69E+01  2.82E-01
------------------------------------------------------------------------------


  Molecular column = 1.65E+16 cm-2/kms      Total emission = 4.58E-16 erg/s/mol

  The top emitting lines are:

        i    j  wavelength    tau    beta       Tex      emission   %
                  micron                         K       erg/s/mol
       40   19  7.967E+00  5.16E-01  6.40E-01  2.31E+02  1.75E-17   4
       39   18  7.975E+00  5.06E-01  6.44E-01  2.30E+02  1.72E-17   4
       38   17  7.983E+00  4.94E-01  6.49E-01  2.30E+02  1.69E-17   4
       39   20  8.331E+00  5.68E-01  6.21E-01  2.23E+02  1.67E-17   4
       37   16  7.991E+00  4.79E-01  6.55E-01  2.30E+02  1.65E-17   4
       38   19  8.319E+00  5.57E-01  6.25E-01  2.23E+02  1.65E-17   4
       37   18  8.308E+00  5.40E-01  6.31E-01  2.23E+02  1.62E-17   4
       36   15  7.999E+00  4.63E-01  6.62E-01  2.30E+02  1.61E-17   4
       36   17  8.297E+00  5.22E-01  6.38E-01  2.23E+02  1.60E-17   3
       35   14  8.008E+00  4.44E-01  6.70E-01  2.30E+02  1.56E-17   3
       35   16  8.286E+00  5.01E-01  6.46E-01  2.24E+02  1.56E-17   3
       34   15  8.275E+00  4.78E-01  6.55E-01  2.24E+02  1.52E-17   3
       34   13  8.016E+00  4.23E-01  6.79E-01  2.30E+02  1.51E-17   3
       33   14  8.265E+00  4.53E-01  6.66E-01  2.24E+02  1.47E-17   3
       33   12  8.024E+00  4.00E-01  6.89E-01  2.30E+02  1.45E-17   3
       32   13  8.254E+00  4.26E-01  6.77E-01  2.25E+02  1.42E-17   3
       32   11  8.033E+00  3.75E-01  7.01E-01  2.30E+02  1.38E-17   3
       31   12  8.243E+00  3.97E-01  6.90E-01  2.25E+02  1.35E-17   3
       31   10  8.042E+00  3.48E-01  7.14E-01  2.29E+02  1.30E-17   3
       30   11  8.233E+00  3.67E-01  7.05E-01  2.25E+02  1.28E-17   3
       30    9  8.050E+00  3.19E-01  7.29E-01  2.29E+02  1.22E-17   3
       29   10  8.222E+00  3.35E-01  7.21E-01  2.25E+02  1.20E-17   3
       29    8  8.059E+00  2.89E-01  7.45E-01  2.29E+02  1.12E-17   2
       28    9  8.212E+00  3.01E-01  7.38E-01  2.26E+02  1.11E-17   2
       28    7  8.068E+00  2.56E-01  7.64E-01  2.29E+02  1.02E-17   2
       27    8  8.202E+00  2.66E-01  7.58E-01  2.26E+02  1.01E-17   2
       27    6  8.077E+00  2.23E-01  7.84E-01  2.28E+02  9.05E-18   2
       26    7  8.192E+00  2.30E-01  7.80E-01  2.26E+02  8.96E-18   2
       26    5  8.086E+00  1.88E-01  8.07E-01  2.28E+02  7.83E-18   2
       25    6  8.182E+00  1.93E-01  8.04E-01  2.26E+02  7.75E-18   2
       25    4  8.095E+00  1.52E-01  8.33E-01  2.28E+02  6.50E-18   1
       24    5  8.172E+00  1.55E-01  8.31E-01  2.26E+02  6.45E-18   1
       24    3  8.105E+00  1.15E-01  8.63E-01  2.28E+02  5.06E-18   1
       23    4  8.162E+00  1.17E-01  8.61E-01  2.26E+02  5.02E-18   1
       23    2  8.114E+00  7.71E-02  8.97E-01  2.27E+02  3.51E-18   1
       22    3  8.152E+00  7.80E-02  8.96E-01  2.26E+02  3.49E-18   1

  Inverted lines:

        i    j  wavelength    tau     Tex        eta
                  micron               K

       22   21  6.954E+03 -3.04E-05 -9.30E+02  1.11E-03
       23   22  3.476E+03 -2.90E-05 -3.89E+03  5.31E-04
       42   41  7.003E+03 -1.66E-06 -1.76E+02  5.84E-03
       44   43  2.334E+03 -1.87E-06 -1.38E+03  2.23E-03
       60   59  3.687E+02 -9.18E-04 -7.87E+01  2.43E-01
       62   61  7.052E+03 -2.83E-08 -1.50E+02  6.80E-03
       64   63  2.350E+03 -3.50E-08 -1.07E+03  2.85E-03
       80   79  3.713E+02 -1.56E-05 -6.69E+01  2.82E-01
------------------------------------------------------------------------------


  Molecular column = 2.94E+16 cm-2/kms      Total emission = 3.96E-16 erg/s/mol

  The top emitting lines are:

        i    j  wavelength    tau    beta       Tex      emission   %
                  micron                         K       erg/s/mol
       40   19  7.967E+00  9.18E-01  5.17E-01  2.32E+02  1.48E-17   4
       39   18  7.975E+00  9.00E-01  5.22E-01  2.31E+02  1.44E-17   4
       38   17  7.983E+00  8.78E-01  5.27E-01  2.31E+02  1.41E-17   4
       37   16  7.991E+00  8.52E-01  5.34E-01  2.31E+02  1.39E-17   4
       39   20  8.331E+00  1.01E+00  4.95E-01  2.23E+02  1.38E-17   3
       36   15  7.999E+00  8.23E-01  5.42E-01  2.31E+02  1.36E-17   3
       38   19  8.319E+00  9.90E-01  5.00E-01  2.24E+02  1.36E-17   3
       37   18  8.308E+00  9.61E-01  5.07E-01  2.24E+02  1.35E-17   3
       36   17  8.297E+00  9.28E-01  5.15E-01  2.24E+02  1.33E-17   3
       35   14  8.008E+00  7.89E-01  5.51E-01  2.31E+02  1.33E-17   3
       35   16  8.286E+00  8.91E-01  5.24E-01  2.25E+02  1.31E-17   3
       34   13  8.016E+00  7.52E-01  5.61E-01  2.31E+02  1.29E-17   3
       34   15  8.275E+00  8.50E-01  5.34E-01  2.25E+02  1.28E-17   3
       33   14  8.265E+00  8.06E-01  5.46E-01  2.25E+02  1.25E-17   3
       33   12  8.024E+00  7.11E-01  5.74E-01  2.31E+02  1.25E-17   3
       32   13  8.254E+00  7.58E-01  5.60E-01  2.26E+02  1.21E-17   3
       32   11  8.033E+00  6.66E-01  5.88E-01  2.31E+02  1.20E-17   3
       31   12  8.243E+00  7.06E-01  5.75E-01  2.26E+02  1.16E-17   3
       31   10  8.042E+00  6.18E-01  6.03E-01  2.30E+02  1.14E-17   3
       30   11  8.233E+00  6.52E-01  5.92E-01  2.26E+02  1.11E-17   3
       30    9  8.050E+00  5.67E-01  6.21E-01  2.30E+02  1.07E-17   3
       29   10  8.222E+00  5.95E-01  6.11E-01  2.26E+02  1.05E-17   3
       29    8  8.059E+00  5.13E-01  6.42E-01  2.30E+02  9.94E-18   3
       28    9  8.212E+00  5.35E-01  6.33E-01  2.26E+02  9.75E-18   2
       28    7  8.068E+00  4.56E-01  6.65E-01  2.30E+02  9.11E-18   2
       27    8  8.202E+00  4.73E-01  6.57E-01  2.26E+02  8.94E-18   2
       27    6  8.077E+00  3.96E-01  6.91E-01  2.29E+02  8.17E-18   2
       26    7  8.192E+00  4.09E-01  6.85E-01  2.27E+02  8.05E-18   2
       26    5  8.086E+00  3.34E-01  7.21E-01  2.29E+02  7.15E-18   2
       25    6  8.182E+00  3.43E-01  7.16E-01  2.27E+02  7.05E-18   2
       25    4  8.095E+00  2.70E-01  7.56E-01  2.29E+02  6.01E-18   2
       24    5  8.172E+00  2.76E-01  7.52E-01  2.27E+02  5.94E-18   2
       24    3  8.105E+00  2.04E-01  7.96E-01  2.28E+02  4.75E-18   1
       23    4  8.162E+00  2.08E-01  7.94E-01  2.27E+02  4.70E-18   1
       23    2  8.114E+00  1.37E-01  8.45E-01  2.28E+02  3.35E-18   1
       22    3  8.152E+00  1.39E-01  8.43E-01  2.27E+02  3.32E-18   1

  Inverted lines:

        i    j  wavelength    tau     Tex        eta
                  micron               K

       22   21  6.954E+03 -1.12E-04 -4.52E+02  2.29E-03
       23   22  3.476E+03 -2.08E-04 -9.76E+02  2.12E-03
       24   23  2.317E+03 -1.30E-04 -3.53E+03  8.80E-04
       42   41  7.003E+03 -3.03E-06 -1.71E+02  5.99E-03
       44   43  2.334E+03 -3.40E-06 -1.35E+03  2.28E-03
       60   59  3.687E+02 -1.63E-03 -7.88E+01  2.43E-01
       62   61  7.052E+03 -5.07E-08 -1.49E+02  6.84E-03
       64   63  2.350E+03 -6.32E-08 -1.06E+03  2.90E-03
       80   79  3.713E+02 -2.77E-05 -6.69E+01  2.82E-01
------------------------------------------------------------------------------


  Molecular column = 5.22E+16 cm-2/kms      Total emission = 3.28E-16 erg/s/mol

  The top emitting lines are:

        i    j  wavelength    tau    beta       Tex      emission   %
                  micron                         K       erg/s/mol
       40   19  7.967E+00  1.63E+00  3.88E-01  2.34E+02  1.19E-17   4
       39   18  7.975E+00  1.60E+00  3.92E-01  2.33E+02  1.14E-17   3
       38   17  7.983E+00  1.56E+00  3.98E-01  2.33E+02  1.13E-17   3
       37   16  7.991E+00  1.52E+00  4.04E-01  2.33E+02  1.11E-17   3
       36   15  7.999E+00  1.46E+00  4.12E-01  2.33E+02  1.10E-17   3
       39   20  8.331E+00  1.80E+00  3.67E-01  2.25E+02  1.08E-17   3
       35   14  8.008E+00  1.40E+00  4.22E-01  2.33E+02  1.07E-17   3
       38   19  8.319E+00  1.76E+00  3.72E-01  2.25E+02  1.07E-17   3
       37   18  8.308E+00  1.71E+00  3.78E-01  2.25E+02  1.06E-17   3
       36   17  8.297E+00  1.65E+00  3.86E-01  2.26E+02  1.06E-17   3
       34   13  8.016E+00  1.34E+00  4.32E-01  2.32E+02  1.05E-17   3
       35   16  8.286E+00  1.58E+00  3.95E-01  2.26E+02  1.04E-17   3
       34   15  8.275E+00  1.51E+00  4.05E-01  2.27E+02  1.03E-17   3
       33   12  8.024E+00  1.26E+00  4.45E-01  2.32E+02  1.02E-17   3
       33   14  8.265E+00  1.43E+00  4.17E-01  2.27E+02  1.01E-17   3
       32   11  8.033E+00  1.18E+00  4.60E-01  2.32E+02  9.87E-18   3
       32   13  8.254E+00  1.35E+00  4.31E-01  2.27E+02  9.82E-18   3
       31   12  8.243E+00  1.26E+00  4.47E-01  2.27E+02  9.49E-18   3
       31   10  8.042E+00  1.10E+00  4.77E-01  2.32E+02  9.44E-18   3
       30   11  8.233E+00  1.16E+00  4.65E-01  2.27E+02  9.14E-18   3
       30    9  8.050E+00  1.01E+00  4.96E-01  2.32E+02  8.98E-18   3
       29   10  8.222E+00  1.06E+00  4.85E-01  2.27E+02  8.69E-18   3
       29    8  8.059E+00  9.12E-01  5.19E-01  2.31E+02  8.42E-18   3
       28    9  8.212E+00  9.52E-01  5.09E-01  2.28E+02  8.19E-18   2
       28    7  8.068E+00  8.10E-01  5.45E-01  2.31E+02  7.80E-18   2
       27    8  8.202E+00  8.41E-01  5.37E-01  2.28E+02  7.59E-18   2
       27    6  8.077E+00  7.04E-01  5.76E-01  2.30E+02  7.09E-18   2
       26    7  8.192E+00  7.27E-01  5.69E-01  2.28E+02  6.93E-18   2
       26    5  8.086E+00  5.94E-01  6.12E-01  2.30E+02  6.29E-18   2
       25    6  8.182E+00  6.10E-01  6.06E-01  2.28E+02  6.16E-18   2
       25    4  8.095E+00  4.80E-01  6.55E-01  2.29E+02  5.38E-18   2
       24    5  8.172E+00  4.90E-01  6.50E-01  2.27E+02  5.28E-18   2
       24    3  8.105E+00  3.63E-01  7.06E-01  2.29E+02  4.33E-18   1
       23    4  8.162E+00  3.69E-01  7.04E-01  2.27E+02  4.26E-18   1
       23    2  8.114E+00  2.44E-01  7.71E-01  2.28E+02  3.13E-18   1
       22    3  8.152E+00  2.46E-01  7.69E-01  2.27E+02  3.08E-18   1
       22    1  8.123E+00  1.23E-01  8.56E-01  2.28E+02  1.72E-18   1
       21    2  8.142E+00  1.23E-01  8.56E-01  2.27E+02  1.70E-18   1

  Inverted lines:

        i    j  wavelength    tau     Tex        eta
                  micron               K

       22   21  6.954E+03 -3.70E-04 -2.47E+02  4.18E-03
       23   22  3.476E+03 -8.51E-04 -4.34E+02  4.77E-03
       24   23  2.317E+03 -9.00E-04 -9.31E+02  3.34E-03
       25   24  1.738E+03 -5.38E-04 -2.78E+03  1.49E-03
       26   25  1.391E+03 -1.20E-04 -1.94E+04  2.66E-04
       42   41  7.003E+03 -5.44E-06 -1.70E+02  6.03E-03
       44   43  2.334E+03 -6.47E-06 -1.27E+03  2.43E-03
       60   59  3.687E+02 -2.91E-03 -7.91E+01  2.42E-01
       62   61  7.052E+03 -9.07E-08 -1.48E+02  6.88E-03
       64   63  2.350E+03 -1.14E-07 -1.04E+03  2.94E-03
       80   79  3.713E+02 -4.94E-05 -6.69E+01  2.82E-01
------------------------------------------------------------------------------


  Molecular column = 9.28E+16 cm-2/kms      Total emission = 2.62E-16 erg/s/mol

  The top emitting lines are:

        i    j  wavelength    tau    beta       Tex      emission   %
                  micron                         K       erg/s/mol
       40   19  7.967E+00  2.90E+00  2.72E-01  2.37E+02  9.29E-18   4
       39   18  7.975E+00  2.84E+00  2.75E-01  2.36E+02  8.77E-18   3
       38   17  7.983E+00  2.78E+00  2.80E-01  2.36E+02  8.66E-18   3
       37   16  7.991E+00  2.69E+00  2.85E-01  2.35E+02  8.55E-18   3
       36   15  7.999E+00  2.60E+00  2.92E-01  2.35E+02  8.49E-18   3
       35   14  8.008E+00  2.49E+00  3.00E-01  2.35E+02  8.34E-18   3
       34   13  8.016E+00  2.38E+00  3.09E-01  2.35E+02  8.21E-18   3
       39   20  8.331E+00  3.21E+00  2.54E-01  2.28E+02  8.18E-18   3
       38   19  8.319E+00  3.13E+00  2.58E-01  2.28E+02  8.12E-18   3
       37   18  8.308E+00  3.04E+00  2.63E-01  2.28E+02  8.07E-18   3
       36   17  8.297E+00  2.93E+00  2.70E-01  2.29E+02  8.06E-18   3
       33   12  8.024E+00  2.25E+00  3.20E-01  2.35E+02  8.00E-18   3
       35   16  8.286E+00  2.82E+00  2.77E-01  2.29E+02  7.98E-18   3
       34   15  8.275E+00  2.69E+00  2.86E-01  2.29E+02  7.91E-18   3
       32   11  8.033E+00  2.11E+00  3.34E-01  2.35E+02  7.79E-18   3
       33   14  8.265E+00  2.55E+00  2.96E-01  2.29E+02  7.77E-18   3
       32   13  8.254E+00  2.40E+00  3.08E-01  2.30E+02  7.63E-18   3
       31   10  8.042E+00  1.96E+00  3.49E-01  2.34E+02  7.51E-18   3
       31   12  8.243E+00  2.23E+00  3.22E-01  2.30E+02  7.42E-18   3
       30    9  8.050E+00  1.79E+00  3.68E-01  2.34E+02  7.20E-18   3
       30   11  8.233E+00  2.06E+00  3.38E-01  2.30E+02  7.20E-18   3
       29   10  8.222E+00  1.88E+00  3.57E-01  2.30E+02  6.90E-18   3
       29    8  8.059E+00  1.62E+00  3.89E-01  2.33E+02  6.82E-18   3
       28    9  8.212E+00  1.69E+00  3.80E-01  2.30E+02  6.57E-18   3
       28    7  8.068E+00  1.44E+00  4.16E-01  2.33E+02  6.39E-18   2
       27    8  8.202E+00  1.50E+00  4.07E-01  2.30E+02  6.16E-18   2
       27    6  8.077E+00  1.25E+00  4.47E-01  2.32E+02  5.89E-18   2
       26    7  8.192E+00  1.29E+00  4.40E-01  2.29E+02  5.70E-18   2
       26    5  8.086E+00  1.06E+00  4.86E-01  2.32E+02  5.31E-18   2
       25    6  8.182E+00  1.08E+00  4.80E-01  2.29E+02  5.15E-18   2
       25    4  8.095E+00  8.54E-01  5.34E-01  2.31E+02  4.63E-18   2
       24    5  8.172E+00  8.72E-01  5.29E-01  2.29E+02  4.50E-18   2
       24    3  8.105E+00  6.46E-01  5.94E-01  2.30E+02  3.82E-18   1
       23    4  8.162E+00  6.56E-01  5.91E-01  2.28E+02  3.72E-18   1
       23    2  8.114E+00  4.34E-01  6.74E-01  2.30E+02  2.84E-18   1
       22    3  8.152E+00  4.38E-01  6.72E-01  2.28E+02  2.77E-18   1
       22    1  8.123E+00  2.18E-01  7.87E-01  2.29E+02  1.63E-18   1
       21    2  8.142E+00  2.19E-01  7.86E-01  2.28E+02  1.60E-18   1

  Inverted lines:

        i    j  wavelength    tau     Tex        eta
                  micron               K

       22   21  6.954E+03 -1.18E-03 -1.42E+02  7.30E-03
       23   22  3.476E+03 -3.03E-03 -2.24E+02  9.24E-03
       24   23  2.317E+03 -3.69E-03 -4.21E+02  7.38E-03
       25   24  1.738E+03 -3.51E-03 -7.97E+02  5.19E-03
       26   25  1.391E+03 -3.01E-03 -1.47E+03  3.53E-03
       27   26  1.159E+03 -1.16E-03 -5.49E+03  1.13E-03
       28   27  9.932E+02 -3.93E-04 -2.21E+04  3.27E-04
       40   39  3.661E+02 -2.14E-02 -2.40E+03  8.17E-03
       42   41  7.003E+03 -9.94E-06 -1.66E+02  6.18E-03
       44   43  2.334E+03 -1.27E-05 -1.15E+03  2.68E-03
       60   59  3.687E+02 -5.19E-03 -7.95E+01  2.41E-01
       62   61  7.052E+03 -1.63E-07 -1.48E+02  6.92E-03
       64   63  2.350E+03 -2.08E-07 -1.02E+03  3.00E-03
       80   79  3.713E+02 -8.79E-05 -6.70E+01  2.81E-01
------------------------------------------------------------------------------


  Molecular column = 1.65E+17 cm-2/kms      Total emission = 2.06E-16 erg/s/mol

  The top emitting lines are:

        i    j  wavelength    tau    beta       Tex      emission   %
                  micron                         K       erg/s/mol
       40   19  7.967E+00  5.16E+00  1.77E-01  2.42E+02  7.04E-18   3
       39   18  7.975E+00  5.06E+00  1.80E-01  2.40E+02  6.59E-18   3
       38   17  7.983E+00  4.94E+00  1.83E-01  2.40E+02  6.52E-18   3
       37   16  7.991E+00  4.79E+00  1.87E-01  2.40E+02  6.45E-18   3
       36   15  7.999E+00  4.62E+00  1.93E-01  2.40E+02  6.43E-18   3
       35   14  8.008E+00  4.44E+00  1.99E-01  2.39E+02  6.35E-18   3
       34   13  8.016E+00  4.23E+00  2.07E-01  2.39E+02  6.28E-18   3
       33   12  8.024E+00  4.00E+00  2.16E-01  2.39E+02  6.16E-18   3
       39   20  8.331E+00  5.70E+00  1.63E-01  2.32E+02  6.05E-18   3
       32   11  8.033E+00  3.75E+00  2.27E-01  2.39E+02  6.04E-18   3
       38   19  8.319E+00  5.57E+00  1.66E-01  2.32E+02  6.02E-18   3
       36   17  8.297E+00  5.22E+00  1.75E-01  2.33E+02  6.01E-18   3
       37   18  8.308E+00  5.40E+00  1.70E-01  2.32E+02  5.99E-18   3
       35   16  8.286E+00  5.01E+00  1.81E-01  2.33E+02  5.97E-18   3
       34   15  8.275E+00  4.78E+00  1.88E-01  2.33E+02  5.95E-18   3
       33   14  8.265E+00  4.53E+00  1.96E-01  2.33E+02  5.87E-18   3
       31   10  8.042E+00  3.48E+00  2.40E-01  2.38E+02  5.86E-18   3
       32   13  8.254E+00  4.26E+00  2.06E-01  2.34E+02  5.81E-18   3
       31   12  8.243E+00  3.97E+00  2.17E-01  2.34E+02  5.68E-18   3
       30    9  8.050E+00  3.19E+00  2.55E-01  2.38E+02  5.65E-18   3
       30   11  8.233E+00  3.67E+00  2.31E-01  2.34E+02  5.55E-18   3
       29    8  8.059E+00  2.88E+00  2.73E-01  2.37E+02  5.37E-18   3
       29   10  8.222E+00  3.34E+00  2.47E-01  2.33E+02  5.37E-18   3
       28    9  8.212E+00  3.01E+00  2.65E-01  2.33E+02  5.13E-18   2
       28    7  8.068E+00  2.56E+00  2.95E-01  2.37E+02  5.08E-18   2
       27    8  8.202E+00  2.66E+00  2.88E-01  2.33E+02  4.84E-18   2
       27    6  8.077E+00  2.23E+00  3.22E-01  2.36E+02  4.72E-18   2
       26    7  8.192E+00  2.30E+00  3.16E-01  2.32E+02  4.52E-18   2
       26    5  8.086E+00  1.88E+00  3.58E-01  2.35E+02  4.32E-18   2
       25    6  8.182E+00  1.93E+00  3.52E-01  2.32E+02  4.14E-18   2
       25    4  8.095E+00  1.52E+00  4.04E-01  2.34E+02  3.84E-18   2
       24    5  8.172E+00  1.55E+00  3.99E-01  2.31E+02  3.68E-18   2
       24    3  8.105E+00  1.15E+00  4.67E-01  2.33E+02  3.25E-18   2
       23    4  8.162E+00  1.17E+00  4.63E-01  2.30E+02  3.12E-18   2
       23    2  8.114E+00  7.71E-01  5.56E-01  2.32E+02  2.51E-18   1
       22    3  8.152E+00  7.79E-01  5.54E-01  2.30E+02  2.40E-18   1
       22    1  8.123E+00  3.88E-01  6.95E-01  2.30E+02  1.51E-18   1
       21    2  8.142E+00  3.90E-01  6.94E-01  2.29E+02  1.47E-18   1

  Inverted lines:

        i    j  wavelength    tau     Tex        eta
                  micron               K

       22   21  6.954E+03 -3.78E-03 -8.25E+01  1.25E-02
       23   22  3.476E+03 -1.04E-02 -1.24E+02  1.67E-02
       24   23  2.317E+03 -1.32E-02 -2.26E+02  1.38E-02
       25   24  1.738E+03 -1.41E-02 -3.85E+02  1.08E-02
       26   25  1.391E+03 -1.34E-02 -6.42E+02  8.06E-03
       27   26  1.159E+03 -9.86E-03 -1.28E+03  4.87E-03
       28   27  9.932E+02 -8.00E-03 -2.16E+03  3.36E-03
       40   39  3.661E+02 -7.47E-02 -1.42E+03  1.38E-02
       42   41  7.003E+03 -1.85E-05 -1.60E+02  6.43E-03
       44   43  2.334E+03 -2.65E-05 -9.90E+02  3.11E-03
       60   59  3.687E+02 -9.27E-03 -8.02E+01  2.39E-01
       62   61  7.052E+03 -2.92E-07 -1.46E+02  6.96E-03
       64   63  2.350E+03 -3.80E-07 -9.94E+02  3.08E-03
       80   79  3.713E+02 -1.57E-04 -6.71E+01  2.81E-01
------------------------------------------------------------------------------


  Molecular column = 2.94E+17 cm-2/kms      Total emission = 1.63E-16 erg/s/mol

  The top emitting lines are:

        i    j  wavelength    tau    beta       Tex      emission   %
                  micron                         K       erg/s/mol
       40   19  7.967E+00  9.17E+00  1.11E-01  2.49E+02  5.39E-18   3
       39   18  7.975E+00  8.99E+00  1.12E-01  2.47E+02  5.05E-18   3
       38   17  7.983E+00  8.77E+00  1.15E-01  2.46E+02  4.99E-18   3
       37   16  7.991E+00  8.52E+00  1.18E-01  2.46E+02  4.93E-18   3
       36   15  7.999E+00  8.22E+00  1.21E-01  2.46E+02  4.92E-18   3
       35   14  8.008E+00  7.89E+00  1.25E-01  2.46E+02  4.86E-18   3
       34   13  8.016E+00  7.51E+00  1.30E-01  2.46E+02  4.82E-18   3
       33   12  8.024E+00  7.10E+00  1.37E-01  2.45E+02  4.73E-18   3
       32   11  8.033E+00  6.66E+00  1.44E-01  2.45E+02  4.64E-18   3
       39   20  8.331E+00  1.01E+01  1.02E-01  2.38E+02  4.62E-18   3
       38   19  8.319E+00  9.90E+00  1.04E-01  2.38E+02  4.58E-18   3
       36   17  8.297E+00  9.27E+00  1.10E-01  2.39E+02  4.58E-18   3
       37   18  8.308E+00  9.60E+00  1.06E-01  2.39E+02  4.56E-18   3
       35   16  8.286E+00  8.90E+00  1.13E-01  2.39E+02  4.55E-18   3
       34   15  8.275E+00  8.49E+00  1.18E-01  2.40E+02  4.54E-18   3
       31   10  8.042E+00  6.18E+00  1.53E-01  2.44E+02  4.51E-18   3
       33   14  8.265E+00  8.05E+00  1.23E-01  2.40E+02  4.48E-18   3
       32   13  8.254E+00  7.57E+00  1.30E-01  2.40E+02  4.44E-18   3
       30    9  8.050E+00  5.67E+00  1.64E-01  2.44E+02  4.38E-18   3
       31   12  8.243E+00  7.06E+00  1.37E-01  2.40E+02  4.34E-18   3
       30   11  8.233E+00  6.52E+00  1.46E-01  2.40E+02  4.25E-18   3
       29    8  8.059E+00  5.13E+00  1.78E-01  2.43E+02  4.20E-18   3
       29   10  8.222E+00  5.95E+00  1.58E-01  2.39E+02  4.11E-18   3
       28    7  8.068E+00  4.55E+00  1.95E-01  2.42E+02  4.00E-18   2
       28    9  8.212E+00  5.35E+00  1.72E-01  2.39E+02  3.96E-18   2
       27    8  8.202E+00  4.73E+00  1.89E-01  2.38E+02  3.77E-18   2
       27    6  8.077E+00  3.96E+00  2.18E-01  2.41E+02  3.77E-18   2
       26    7  8.192E+00  4.09E+00  2.12E-01  2.37E+02  3.55E-18   2
       26    5  8.086E+00  3.34E+00  2.47E-01  2.40E+02  3.49E-18   2
       25    6  8.182E+00  3.43E+00  2.43E-01  2.36E+02  3.30E-18   2
       25    4  8.095E+00  2.70E+00  2.85E-01  2.38E+02  3.13E-18   2
       24    5  8.172E+00  2.76E+00  2.81E-01  2.35E+02  2.96E-18   2
       24    3  8.105E+00  2.04E+00  3.40E-01  2.37E+02  2.71E-18   2
       23    4  8.162E+00  2.07E+00  3.37E-01  2.34E+02  2.54E-18   2
       23    2  8.114E+00  1.37E+00  4.27E-01  2.35E+02  2.16E-18   1
       22    3  8.152E+00  1.39E+00  4.24E-01  2.32E+02  2.02E-18   1
       22    1  8.123E+00  6.89E-01  5.80E-01  2.33E+02  1.39E-18   1
       21    2  8.142E+00  6.93E-01  5.79E-01  2.31E+02  1.32E-18   1

  Inverted lines:

        i    j  wavelength    tau     Tex        eta
                  micron               K

       22   21  6.954E+03 -1.23E-02 -4.90E+01  2.11E-02
       23   22  3.476E+03 -3.48E-02 -7.26E+01  2.85E-02
       24   23  2.317E+03 -4.34E-02 -1.38E+02  2.25E-02
       25   24  1.738E+03 -4.65E-02 -2.38E+02  1.74E-02
       26   25  1.391E+03 -4.68E-02 -3.81E+02  1.36E-02
       27   26  1.159E+03 -4.19E-02 -6.28E+02  9.89E-03
       28   27  9.932E+02 -3.71E-02 -9.83E+02  7.37E-03
       29   28  8.691E+02 -1.73E-02 -2.78E+03  2.98E-03
       30   29  7.726E+02 -9.65E-03 -6.34E+03  1.47E-03
       40   39  3.661E+02 -1.51E-01 -1.53E+03  1.28E-02
       42   41  7.003E+03 -3.55E-05 -1.49E+02  6.88E-03
       44   43  2.334E+03 -5.94E-05 -7.95E+02  3.88E-03
       60   59  3.687E+02 -1.67E-02 -8.13E+01  2.35E-01
       62   61  7.052E+03 -5.27E-07 -1.45E+02  7.03E-03
       64   63  2.350E+03 -7.04E-07 -9.59E+02  3.19E-03
       80   79  3.713E+02 -2.80E-04 -6.73E+01  2.80E-01
------------------------------------------------------------------------------


  Molecular column = 5.22E+17 cm-2/kms      Total emission = 1.33E-16 erg/s/mol

  The top emitting lines are:

        i    j  wavelength    tau    beta       Tex      emission   %
                  micron                         K       erg/s/mol
       40   19  7.967E+00  1.63E+01  6.78E-02  2.58E+02  4.24E-18   3
       39   18  7.975E+00  1.60E+01  6.90E-02  2.56E+02  4.04E-18   3
       38   17  7.983E+00  1.56E+01  7.05E-02  2.56E+02  3.98E-18   3
       37   16  7.991E+00  1.51E+01  7.23E-02  2.55E+02  3.93E-18   3
       36   15  7.999E+00  1.46E+01  7.45E-02  2.55E+02  3.92E-18   3
       35   14  8.008E+00  1.40E+01  7.72E-02  2.55E+02  3.87E-18   3
       34   13  8.016E+00  1.34E+01  8.05E-02  2.55E+02  3.84E-18   3
       33   12  8.024E+00  1.26E+01  8.44E-02  2.54E+02  3.77E-18   3
       32   11  8.033E+00  1.18E+01  8.92E-02  2.54E+02  3.70E-18   3
       39   20  8.331E+00  1.80E+01  6.22E-02  2.47E+02  3.68E-18   3
       38   19  8.319E+00  1.76E+01  6.35E-02  2.47E+02  3.64E-18   3
       36   17  8.297E+00  1.65E+01  6.72E-02  2.48E+02  3.64E-18   3
       37   18  8.308E+00  1.71E+01  6.52E-02  2.48E+02  3.63E-18   3
       35   16  8.286E+00  1.58E+01  6.96E-02  2.48E+02  3.61E-18   3
       34   15  8.275E+00  1.51E+01  7.25E-02  2.48E+02  3.61E-18   3
       31   10  8.042E+00  1.10E+01  9.50E-02  2.53E+02  3.60E-18   3
       33   14  8.265E+00  1.43E+01  7.59E-02  2.48E+02  3.56E-18   3
       32   13  8.254E+00  1.35E+01  8.00E-02  2.48E+02  3.52E-18   3
       30    9  8.050E+00  1.01E+01  1.02E-01  2.52E+02  3.50E-18   3
       31   12  8.243E+00  1.25E+01  8.49E-02  2.48E+02  3.45E-18   3
       30   11  8.233E+00  1.16E+01  9.08E-02  2.48E+02  3.38E-18   3
       29    8  8.059E+00  9.11E+00  1.11E-01  2.51E+02  3.36E-18   3
       29   10  8.222E+00  1.06E+01  9.81E-02  2.48E+02  3.27E-18   2
       28    7  8.068E+00  8.10E+00  1.23E-01  2.50E+02  3.21E-18   2
       28    9  8.212E+00  9.51E+00  1.07E-01  2.47E+02  3.16E-18   2
       27    6  8.077E+00  7.04E+00  1.38E-01  2.49E+02  3.03E-18   2
       27    8  8.202E+00  8.40E+00  1.19E-01  2.46E+02  3.01E-18   2
       26    7  8.192E+00  7.26E+00  1.34E-01  2.45E+02  2.84E-18   2
       26    5  8.086E+00  5.94E+00  1.58E-01  2.48E+02  2.83E-18   2
       25    6  8.182E+00  6.10E+00  1.55E-01  2.44E+02  2.63E-18   2
       25    4  8.095E+00  4.80E+00  1.87E-01  2.46E+02  2.58E-18   2
       24    5  8.172E+00  4.90E+00  1.84E-01  2.42E+02  2.39E-18   2
       24    3  8.105E+00  3.63E+00  2.32E-01  2.44E+02  2.28E-18   2
       23    4  8.162E+00  3.69E+00  2.30E-01  2.40E+02  2.10E-18   2
       23    2  8.114E+00  2.44E+00  3.04E-01  2.41E+02  1.86E-18   1
       22    3  8.152E+00  2.46E+00  3.02E-01  2.37E+02  1.69E-18   1
       22    1  8.123E+00  1.23E+00  4.52E-01  2.38E+02  1.27E-18   1
       21    2  8.142E+00  1.23E+00  4.51E-01  2.35E+02  1.18E-18   1
       60   39  8.045E+00  2.90E-02  9.51E-01  3.49E+02  6.70E-19   1

  Inverted lines:

        i    j  wavelength    tau     Tex        eta
                  micron               K

       22   21  6.954E+03 -4.01E-02 -3.09E+01  3.35E-02
       23   22  3.476E+03 -1.13E-01 -4.73E+01  4.37E-02
       24   23  2.317E+03 -1.37E-01 -9.50E+01  3.27E-02
       25   24  1.738E+03 -1.51E-01 -1.62E+02  2.55E-02
       26   25  1.391E+03 -1.41E-01 -2.83E+02  1.83E-02
       27   26  1.159E+03 -1.22E-01 -4.88E+02  1.27E-02
       28   27  9.932E+02 -1.05E-01 -7.89E+02  9.18E-03
       29   28  8.691E+02 -5.82E-02 -1.88E+03  4.40E-03
       30   29  7.726E+02 -3.71E-02 -3.76E+03  2.48E-03
       40   39  3.661E+02 -1.39E-01 -3.82E+03  5.14E-03
       42   41  7.003E+03 -7.22E-05 -1.33E+02  7.72E-03
       44   43  2.334E+03 -1.48E-04 -5.78E+02  5.33E-03
       60   59  3.687E+02 -3.04E-02 -8.30E+01  2.31E-01
       62   61  7.052E+03 -9.58E-07 -1.43E+02  7.12E-03
       64   63  2.350E+03 -1.33E-06 -9.10E+02  3.36E-03
       80   79  3.713E+02 -5.02E-04 -6.76E+01  2.79E-01
------------------------------------------------------------------------------


  Molecular column = 9.28E+17 cm-2/kms      Total emission = 1.14E-16 erg/s/mol

  The top emitting lines are:

        i    j  wavelength    tau    beta       Tex      emission   %
                  micron                         K       erg/s/mol
       40   19  7.967E+00  2.90E+01  4.11E-02  2.70E+02  3.48E-18   3
       39   18  7.975E+00  2.84E+01  4.18E-02  2.68E+02  3.37E-18   3
       38   17  7.983E+00  2.77E+01  4.27E-02  2.68E+02  3.31E-18   3
       37   16  7.991E+00  2.69E+01  4.39E-02  2.67E+02  3.28E-18   3
       36   15  7.999E+00  2.60E+01  4.53E-02  2.67E+02  3.26E-18   3
       35   14  8.008E+00  2.49E+01  4.69E-02  2.67E+02  3.22E-18   3
       34   13  8.016E+00  2.37E+01  4.90E-02  2.66E+02  3.19E-18   3
       33   12  8.024E+00  2.24E+01  5.14E-02  2.66E+02  3.14E-18   3
       32   11  8.033E+00  2.10E+01  5.44E-02  2.65E+02  3.08E-18   3
       39   20  8.331E+00  3.20E+01  3.76E-02  2.59E+02  3.06E-18   3
       38   19  8.319E+00  3.13E+01  3.84E-02  2.59E+02  3.03E-18   3
       36   17  8.297E+00  2.93E+01  4.07E-02  2.60E+02  3.02E-18   3
       37   18  8.308E+00  3.03E+01  3.95E-02  2.59E+02  3.01E-18   3
       31   10  8.042E+00  1.95E+01  5.81E-02  2.65E+02  3.01E-18   3
       35   16  8.286E+00  2.81E+01  4.22E-02  2.60E+02  3.00E-18   3
       34   15  8.275E+00  2.68E+01  4.40E-02  2.60E+02  2.99E-18   3
       33   14  8.265E+00  2.54E+01  4.61E-02  2.60E+02  2.96E-18   3
       32   13  8.254E+00  2.39E+01  4.86E-02  2.60E+02  2.93E-18   3
       30    9  8.050E+00  1.79E+01  6.26E-02  2.64E+02  2.92E-18   3
       31   12  8.243E+00  2.23E+01  5.17E-02  2.60E+02  2.87E-18   3
       29    8  8.059E+00  1.62E+01  6.82E-02  2.63E+02  2.82E-18   2
       30   11  8.233E+00  2.06E+01  5.54E-02  2.59E+02  2.82E-18   2
       29   10  8.222E+00  1.88E+01  6.00E-02  2.59E+02  2.74E-18   2
       28    7  8.068E+00  1.44E+01  7.55E-02  2.62E+02  2.70E-18   2
       28    9  8.212E+00  1.69E+01  6.58E-02  2.58E+02  2.64E-18   2
       27    6  8.077E+00  1.25E+01  8.51E-02  2.61E+02  2.56E-18   2
       27    8  8.202E+00  1.49E+01  7.32E-02  2.57E+02  2.53E-18   2
       26    5  8.086E+00  1.05E+01  9.83E-02  2.59E+02  2.40E-18   2
       26    7  8.192E+00  1.29E+01  8.28E-02  2.56E+02  2.39E-18   2
       25    6  8.182E+00  1.08E+01  9.61E-02  2.55E+02  2.23E-18   2
       25    4  8.095E+00  8.53E+00  1.17E-01  2.57E+02  2.20E-18   2
       24    5  8.172E+00  8.71E+00  1.15E-01  2.53E+02  2.03E-18   2
       24    3  8.105E+00  6.45E+00  1.48E-01  2.54E+02  1.96E-18   2
       23    4  8.162E+00  6.56E+00  1.46E-01  2.50E+02  1.78E-18   2
       23    2  8.114E+00  4.33E+00  2.03E-01  2.51E+02  1.66E-18   1
       22    3  8.152E+00  4.38E+00  2.01E-01  2.46E+02  1.45E-18   1
       22    1  8.123E+00  2.18E+00  3.27E-01  2.47E+02  1.18E-18   1
       21    2  8.142E+00  2.19E+00  3.26E-01  2.43E+02  1.07E-18   1
       60   39  8.045E+00  7.09E-02  9.04E-01  3.33E+02  6.86E-19   1

  Inverted lines:

        i    j  wavelength    tau     Tex        eta
                  micron               K

       22   21  6.954E+03 -1.30E-01 -2.17E+01  4.77E-02
       23   22  3.476E+03 -3.60E-01 -3.47E+01  5.95E-02
       24   23  2.317E+03 -3.95E-01 -7.88E+01  3.94E-02
       25   24  1.738E+03 -4.02E-01 -1.47E+02  2.82E-02
       26   25  1.391E+03 -3.60E-01 -2.69E+02  1.92E-02
       27   26  1.159E+03 -3.09E-01 -4.66E+02  1.33E-02
       28   27  9.932E+02 -2.53E-01 -7.92E+02  9.14E-03
       29   28  8.691E+02 -1.45E-01 -1.83E+03  4.52E-03
       30   29  7.726E+02 -8.08E-02 -4.19E+03  2.22E-03
       42   41  7.003E+03 -1.61E-04 -1.10E+02  9.37E-03
       44   43  2.334E+03 -4.06E-04 -3.92E+02  7.87E-03
       46   45  1.400E+03 -8.55E-05 -5.11E+03  1.01E-03
       60   59  3.687E+02 -5.70E-02 -8.55E+01  2.24E-01
       62   61  7.052E+03 -1.77E-06 -1.40E+02  7.27E-03
       64   63  2.350E+03 -2.66E-06 -8.26E+02  3.71E-03
       80   79  3.713E+02 -9.04E-04 -6.81E+01  2.77E-01
------------------------------------------------------------------------------


  Molecular column = 1.65E+18 cm-2/kms      Total emission = 1.02E-16 erg/s/mol

  The top emitting lines are:

        i    j  wavelength    tau    beta       Tex      emission   %
                  micron                         K       erg/s/mol
       40   19  7.967E+00  5.15E+01  2.47E-02  2.85E+02  2.99E-18   3
       39   18  7.975E+00  5.05E+01  2.51E-02  2.84E+02  2.91E-18   3
       38   17  7.983E+00  4.92E+01  2.57E-02  2.83E+02  2.86E-18   3
       37   16  7.991E+00  4.78E+01  2.64E-02  2.83E+02  2.83E-18   3
       36   15  7.999E+00  4.61E+01  2.72E-02  2.82E+02  2.82E-18   3
       35   14  8.008E+00  4.43E+01  2.82E-02  2.82E+02  2.79E-18   3
       34   13  8.016E+00  4.22E+01  2.95E-02  2.82E+02  2.76E-18   3
       33   12  8.024E+00  3.99E+01  3.10E-02  2.81E+02  2.72E-18   3
       32   11  8.033E+00  3.74E+01  3.28E-02  2.81E+02  2.67E-18   3
       39   20  8.331E+00  5.69E+01  2.25E-02  2.74E+02  2.64E-18   3
       31   10  8.042E+00  3.47E+01  3.51E-02  2.80E+02  2.61E-18   3
       38   19  8.319E+00  5.55E+01  2.31E-02  2.74E+02  2.61E-18   3
       36   17  8.297E+00  5.20E+01  2.44E-02  2.75E+02  2.60E-18   3
       37   18  8.308E+00  5.39E+01  2.37E-02  2.74E+02  2.60E-18   3
       35   16  8.286E+00  4.99E+01  2.53E-02  2.75E+02  2.59E-18   3
       34   15  8.275E+00  4.77E+01  2.64E-02  2.75E+02  2.58E-18   3
       33   14  8.265E+00  4.52E+01  2.77E-02  2.75E+02  2.56E-18   3
       30    9  8.050E+00  3.18E+01  3.79E-02  2.79E+02  2.55E-18   3
       32   13  8.254E+00  4.25E+01  2.93E-02  2.75E+02  2.53E-18   2
       31   12  8.243E+00  3.96E+01  3.12E-02  2.75E+02  2.49E-18   2
       29    8  8.059E+00  2.88E+01  4.14E-02  2.78E+02  2.47E-18   2
       30   11  8.233E+00  3.66E+01  3.35E-02  2.74E+02  2.45E-18   2
       29   10  8.222E+00  3.34E+01  3.63E-02  2.74E+02  2.39E-18   2
       28    7  8.068E+00  2.56E+01  4.59E-02  2.77E+02  2.38E-18   2
       28    9  8.212E+00  3.00E+01  3.99E-02  2.73E+02  2.32E-18   2
       27    6  8.077E+00  2.22E+01  5.19E-02  2.76E+02  2.27E-18   2
       27    8  8.202E+00  2.65E+01  4.44E-02  2.72E+02  2.23E-18   2
       26    5  8.086E+00  1.87E+01  6.01E-02  2.74E+02  2.14E-18   2
       26    7  8.192E+00  2.29E+01  5.05E-02  2.71E+02  2.13E-18   2
       25    6  8.182E+00  1.92E+01  5.88E-02  2.70E+02  2.00E-18   2
       25    4  8.095E+00  1.52E+01  7.23E-02  2.72E+02  1.98E-18   2
       24    5  8.172E+00  1.55E+01  7.09E-02  2.67E+02  1.83E-18   2
       24    3  8.105E+00  1.15E+01  9.16E-02  2.69E+02  1.79E-18   2
       23    4  8.162E+00  1.16E+01  9.04E-02  2.64E+02  1.62E-18   2
       23    2  8.114E+00  7.70E+00  1.28E-01  2.66E+02  1.54E-18   2
       22    3  8.152E+00  7.78E+00  1.27E-01  2.59E+02  1.33E-18   1
       22    1  8.123E+00  3.87E+00  2.21E-01  2.60E+02  1.16E-18   1
       21    2  8.142E+00  3.89E+00  2.20E-01  2.55E+02  1.03E-18   1
       60   39  8.045E+00  1.81E-01  8.12E-01  3.20E+02  7.07E-19   1

  Inverted lines:

        i    j  wavelength    tau     Tex        eta
                  micron               K

       22   21  6.954E+03 -4.04E-01 -1.78E+01  5.81E-02
       23   22  3.476E+03 -1.04E+00 -3.13E+01  6.61E-02
       24   23  2.317E+03 -1.00E+00 -8.10E+01  3.83E-02
       25   24  1.738E+03 -9.91E-01 -1.56E+02  2.66E-02
       26   25  1.391E+03 -8.32E-01 -3.03E+02  1.71E-02
       27   26  1.159E+03 -7.00E-01 -5.33E+02  1.17E-02
       28   27  9.932E+02 -5.21E-01 -9.94E+02  7.29E-03
       29   28  8.691E+02 -2.76E-01 -2.47E+03  3.35E-03
       30   29  7.726E+02 -7.29E-02 -1.19E+04  7.82E-04
       42   41  7.003E+03 -4.00E-04 -8.32E+01  1.23E-02
       44   43  2.334E+03 -1.22E-03 -2.50E+02  1.23E-02
       46   45  1.400E+03 -7.62E-04 -1.12E+03  4.60E-03
       60   59  3.687E+02 -1.12E-01 -8.92E+01  2.15E-01
       62   61  7.052E+03 -3.36E-06 -1.35E+02  7.58E-03
       64   63  2.350E+03 -5.27E-06 -7.62E+02  4.02E-03
       80   79  3.713E+02 -1.64E-03 -6.91E+01  2.73E-01
------------------------------------------------------------------------------


  Molecular column = 2.94E+18 cm-2/kms      Total emission = 9.44E-17 erg/s/mol

  The top emitting lines are:

        i    j  wavelength    tau    beta       Tex      emission   %
                  micron                         K       erg/s/mol
       40   19  7.967E+00  9.14E+01  1.47E-02  3.04E+02  2.65E-18   3
       39   18  7.975E+00  8.96E+01  1.50E-02  3.03E+02  2.58E-18   3
       38   17  7.983E+00  8.74E+01  1.53E-02  3.02E+02  2.56E-18   3
       37   16  7.991E+00  8.48E+01  1.57E-02  3.02E+02  2.53E-18   3
       36   15  7.999E+00  8.19E+01  1.62E-02  3.01E+02  2.52E-18   3
       35   14  8.008E+00  7.86E+01  1.69E-02  3.01E+02  2.49E-18   3
       34   13  8.016E+00  7.48E+01  1.76E-02  3.01E+02  2.47E-18   3
       33   12  8.024E+00  7.08E+01  1.85E-02  3.00E+02  2.43E-18   3
       32   11  8.033E+00  6.63E+01  1.96E-02  3.00E+02  2.40E-18   3
       31   10  8.042E+00  6.16E+01  2.10E-02  2.99E+02  2.35E-18   2
       39   20  8.331E+00  1.01E+02  1.34E-02  2.93E+02  2.34E-18   2
       38   19  8.319E+00  9.86E+01  1.37E-02  2.93E+02  2.33E-18   2
       36   17  8.297E+00  9.24E+01  1.46E-02  2.93E+02  2.32E-18   2
       37   18  8.308E+00  9.56E+01  1.41E-02  2.93E+02  2.32E-18   2
       35   16  8.286E+00  8.87E+01  1.51E-02  2.93E+02  2.31E-18   2
       34   15  8.275E+00  8.46E+01  1.58E-02  2.94E+02  2.30E-18   2
       30    9  8.050E+00  5.65E+01  2.27E-02  2.98E+02  2.30E-18   2
       33   14  8.265E+00  8.02E+01  1.66E-02  2.94E+02  2.29E-18   2
       32   13  8.254E+00  7.54E+01  1.75E-02  2.94E+02  2.27E-18   2
       29    8  8.059E+00  5.11E+01  2.48E-02  2.97E+02  2.24E-18   2
       31   12  8.243E+00  7.03E+01  1.86E-02  2.93E+02  2.24E-18   2
       30   11  8.233E+00  6.49E+01  2.00E-02  2.93E+02  2.21E-18   2
       28    7  8.068E+00  4.54E+01  2.76E-02  2.96E+02  2.17E-18   2
       29   10  8.222E+00  5.92E+01  2.18E-02  2.93E+02  2.16E-18   2
       28    9  8.212E+00  5.33E+01  2.39E-02  2.92E+02  2.11E-18   2
       27    6  8.077E+00  3.94E+01  3.13E-02  2.95E+02  2.09E-18   2
       27    8  8.202E+00  4.71E+01  2.67E-02  2.92E+02  2.05E-18   2
       26    5  8.086E+00  3.33E+01  3.64E-02  2.93E+02  1.99E-18   2
       26    7  8.192E+00  4.07E+01  3.04E-02  2.91E+02  1.97E-18   2
       25    6  8.182E+00  3.42E+01  3.55E-02  2.89E+02  1.87E-18   2
       25    4  8.095E+00  2.69E+01  4.39E-02  2.91E+02  1.87E-18   2
       24    5  8.172E+00  2.75E+01  4.31E-02  2.87E+02  1.74E-18   2
       24    3  8.105E+00  2.04E+01  5.60E-02  2.89E+02  1.71E-18   2
       23    4  8.162E+00  2.07E+01  5.52E-02  2.84E+02  1.57E-18   2
       23    2  8.114E+00  1.37E+01  7.89E-02  2.85E+02  1.50E-18   2
       22    3  8.152E+00  1.38E+01  7.82E-02  2.79E+02  1.32E-18   1
       22    1  8.123E+00  6.87E+00  1.40E-01  2.80E+02  1.18E-18   1
       21    2  8.142E+00  6.91E+00  1.40E-01  2.74E+02  1.05E-18   1
       60   39  8.045E+00  4.81E-01  6.54E-01  3.11E+02  7.29E-19   1

  Inverted lines:

        i    j  wavelength    tau     Tex        eta
                  micron               K

       22   21  6.954E+03 -1.12E+00 -1.84E+01  5.63E-02
       23   22  3.476E+03 -2.66E+00 -3.46E+01  5.97E-02
       24   23  2.317E+03 -2.36E+00 -9.66E+01  3.21E-02
       25   24  1.738E+03 -2.22E+00 -1.92E+02  2.15E-02
       26   25  1.391E+03 -1.73E+00 -4.00E+02  1.29E-02
       27   26  1.159E+03 -1.36E+00 -7.47E+02  8.31E-03
       28   27  9.932E+02 -8.52E-01 -1.64E+03  4.41E-03
       29   28  8.691E+02 -2.56E-01 -7.18E+03  1.15E-03
       42   41  7.003E+03 -1.14E-03 -5.81E+01  1.77E-02
       43   42  3.500E+03 -7.28E-04 -3.71E+02  5.54E-03
       44   43  2.334E+03 -4.03E-03 -1.55E+02  1.99E-02
       45   44  1.750E+03 -4.63E-04 -2.45E+03  1.68E-03
       46   45  1.400E+03 -3.73E-03 -4.81E+02  1.07E-02
       48   47  1.000E+03 -1.18E-03 -3.01E+03  2.39E-03
       60   59  3.687E+02 -2.45E-01 -9.42E+01  2.04E-01
       62   61  7.052E+03 -6.43E-06 -1.31E+02  7.79E-03
       64   63  2.350E+03 -1.10E-05 -6.78E+02  4.52E-03
       80   79  3.713E+02 -3.01E-03 -7.08E+01  2.67E-01
------------------------------------------------------------------------------


  Molecular column = 5.22E+18 cm-2/kms      Total emission = 8.99E-17 erg/s/mol

  The top emitting lines are:

        i    j  wavelength    tau    beta       Tex      emission   %
                  micron                         K       erg/s/mol
       40   19  7.967E+00  1.62E+02  8.73E-03  3.28E+02  2.41E-18   3
       39   18  7.975E+00  1.59E+02  8.89E-03  3.26E+02  2.35E-18   3
       38   17  7.983E+00  1.55E+02  9.09E-03  3.26E+02  2.34E-18   3
       37   16  7.991E+00  1.50E+02  9.34E-03  3.25E+02  2.32E-18   3
       36   15  7.999E+00  1.45E+02  9.65E-03  3.25E+02  2.30E-18   3
       35   14  8.008E+00  1.39E+02  1.00E-02  3.25E+02  2.28E-18   3
       34   13  8.016E+00  1.33E+02  1.05E-02  3.24E+02  2.26E-18   3
       33   12  8.024E+00  1.25E+02  1.10E-02  3.24E+02  2.23E-18   2
       32   11  8.033E+00  1.18E+02  1.17E-02  3.23E+02  2.21E-18   2
       31   10  8.042E+00  1.09E+02  1.25E-02  3.23E+02  2.17E-18   2
       30    9  8.050E+00  1.00E+02  1.35E-02  3.22E+02  2.13E-18   2
       39   20  8.331E+00  1.79E+02  7.96E-03  3.16E+02  2.13E-18   2
       38   19  8.319E+00  1.75E+02  8.14E-03  3.16E+02  2.13E-18   2
       36   17  8.297E+00  1.64E+02  8.64E-03  3.17E+02  2.12E-18   2
       37   18  8.308E+00  1.70E+02  8.37E-03  3.16E+02  2.12E-18   2
       35   16  8.286E+00  1.57E+02  8.97E-03  3.17E+02  2.11E-18   2
       34   15  8.275E+00  1.50E+02  9.36E-03  3.17E+02  2.11E-18   2
       33   14  8.265E+00  1.42E+02  9.84E-03  3.17E+02  2.10E-18   2
       29    8  8.059E+00  9.06E+01  1.48E-02  3.21E+02  2.09E-18   2
       32   13  8.254E+00  1.34E+02  1.04E-02  3.17E+02  2.09E-18   2
       31   12  8.243E+00  1.25E+02  1.11E-02  3.17E+02  2.06E-18   2
       30   11  8.233E+00  1.15E+02  1.19E-02  3.17E+02  2.04E-18   2
       28    7  8.068E+00  8.05E+01  1.65E-02  3.20E+02  2.03E-18   2
       29   10  8.222E+00  1.05E+02  1.30E-02  3.16E+02  2.01E-18   2
       28    9  8.212E+00  9.45E+01  1.43E-02  3.16E+02  1.97E-18   2
       27    6  8.077E+00  7.00E+01  1.87E-02  3.19E+02  1.97E-18   2
       27    8  8.202E+00  8.35E+01  1.60E-02  3.15E+02  1.93E-18   2
       26    5  8.086E+00  5.90E+01  2.18E-02  3.18E+02  1.89E-18   2
       26    7  8.192E+00  7.22E+01  1.82E-02  3.15E+02  1.87E-18   2
       25    4  8.095E+00  4.77E+01  2.64E-02  3.16E+02  1.80E-18   2
       25    6  8.182E+00  6.06E+01  2.13E-02  3.13E+02  1.80E-18   2
       24    5  8.172E+00  4.87E+01  2.59E-02  3.12E+02  1.70E-18   2
       24    3  8.105E+00  3.61E+01  3.38E-02  3.14E+02  1.68E-18   2
       23    4  8.162E+00  3.67E+01  3.34E-02  3.09E+02  1.57E-18   2
       23    2  8.114E+00  2.42E+01  4.81E-02  3.11E+02  1.51E-18   2
       22    3  8.152E+00  2.45E+01  4.76E-02  3.04E+02  1.36E-18   2
       22    1  8.123E+00  1.22E+01  8.69E-02  3.05E+02  1.25E-18   1
       21    2  8.142E+00  1.23E+01  8.66E-02  3.00E+02  1.13E-18   1
       60   39  8.045E+00  1.31E+00  4.36E-01  3.11E+02  7.39E-19   1
       58   37  8.061E+00  1.25E+00  4.48E-01  2.91E+02  4.87E-19   1
       59   38  8.053E+00  1.29E+00  4.41E-01  2.90E+02  4.82E-19   1
       57   36  8.069E+00  1.21E+00  4.54E-01  2.91E+02  4.82E-19   1
       56   35  8.077E+00  1.17E+00  4.63E-01  2.92E+02  4.81E-19   1
       55   34  8.086E+00  1.12E+00  4.73E-01  2.92E+02  4.74E-19   1
       56   37  8.379E+00  1.32E+00  4.35E-01  2.84E+02  4.65E-19   1
       54   33  8.094E+00  1.06E+00  4.85E-01  2.92E+02  4.63E-19   1
       58   39  8.402E+00  1.42E+00  4.19E-01  2.82E+02  4.63E-19   1
       57   38  8.390E+00  1.37E+00  4.26E-01  2.82E+02  4.62E-19   1
       55   36  8.368E+00  1.27E+00  4.44E-01  2.84E+02  4.61E-19   1
       54   35  8.357E+00  1.20E+00  4.56E-01  2.85E+02  4.54E-19   1
       59   40  8.413E+00  1.48E+00  4.09E-01  2.79E+02  4.51E-19   1
       53   32  8.103E+00  9.97E-01  4.99E-01  2.92E+02  4.50E-19   1

  Inverted lines:

        i    j  wavelength    tau     Tex        eta
                  micron               K

       22   21  6.954E+03 -2.91E+00 -2.15E+01  4.81E-02
       23   22  3.476E+03 -6.13E+00 -4.49E+01  4.61E-02
       24   23  2.317E+03 -5.03E+00 -1.32E+02  2.36E-02
       25   24  1.738E+03 -4.24E+00 -2.89E+02  1.43E-02
       26   25  1.391E+03 -3.10E+00 -6.31E+02  8.20E-03
       27   26  1.159E+03 -2.07E+00 -1.38E+03  4.51E-03
       28   27  9.932E+02 -8.20E-01 -4.77E+03  1.52E-03
       42   41  7.003E+03 -3.79E-03 -3.77E+01  2.72E-02
       43   42  3.500E+03 -5.88E-03 -1.02E+02  2.02E-02
       44   43  2.334E+03 -1.49E-02 -9.51E+01  3.24E-02
       45   44  1.750E+03 -8.77E-03 -3.01E+02  1.36E-02
       46   45  1.400E+03 -1.72E-02 -2.49E+02  2.07E-02
       47   46  1.167E+03 -8.86E-03 -7.15E+02  8.62E-03
       48   47  1.000E+03 -1.32E-02 -6.65E+02  1.08E-02
       49   48  8.753E+02 -6.73E-03 -1.73E+03  4.75E-03
       50   49  7.780E+02 -3.43E-03 -4.33E+03  2.13E-03
       60   59  3.687E+02 -6.23E-01 -1.02E+02  1.90E-01
       62   61  7.052E+03 -1.29E-05 -1.25E+02  8.16E-03
       64   63  2.350E+03 -2.47E-05 -5.80E+02  5.27E-03
       80   79  3.713E+02 -5.61E-03 -7.42E+01  2.55E-01
------------------------------------------------------------------------------


  Molecular column = 9.28E+18 cm-2/kms      Total emission = 8.69E-17 erg/s/mol

  The top emitting lines are:

        i    j  wavelength    tau    beta       Tex      emission   %
                  micron                         K       erg/s/mol
       40   19  7.967E+00  2.87E+02  5.16E-03  3.56E+02  2.22E-18   3
       39   18  7.975E+00  2.81E+02  5.26E-03  3.55E+02  2.18E-18   3
       38   17  7.983E+00  2.74E+02  5.38E-03  3.55E+02  2.17E-18   2
       37   16  7.991E+00  2.66E+02  5.53E-03  3.54E+02  2.15E-18   2
       36   15  7.999E+00  2.57E+02  5.71E-03  3.54E+02  2.14E-18   2
       35   14  8.008E+00  2.47E+02  5.93E-03  3.54E+02  2.12E-18   2
       34   13  8.016E+00  2.35E+02  6.20E-03  3.53E+02  2.11E-18   2
       33   12  8.024E+00  2.22E+02  6.53E-03  3.53E+02  2.09E-18   2
       32   11  8.033E+00  2.08E+02  6.93E-03  3.52E+02  2.06E-18   2
       31   10  8.042E+00  1.93E+02  7.43E-03  3.52E+02  2.04E-18   2
       30    9  8.050E+00  1.77E+02  8.04E-03  3.51E+02  2.01E-18   2
       38   19  8.319E+00  3.09E+02  4.81E-03  3.45E+02  1.97E-18   2
       36   17  8.297E+00  2.90E+02  5.11E-03  3.45E+02  1.97E-18   2
       39   20  8.331E+00  3.17E+02  4.70E-03  3.44E+02  1.97E-18   2
       37   18  8.308E+00  3.00E+02  4.95E-03  3.45E+02  1.97E-18   2
       29    8  8.059E+00  1.60E+02  8.81E-03  3.50E+02  1.97E-18   2
       35   16  8.286E+00  2.78E+02  5.31E-03  3.45E+02  1.97E-18   2
       34   15  8.275E+00  2.66E+02  5.54E-03  3.46E+02  1.97E-18   2
       33   14  8.265E+00  2.52E+02  5.82E-03  3.46E+02  1.96E-18   2
       32   13  8.254E+00  2.37E+02  6.16E-03  3.46E+02  1.95E-18   2
       31   12  8.243E+00  2.21E+02  6.57E-03  3.46E+02  1.93E-18   2
       28    7  8.068E+00  1.42E+02  9.82E-03  3.50E+02  1.93E-18   2
       30   11  8.233E+00  2.04E+02  7.07E-03  3.46E+02  1.92E-18   2
       29   10  8.222E+00  1.86E+02  7.69E-03  3.45E+02  1.90E-18   2
       27    6  8.077E+00  1.24E+02  1.12E-02  3.48E+02  1.87E-18   2
       28    9  8.212E+00  1.67E+02  8.48E-03  3.45E+02  1.87E-18   2
       27    8  8.202E+00  1.48E+02  9.49E-03  3.45E+02  1.83E-18   2
       26    5  8.086E+00  1.04E+02  1.30E-02  3.47E+02  1.81E-18   2
       26    7  8.192E+00  1.28E+02  1.08E-02  3.44E+02  1.79E-18   2
       25    4  8.095E+00  8.45E+01  1.58E-02  3.46E+02  1.74E-18   2
       25    6  8.182E+00  1.07E+02  1.27E-02  3.43E+02  1.74E-18   2
       24    5  8.172E+00  8.63E+01  1.55E-02  3.42E+02  1.67E-18   2
       24    3  8.105E+00  6.39E+01  2.03E-02  3.44E+02  1.66E-18   2
       23    4  8.162E+00  6.49E+01  2.00E-02  3.40E+02  1.58E-18   2
       23    2  8.114E+00  4.29E+01  2.90E-02  3.42E+02  1.54E-18   2
       22    3  8.152E+00  4.34E+01  2.87E-02  3.38E+02  1.45E-18   2
       22    1  8.123E+00  2.16E+01  5.32E-02  3.38E+02  1.35E-18   2
       21    2  8.142E+00  2.17E+01  5.29E-02  3.32E+02  1.22E-18   1
       60   39  8.045E+00  3.65E+00  2.31E-01  3.20E+02  7.16E-19   1
       59   38  8.053E+00  3.59E+00  2.35E-01  3.01E+02  5.05E-19   1
       58   37  8.061E+00  3.49E+00  2.40E-01  3.01E+02  5.04E-19   1
       56   35  8.077E+00  3.26E+00  2.51E-01  3.01E+02  4.97E-19   1
       57   36  8.069E+00  3.39E+00  2.45E-01  3.01E+02  4.97E-19   1
       55   34  8.086E+00  3.12E+00  2.59E-01  3.01E+02  4.89E-19   1
       54   33  8.094E+00  2.96E+00  2.68E-01  3.01E+02  4.79E-19   1
       56   37  8.379E+00  3.69E+00  2.30E-01  2.93E+02  4.67E-19   1
       53   32  8.103E+00  2.80E+00  2.78E-01  3.00E+02  4.66E-19   1
       58   39  8.402E+00  3.95E+00  2.18E-01  2.92E+02  4.66E-19   1
       55   36  8.368E+00  3.54E+00  2.37E-01  2.93E+02  4.63E-19   1
       57   38  8.390E+00  3.83E+00  2.23E-01  2.92E+02  4.62E-19   1
       59   40  8.413E+00  4.11E+00  2.11E-01  2.90E+02  4.59E-19   1
       54   35  8.357E+00  3.37E+00  2.46E-01  2.93E+02  4.59E-19   1
       52   31  8.112E+00  2.61E+00  2.91E-01  2.99E+02  4.49E-19   1
       53   34  8.346E+00  3.19E+00  2.55E-01  2.93E+02  4.49E-19   1
       52   33  8.335E+00  2.99E+00  2.66E-01  2.93E+02  4.36E-19   1

  Inverted lines:

        i    j  wavelength    tau     Tex        eta
                  micron               K

       22   21  6.954E+03 -8.80E+00 -2.24E+01  4.61E-02
       23   22  3.476E+03 -8.82E+00 -9.57E+01  2.16E-02
       24   23  2.317E+03 -7.37E+00 -2.66E+02  1.17E-02
       25   24  1.738E+03 -5.97E+00 -5.95E+02  6.95E-03
       26   25  1.391E+03 -4.49E+00 -1.25E+03  4.14E-03
       27   26  1.159E+03 -2.70E+00 -3.01E+03  2.06E-03
       28   27  9.932E+02 -1.24E-01 -8.97E+04  8.07E-05
       42   41  7.003E+03 -1.43E-02 -2.49E+01  4.12E-02
       43   42  3.500E+03 -3.48E-02 -4.46E+01  4.60E-02
       44   43  2.334E+03 -6.35E-02 -6.07E+01  5.08E-02
       45   44  1.750E+03 -5.61E-02 -1.32E+02  3.10E-02
       46   45  1.400E+03 -8.45E-02 -1.47E+02  3.50E-02
       47   46  1.167E+03 -6.64E-02 -2.85E+02  2.17E-02
       48   47  1.000E+03 -8.07E-02 -3.33E+02  2.16E-02
       49   48  8.753E+02 -6.20E-02 -5.87E+02  1.40E-02
       50   49  7.780E+02 -5.04E-02 -9.34E+02  9.90E-03
       51   50  7.002E+02 -3.31E-02 -1.79E+03  5.75E-03
       60   59  3.687E+02 -1.68E+00 -1.27E+02  1.53E-01
       62   61  7.052E+03 -2.72E-05 -1.19E+02  8.56E-03
       64   63  2.350E+03 -6.28E-05 -4.62E+02  6.63E-03
       80   79  3.713E+02 -1.08E-02 -8.06E+01  2.36E-01
------------------------------------------------------------------------------


  Molecular column = 1.65E+19 cm-2/kms      Total emission = 8.48E-17 erg/s/mol

  The top emitting lines are:

        i    j  wavelength    tau    beta       Tex      emission   %
                  micron                         K       erg/s/mol
       40   19  7.967E+00  5.06E+02  3.05E-03  3.92E+02  2.07E-18   2
       39   18  7.975E+00  4.96E+02  3.11E-03  3.91E+02  2.04E-18   2
       38   17  7.983E+00  4.84E+02  3.18E-03  3.91E+02  2.03E-18   2
       37   16  7.991E+00  4.70E+02  3.27E-03  3.90E+02  2.02E-18   2
       36   15  7.999E+00  4.54E+02  3.38E-03  3.90E+02  2.01E-18   2
       35   14  8.008E+00  4.35E+02  3.51E-03  3.89E+02  1.99E-18   2
       34   13  8.016E+00  4.15E+02  3.67E-03  3.89E+02  1.98E-18   2
       33   12  8.024E+00  3.92E+02  3.87E-03  3.89E+02  1.96E-18   2
       32   11  8.033E+00  3.68E+02  4.10E-03  3.88E+02  1.94E-18   2
       31   10  8.042E+00  3.41E+02  4.40E-03  3.88E+02  1.92E-18   2
       30    9  8.050E+00  3.13E+02  4.76E-03  3.87E+02  1.90E-18   2
       29    8  8.059E+00  2.83E+02  5.23E-03  3.86E+02  1.87E-18   2
       36   17  8.297E+00  5.11E+02  3.02E-03  3.80E+02  1.85E-18   2
       38   19  8.319E+00  5.46E+02  2.84E-03  3.80E+02  1.85E-18   2
       37   18  8.308E+00  5.30E+02  2.92E-03  3.80E+02  1.84E-18   2
       35   16  8.286E+00  4.91E+02  3.14E-03  3.80E+02  1.84E-18   2
       34   15  8.275E+00  4.69E+02  3.28E-03  3.81E+02  1.84E-18   2
       39   20  8.331E+00  5.60E+02  2.78E-03  3.79E+02  1.84E-18   2
       33   14  8.265E+00  4.44E+02  3.44E-03  3.81E+02  1.84E-18   2
       28    7  8.068E+00  2.51E+02  5.83E-03  3.86E+02  1.84E-18   2
       32   13  8.254E+00  4.18E+02  3.64E-03  3.81E+02  1.83E-18   2
       31   12  8.243E+00  3.89E+02  3.89E-03  3.81E+02  1.82E-18   2
       30   11  8.233E+00  3.60E+02  4.19E-03  3.81E+02  1.81E-18   2
       29   10  8.222E+00  3.28E+02  4.56E-03  3.81E+02  1.80E-18   2
       27    6  8.077E+00  2.19E+02  6.63E-03  3.85E+02  1.79E-18   2
       28    9  8.212E+00  2.95E+02  5.03E-03  3.81E+02  1.78E-18   2
       27    8  8.202E+00  2.61E+02  5.63E-03  3.81E+02  1.75E-18   2
       26    5  8.086E+00  1.84E+02  7.75E-03  3.83E+02  1.74E-18   2
       26    7  8.192E+00  2.26E+02  6.44E-03  3.80E+02  1.72E-18   2
       25    4  8.095E+00  1.49E+02  9.42E-03  3.82E+02  1.69E-18   2
       25    6  8.182E+00  1.89E+02  7.57E-03  3.79E+02  1.68E-18   2
       24    5  8.172E+00  1.52E+02  9.24E-03  3.79E+02  1.63E-18   2
       24    3  8.105E+00  1.13E+02  1.21E-02  3.81E+02  1.62E-18   2
       23    4  8.162E+00  1.15E+02  1.20E-02  3.78E+02  1.58E-18   2
       23    2  8.114E+00  7.58E+01  1.74E-02  3.79E+02  1.54E-18   2
       22    3  8.152E+00  7.66E+01  1.73E-02  3.77E+02  1.49E-18   2
       22    1  8.123E+00  3.81E+01  3.23E-02  3.77E+02  1.40E-18   2
       21    2  8.142E+00  3.83E+01  3.21E-02  3.74E+02  1.34E-18   2
       60   39  8.045E+00  1.03E+01  1.01E-01  3.35E+02  6.38E-19   1
       59   38  8.053E+00  1.01E+01  1.02E-01  3.26E+02  5.45E-19   1
       58   37  8.061E+00  9.82E+00  1.04E-01  3.23E+02  5.20E-19   1
       57   36  8.069E+00  9.54E+00  1.07E-01  3.22E+02  5.11E-19   1
       56   35  8.077E+00  9.18E+00  1.10E-01  3.22E+02  5.09E-19   1
       55   34  8.086E+00  8.80E+00  1.14E-01  3.22E+02  5.02E-19   1
       54   33  8.094E+00  8.36E+00  1.19E-01  3.21E+02  4.93E-19   1
       59   40  8.413E+00  1.15E+01  9.13E-02  3.15E+02  4.93E-19   1
       53   32  8.103E+00  7.90E+00  1.25E-01  3.20E+02  4.81E-19   1
       58   39  8.402E+00  1.11E+01  9.42E-02  3.13E+02  4.77E-19   1
       56   37  8.379E+00  1.04E+01  9.97E-02  3.14E+02  4.72E-19   1
       57   38  8.390E+00  1.08E+01  9.65E-02  3.13E+02  4.71E-19   1
       55   36  8.368E+00  9.97E+00  1.03E-01  3.13E+02  4.68E-19   1
       52   31  8.112E+00  7.38E+00  1.32E-01  3.19E+02  4.66E-19   1
       54   35  8.357E+00  9.49E+00  1.07E-01  3.13E+02  4.63E-19   1
       53   34  8.346E+00  8.99E+00  1.12E-01  3.13E+02  4.54E-19   1
       51   30  8.120E+00  6.83E+00  1.41E-01  3.17E+02  4.48E-19   1
       52   33  8.335E+00  8.43E+00  1.19E-01  3.12E+02  4.43E-19   1
       51   32  8.324E+00  7.85E+00  1.26E-01  3.11E+02  4.28E-19   1
       50   29  8.129E+00  6.23E+00  1.52E-01  3.15E+02  4.25E-19   1

  Inverted lines:

        i    j  wavelength    tau     Tex        eta
                  micron               K

       22   21  6.954E+03 -1.10E+01 -5.60E+01  1.85E-02
       23   22  3.476E+03 -9.44E+00 -2.68E+02  7.72E-03
       24   23  2.317E+03 -7.66E+00 -7.52E+02  4.13E-03
       25   24  1.738E+03 -6.14E+00 -1.68E+03  2.46E-03
       26   25  1.391E+03 -4.47E+00 -3.62E+03  1.43E-03
       27   26  1.159E+03 -2.06E+00 -1.13E+04  5.48E-04
       42   41  7.003E+03 -7.45E-02 -1.48E+01  6.92E-02
       43   42  3.500E+03 -2.00E-01 -2.56E+01  8.01E-02
       44   43  2.334E+03 -3.17E-01 -4.23E+01  7.27E-02
       45   44  1.750E+03 -3.13E-01 -8.60E+01  4.78E-02
       46   45  1.400E+03 -4.24E-01 -1.09E+02  4.71E-02
       47   46  1.167E+03 -3.82E-01 -1.89E+02  3.26E-02
       48   47  1.000E+03 -4.21E-01 -2.48E+02  2.90E-02
       49   48  8.753E+02 -3.46E-01 -4.14E+02  1.98E-02
       50   49  7.780E+02 -2.91E-01 -6.44E+02  1.44E-02
       51   50  7.002E+02 -2.18E-01 -1.09E+03  9.43E-03
       52   51  6.366E+02 -8.57E-02 -3.39E+03  3.33E-03
       53   52  5.836E+02 -9.46E-03 -3.67E+04  3.36E-04
       59   58  3.892E+02 -2.28E-01 -3.15E+03  5.88E-03
       60   59  3.687E+02 -2.58E+00 -3.30E+02  5.90E-02
       62   61  7.052E+03 -7.17E-05 -9.77E+01  1.04E-02
       64   63  2.350E+03 -2.16E-04 -2.94E+02  1.04E-02
       66   65  1.410E+03 -1.38E-04 -1.28E+03  4.00E-03
       80   79  3.713E+02 -2.33E-02 -8.99E+01  2.12E-01
------------------------------------------------------------------------------


      Normal completion. Molecular column is  1.65E+19 cm-2/kms

        *** SUMMARY ***

        mol column     emission
         cm-2/kms      erg/s/mol
        2.936E+14      6.521E-16
        5.220E+14      6.418E-16
        9.283E+14      6.278E-16
        1.651E+15      6.090E-16
        2.936E+15      5.843E-16
        5.220E+15      5.521E-16
        9.283E+15      5.105E-16
        1.651E+16      4.582E-16
        2.936E+16      3.957E-16
        5.220E+16      3.276E-16
        9.283E+16      2.620E-16
        1.651E+17      2.057E-16
        2.936E+17      1.625E-16
        5.220E+17      1.329E-16
        9.283E+17      1.136E-16
        1.651E+18      1.016E-16
        2.936E+18      9.435E-17
        5.220E+18      8.986E-17
        9.283E+18      8.685E-17
        1.651E+19      8.476E-17

 *** Parameters for selected transitions
     Io is the source line-center intensity at mu =  0.50 to slab face
     del(Tb) is obtained from (B is the Planck function):
                B(del(Tb)) = I(observed) - B(Tcmb)
     del(TRJ) is obtained from the same with the RJ approximation for B
     Excitation temperature is not part of the output in CEP
                because it changes with position in the slab. The excitation temperature
                will be placed in the file with extension CEP.texc for all column densities
     Maser pumping parameters are tabulated for inverted transitions;
     for definitions, see Elitzur 'Astronomical Masers' secs. 4.2 and 7.1
 ***

      6903.86 mic (  43.424 GHz) transition between levels  2 and  1
     Upper Level: v =  0,  J =  1                                                                 
     Lower Level: v =  0,  J =  0                                                                 

    Nmol      tau       Flux   int(Tb dv)   Io      del(Tb)   del(TRJ)     Tex
  cm-2/kms               Jy      K km/s  W/m2/Hz/st    K         K          K
  2.94E+14  3.80E-04  1.58E+09  2.91E+00  1.42E-18  2.10E+00  1.22E+00  3.22E+03
  5.22E+14  8.76E-04  2.80E+09  5.18E+00  2.52E-18  3.10E+00  2.18E+00  2.49E+03
  9.28E+14  1.90E-03  4.97E+09  9.20E+00  4.48E-18  4.83E+00  3.86E+00  2.04E+03
  1.65E+15  3.91E-03  8.79E+09  1.63E+01  7.94E-18  7.85E+00  6.86E+00  1.76E+03
  2.94E+15  7.74E-03  1.55E+10  2.89E+01  1.41E-17  1.32E+01  1.22E+01  1.58E+03
  5.22E+15  1.50E-02  2.72E+10  5.12E+01  2.48E-17  2.26E+01  2.15E+01  1.45E+03
  9.28E+15  2.82E-02  4.75E+10  9.01E+01  4.35E-17  3.91E+01  3.80E+01  1.37E+03
  1.65E+16  5.23E-02  8.18E+10  1.58E+02  7.56E-17  6.79E+01  6.68E+01  1.31E+03
  2.94E+16  9.60E-02  1.39E+11  2.72E+02  1.29E-16  1.17E+02  1.16E+02  1.27E+03
  5.22E+16  1.75E-01  2.29E+11  4.59E+02  2.12E-16  2.00E+02  1.99E+02  1.24E+03
  9.28E+16  3.18E-01  3.63E+11  7.44E+02  3.31E-16  3.31E+02  3.30E+02  1.22E+03
  1.65E+17  5.76E-01  5.47E+11  1.13E+03  4.72E-16  5.22E+02  5.21E+02  1.19E+03
  2.94E+17  1.05E+00  7.68E+11  1.58E+03  5.92E-16  7.56E+02  7.55E+02  1.17E+03
  5.22E+17  1.92E+00  9.89E+11  1.98E+03  6.41E-16  9.64E+02  9.63E+02  1.13E+03
  9.28E+17  3.54E+00  1.18E+12  2.26E+03  6.30E-16  1.06E+03  1.06E+03  1.09E+03
  1.65E+18  6.61E+00  1.28E+12  2.43E+03  6.01E-16  1.04E+03  1.03E+03  1.04E+03
  2.94E+18  1.22E+01  1.37E+12  2.57E+03  5.78E-16  9.97E+02  9.96E+02  9.98E+02
  5.22E+18  2.26E+01  1.43E+12  2.67E+03  5.56E-16  9.59E+02  9.58E+02  9.61E+02
  9.28E+18  4.21E+01  1.46E+12  2.72E+03  5.29E-16  9.12E+02  9.11E+02  9.14E+02
  1.65E+19  7.55E+01  1.54E+12  2.85E+03  5.22E-16  9.01E+02  9.00E+02  9.03E+02

      3451.95 mic (  86.847 GHz) transition between levels  3 and  2
     Upper Level: v =  0,  J =  2                                                                 
     Lower Level: v =  0,  J =  1                                                                 

    Nmol      tau       Flux   int(Tb dv)   Io      del(Tb)   del(TRJ)     Tex
  cm-2/kms               Jy      K km/s  W/m2/Hz/st    K         K          K
  2.94E+14  5.17E-03  2.49E+10  1.16E+01  2.25E-17  6.73E+00  4.86E+00  9.45E+02
  5.22E+14  8.81E-03  4.39E+10  2.05E+01  3.98E-17  1.06E+01  8.63E+00  9.86E+02
  9.28E+14  1.50E-02  7.73E+10  3.64E+01  7.04E-17  1.73E+01  1.53E+01  1.03E+03
  1.65E+15  2.57E-02  1.35E+11  6.41E+01  1.24E-16  2.91E+01  2.70E+01  1.07E+03
  2.94E+15  4.43E-02  2.34E+11  1.13E+02  2.16E-16  4.97E+01  4.76E+01  1.10E+03
  5.22E+15  7.67E-02  4.01E+11  1.96E+02  3.72E-16  8.54E+01  8.33E+01  1.13E+03
  9.28E+15  1.34E-01  6.73E+11  3.35E+02  6.26E-16  1.46E+02  1.44E+02  1.15E+03
  1.65E+16  2.35E-01  1.10E+12  5.56E+02  1.01E-15  2.46E+02  2.44E+02  1.17E+03
  2.94E+16  4.15E-01  1.71E+12  8.84E+02  1.53E-15  4.00E+02  3.98E+02  1.17E+03
  5.22E+16  7.35E-01  2.53E+12  1.31E+03  2.10E-15  6.14E+02  6.12E+02  1.18E+03
  9.28E+16  1.31E+00  3.48E+12  1.78E+03  2.53E-15  8.60E+02  8.58E+02  1.18E+03
  1.65E+17  2.33E+00  4.43E+12  2.19E+03  2.70E-15  1.06E+03  1.06E+03  1.18E+03
  2.94E+17  4.16E+00  5.25E+12  2.51E+03  2.71E-15  1.15E+03  1.15E+03  1.17E+03
  5.22E+17  7.46E+00  5.86E+12  2.77E+03  2.69E-15  1.16E+03  1.16E+03  1.16E+03
  9.28E+17  1.35E+01  6.35E+12  2.98E+03  2.65E-15  1.14E+03  1.14E+03  1.15E+03
  1.65E+18  2.43E+01  6.77E+12  3.16E+03  2.61E-15  1.13E+03  1.12E+03  1.13E+03
  2.94E+18  4.40E+01  7.12E+12  3.31E+03  2.56E-15  1.11E+03  1.10E+03  1.11E+03
  5.22E+18  7.95E+01  7.43E+12  3.45E+03  2.52E-15  1.09E+03  1.08E+03  1.09E+03
  9.28E+18  1.43E+02  7.73E+12  3.57E+03  2.48E-15  1.07E+03  1.07E+03  1.07E+03
  1.65E+19  2.58E+02  7.96E+12  3.67E+03  2.43E-15  1.05E+03  1.05E+03  1.05E+03
