          *** MOLPOP-CEP; version of May 12, 2017 ***

* Sample Run for SiO
* Lowest 20 rotational levels of the ground vibration state
*
      Solution method is Slab (Capriotti) escape probability 
      Molecule data file --- DataBase/SiO.molecule                                                                                                           
      Number of levels = 20

        Collision information:
    1.  Relative weight of collision partner =  1.00
        Collision rates from data file DataBase/Coll/SiO_H2_vib.kij

      Tgas = 1200.0 K
      n_tot =  1.00E+09 cm-3

      Molecule --- SiO
      No considerations of dust absorption
      No considerations of Line Overlap
      Maser saturation effects included

      External Radiation field includes:
        - 2.725K Cosmic Background
        - Black-body with T = 2500.0K  Dilution factor =  2.00E-06
        - Dust with Td =  500.0 K and Tau(v) =  1.00E+00
          Dust properties from file DataBase/Standard_ISM.dat
 Using INCREASING strategy
------------------------------------------------------------------------------

      *** All optical depths are listed at line center ***

 Correct for Finite Number of Rotational Levels
 Using Method of Lockett & Elitzur 1992, ApJ 399, 704:
 The molecular Density of 1.00E+05 cm^-3 is renormalized
     in level population calculations to 2.94E+04 cm^-3

***  INITIAL GUESS ***

  Molecular column = 0.00E+00 cm-2/kms      Total emission = 5.42E-17 erg/s/mol

  Populations:
     level  n_i/g_i/nmol   n(i)/n*     T_ex(i,1)    emission     %
                                           K        erg/s/mol
        1    2.967E-03    1.003E+00    0.000E+00    0.000E+00    0
        2    2.968E-03    1.005E+00   -7.250E+03    7.813E-24    0
        3    2.952E-03    1.003E+00    1.244E+03    2.487E-22    0
        4    2.942E-03    1.005E+00    1.518E+03    1.882E-21    0
        5    2.917E-03    1.004E+00    1.243E+03    7.865E-21    0
        6    2.897E-03    1.005E+00    1.320E+03    2.384E-20    0
        7    2.864E-03    1.004E+00    1.243E+03    5.863E-20    0
        8    2.833E-03    1.005E+00    1.265E+03    1.253E-19    0
        9    2.793E-03    1.005E+00    1.242E+03    2.409E-19    0
       10    2.751E-03    1.006E+00    1.242E+03    4.276E-19    1
       11    2.705E-03    1.006E+00    1.241E+03    7.120E-19    1
       12    2.652E-03    1.006E+00    1.228E+03    1.124E-18    2
       13    2.602E-03    1.007E+00    1.240E+03    1.704E-18    3
       14    2.539E-03    1.005E+00    1.218E+03    2.481E-18    5
       15    2.486E-03    1.009E+00    1.238E+03    3.519E-18    6
       16    2.411E-03    1.004E+00    1.206E+03    4.819E-18    9
       17    2.358E-03    1.010E+00    1.235E+03    6.508E-18   12
       18    2.265E-03    9.988E-01    1.181E+03    8.463E-18   16
       19    2.215E-03    1.008E+00    1.219E+03    1.101E-17   20
       20    1.996E-03    9.384E-01    9.986E+02    1.300E-17   24

------------------------------------------------------------------------------

ABOUT TO CALL SOLVE. R =  1.000E+10

  Molecular column = 1.00E+15 cm-2/kms      Total emission = 4.08E-17 erg/s/mol

  The top emitting lines are:

        i    j  wavelength    tau    beta       Tex      emission   %
                  micron                         K       erg/s/mol
       19   18  3.838E+02  2.63E-01  7.60E-01  1.14E+03  8.29E-18  20
       20   19  3.636E+02  5.70E-01  6.20E-01  5.56E+02  8.26E-18  20
       18   17  4.063E+02  2.67E-01  7.57E-01  1.03E+03  6.42E-18  16
       17   16  4.317E+02  2.01E-01  7.98E-01  1.25E+03  5.17E-18  13
       16   15  4.604E+02  2.02E-01  7.97E-01  1.13E+03  3.84E-18   9
       15   14  4.933E+02  1.62E-01  8.25E-01  1.25E+03  2.90E-18   7
       14   13  5.312E+02  1.54E-01  8.31E-01  1.16E+03  2.06E-18   5
       13   12  5.755E+02  1.27E-01  8.53E-01  1.24E+03  1.45E-18   4
       12   11  6.277E+02  1.12E-01  8.65E-01  1.20E+03  9.72E-19   2
       11   10  6.905E+02  9.29E-02  8.82E-01  1.21E+03  6.27E-19   2
       10    9  7.672E+02  7.53E-02  8.99E-01  1.23E+03  3.84E-19   1
        9    8  8.631E+02  6.29E-02  9.12E-01  1.18E+03  2.19E-19   1

  No inversions
------------------------------------------------------------------------------


  Molecular column = 1.78E+15 cm-2/kms      Total emission = 3.58E-17 erg/s/mol

  The top emitting lines are:

        i    j  wavelength    tau    beta       Tex      emission   %
                  micron                         K       erg/s/mol
       19   18  3.838E+02  4.75E-01  6.57E-01  1.12E+03  7.16E-18  20
       20   19  3.636E+02  9.15E-01  5.18E-01  6.17E+02  6.94E-18  19
       18   17  4.063E+02  4.63E-01  6.62E-01  1.06E+03  5.61E-18  16
       17   16  4.317E+02  3.65E-01  7.06E-01  1.23E+03  4.57E-18  13
       16   15  4.604E+02  3.55E-01  7.11E-01  1.14E+03  3.42E-18  10
       15   14  4.933E+02  2.93E-01  7.43E-01  1.23E+03  2.60E-18   7
       14   13  5.312E+02  2.72E-01  7.54E-01  1.17E+03  1.87E-18   5
       13   12  5.755E+02  2.27E-01  7.82E-01  1.22E+03  1.33E-18   4
       12   11  6.277E+02  1.99E-01  8.00E-01  1.20E+03  8.98E-19   3
       11   10  6.905E+02  1.66E-01  8.23E-01  1.21E+03  5.85E-19   2
       10    9  7.672E+02  1.34E-01  8.47E-01  1.23E+03  3.61E-19   1
        9    8  8.631E+02  1.11E-01  8.66E-01  1.19E+03  2.08E-19   1

  No inversions
------------------------------------------------------------------------------


  Molecular column = 3.16E+15 cm-2/kms      Total emission = 2.98E-17 erg/s/mol

  The top emitting lines are:

        i    j  wavelength    tau    beta       Tex      emission   %
                  micron                         K       erg/s/mol
       19   18  3.838E+02  8.43E-01  5.36E-01  1.12E+03  5.85E-18  20
       20   19  3.636E+02  1.46E+00  4.13E-01  6.90E+02  5.57E-18  19
       18   17  4.063E+02  8.03E-01  5.47E-01  1.09E+03  4.64E-18  16
       17   16  4.317E+02  6.56E-01  5.91E-01  1.21E+03  3.82E-18  13
       16   15  4.604E+02  6.24E-01  6.02E-01  1.15E+03  2.89E-18  10
       15   14  4.933E+02  5.26E-01  6.37E-01  1.22E+03  2.23E-18   7
       14   13  5.312E+02  4.81E-01  6.54E-01  1.18E+03  1.62E-18   5
       13   12  5.755E+02  4.06E-01  6.86E-01  1.22E+03  1.17E-18   4
       12   11  6.277E+02  3.53E-01  7.11E-01  1.20E+03  7.98E-19   3
       11   10  6.905E+02  2.95E-01  7.41E-01  1.21E+03  5.27E-19   2
       10    9  7.672E+02  2.40E-01  7.73E-01  1.22E+03  3.30E-19   1
        9    8  8.631E+02  1.98E-01  8.01E-01  1.19E+03  1.92E-19   1

  No inversions
------------------------------------------------------------------------------


  Molecular column = 5.62E+15 cm-2/kms      Total emission = 2.34E-17 erg/s/mol

  The top emitting lines are:

        i    j  wavelength    tau    beta       Tex      emission   %
                  micron                         K       erg/s/mol
       19   18  3.838E+02  1.48E+00  4.10E-01  1.14E+03  4.48E-18  19
       20   19  3.636E+02  2.34E+00  3.13E-01  7.69E+02  4.25E-18  18
       18   17  4.063E+02  1.39E+00  4.23E-01  1.11E+03  3.58E-18  15
       17   16  4.317E+02  1.17E+00  4.62E-01  1.21E+03  2.99E-18  13
       16   15  4.604E+02  1.10E+00  4.77E-01  1.16E+03  2.29E-18  10
       15   14  4.933E+02  9.40E-01  5.12E-01  1.21E+03  1.79E-18   8
       14   13  5.312E+02  8.52E-01  5.34E-01  1.18E+03  1.32E-18   6
       13   12  5.755E+02  7.25E-01  5.69E-01  1.21E+03  9.66E-19   4
       12   11  6.277E+02  6.28E-01  6.00E-01  1.20E+03  6.73E-19   3
       11   10  6.905E+02  5.26E-01  6.36E-01  1.20E+03  4.52E-19   2
       10    9  7.672E+02  4.29E-01  6.76E-01  1.21E+03  2.88E-19   1
        9    8  8.631E+02  3.51E-01  7.13E-01  1.19E+03  1.71E-19   1

  No inversions
------------------------------------------------------------------------------


  Molecular column = 1.00E+16 cm-2/kms      Total emission = 1.72E-17 erg/s/mol

  The top emitting lines are:

        i    j  wavelength    tau    beta       Tex      emission   %
                  micron                         K       erg/s/mol
       19   18  3.838E+02  2.57E+00  2.94E-01  1.17E+03  3.21E-18  19
       20   19  3.636E+02  3.77E+00  2.26E-01  8.50E+02  3.08E-18  18
       18   17  4.063E+02  2.43E+00  3.05E-01  1.13E+03  2.58E-18  15
       17   16  4.317E+02  2.08E+00  3.36E-01  1.21E+03  2.17E-18  13
       16   15  4.604E+02  1.94E+00  3.51E-01  1.17E+03  1.69E-18  10
       15   14  4.933E+02  1.68E+00  3.82E-01  1.21E+03  1.34E-18   8
       14   13  5.312E+02  1.51E+00  4.05E-01  1.18E+03  1.00E-18   6
       13   12  5.755E+02  1.29E+00  4.40E-01  1.21E+03  7.46E-19   4
       12   11  6.277E+02  1.12E+00  4.73E-01  1.20E+03  5.30E-19   3
       11   10  6.905E+02  9.37E-01  5.13E-01  1.20E+03  3.64E-19   2
       10    9  7.672E+02  7.66E-01  5.57E-01  1.21E+03  2.37E-19   1
        9    8  8.631E+02  6.22E-01  6.02E-01  1.19E+03  1.45E-19   1

  No inversions
------------------------------------------------------------------------------


  Molecular column = 1.78E+16 cm-2/kms      Total emission = 1.19E-17 erg/s/mol

  The top emitting lines are:

        i    j  wavelength    tau    beta       Tex      emission   %
                  micron                         K       erg/s/mol
       19   18  3.838E+02  4.49E+00  1.97E-01  1.19E+03  2.16E-18  18
       20   19  3.636E+02  6.13E+00  1.54E-01  9.32E+02  2.11E-18  18
       18   17  4.063E+02  4.25E+00  2.06E-01  1.15E+03  1.74E-18  15
       17   16  4.317E+02  3.70E+00  2.29E-01  1.21E+03  1.48E-18  12
       16   15  4.604E+02  3.43E+00  2.43E-01  1.18E+03  1.17E-18  10
       15   14  4.933E+02  2.98E+00  2.67E-01  1.21E+03  9.31E-19   8
       14   13  5.312E+02  2.68E+00  2.86E-01  1.19E+03  7.08E-19   6
       13   12  5.755E+02  2.30E+00  3.16E-01  1.20E+03  5.35E-19   4
       12   11  6.277E+02  1.99E+00  3.46E-01  1.20E+03  3.87E-19   3
       11   10  6.905E+02  1.67E+00  3.84E-01  1.20E+03  2.72E-19   2
       10    9  7.672E+02  1.37E+00  4.28E-01  1.20E+03  1.82E-19   2
        9    8  8.631E+02  1.11E+00  4.75E-01  1.19E+03  1.14E-19   1
        8    7  9.863E+02  8.41E-01  5.37E-01  1.22E+03  6.70E-20   1

  No inversions
------------------------------------------------------------------------------


  Molecular column = 3.16E+16 cm-2/kms      Total emission = 7.76E-18 erg/s/mol

  The top emitting lines are:

        i    j  wavelength    tau    beta       Tex      emission   %
                  micron                         K       erg/s/mol
       20   19  3.636E+02  1.02E+01  1.01E-01  1.00E+03  1.40E-18  18
       19   18  3.838E+02  7.87E+00  1.25E-01  1.20E+03  1.37E-18  18
       18   17  4.063E+02  7.48E+00  1.31E-01  1.16E+03  1.11E-18  14
       17   16  4.317E+02  6.57E+00  1.46E-01  1.21E+03  9.39E-19  12
       16   15  4.604E+02  6.06E+00  1.55E-01  1.18E+03  7.46E-19  10
       15   14  4.933E+02  5.31E+00  1.73E-01  1.21E+03  6.03E-19   8
       14   13  5.312E+02  4.75E+00  1.89E-01  1.19E+03  4.66E-19   6
       13   12  5.755E+02  4.09E+00  2.12E-01  1.20E+03  3.59E-19   5
       12   11  6.277E+02  3.53E+00  2.37E-01  1.20E+03  2.66E-19   3
       11   10  6.905E+02  2.96E+00  2.68E-01  1.20E+03  1.90E-19   2
       10    9  7.672E+02  2.43E+00  3.05E-01  1.20E+03  1.30E-19   2
        9    8  8.631E+02  1.96E+00  3.48E-01  1.19E+03  8.36E-20   1
        8    7  9.863E+02  1.50E+00  4.06E-01  1.21E+03  5.07E-20   1

  No inversions
------------------------------------------------------------------------------


  Molecular column = 5.62E+16 cm-2/kms      Total emission = 4.89E-18 erg/s/mol

  The top emitting lines are:

        i    j  wavelength    tau    beta       Tex      emission   %
                  micron                         K       erg/s/mol
       20   19  3.636E+02  1.71E+01  6.51E-02  1.06E+03  8.98E-19  18
       19   18  3.838E+02  1.39E+01  7.77E-02  1.21E+03  8.49E-19  17
       18   17  4.063E+02  1.32E+01  8.14E-02  1.17E+03  6.90E-19  14
       17   16  4.317E+02  1.17E+01  9.02E-02  1.21E+03  5.82E-19  12
       16   15  4.604E+02  1.07E+01  9.69E-02  1.19E+03  4.65E-19  10
       15   14  4.933E+02  9.44E+00  1.08E-01  1.21E+03  3.76E-19   8
       14   13  5.312E+02  8.42E+00  1.19E-01  1.19E+03  2.93E-19   6
       13   12  5.755E+02  7.28E+00  1.34E-01  1.20E+03  2.27E-19   5
       12   11  6.277E+02  6.27E+00  1.51E-01  1.20E+03  1.69E-19   3
       11   10  6.905E+02  5.26E+00  1.74E-01  1.20E+03  1.23E-19   3
       10    9  7.672E+02  4.33E+00  2.03E-01  1.20E+03  8.63E-20   2
        9    8  8.631E+02  3.49E+00  2.40E-01  1.20E+03  5.75E-20   1
        8    7  9.863E+02  2.68E+00  2.86E-01  1.21E+03  3.57E-20   1

  No inversions
------------------------------------------------------------------------------


  Molecular column = 1.00E+17 cm-2/kms      Total emission = 3.01E-18 erg/s/mol

  The top emitting lines are:

        i    j  wavelength    tau    beta       Tex      emission   %
                  micron                         K       erg/s/mol
       20   19  3.636E+02  2.92E+01  4.08E-02  1.11E+03  5.64E-19  19
       19   18  3.838E+02  2.47E+01  4.72E-02  1.21E+03  5.16E-19  17
       18   17  4.063E+02  2.33E+01  4.98E-02  1.18E+03  4.22E-19  14
       17   16  4.317E+02  2.08E+01  5.50E-02  1.21E+03  3.54E-19  12
       16   15  4.604E+02  1.90E+01  5.94E-02  1.19E+03  2.85E-19   9
       15   14  4.933E+02  1.68E+01  6.61E-02  1.20E+03  2.31E-19   8
       14   13  5.312E+02  1.50E+01  7.31E-02  1.19E+03  1.80E-19   6
       13   12  5.755E+02  1.29E+01  8.27E-02  1.20E+03  1.40E-19   5
       12   11  6.277E+02  1.11E+01  9.39E-02  1.20E+03  1.05E-19   3
       11   10  6.905E+02  9.35E+00  1.09E-01  1.20E+03  7.70E-20   3
       10    9  7.672E+02  7.70E+00  1.28E-01  1.20E+03  5.44E-20   2
        9    8  8.631E+02  6.19E+00  1.53E-01  1.20E+03  3.66E-20   1
        8    7  9.863E+02  4.77E+00  1.88E-01  1.20E+03  2.34E-20   1

  No inversions
------------------------------------------------------------------------------


  Molecular column = 1.78E+17 cm-2/kms      Total emission = 1.83E-18 erg/s/mol

  The top emitting lines are:

        i    j  wavelength    tau    beta       Tex      emission   %
                  micron                         K       erg/s/mol
       20   19  3.636E+02  5.04E+01  2.51E-02  1.14E+03  3.48E-19  19
       19   18  3.838E+02  4.41E+01  2.83E-02  1.21E+03  3.10E-19  17
       18   17  4.063E+02  4.12E+01  3.01E-02  1.19E+03  2.55E-19  14
       17   16  4.317E+02  3.70E+01  3.31E-02  1.21E+03  2.13E-19  12
       16   15  4.604E+02  3.37E+01  3.59E-02  1.19E+03  1.72E-19   9
       15   14  4.933E+02  2.99E+01  4.00E-02  1.20E+03  1.39E-19   8
       14   13  5.312E+02  2.65E+01  4.44E-02  1.20E+03  1.10E-19   6
       13   12  5.755E+02  2.30E+01  5.03E-02  1.20E+03  8.51E-20   5
       12   11  6.277E+02  1.98E+01  5.74E-02  1.20E+03  6.42E-20   4
       11   10  6.905E+02  1.66E+01  6.67E-02  1.20E+03  4.72E-20   3
       10    9  7.672E+02  1.37E+01  7.88E-02  1.20E+03  3.35E-20   2
        9    8  8.631E+02  1.10E+01  9.49E-02  1.20E+03  2.28E-20   1
        8    7  9.863E+02  8.50E+00  1.18E-01  1.20E+03  1.47E-20   1

  No inversions
------------------------------------------------------------------------------


  Molecular column = 3.16E+17 cm-2/kms      Total emission = 1.10E-18 erg/s/mol

  The top emitting lines are:

        i    j  wavelength    tau    beta       Tex      emission   %
                  micron                         K       erg/s/mol
       20   19  3.636E+02  8.80E+01  1.52E-02  1.16E+03  2.11E-19  19
       19   18  3.838E+02  7.85E+01  1.69E-02  1.21E+03  1.84E-19  17
       18   17  4.063E+02  7.30E+01  1.80E-02  1.19E+03  1.53E-19  14
       17   16  4.317E+02  6.59E+01  1.98E-02  1.20E+03  1.27E-19  12
       16   15  4.604E+02  5.99E+01  2.15E-02  1.20E+03  1.03E-19   9
       15   14  4.933E+02  5.32E+01  2.39E-02  1.20E+03  8.35E-20   8
       14   13  5.312E+02  4.72E+01  2.67E-02  1.20E+03  6.59E-20   6
       13   12  5.755E+02  4.10E+01  3.03E-02  1.20E+03  5.12E-20   5
       12   11  6.277E+02  3.52E+01  3.46E-02  1.20E+03  3.87E-20   4
       11   10  6.905E+02  2.96E+01  4.04E-02  1.20E+03  2.86E-20   3
       10    9  7.672E+02  2.43E+01  4.79E-02  1.20E+03  2.04E-20   2
        9    8  8.631E+02  1.95E+01  5.80E-02  1.20E+03  1.39E-20   1
        8    7  9.863E+02  1.51E+01  7.24E-02  1.20E+03  9.02E-21   1

  No inversions
------------------------------------------------------------------------------


  Molecular column = 5.62E+17 cm-2/kms      Total emission = 6.56E-19 erg/s/mol

  The top emitting lines are:

        i    j  wavelength    tau    beta       Tex      emission   %
                  micron                         K       erg/s/mol
       20   19  3.636E+02  1.54E+02  9.12E-03  1.18E+03  1.26E-19  19
       19   18  3.838E+02  1.40E+02  9.98E-03  1.20E+03  1.09E-19  17
       18   17  4.063E+02  1.30E+02  1.07E-02  1.20E+03  9.07E-20  14
       17   16  4.317E+02  1.17E+02  1.17E-02  1.20E+03  7.55E-20  12
       16   15  4.604E+02  1.06E+02  1.28E-02  1.20E+03  6.15E-20   9
       15   14  4.933E+02  9.47E+01  1.42E-02  1.20E+03  4.97E-20   8
       14   13  5.312E+02  8.38E+01  1.59E-02  1.20E+03  3.93E-20   6
       13   12  5.755E+02  7.28E+01  1.81E-02  1.20E+03  3.06E-20   5
       12   11  6.277E+02  6.25E+01  2.07E-02  1.20E+03  2.32E-20   4
       11   10  6.905E+02  5.26E+01  2.42E-02  1.20E+03  1.71E-20   3
       10    9  7.672E+02  4.33E+01  2.88E-02  1.20E+03  1.22E-20   2
        9    8  8.631E+02  3.47E+01  3.50E-02  1.20E+03  8.40E-21   1
        8    7  9.863E+02  2.69E+01  4.39E-02  1.20E+03  5.47E-21   1
        7    6  1.151E+03  2.00E+01  5.68E-02  1.20E+03  3.32E-21   1

  No inversions
------------------------------------------------------------------------------


  Molecular column = 1.00E+18 cm-2/kms      Total emission = 3.88E-19 erg/s/mol

  The top emitting lines are:

        i    j  wavelength    tau    beta       Tex      emission   %
                  micron                         K       erg/s/mol
       20   19  3.636E+02  2.72E+02  5.41E-03  1.19E+03  7.50E-20  19
       19   18  3.838E+02  2.49E+02  5.88E-03  1.20E+03  6.43E-20  17
       18   17  4.063E+02  2.30E+02  6.33E-03  1.20E+03  5.36E-20  14
       17   16  4.317E+02  2.09E+02  6.91E-03  1.20E+03  4.46E-20  11
       16   15  4.604E+02  1.89E+02  7.58E-03  1.20E+03  3.64E-20   9
       15   14  4.933E+02  1.69E+02  8.42E-03  1.20E+03  2.94E-20   8
       14   13  5.312E+02  1.49E+02  9.43E-03  1.20E+03  2.33E-20   6
       13   12  5.755E+02  1.30E+02  1.07E-02  1.20E+03  1.81E-20   5
       12   11  6.277E+02  1.11E+02  1.23E-02  1.20E+03  1.38E-20   4
       11   10  6.905E+02  9.35E+01  1.44E-02  1.20E+03  1.02E-20   3
       10    9  7.672E+02  7.70E+01  1.72E-02  1.20E+03  7.31E-21   2
        9    8  8.631E+02  6.17E+01  2.10E-02  1.20E+03  5.02E-21   1
        8    7  9.863E+02  4.79E+01  2.63E-02  1.20E+03  3.28E-21   1
        7    6  1.151E+03  3.56E+01  3.43E-02  1.20E+03  2.00E-21   1

  No inversions
------------------------------------------------------------------------------


  Molecular column = 1.78E+18 cm-2/kms      Total emission = 2.28E-19 erg/s/mol

  The top emitting lines are:

        i    j  wavelength    tau    beta       Tex      emission   %
                  micron                         K       erg/s/mol
       20   19  3.636E+02  4.82E+02  3.19E-03  1.19E+03  4.42E-20  19
       19   18  3.838E+02  4.43E+02  3.45E-03  1.20E+03  3.77E-20  17
       18   17  4.063E+02  4.09E+02  3.72E-03  1.20E+03  3.15E-20  14
       17   16  4.317E+02  3.72E+02  4.06E-03  1.20E+03  2.62E-20  11
       16   15  4.604E+02  3.36E+02  4.46E-03  1.20E+03  2.14E-20   9
       15   14  4.933E+02  3.00E+02  4.96E-03  1.20E+03  1.73E-20   8
       14   13  5.312E+02  2.65E+02  5.56E-03  1.20E+03  1.37E-20   6
       13   12  5.755E+02  2.30E+02  6.32E-03  1.20E+03  1.07E-20   5
       12   11  6.277E+02  1.98E+02  7.28E-03  1.20E+03  8.14E-21   4
       11   10  6.905E+02  1.66E+02  8.53E-03  1.20E+03  6.03E-21   3
       10    9  7.672E+02  1.37E+02  1.02E-02  1.20E+03  4.33E-21   2
        9    8  8.631E+02  1.10E+02  1.25E-02  1.20E+03  2.98E-21   1
        8    7  9.863E+02  8.51E+01  1.57E-02  1.20E+03  1.96E-21   1
        7    6  1.151E+03  6.33E+01  2.05E-02  1.20E+03  1.20E-21   1

  No inversions
------------------------------------------------------------------------------


  Molecular column = 3.16E+18 cm-2/kms      Total emission = 1.34E-19 erg/s/mol

  The top emitting lines are:

        i    j  wavelength    tau    beta       Tex      emission   %
                  micron                         K       erg/s/mol
       20   19  3.636E+02  8.55E+02  1.87E-03  1.19E+03  2.59E-20  19
       19   18  3.838E+02  7.89E+02  2.02E-03  1.20E+03  2.20E-20  16
       18   17  4.063E+02  7.26E+02  2.18E-03  1.20E+03  1.85E-20  14
       17   16  4.317E+02  6.61E+02  2.38E-03  1.20E+03  1.53E-20  11
       16   15  4.604E+02  5.97E+02  2.61E-03  1.20E+03  1.25E-20   9
       15   14  4.933E+02  5.33E+02  2.91E-03  1.20E+03  1.01E-20   8
       14   13  5.312E+02  4.71E+02  3.26E-03  1.20E+03  8.05E-21   6
       13   12  5.755E+02  4.10E+02  3.71E-03  1.20E+03  6.28E-21   5
       12   11  6.277E+02  3.51E+02  4.28E-03  1.20E+03  4.78E-21   4
       11   10  6.905E+02  2.96E+02  5.02E-03  1.20E+03  3.55E-21   3
       10    9  7.672E+02  2.43E+02  6.00E-03  1.20E+03  2.55E-21   2
        9    8  8.631E+02  1.95E+02  7.36E-03  1.20E+03  1.76E-21   1
        8    7  9.863E+02  1.51E+02  9.29E-03  1.20E+03  1.16E-21   1
        7    6  1.151E+03  1.13E+02  1.22E-02  1.20E+03  7.11E-22   1

  No inversions
------------------------------------------------------------------------------


  Molecular column = 5.62E+18 cm-2/kms      Total emission = 7.83E-20 erg/s/mol

  The top emitting lines are:

        i    j  wavelength    tau    beta       Tex      emission   %
                  micron                         K       erg/s/mol
       20   19  3.636E+02  1.52E+03  1.09E-03  1.20E+03  1.51E-20  19
       19   18  3.838E+02  1.40E+03  1.18E-03  1.20E+03  1.29E-20  16
       18   17  4.063E+02  1.29E+03  1.27E-03  1.20E+03  1.08E-20  14
       17   16  4.317E+02  1.18E+03  1.39E-03  1.20E+03  8.95E-21  11
       16   15  4.604E+02  1.06E+03  1.53E-03  1.20E+03  7.33E-21   9
       15   14  4.933E+02  9.48E+02  1.70E-03  1.20E+03  5.92E-21   8
       14   13  5.312E+02  8.37E+02  1.91E-03  1.20E+03  4.71E-21   6
       13   12  5.755E+02  7.29E+02  2.17E-03  1.20E+03  3.67E-21   5
       12   11  6.277E+02  6.25E+02  2.51E-03  1.20E+03  2.80E-21   4
       11   10  6.905E+02  5.26E+02  2.94E-03  1.20E+03  2.08E-21   3
       10    9  7.672E+02  4.33E+02  3.53E-03  1.20E+03  1.50E-21   2
        9    8  8.631E+02  3.47E+02  4.33E-03  1.20E+03  1.04E-21   1
        8    7  9.863E+02  2.69E+02  5.47E-03  1.20E+03  6.82E-22   1
        7    6  1.151E+03  2.00E+02  7.19E-03  1.20E+03  4.20E-22   1

  No inversions
------------------------------------------------------------------------------


  Molecular column = 1.00E+19 cm-2/kms      Total emission = 4.56E-20 erg/s/mol

  The top emitting lines are:

        i    j  wavelength    tau    beta       Tex      emission   %
                  micron                         K       erg/s/mol
       20   19  3.636E+02  2.70E+03  6.36E-04  1.20E+03  8.81E-21  19
       19   18  3.838E+02  2.49E+03  6.84E-04  1.20E+03  7.48E-21  16
       18   17  4.063E+02  2.29E+03  7.40E-04  1.20E+03  6.27E-21  14
       17   16  4.317E+02  2.09E+03  8.08E-04  1.20E+03  5.21E-21  11
       16   15  4.604E+02  1.89E+03  8.90E-04  1.20E+03  4.27E-21   9
       15   14  4.933E+02  1.69E+03  9.90E-04  1.20E+03  3.45E-21   8
       14   13  5.312E+02  1.49E+03  1.11E-03  1.20E+03  2.75E-21   6
       13   12  5.755E+02  1.30E+03  1.27E-03  1.20E+03  2.14E-21   5
       12   11  6.277E+02  1.11E+03  1.46E-03  1.20E+03  1.64E-21   4
       11   10  6.905E+02  9.35E+02  1.72E-03  1.20E+03  1.22E-21   3
       10    9  7.672E+02  7.70E+02  2.06E-03  1.20E+03  8.77E-22   2
        9    8  8.631E+02  6.17E+02  2.54E-03  1.20E+03  6.08E-22   1
        8    7  9.863E+02  4.79E+02  3.21E-03  1.20E+03  4.00E-22   1
        7    6  1.151E+03  3.56E+02  4.23E-03  1.20E+03  2.47E-22   1

  No inversions
------------------------------------------------------------------------------


      Normal completion. Molecular column is  1.00E+19 cm-2/kms

        *** SUMMARY ***

        mol column     emission
         cm-2/kms      erg/s/mol
        1.000E+15      4.080E-17
        1.778E+15      3.575E-17
        3.162E+15      2.981E-17
        5.623E+15      2.342E-17
        1.000E+16      1.724E-17
        1.778E+16      1.191E-17
        3.162E+16      7.755E-18
        5.623E+16      4.886E-18
        1.000E+17      3.014E-18
        1.778E+17      1.831E-18
        3.162E+17      1.100E-18
        5.623E+17      6.555E-19
        1.000E+18      3.880E-19
        1.778E+18      2.285E-19
        3.162E+18      1.340E-19
        5.623E+18      7.829E-20
        1.000E+19      4.562E-20

 *** Parameters for selected transitions
     Flux (in W/m2) is integrated over the line
     Io is the source line-center intensity at mu =  0.50 to slab face
     del(Tb) is obtained from (B is the Planck function):
                B(del(Tb)) = I(observed) - B(Tcmb)
     del(TRJ) is obtained from the same with the RJ approximation for B
     Excitation temperature is not part of the output in CEP
                because it changes with position in the slab. The excitation temperature
                will be placed in the file with extension CEP.texc for all column densities
     Maser pumping parameters are tabulated for inverted transitions;
     for definitions see Elitzur 'Astronomical Masers' secs. 4.2 & 7.1,
     and Hollenbach+ 2013, ApJ 773:70
 ***

      6903.86 mic (  43.424 GHz) transition between levels  2 and  1
     Upper Level: v =  0,  J =  1                                                                 
     Lower Level: v =  0,  J =  0                                                                 

    Nmol      tau       Flux   int(Tb dv)   Io      del(Tb)   del(TRJ)     Tex
  cm-2/kms              W/m2     K km/s  W/m2/Hz/st    K         K          K
  1.00E+15  3.82E-04  1.14E-12  2.91E+00  1.42E-18  2.10E+00  1.22E+00  3.21E+03
  1.78E+15  8.79E-04  2.03E-12  5.18E+00  2.52E-18  3.10E+00  2.18E+00  2.48E+03
  3.16E+15  1.90E-03  3.60E-12  9.20E+00  4.48E-18  4.83E+00  3.86E+00  2.04E+03
  5.62E+15  3.91E-03  6.37E-12  1.63E+01  7.94E-18  7.86E+00  6.86E+00  1.76E+03
  1.00E+16  7.76E-03  1.12E-11  2.89E+01  1.41E-17  1.32E+01  1.22E+01  1.58E+03
  1.78E+16  1.50E-02  1.97E-11  5.12E+01  2.48E-17  2.26E+01  2.15E+01  1.45E+03
  3.16E+16  2.82E-02  3.44E-11  9.02E+01  4.35E-17  3.91E+01  3.81E+01  1.37E+03
  5.62E+16  5.23E-02  5.93E-11  1.58E+02  7.56E-17  6.79E+01  6.68E+01  1.32E+03
  1.00E+17  9.57E-02  1.00E-10  2.72E+02  1.29E-16  1.17E+02  1.16E+02  1.28E+03
  1.78E+17  1.74E-01  1.66E-10  4.59E+02  2.13E-16  2.00E+02  1.99E+02  1.25E+03
  3.16E+17  3.14E-01  2.64E-10  7.46E+02  3.32E-16  3.32E+02  3.31E+02  1.23E+03
  5.62E+17  5.64E-01  3.99E-10  1.14E+03  4.77E-16  5.25E+02  5.24E+02  1.22E+03
  1.00E+18  1.01E+00  5.66E-10  1.61E+03  6.08E-16  7.69E+02  7.68E+02  1.21E+03
  1.78E+18  1.80E+00  7.44E-10  2.06E+03  6.79E-16  1.01E+03  1.00E+03  1.21E+03
  3.16E+18  3.21E+00  9.16E-10  2.43E+03  6.96E-16  1.15E+03  1.15E+03  1.20E+03
  5.62E+18  5.72E+00  1.04E-09  2.74E+03  6.96E-16  1.20E+03  1.20E+03  1.20E+03
  1.00E+19  1.02E+01  1.16E-09  3.01E+03  6.95E-16  1.20E+03  1.20E+03  1.20E+03

      3451.95 mic (  86.847 GHz) transition between levels  3 and  2
     Upper Level: v =  0,  J =  2                                                                 
     Lower Level: v =  0,  J =  1                                                                 

    Nmol      tau       Flux   int(Tb dv)   Io      del(Tb)   del(TRJ)     Tex
  cm-2/kms              W/m2     K km/s  W/m2/Hz/st    K         K          K
  1.00E+15  5.17E-03  3.61E-11  1.16E+01  2.25E-17  6.73E+00  4.86E+00  9.47E+02
  1.78E+15  8.80E-03  6.37E-11  2.06E+01  3.99E-17  1.06E+01  8.63E+00  9.88E+02
  3.16E+15  1.50E-02  1.12E-10  3.64E+01  7.04E-17  1.73E+01  1.53E+01  1.03E+03
  5.62E+15  2.57E-02  1.96E-10  6.42E+01  1.24E-16  2.91E+01  2.70E+01  1.07E+03
  1.00E+16  4.42E-02  3.40E-10  1.13E+02  2.16E-16  4.97E+01  4.76E+01  1.10E+03
  1.78E+16  7.65E-02  5.82E-10  1.96E+02  3.72E-16  8.54E+01  8.33E+01  1.13E+03
  3.16E+16  1.33E-01  9.76E-10  3.35E+02  6.27E-16  1.46E+02  1.44E+02  1.16E+03
  5.62E+16  2.34E-01  1.59E-09  5.57E+02  1.01E-15  2.46E+02  2.44E+02  1.17E+03
  1.00E+17  4.13E-01  2.49E-09  8.86E+02  1.54E-15  4.01E+02  3.98E+02  1.18E+03
  1.78E+17  7.30E-01  3.68E-09  1.32E+03  2.11E-15  6.16E+02  6.14E+02  1.19E+03
  3.16E+17  1.29E+00  5.06E-09  1.79E+03  2.55E-15  8.65E+02  8.63E+02  1.19E+03
  5.62E+17  2.30E+00  6.47E-09  2.21E+03  2.73E-15  1.07E+03  1.07E+03  1.19E+03
  1.00E+18  4.08E+00  7.74E-09  2.55E+03  2.77E-15  1.17E+03  1.17E+03  1.20E+03
  1.78E+18  7.24E+00  8.70E-09  2.84E+03  2.77E-15  1.20E+03  1.19E+03  1.20E+03
  3.16E+18  1.29E+01  9.56E-09  3.10E+03  2.77E-15  1.20E+03  1.20E+03  1.20E+03
  5.62E+18  2.29E+01  1.04E-08  3.34E+03  2.77E-15  1.20E+03  1.20E+03  1.20E+03
  1.00E+19  4.06E+01  1.11E-08  3.56E+03  2.77E-15  1.20E+03  1.20E+03  1.20E+03
