          *** MOLPOP-CEP; version of Mar 11, 2019 ***

* Sample Run for SiO
* Modeling conditions similar to SiO masers in AGB stars
* Includes the first 20 rotation levels of the lowest 4 vibration states
*
      Solution method is Slab (Capriotti) escape probability 
      Molecule data file --- DataBase/SiO.molecule                                                                                                           
      Number of levels = 80

        Collision information:
    1.  Relative weight of collision partner =  1.00
        Collision rates from data file DataBase/Coll/SiO_H2_vib.kij

      Tgas = 1200.0 K
      n_tot =  1.00E+09 cm-3

      Molecule --- SiO
      No considerations of dust absorption
      No considerations of Line Overlap
      Maser saturation effects included

      External Radiation field includes:
        - 2.725K Cosmic Background
        - Black-body with T = 2500.0K  Dilution factor =  2.00E-06
        - Dust with Td =  500.0 K and Tau(v) =  1.00E+00
          Dust properties from file DataBase/Standard_ISM.dat
 Using INCREASING strategy
------------------------------------------------------------------------------

      *** All optical depths are listed at line center ***

 Correct for Finite Number of Rotational Levels
 Using Method of Lockett & Elitzur 1992, ApJ 399, 704:
 The molecular Density of 1.00E+05 cm^-3 is renormalized
     in level population calculations to 2.94E+04 cm^-3

***  INITIAL GUESS ***

  Molecular column = 0.00E+00 cm-2/kms      Total emission = 6.74E-16 erg/s/mol

  Populations:
     level  n_i/g_i/nmol   n(i)/n*     T_ex(i,1)    emission     %
                                           K        erg/s/mol
        1    2.966E-03    1.299E+00    0.000E+00    0.000E+00    0
        2    2.967E-03    1.301E+00   -7.165E+03    7.811E-24    0
        3    2.951E-03    1.299E+00    1.243E+03    2.486E-22    0
        4    2.942E-03    1.301E+00    1.517E+03    1.882E-21    0
        5    2.917E-03    1.299E+00    1.242E+03    7.863E-21    0
        6    2.897E-03    1.302E+00    1.319E+03    2.383E-20    0
        7    2.863E-03    1.300E+00    1.242E+03    5.861E-20    0
        8    2.832E-03    1.302E+00    1.264E+03    1.253E-19    0
        9    2.792E-03    1.301E+00    1.241E+03    2.408E-19    0
       10    2.750E-03    1.302E+00    1.241E+03    4.275E-19    0
       11    2.704E-03    1.303E+00    1.240E+03    7.118E-19    0
       12    2.652E-03    1.302E+00    1.227E+03    1.124E-18    0
       13    2.601E-03    1.304E+00    1.239E+03    1.704E-18    0
       14    2.538E-03    1.301E+00    1.217E+03    2.480E-18    0
       15    2.485E-03    1.306E+00    1.237E+03    3.518E-18    1
       16    2.410E-03    1.300E+00    1.205E+03    4.817E-18    1
       17    2.357E-03    1.307E+00    1.234E+03    6.505E-18    1
       18    2.264E-03    1.293E+00    1.180E+03    8.459E-18    1
       19    2.214E-03    1.304E+00    1.218E+03    1.101E-17    2
       20    1.994E-03    1.214E+00    9.972E+02    1.299E-17    2
       21    1.196E-06    2.287E-03    2.263E+02    1.926E-18    0
       22    1.192E-06    2.284E-03    2.265E+02    5.758E-18    1
       23    1.189E-06    2.285E-03    2.270E+02    9.572E-18    1
       24    1.180E-06    2.280E-03    2.275E+02    1.330E-17    2
       25    1.171E-06    2.279E-03    2.284E+02    1.697E-17    3
       26    1.158E-06    2.273E-03    2.294E+02    2.051E-17    3
       27    1.145E-06    2.270E-03    2.306E+02    2.395E-17    4
       28    1.129E-06    2.266E-03    2.320E+02    2.726E-17    4
       29    1.112E-06    2.262E-03    2.337E+02    3.042E-17    5
       30    1.093E-06    2.259E-03    2.356E+02    3.343E-17    5
       31    1.071E-06    2.252E-03    2.376E+02    3.620E-17    5
       32    1.050E-06    2.250E-03    2.398E+02    3.887E-17    6
       33    1.024E-06    2.240E-03    2.422E+02    4.119E-17    6
       34    1.001E-06    2.240E-03    2.449E+02    4.350E-17    6
       35    9.708E-07    2.225E-03    2.475E+02    4.529E-17    7
       36    9.476E-07    2.229E-03    2.506E+02    4.726E-17    7
       37    9.121E-07    2.205E-03    2.536E+02    4.842E-17    7
       38    8.896E-07    2.215E-03    2.571E+02    5.007E-17    7
       39    8.326E-07    2.138E-03    2.596E+02    4.954E-17    7
       40    8.171E-07    2.168E-03    2.638E+02    2.555E-17    4
       41    1.242E-08    1.023E-04    2.843E+02    3.913E-20    0
       42    1.253E-08    1.034E-04    2.847E+02    1.185E-19    0
       43    1.225E-08    1.014E-04    2.845E+02    1.929E-19    0
       44    1.227E-08    1.021E-04    2.850E+02    2.706E-19    0
       45    1.192E-08    9.982E-05    2.850E+02    3.379E-19    0
       46    1.180E-08    9.971E-05    2.856E+02    4.090E-19    0
       47    1.146E-08    9.785E-05    2.860E+02    4.695E-19    0
       48    1.122E-08    9.695E-05    2.866E+02    5.303E-19    0
       49    1.090E-08    9.543E-05    2.873E+02    5.835E-19    0
       50    1.056E-08    9.388E-05    2.880E+02    6.317E-19    0
       51    1.020E-08    9.229E-05    2.889E+02    6.747E-19    0
       52    9.775E-09    9.012E-05    2.897E+02    7.080E-19    0
       53    9.378E-09    8.825E-05    2.907E+02    7.382E-19    0
       54    8.920E-09    8.583E-05    2.916E+02    7.583E-19    0
       55    8.480E-09    8.357E-05    2.927E+02    7.742E-19    0
       56    8.015E-09    8.105E-05    2.939E+02    7.821E-19    0
       57    7.513E-09    7.809E-05    2.949E+02    7.804E-19    0
       58    7.086E-09    7.582E-05    2.963E+02    7.805E-19    0
       59    6.537E-09    7.213E-05    2.973E+02    7.610E-19    0
       60    1.073E-08    1.223E-04    3.122E+02    6.564E-19    0
       61    1.797E-10    6.281E-06    3.162E+02    8.430E-22    0
       62    1.817E-10    6.362E-06    3.166E+02    2.557E-21    0
       63    1.770E-10    6.219E-06    3.163E+02    4.152E-21    0
       64    1.776E-10    6.270E-06    3.168E+02    5.830E-21    0
       65    1.719E-10    6.112E-06    3.166E+02    7.257E-21    0
       66    1.703E-10    6.107E-06    3.171E+02    8.787E-21    0
       67    1.650E-10    5.976E-06    3.172E+02    1.006E-20    0
       68    1.614E-10    5.914E-06    3.176E+02    1.135E-20    0
       69    1.563E-10    5.809E-06    3.180E+02    1.246E-20    0
       70    1.511E-10    5.701E-06    3.185E+02    1.346E-20    0
       71    1.457E-10    5.592E-06    3.190E+02    1.435E-20    0
       72    1.392E-10    5.441E-06    3.194E+02    1.500E-20    0
       73    1.332E-10    5.314E-06    3.201E+02    1.560E-20    0
       74    1.261E-10    5.144E-06    3.206E+02    1.596E-20    0
       75    1.195E-10    4.992E-06    3.212E+02    1.624E-20    0
       76    1.123E-10    4.813E-06    3.219E+02    1.631E-20    0
       77    1.048E-10    4.615E-06    3.225E+02    1.620E-20    0
       78    9.815E-11    4.449E-06    3.233E+02    1.609E-20    0
       79    9.039E-11    4.225E-06    3.238E+02    1.566E-20    0
       80    1.605E-10    7.748E-06    3.373E+02    1.461E-20    0

------------------------------------------------------------------------------

ABOUT TO CALL SOLVE. R =  1.000E+10

  Molecular column = 1.00E+15 cm-2/kms      Total emission = 6.52E-16 erg/s/mol

  The top emitting lines are:

        i    j  wavelength    tau    beta       Tex      emission   %
                  micron                         K       erg/s/mol
       40   19  7.967E+00  9.16E-03  9.81E-01  2.29E+02  2.50E-17   4
       39   20  8.331E+00  9.75E-03  9.80E-01  2.22E+02  2.47E-17   4
       38   19  8.319E+00  9.88E-03  9.80E-01  2.21E+02  2.46E-17   4
       39   18  7.975E+00  9.00E-03  9.81E-01  2.28E+02  2.45E-17   4
       38   17  7.983E+00  8.82E-03  9.82E-01  2.29E+02  2.43E-17   4
       37   18  8.308E+00  9.61E-03  9.80E-01  2.22E+02  2.40E-17   4
       37   16  7.991E+00  8.55E-03  9.82E-01  2.29E+02  2.36E-17   4
       36   17  8.297E+00  9.32E-03  9.81E-01  2.22E+02  2.35E-17   4
       36   15  7.999E+00  8.27E-03  9.82E-01  2.29E+02  2.29E-17   4
       35   16  8.286E+00  8.94E-03  9.81E-01  2.22E+02  2.26E-17   3
       35   14  8.008E+00  7.93E-03  9.83E-01  2.28E+02  2.19E-17   3
       34   15  8.275E+00  8.55E-03  9.82E-01  2.22E+02  2.18E-17   3
       34   13  8.016E+00  7.56E-03  9.84E-01  2.28E+02  2.09E-17   3
       33   14  8.265E+00  8.09E-03  9.83E-01  2.23E+02  2.08E-17   3
       33   12  8.024E+00  7.14E-03  9.85E-01  2.28E+02  1.98E-17   3
       32   13  8.254E+00  7.61E-03  9.84E-01  2.23E+02  1.97E-17   3
       32   11  8.033E+00  6.69E-03  9.85E-01  2.28E+02  1.86E-17   3
       31   12  8.243E+00  7.10E-03  9.85E-01  2.23E+02  1.85E-17   3
       31   10  8.042E+00  6.21E-03  9.86E-01  2.28E+02  1.72E-17   3
       30   11  8.233E+00  6.55E-03  9.86E-01  2.24E+02  1.72E-17   3
       30    9  8.050E+00  5.69E-03  9.87E-01  2.28E+02  1.58E-17   2
       29   10  8.222E+00  5.97E-03  9.87E-01  2.24E+02  1.57E-17   2
       29    8  8.059E+00  5.15E-03  9.88E-01  2.28E+02  1.43E-17   2
       28    9  8.212E+00  5.37E-03  9.88E-01  2.24E+02  1.43E-17   2
       28    7  8.068E+00  4.57E-03  9.89E-01  2.28E+02  1.27E-17   2
       27    8  8.202E+00  4.75E-03  9.89E-01  2.25E+02  1.27E-17   2
       27    6  8.077E+00  3.98E-03  9.91E-01  2.27E+02  1.10E-17   2
       26    7  8.192E+00  4.10E-03  9.90E-01  2.25E+02  1.10E-17   2
       26    5  8.086E+00  3.35E-03  9.92E-01  2.27E+02  9.32E-18   1
       25    6  8.182E+00  3.44E-03  9.92E-01  2.25E+02  9.31E-18   1
       19   18  3.838E+02  2.63E-01  7.60E-01  1.14E+03  8.29E-18   1
       20   19  3.636E+02  5.72E-01  6.20E-01  5.54E+02  8.24E-18   1
       25    4  8.095E+00  2.71E-03  9.93E-01  2.27E+02  7.54E-18   1
       24    5  8.172E+00  2.77E-03  9.93E-01  2.25E+02  7.52E-18   1
       18   17  4.063E+02  2.68E-01  7.57E-01  1.03E+03  6.41E-18   1
       24    3  8.105E+00  2.05E-03  9.95E-01  2.27E+02  5.70E-18   1
       23    4  8.162E+00  2.08E-03  9.95E-01  2.26E+02  5.70E-18   1
       17   16  4.317E+02  2.01E-01  7.98E-01  1.25E+03  5.17E-18   1
       16   15  4.604E+02  2.02E-01  7.97E-01  1.12E+03  3.84E-18   1
       23    2  8.114E+00  1.38E-03  9.96E-01  2.27E+02  3.83E-18   1
       22    3  8.152E+00  1.39E-03  9.96E-01  2.26E+02  3.82E-18   1

  Inverted lines:

        i    j  wavelength    tau     Tex        eta
                  micron               K

       42   41  7.003E+03 -2.64E-08 -1.97E+02  5.22E-03
       44   43  2.334E+03 -2.19E-08 -2.10E+03  1.47E-03
       60   59  3.687E+02 -1.62E-05 -7.86E+01  2.43E-01
       62   61  7.052E+03 -4.57E-10 -1.66E+02  6.16E-03
       64   63  2.350E+03 -4.76E-10 -1.40E+03  2.18E-03
       80   79  3.713E+02 -2.75E-07 -6.72E+01  2.81E-01
------------------------------------------------------------------------------


  Molecular column = 1.78E+15 cm-2/kms      Total emission = 6.42E-16 erg/s/mol

  The top emitting lines are:

        i    j  wavelength    tau    beta       Tex      emission   %
                  micron                         K       erg/s/mol
       40   19  7.967E+00  1.63E-02  9.69E-01  2.29E+02  2.47E-17   4
       39   20  8.331E+00  1.75E-02  9.68E-01  2.22E+02  2.45E-17   4
       38   19  8.319E+00  1.76E-02  9.67E-01  2.21E+02  2.43E-17   4
       39   18  7.975E+00  1.60E-02  9.70E-01  2.29E+02  2.43E-17   4
       38   17  7.983E+00  1.57E-02  9.70E-01  2.29E+02  2.40E-17   4
       37   18  8.308E+00  1.71E-02  9.68E-01  2.22E+02  2.38E-17   4
       37   16  7.991E+00  1.52E-02  9.71E-01  2.29E+02  2.33E-17   4
       36   17  8.297E+00  1.66E-02  9.69E-01  2.22E+02  2.32E-17   4
       36   15  7.999E+00  1.47E-02  9.72E-01  2.29E+02  2.26E-17   4
       35   16  8.286E+00  1.59E-02  9.70E-01  2.22E+02  2.24E-17   3
       35   14  8.008E+00  1.41E-02  9.73E-01  2.28E+02  2.17E-17   3
       34   15  8.275E+00  1.52E-02  9.71E-01  2.23E+02  2.16E-17   3
       34   13  8.016E+00  1.34E-02  9.74E-01  2.28E+02  2.07E-17   3
       33   14  8.265E+00  1.44E-02  9.72E-01  2.23E+02  2.06E-17   3
       33   12  8.024E+00  1.27E-02  9.75E-01  2.28E+02  1.96E-17   3
       32   13  8.254E+00  1.35E-02  9.74E-01  2.23E+02  1.95E-17   3
       32   11  8.033E+00  1.19E-02  9.76E-01  2.28E+02  1.84E-17   3
       31   12  8.243E+00  1.26E-02  9.75E-01  2.23E+02  1.83E-17   3
       31   10  8.042E+00  1.10E-02  9.78E-01  2.28E+02  1.71E-17   3
       30   11  8.233E+00  1.16E-02  9.77E-01  2.24E+02  1.70E-17   3
       30    9  8.050E+00  1.01E-02  9.79E-01  2.28E+02  1.57E-17   2
       29   10  8.222E+00  1.06E-02  9.78E-01  2.24E+02  1.56E-17   2
       29    8  8.059E+00  9.15E-03  9.81E-01  2.28E+02  1.42E-17   2
       28    9  8.212E+00  9.55E-03  9.80E-01  2.24E+02  1.42E-17   2
       28    7  8.068E+00  8.13E-03  9.83E-01  2.28E+02  1.26E-17   2
       27    8  8.202E+00  8.44E-03  9.82E-01  2.25E+02  1.26E-17   2
       27    6  8.077E+00  7.07E-03  9.85E-01  2.27E+02  1.10E-17   2
       26    7  8.192E+00  7.29E-03  9.84E-01  2.25E+02  1.10E-17   2
       26    5  8.086E+00  5.96E-03  9.87E-01  2.27E+02  9.27E-18   1
       25    6  8.182E+00  6.12E-03  9.86E-01  2.25E+02  9.26E-18   1
       25    4  8.095E+00  4.82E-03  9.89E-01  2.27E+02  7.50E-18   1
       24    5  8.172E+00  4.92E-03  9.89E-01  2.25E+02  7.49E-18   1
       19   18  3.838E+02  4.75E-01  6.57E-01  1.12E+03  7.16E-18   1
       20   19  3.636E+02  9.18E-01  5.17E-01  6.15E+02  6.93E-18   1
       24    3  8.105E+00  3.64E-03  9.91E-01  2.27E+02  5.68E-18   1
       23    4  8.162E+00  3.70E-03  9.91E-01  2.26E+02  5.68E-18   1
       18   17  4.063E+02  4.63E-01  6.61E-01  1.06E+03  5.60E-18   1
       17   16  4.317E+02  3.65E-01  7.06E-01  1.23E+03  4.56E-18   1
       23    2  8.114E+00  2.45E-03  9.94E-01  2.27E+02  3.82E-18   1
       22    3  8.152E+00  2.47E-03  9.94E-01  2.26E+02  3.81E-18   1
       16   15  4.604E+02  3.55E-01  7.10E-01  1.14E+03  3.42E-18   1

  Inverted lines:

        i    j  wavelength    tau     Tex        eta
                  micron               K

       42   41  7.003E+03 -4.81E-08 -1.92E+02  5.34E-03
       44   43  2.334E+03 -4.22E-08 -1.94E+03  1.59E-03
       60   59  3.687E+02 -2.89E-05 -7.85E+01  2.43E-01
       62   61  7.052E+03 -8.29E-10 -1.62E+02  6.29E-03
       64   63  2.350E+03 -8.97E-10 -1.32E+03  2.31E-03
       80   79  3.713E+02 -4.90E-07 -6.71E+01  2.81E-01
------------------------------------------------------------------------------


  Molecular column = 3.16E+15 cm-2/kms      Total emission = 6.28E-16 erg/s/mol

  The top emitting lines are:

        i    j  wavelength    tau    beta       Tex      emission   %
                  micron                         K       erg/s/mol
       40   19  7.967E+00  2.90E-02  9.51E-01  2.29E+02  2.43E-17   4
       39   20  8.331E+00  3.12E-02  9.48E-01  2.22E+02  2.41E-17   4
       39   18  7.975E+00  2.84E-02  9.52E-01  2.29E+02  2.40E-17   4
       38   19  8.319E+00  3.12E-02  9.49E-01  2.21E+02  2.39E-17   4
       38   17  7.983E+00  2.78E-02  9.53E-01  2.29E+02  2.36E-17   4
       37   18  8.308E+00  3.04E-02  9.50E-01  2.22E+02  2.33E-17   4
       37   16  7.991E+00  2.70E-02  9.54E-01  2.29E+02  2.30E-17   4
       36   17  8.297E+00  2.94E-02  9.51E-01  2.22E+02  2.28E-17   4
       36   15  7.999E+00  2.61E-02  9.55E-01  2.29E+02  2.23E-17   4
       35   16  8.286E+00  2.82E-02  9.52E-01  2.22E+02  2.20E-17   4
       35   14  8.008E+00  2.50E-02  9.57E-01  2.28E+02  2.14E-17   3
       34   15  8.275E+00  2.70E-02  9.54E-01  2.23E+02  2.12E-17   3
       34   13  8.016E+00  2.39E-02  9.58E-01  2.28E+02  2.04E-17   3
       33   14  8.265E+00  2.56E-02  9.56E-01  2.23E+02  2.02E-17   3
       33   12  8.024E+00  2.26E-02  9.60E-01  2.28E+02  1.93E-17   3
       32   13  8.254E+00  2.40E-02  9.58E-01  2.23E+02  1.92E-17   3
       32   11  8.033E+00  2.11E-02  9.62E-01  2.28E+02  1.82E-17   3
       31   12  8.243E+00  2.24E-02  9.60E-01  2.24E+02  1.80E-17   3
       31   10  8.042E+00  1.96E-02  9.64E-01  2.28E+02  1.69E-17   3
       30   11  8.233E+00  2.07E-02  9.63E-01  2.24E+02  1.68E-17   3
       30    9  8.050E+00  1.80E-02  9.67E-01  2.28E+02  1.55E-17   2
       29   10  8.222E+00  1.89E-02  9.66E-01  2.24E+02  1.54E-17   2
       29    8  8.059E+00  1.63E-02  9.69E-01  2.28E+02  1.41E-17   2
       28    9  8.212E+00  1.70E-02  9.68E-01  2.24E+02  1.40E-17   2
       28    7  8.068E+00  1.45E-02  9.72E-01  2.28E+02  1.25E-17   2
       27    8  8.202E+00  1.50E-02  9.71E-01  2.25E+02  1.25E-17   2
       27    6  8.077E+00  1.26E-02  9.75E-01  2.27E+02  1.09E-17   2
       26    7  8.192E+00  1.30E-02  9.75E-01  2.25E+02  1.09E-17   2
       26    5  8.086E+00  1.06E-02  9.79E-01  2.27E+02  9.21E-18   1
       25    6  8.182E+00  1.09E-02  9.78E-01  2.25E+02  9.19E-18   1
       25    4  8.095E+00  8.56E-03  9.82E-01  2.27E+02  7.46E-18   1
       24    5  8.172E+00  8.74E-03  9.82E-01  2.25E+02  7.44E-18   1
       19   18  3.838E+02  8.43E-01  5.36E-01  1.12E+03  5.84E-18   1
       24    3  8.105E+00  6.47E-03  9.86E-01  2.27E+02  5.65E-18   1
       23    4  8.162E+00  6.58E-03  9.86E-01  2.26E+02  5.65E-18   1
       20   19  3.636E+02  1.47E+00  4.12E-01  6.87E+02  5.55E-18   1
       18   17  4.063E+02  8.04E-01  5.47E-01  1.08E+03  4.63E-18   1
       17   16  4.317E+02  6.56E-01  5.91E-01  1.21E+03  3.82E-18   1
       23    2  8.114E+00  4.35E-03  9.90E-01  2.27E+02  3.80E-18   1
       22    3  8.152E+00  4.39E-03  9.90E-01  2.26E+02  3.80E-18   1

  Inverted lines:

        i    j  wavelength    tau     Tex        eta
                  micron               K

       42   41  7.003E+03 -8.73E-08 -1.88E+02  5.46E-03
       44   43  2.334E+03 -8.06E-08 -1.80E+03  1.71E-03
       60   59  3.687E+02 -5.14E-05 -7.85E+01  2.43E-01
       62   61  7.052E+03 -1.50E-09 -1.59E+02  6.42E-03
       64   63  2.350E+03 -1.68E-09 -1.25E+03  2.44E-03
       80   79  3.713E+02 -8.72E-07 -6.71E+01  2.81E-01
------------------------------------------------------------------------------


  Molecular column = 5.62E+15 cm-2/kms      Total emission = 6.09E-16 erg/s/mol

  The top emitting lines are:

        i    j  wavelength    tau    beta       Tex      emission   %
                  micron                         K       erg/s/mol
       40   19  7.967E+00  5.15E-02  9.24E-01  2.29E+02  2.37E-17   4
       39   20  8.331E+00  5.59E-02  9.19E-01  2.22E+02  2.35E-17   4
       39   18  7.975E+00  5.06E-02  9.25E-01  2.29E+02  2.34E-17   4
       38   19  8.319E+00  5.56E-02  9.20E-01  2.21E+02  2.32E-17   4
       38   17  7.983E+00  4.95E-02  9.26E-01  2.29E+02  2.30E-17   4
       37   18  8.308E+00  5.40E-02  9.21E-01  2.22E+02  2.27E-17   4
       37   16  7.991E+00  4.80E-02  9.28E-01  2.29E+02  2.24E-17   4
       36   17  8.297E+00  5.23E-02  9.23E-01  2.22E+02  2.22E-17   4
       36   15  7.999E+00  4.64E-02  9.30E-01  2.29E+02  2.17E-17   4
       35   16  8.286E+00  5.02E-02  9.26E-01  2.22E+02  2.14E-17   4
       35   14  8.008E+00  4.45E-02  9.32E-01  2.29E+02  2.09E-17   3
       34   15  8.275E+00  4.79E-02  9.28E-01  2.23E+02  2.07E-17   3
       34   13  8.016E+00  4.24E-02  9.35E-01  2.29E+02  2.00E-17   3
       33   14  8.265E+00  4.54E-02  9.31E-01  2.23E+02  1.98E-17   3
       33   12  8.024E+00  4.01E-02  9.37E-01  2.28E+02  1.89E-17   3
       32   13  8.254E+00  4.27E-02  9.34E-01  2.23E+02  1.88E-17   3
       32   11  8.033E+00  3.76E-02  9.41E-01  2.28E+02  1.78E-17   3
       31   12  8.243E+00  3.98E-02  9.38E-01  2.24E+02  1.77E-17   3
       31   10  8.042E+00  3.49E-02  9.44E-01  2.28E+02  1.66E-17   3
       30   11  8.233E+00  3.68E-02  9.41E-01  2.24E+02  1.65E-17   3
       30    9  8.050E+00  3.20E-02  9.48E-01  2.28E+02  1.53E-17   3
       29   10  8.222E+00  3.35E-02  9.46E-01  2.24E+02  1.51E-17   2
       29    8  8.059E+00  2.89E-02  9.52E-01  2.28E+02  1.38E-17   2
       28    9  8.212E+00  3.02E-02  9.50E-01  2.24E+02  1.38E-17   2
       28    7  8.068E+00  2.57E-02  9.56E-01  2.28E+02  1.23E-17   2
       27    8  8.202E+00  2.67E-02  9.55E-01  2.25E+02  1.23E-17   2
       27    6  8.077E+00  2.23E-02  9.61E-01  2.27E+02  1.07E-17   2
       26    7  8.192E+00  2.30E-02  9.60E-01  2.25E+02  1.07E-17   2
       26    5  8.086E+00  1.88E-02  9.66E-01  2.27E+02  9.10E-18   1
       25    6  8.182E+00  1.93E-02  9.65E-01  2.25E+02  9.07E-18   1
       25    4  8.095E+00  1.52E-02  9.71E-01  2.27E+02  7.38E-18   1
       24    5  8.172E+00  1.55E-02  9.71E-01  2.25E+02  7.37E-18   1
       24    3  8.105E+00  1.15E-02  9.77E-01  2.27E+02  5.61E-18   1
       23    4  8.162E+00  1.17E-02  9.77E-01  2.26E+02  5.60E-18   1
       19   18  3.838E+02  1.48E+00  4.10E-01  1.14E+03  4.47E-18   1
       20   19  3.636E+02  2.35E+00  3.12E-01  7.65E+02  4.23E-18   1
       23    2  8.114E+00  7.73E-03  9.83E-01  2.27E+02  3.78E-18   1
       22    3  8.152E+00  7.81E-03  9.83E-01  2.26E+02  3.77E-18   1
       18   17  4.063E+02  1.40E+00  4.23E-01  1.11E+03  3.58E-18   1

  Inverted lines:

        i    j  wavelength    tau     Tex        eta
                  micron               K

       42   41  7.003E+03 -1.58E-07 -1.85E+02  5.56E-03
       44   43  2.334E+03 -1.52E-07 -1.70E+03  1.82E-03
       60   59  3.687E+02 -9.15E-05 -7.85E+01  2.44E-01
       62   61  7.052E+03 -2.72E-09 -1.56E+02  6.52E-03
       64   63  2.350E+03 -3.13E-09 -1.20E+03  2.56E-03
       80   79  3.713E+02 -1.55E-06 -6.70E+01  2.81E-01
------------------------------------------------------------------------------


  Molecular column = 1.00E+16 cm-2/kms      Total emission = 5.84E-16 erg/s/mol

  The top emitting lines are:

        i    j  wavelength    tau    beta       Tex      emission   %
                  micron                         K       erg/s/mol
       40   19  7.967E+00  9.17E-02  8.83E-01  2.29E+02  2.28E-17   4
       39   18  7.975E+00  8.99E-02  8.85E-01  2.29E+02  2.26E-17   4
       39   20  8.331E+00  1.00E-01  8.76E-01  2.22E+02  2.26E-17   4
       38   19  8.319E+00  9.89E-02  8.77E-01  2.22E+02  2.22E-17   4
       38   17  7.983E+00  8.79E-02  8.87E-01  2.29E+02  2.21E-17   4
       37   18  8.308E+00  9.61E-02  8.79E-01  2.22E+02  2.18E-17   4
       37   16  7.991E+00  8.53E-02  8.89E-01  2.29E+02  2.15E-17   4
       36   17  8.297E+00  9.29E-02  8.82E-01  2.22E+02  2.13E-17   4
       36   15  7.999E+00  8.24E-02  8.92E-01  2.29E+02  2.09E-17   4
       35   16  8.286E+00  8.92E-02  8.86E-01  2.22E+02  2.06E-17   4
       35   14  8.008E+00  7.90E-02  8.95E-01  2.29E+02  2.01E-17   3
       34   15  8.275E+00  8.52E-02  8.89E-01  2.23E+02  1.99E-17   3
       34   13  8.016E+00  7.53E-02  8.99E-01  2.29E+02  1.93E-17   3
       33   14  8.265E+00  8.07E-02  8.94E-01  2.23E+02  1.90E-17   3
       33   12  8.024E+00  7.12E-02  9.03E-01  2.29E+02  1.83E-17   3
       32   13  8.254E+00  7.59E-02  8.98E-01  2.23E+02  1.81E-17   3
       32   11  8.033E+00  6.68E-02  9.08E-01  2.28E+02  1.73E-17   3
       31   12  8.243E+00  7.08E-02  9.04E-01  2.24E+02  1.71E-17   3
       31   10  8.042E+00  6.20E-02  9.13E-01  2.28E+02  1.61E-17   3
       30   11  8.233E+00  6.53E-02  9.09E-01  2.24E+02  1.60E-17   3
       30    9  8.050E+00  5.68E-02  9.18E-01  2.28E+02  1.48E-17   3
       29   10  8.222E+00  5.96E-02  9.15E-01  2.24E+02  1.47E-17   3
       29    8  8.059E+00  5.14E-02  9.24E-01  2.28E+02  1.35E-17   2
       28    9  8.212E+00  5.36E-02  9.22E-01  2.25E+02  1.34E-17   2
       28    7  8.068E+00  4.56E-02  9.31E-01  2.28E+02  1.20E-17   2
       27    8  8.202E+00  4.74E-02  9.29E-01  2.25E+02  1.20E-17   2
       27    6  8.077E+00  3.97E-02  9.38E-01  2.28E+02  1.05E-17   2
       26    7  8.192E+00  4.10E-02  9.36E-01  2.25E+02  1.05E-17   2
       26    5  8.086E+00  3.35E-02  9.46E-01  2.27E+02  8.94E-18   2
       25    6  8.182E+00  3.44E-02  9.45E-01  2.25E+02  8.90E-18   2
       25    4  8.095E+00  2.70E-02  9.54E-01  2.27E+02  7.27E-18   1
       24    5  8.172E+00  2.76E-02  9.53E-01  2.26E+02  7.25E-18   1
       24    3  8.105E+00  2.05E-02  9.63E-01  2.27E+02  5.54E-18   1
       23    4  8.162E+00  2.08E-02  9.63E-01  2.26E+02  5.53E-18   1
       23    2  8.114E+00  1.37E-02  9.73E-01  2.27E+02  3.75E-18   1
       22    3  8.152E+00  1.39E-02  9.73E-01  2.26E+02  3.74E-18   1
       19   18  3.838E+02  2.57E+00  2.94E-01  1.16E+03  3.21E-18   1
       20   19  3.636E+02  3.79E+00  2.25E-01  8.45E+02  3.07E-18   1

  Inverted lines:

        i    j  wavelength    tau     Tex        eta
                  micron               K

       42   41  7.003E+03 -2.86E-07 -1.82E+02  5.65E-03
       44   43  2.334E+03 -2.85E-07 -1.61E+03  1.91E-03
       60   59  3.687E+02 -1.63E-04 -7.85E+01  2.44E-01
       62   61  7.052E+03 -4.90E-09 -1.54E+02  6.62E-03
       64   63  2.350E+03 -5.78E-09 -1.15E+03  2.65E-03
       80   79  3.713E+02 -2.76E-06 -6.70E+01  2.82E-01
------------------------------------------------------------------------------


  Molecular column = 1.78E+16 cm-2/kms      Total emission = 5.52E-16 erg/s/mol

  The top emitting lines are:

        i    j  wavelength    tau    beta       Tex      emission   %
                  micron                         K       erg/s/mol
       40   19  7.967E+00  1.63E-01  8.25E-01  2.29E+02  2.16E-17   4
       39   18  7.975E+00  1.60E-01  8.27E-01  2.29E+02  2.13E-17   4
       39   20  8.331E+00  1.79E-01  8.14E-01  2.22E+02  2.12E-17   4
       38   17  7.983E+00  1.56E-01  8.30E-01  2.29E+02  2.09E-17   4
       38   19  8.319E+00  1.76E-01  8.16E-01  2.22E+02  2.08E-17   4
       37   18  8.308E+00  1.71E-01  8.19E-01  2.22E+02  2.04E-17   4
       37   16  7.991E+00  1.52E-01  8.33E-01  2.29E+02  2.03E-17   4
       36   17  8.297E+00  1.65E-01  8.23E-01  2.22E+02  2.00E-17   4
       36   15  7.999E+00  1.46E-01  8.37E-01  2.29E+02  1.98E-17   4
       35   16  8.286E+00  1.59E-01  8.28E-01  2.23E+02  1.94E-17   4
       35   14  8.008E+00  1.40E-01  8.42E-01  2.29E+02  1.91E-17   3
       34   15  8.275E+00  1.51E-01  8.34E-01  2.23E+02  1.88E-17   3
       34   13  8.016E+00  1.34E-01  8.47E-01  2.29E+02  1.83E-17   3
       33   14  8.265E+00  1.43E-01  8.40E-01  2.23E+02  1.80E-17   3
       33   12  8.024E+00  1.27E-01  8.53E-01  2.29E+02  1.74E-17   3
       32   13  8.254E+00  1.35E-01  8.46E-01  2.24E+02  1.72E-17   3
       32   11  8.033E+00  1.19E-01  8.60E-01  2.29E+02  1.65E-17   3
       31   12  8.243E+00  1.26E-01  8.54E-01  2.24E+02  1.62E-17   3
       31   10  8.042E+00  1.10E-01  8.67E-01  2.28E+02  1.54E-17   3
       30   11  8.233E+00  1.16E-01  8.62E-01  2.24E+02  1.52E-17   3
       30    9  8.050E+00  1.01E-01  8.75E-01  2.28E+02  1.42E-17   3
       29   10  8.222E+00  1.06E-01  8.71E-01  2.24E+02  1.41E-17   3
       29    8  8.059E+00  9.13E-02  8.84E-01  2.28E+02  1.30E-17   2
       28    9  8.212E+00  9.53E-02  8.80E-01  2.25E+02  1.29E-17   2
       28    7  8.068E+00  8.11E-02  8.93E-01  2.28E+02  1.16E-17   2
       27    8  8.202E+00  8.42E-02  8.90E-01  2.25E+02  1.15E-17   2
       27    6  8.077E+00  7.05E-02  9.04E-01  2.28E+02  1.02E-17   2
       26    7  8.192E+00  7.28E-02  9.02E-01  2.25E+02  1.01E-17   2
       26    5  8.086E+00  5.95E-02  9.15E-01  2.28E+02  8.69E-18   2
       25    6  8.182E+00  6.11E-02  9.14E-01  2.25E+02  8.65E-18   2
       25    4  8.095E+00  4.81E-02  9.28E-01  2.27E+02  7.10E-18   1
       24    5  8.172E+00  4.91E-02  9.27E-01  2.26E+02  7.08E-18   1
       24    3  8.105E+00  3.64E-02  9.42E-01  2.27E+02  5.44E-18   1
       23    4  8.162E+00  3.70E-02  9.41E-01  2.26E+02  5.42E-18   1
       23    2  8.114E+00  2.44E-02  9.58E-01  2.27E+02  3.70E-18   1
       22    3  8.152E+00  2.47E-02  9.57E-01  2.26E+02  3.69E-18   1

  Inverted lines:

        i    j  wavelength    tau     Tex        eta
                  micron               K

       42   41  7.003E+03 -5.15E-07 -1.79E+02  5.72E-03
       44   43  2.334E+03 -5.28E-07 -1.55E+03  1.99E-03
       60   59  3.687E+02 -2.90E-04 -7.85E+01  2.43E-01
       62   61  7.052E+03 -8.82E-09 -1.52E+02  6.70E-03
       64   63  2.350E+03 -1.06E-08 -1.12E+03  2.74E-03
       80   79  3.713E+02 -4.92E-06 -6.69E+01  2.82E-01
------------------------------------------------------------------------------


  Molecular column = 3.16E+16 cm-2/kms      Total emission = 5.10E-16 erg/s/mol

  The top emitting lines are:

        i    j  wavelength    tau    beta       Tex      emission   %
                  micron                         K       erg/s/mol
       40   19  7.967E+00  2.90E-01  7.44E-01  2.30E+02  1.98E-17   4
       39   18  7.975E+00  2.84E-01  7.47E-01  2.30E+02  1.95E-17   4
       39   20  8.331E+00  3.19E-01  7.29E-01  2.22E+02  1.92E-17   4
       38   17  7.983E+00  2.78E-01  7.51E-01  2.30E+02  1.91E-17   4
       38   19  8.319E+00  3.13E-01  7.32E-01  2.22E+02  1.89E-17   4
       37   16  7.991E+00  2.70E-01  7.56E-01  2.30E+02  1.87E-17   4
       37   18  8.308E+00  3.04E-01  7.37E-01  2.22E+02  1.86E-17   4
       36   17  8.297E+00  2.94E-01  7.42E-01  2.23E+02  1.82E-17   4
       36   15  7.999E+00  2.60E-01  7.61E-01  2.29E+02  1.82E-17   4
       35   16  8.286E+00  2.82E-01  7.49E-01  2.23E+02  1.78E-17   3
       35   14  8.008E+00  2.50E-01  7.68E-01  2.29E+02  1.76E-17   3
       34   15  8.275E+00  2.69E-01  7.56E-01  2.23E+02  1.72E-17   3
       34   13  8.016E+00  2.38E-01  7.75E-01  2.29E+02  1.69E-17   3
       33   14  8.265E+00  2.55E-01  7.64E-01  2.24E+02  1.66E-17   3
       33   12  8.024E+00  2.25E-01  7.83E-01  2.29E+02  1.62E-17   3
       32   13  8.254E+00  2.40E-01  7.74E-01  2.24E+02  1.59E-17   3
       32   11  8.033E+00  2.11E-01  7.92E-01  2.29E+02  1.53E-17   3
       31   12  8.243E+00  2.24E-01  7.84E-01  2.24E+02  1.51E-17   3
       31   10  8.042E+00  1.96E-01  8.02E-01  2.29E+02  1.44E-17   3
       30   11  8.233E+00  2.06E-01  7.95E-01  2.25E+02  1.42E-17   3
       30    9  8.050E+00  1.79E-01  8.13E-01  2.29E+02  1.34E-17   3
       29   10  8.222E+00  1.88E-01  8.07E-01  2.25E+02  1.32E-17   3
       29    8  8.059E+00  1.62E-01  8.25E-01  2.28E+02  1.22E-17   2
       28    9  8.212E+00  1.69E-01  8.20E-01  2.25E+02  1.21E-17   2
       28    7  8.068E+00  1.44E-01  8.39E-01  2.28E+02  1.10E-17   2
       27    8  8.202E+00  1.50E-01  8.35E-01  2.25E+02  1.09E-17   2
       27    6  8.077E+00  1.25E-01  8.54E-01  2.28E+02  9.72E-18   2
       26    7  8.192E+00  1.29E-01  8.51E-01  2.25E+02  9.65E-18   2
       26    5  8.086E+00  1.06E-01  8.71E-01  2.28E+02  8.34E-18   2
       25    6  8.182E+00  1.09E-01  8.68E-01  2.26E+02  8.28E-18   2
       25    4  8.095E+00  8.55E-02  8.89E-01  2.28E+02  6.85E-18   1
       24    5  8.172E+00  8.73E-02  8.87E-01  2.26E+02  6.82E-18   1
       24    3  8.105E+00  6.46E-02  9.10E-01  2.27E+02  5.29E-18   1
       23    4  8.162E+00  6.57E-02  9.09E-01  2.26E+02  5.26E-18   1
       23    2  8.114E+00  4.34E-02  9.33E-01  2.27E+02  3.62E-18   1
       22    3  8.152E+00  4.38E-02  9.33E-01  2.26E+02  3.61E-18   1

  Inverted lines:

        i    j  wavelength    tau     Tex        eta
                  micron               K

       22   21  6.954E+03 -5.53E-06 -2.85E+03  3.63E-04
       42   41  7.003E+03 -9.24E-07 -1.78E+02  5.78E-03
       44   43  2.334E+03 -9.74E-07 -1.49E+03  2.07E-03
       60   59  3.687E+02 -5.16E-04 -7.86E+01  2.43E-01
       62   61  7.052E+03 -1.58E-08 -1.51E+02  6.75E-03
       64   63  2.350E+03 -1.93E-08 -1.09E+03  2.80E-03
       80   79  3.713E+02 -8.75E-06 -6.69E+01  2.82E-01
------------------------------------------------------------------------------


  Molecular column = 5.62E+16 cm-2/kms      Total emission = 4.58E-16 erg/s/mol

  The top emitting lines are:

        i    j  wavelength    tau    beta       Tex      emission   %
                  micron                         K       erg/s/mol
       40   19  7.967E+00  5.16E-01  6.40E-01  2.31E+02  1.75E-17   4
       39   18  7.975E+00  5.06E-01  6.44E-01  2.30E+02  1.72E-17   4
       38   17  7.983E+00  4.94E-01  6.49E-01  2.30E+02  1.69E-17   4
       39   20  8.331E+00  5.68E-01  6.21E-01  2.23E+02  1.67E-17   4
       37   16  7.991E+00  4.79E-01  6.55E-01  2.30E+02  1.65E-17   4
       38   19  8.319E+00  5.57E-01  6.25E-01  2.23E+02  1.65E-17   4
       37   18  8.308E+00  5.40E-01  6.31E-01  2.23E+02  1.62E-17   4
       36   15  7.999E+00  4.63E-01  6.62E-01  2.30E+02  1.61E-17   4
       36   17  8.297E+00  5.22E-01  6.38E-01  2.23E+02  1.60E-17   3
       35   14  8.008E+00  4.44E-01  6.70E-01  2.30E+02  1.56E-17   3
       35   16  8.286E+00  5.01E-01  6.46E-01  2.24E+02  1.56E-17   3
       34   15  8.275E+00  4.78E-01  6.55E-01  2.24E+02  1.52E-17   3
       34   13  8.016E+00  4.23E-01  6.79E-01  2.30E+02  1.51E-17   3
       33   14  8.265E+00  4.53E-01  6.66E-01  2.24E+02  1.47E-17   3
       33   12  8.024E+00  4.00E-01  6.89E-01  2.30E+02  1.45E-17   3
       32   13  8.254E+00  4.26E-01  6.77E-01  2.25E+02  1.42E-17   3
       32   11  8.033E+00  3.75E-01  7.01E-01  2.30E+02  1.38E-17   3
       31   12  8.243E+00  3.97E-01  6.90E-01  2.25E+02  1.35E-17   3
       31   10  8.042E+00  3.48E-01  7.14E-01  2.29E+02  1.30E-17   3
       30   11  8.233E+00  3.67E-01  7.05E-01  2.25E+02  1.28E-17   3
       30    9  8.050E+00  3.19E-01  7.29E-01  2.29E+02  1.22E-17   3
       29   10  8.222E+00  3.35E-01  7.21E-01  2.25E+02  1.20E-17   3
       29    8  8.059E+00  2.89E-01  7.45E-01  2.29E+02  1.12E-17   2
       28    9  8.212E+00  3.01E-01  7.38E-01  2.26E+02  1.11E-17   2
       28    7  8.068E+00  2.56E-01  7.64E-01  2.29E+02  1.02E-17   2
       27    8  8.202E+00  2.66E-01  7.58E-01  2.26E+02  1.01E-17   2
       27    6  8.077E+00  2.23E-01  7.84E-01  2.28E+02  9.05E-18   2
       26    7  8.192E+00  2.30E-01  7.80E-01  2.26E+02  8.96E-18   2
       26    5  8.086E+00  1.88E-01  8.07E-01  2.28E+02  7.83E-18   2
       25    6  8.182E+00  1.93E-01  8.04E-01  2.26E+02  7.75E-18   2
       25    4  8.095E+00  1.52E-01  8.33E-01  2.28E+02  6.50E-18   1
       24    5  8.172E+00  1.55E-01  8.31E-01  2.26E+02  6.45E-18   1
       24    3  8.105E+00  1.15E-01  8.63E-01  2.28E+02  5.06E-18   1
       23    4  8.162E+00  1.17E-01  8.61E-01  2.26E+02  5.02E-18   1
       23    2  8.114E+00  7.71E-02  8.97E-01  2.27E+02  3.51E-18   1
       22    3  8.152E+00  7.80E-02  8.96E-01  2.26E+02  3.49E-18   1

  Inverted lines:

        i    j  wavelength    tau     Tex        eta
                  micron               K

       22   21  6.954E+03 -3.04E-05 -9.30E+02  1.11E-03
       23   22  3.476E+03 -2.90E-05 -3.89E+03  5.31E-04
       42   41  7.003E+03 -1.66E-06 -1.76E+02  5.84E-03
       44   43  2.334E+03 -1.87E-06 -1.38E+03  2.23E-03
       60   59  3.687E+02 -9.18E-04 -7.87E+01  2.43E-01
       62   61  7.052E+03 -2.83E-08 -1.50E+02  6.80E-03
       64   63  2.350E+03 -3.50E-08 -1.07E+03  2.85E-03
       80   79  3.713E+02 -1.56E-05 -6.69E+01  2.82E-01
------------------------------------------------------------------------------


  Molecular column = 1.00E+17 cm-2/kms      Total emission = 3.96E-16 erg/s/mol

  The top emitting lines are:

        i    j  wavelength    tau    beta       Tex      emission   %
                  micron                         K       erg/s/mol
       40   19  7.967E+00  9.18E-01  5.17E-01  2.32E+02  1.48E-17   4
       39   18  7.975E+00  9.00E-01  5.22E-01  2.31E+02  1.44E-17   4
       38   17  7.983E+00  8.78E-01  5.27E-01  2.31E+02  1.41E-17   4
       37   16  7.991E+00  8.52E-01  5.34E-01  2.31E+02  1.39E-17   4
       39   20  8.331E+00  1.01E+00  4.95E-01  2.23E+02  1.38E-17   3
       36   15  7.999E+00  8.23E-01  5.42E-01  2.31E+02  1.36E-17   3
       38   19  8.319E+00  9.90E-01  5.00E-01  2.24E+02  1.36E-17   3
       37   18  8.308E+00  9.61E-01  5.07E-01  2.24E+02  1.35E-17   3
       36   17  8.297E+00  9.28E-01  5.15E-01  2.24E+02  1.33E-17   3
       35   14  8.008E+00  7.89E-01  5.51E-01  2.31E+02  1.33E-17   3
       35   16  8.286E+00  8.91E-01  5.24E-01  2.25E+02  1.31E-17   3
       34   13  8.016E+00  7.52E-01  5.61E-01  2.31E+02  1.29E-17   3
       34   15  8.275E+00  8.50E-01  5.34E-01  2.25E+02  1.28E-17   3
       33   14  8.265E+00  8.06E-01  5.46E-01  2.25E+02  1.25E-17   3
       33   12  8.024E+00  7.11E-01  5.74E-01  2.31E+02  1.25E-17   3
       32   13  8.254E+00  7.58E-01  5.60E-01  2.26E+02  1.21E-17   3
       32   11  8.033E+00  6.66E-01  5.88E-01  2.31E+02  1.20E-17   3
       31   12  8.243E+00  7.06E-01  5.75E-01  2.26E+02  1.16E-17   3
       31   10  8.042E+00  6.18E-01  6.03E-01  2.30E+02  1.14E-17   3
       30   11  8.233E+00  6.52E-01  5.92E-01  2.26E+02  1.11E-17   3
       30    9  8.050E+00  5.67E-01  6.21E-01  2.30E+02  1.07E-17   3
       29   10  8.222E+00  5.95E-01  6.11E-01  2.26E+02  1.05E-17   3
       29    8  8.059E+00  5.13E-01  6.42E-01  2.30E+02  9.94E-18   3
       28    9  8.212E+00  5.35E-01  6.33E-01  2.26E+02  9.75E-18   2
       28    7  8.068E+00  4.56E-01  6.65E-01  2.30E+02  9.11E-18   2
       27    8  8.202E+00  4.73E-01  6.57E-01  2.26E+02  8.94E-18   2
       27    6  8.077E+00  3.96E-01  6.91E-01  2.29E+02  8.17E-18   2
       26    7  8.192E+00  4.09E-01  6.85E-01  2.27E+02  8.05E-18   2
       26    5  8.086E+00  3.34E-01  7.21E-01  2.29E+02  7.15E-18   2
       25    6  8.182E+00  3.43E-01  7.16E-01  2.27E+02  7.05E-18   2
       25    4  8.095E+00  2.70E-01  7.56E-01  2.29E+02  6.01E-18   2
       24    5  8.172E+00  2.76E-01  7.52E-01  2.27E+02  5.94E-18   2
       24    3  8.105E+00  2.04E-01  7.96E-01  2.28E+02  4.75E-18   1
       23    4  8.162E+00  2.08E-01  7.94E-01  2.27E+02  4.70E-18   1
       23    2  8.114E+00  1.37E-01  8.45E-01  2.28E+02  3.35E-18   1
       22    3  8.152E+00  1.39E-01  8.43E-01  2.27E+02  3.32E-18   1

  Inverted lines:

        i    j  wavelength    tau     Tex        eta
                  micron               K

       22   21  6.954E+03 -1.12E-04 -4.52E+02  2.29E-03
       23   22  3.476E+03 -2.08E-04 -9.76E+02  2.12E-03
       24   23  2.317E+03 -1.30E-04 -3.53E+03  8.80E-04
       42   41  7.003E+03 -3.03E-06 -1.71E+02  5.99E-03
       44   43  2.334E+03 -3.40E-06 -1.35E+03  2.28E-03
       60   59  3.687E+02 -1.63E-03 -7.88E+01  2.43E-01
       62   61  7.052E+03 -5.07E-08 -1.49E+02  6.84E-03
       64   63  2.350E+03 -6.32E-08 -1.06E+03  2.90E-03
       80   79  3.713E+02 -2.77E-05 -6.69E+01  2.82E-01
------------------------------------------------------------------------------


  Molecular column = 1.78E+17 cm-2/kms      Total emission = 3.28E-16 erg/s/mol

  The top emitting lines are:

        i    j  wavelength    tau    beta       Tex      emission   %
                  micron                         K       erg/s/mol
       40   19  7.967E+00  1.63E+00  3.88E-01  2.34E+02  1.19E-17   4
       39   18  7.975E+00  1.60E+00  3.92E-01  2.33E+02  1.14E-17   3
       38   17  7.983E+00  1.56E+00  3.98E-01  2.33E+02  1.13E-17   3
       37   16  7.991E+00  1.52E+00  4.04E-01  2.33E+02  1.11E-17   3
       36   15  7.999E+00  1.46E+00  4.12E-01  2.33E+02  1.10E-17   3
       39   20  8.331E+00  1.80E+00  3.67E-01  2.25E+02  1.08E-17   3
       35   14  8.008E+00  1.40E+00  4.22E-01  2.33E+02  1.07E-17   3
       38   19  8.319E+00  1.76E+00  3.72E-01  2.25E+02  1.07E-17   3
       37   18  8.308E+00  1.71E+00  3.78E-01  2.25E+02  1.06E-17   3
       36   17  8.297E+00  1.65E+00  3.86E-01  2.26E+02  1.06E-17   3
       34   13  8.016E+00  1.34E+00  4.32E-01  2.32E+02  1.05E-17   3
       35   16  8.286E+00  1.58E+00  3.95E-01  2.26E+02  1.04E-17   3
       34   15  8.275E+00  1.51E+00  4.05E-01  2.27E+02  1.03E-17   3
       33   12  8.024E+00  1.26E+00  4.45E-01  2.32E+02  1.02E-17   3
       33   14  8.265E+00  1.43E+00  4.17E-01  2.27E+02  1.01E-17   3
       32   11  8.033E+00  1.18E+00  4.60E-01  2.32E+02  9.87E-18   3
       32   13  8.254E+00  1.35E+00  4.31E-01  2.27E+02  9.82E-18   3
       31   12  8.243E+00  1.26E+00  4.47E-01  2.27E+02  9.49E-18   3
       31   10  8.042E+00  1.10E+00  4.77E-01  2.32E+02  9.44E-18   3
       30   11  8.233E+00  1.16E+00  4.65E-01  2.27E+02  9.14E-18   3
       30    9  8.050E+00  1.01E+00  4.96E-01  2.32E+02  8.98E-18   3
       29   10  8.222E+00  1.06E+00  4.85E-01  2.27E+02  8.69E-18   3
       29    8  8.059E+00  9.12E-01  5.19E-01  2.31E+02  8.42E-18   3
       28    9  8.212E+00  9.52E-01  5.09E-01  2.28E+02  8.19E-18   2
       28    7  8.068E+00  8.10E-01  5.45E-01  2.31E+02  7.80E-18   2
       27    8  8.202E+00  8.41E-01  5.37E-01  2.28E+02  7.59E-18   2
       27    6  8.077E+00  7.04E-01  5.76E-01  2.30E+02  7.09E-18   2
       26    7  8.192E+00  7.27E-01  5.69E-01  2.28E+02  6.93E-18   2
       26    5  8.086E+00  5.94E-01  6.12E-01  2.30E+02  6.29E-18   2
       25    6  8.182E+00  6.10E-01  6.06E-01  2.28E+02  6.16E-18   2
       25    4  8.095E+00  4.80E-01  6.55E-01  2.29E+02  5.38E-18   2
       24    5  8.172E+00  4.90E-01  6.50E-01  2.27E+02  5.28E-18   2
       24    3  8.105E+00  3.63E-01  7.06E-01  2.29E+02  4.33E-18   1
       23    4  8.162E+00  3.69E-01  7.04E-01  2.27E+02  4.26E-18   1
       23    2  8.114E+00  2.44E-01  7.71E-01  2.28E+02  3.13E-18   1
       22    3  8.152E+00  2.46E-01  7.69E-01  2.27E+02  3.08E-18   1
       22    1  8.123E+00  1.23E-01  8.56E-01  2.28E+02  1.72E-18   1
       21    2  8.142E+00  1.23E-01  8.56E-01  2.27E+02  1.70E-18   1

  Inverted lines:

        i    j  wavelength    tau     Tex        eta
                  micron               K

       22   21  6.954E+03 -3.70E-04 -2.47E+02  4.18E-03
       23   22  3.476E+03 -8.51E-04 -4.34E+02  4.77E-03
       24   23  2.317E+03 -9.00E-04 -9.31E+02  3.34E-03
       25   24  1.738E+03 -5.38E-04 -2.78E+03  1.49E-03
       26   25  1.391E+03 -1.20E-04 -1.94E+04  2.66E-04
       42   41  7.003E+03 -5.44E-06 -1.70E+02  6.03E-03
       44   43  2.334E+03 -6.47E-06 -1.27E+03  2.43E-03
       60   59  3.687E+02 -2.91E-03 -7.91E+01  2.42E-01
       62   61  7.052E+03 -9.07E-08 -1.48E+02  6.88E-03
       64   63  2.350E+03 -1.14E-07 -1.04E+03  2.94E-03
       80   79  3.713E+02 -4.94E-05 -6.69E+01  2.82E-01
------------------------------------------------------------------------------


  Molecular column = 3.16E+17 cm-2/kms      Total emission = 2.62E-16 erg/s/mol

  The top emitting lines are:

        i    j  wavelength    tau    beta       Tex      emission   %
                  micron                         K       erg/s/mol
       40   19  7.967E+00  2.90E+00  2.72E-01  2.37E+02  9.29E-18   4
       39   18  7.975E+00  2.84E+00  2.75E-01  2.36E+02  8.77E-18   3
       38   17  7.983E+00  2.78E+00  2.80E-01  2.36E+02  8.66E-18   3
       37   16  7.991E+00  2.69E+00  2.85E-01  2.35E+02  8.55E-18   3
       36   15  7.999E+00  2.60E+00  2.92E-01  2.35E+02  8.49E-18   3
       35   14  8.008E+00  2.49E+00  3.00E-01  2.35E+02  8.34E-18   3
       34   13  8.016E+00  2.38E+00  3.09E-01  2.35E+02  8.21E-18   3
       39   20  8.331E+00  3.21E+00  2.54E-01  2.28E+02  8.18E-18   3
       38   19  8.319E+00  3.13E+00  2.58E-01  2.28E+02  8.12E-18   3
       37   18  8.308E+00  3.04E+00  2.63E-01  2.28E+02  8.07E-18   3
       36   17  8.297E+00  2.93E+00  2.70E-01  2.29E+02  8.06E-18   3
       33   12  8.024E+00  2.25E+00  3.20E-01  2.35E+02  8.00E-18   3
       35   16  8.286E+00  2.82E+00  2.77E-01  2.29E+02  7.98E-18   3
       34   15  8.275E+00  2.69E+00  2.86E-01  2.29E+02  7.91E-18   3
       32   11  8.033E+00  2.11E+00  3.34E-01  2.35E+02  7.79E-18   3
       33   14  8.265E+00  2.55E+00  2.96E-01  2.29E+02  7.77E-18   3
       32   13  8.254E+00  2.40E+00  3.08E-01  2.30E+02  7.63E-18   3
       31   10  8.042E+00  1.96E+00  3.49E-01  2.34E+02  7.51E-18   3
       31   12  8.243E+00  2.23E+00  3.22E-01  2.30E+02  7.42E-18   3
       30    9  8.050E+00  1.79E+00  3.68E-01  2.34E+02  7.20E-18   3
       30   11  8.233E+00  2.06E+00  3.38E-01  2.30E+02  7.20E-18   3
       29   10  8.222E+00  1.88E+00  3.57E-01  2.30E+02  6.90E-18   3
       29    8  8.059E+00  1.62E+00  3.89E-01  2.33E+02  6.82E-18   3
       28    9  8.212E+00  1.69E+00  3.80E-01  2.30E+02  6.57E-18   3
       28    7  8.068E+00  1.44E+00  4.16E-01  2.33E+02  6.39E-18   2
       27    8  8.202E+00  1.50E+00  4.07E-01  2.30E+02  6.16E-18   2
       27    6  8.077E+00  1.25E+00  4.47E-01  2.32E+02  5.89E-18   2
       26    7  8.192E+00  1.29E+00  4.40E-01  2.29E+02  5.70E-18   2
       26    5  8.086E+00  1.06E+00  4.86E-01  2.32E+02  5.31E-18   2
       25    6  8.182E+00  1.08E+00  4.80E-01  2.29E+02  5.15E-18   2
       25    4  8.095E+00  8.54E-01  5.34E-01  2.31E+02  4.63E-18   2
       24    5  8.172E+00  8.72E-01  5.29E-01  2.29E+02  4.50E-18   2
       24    3  8.105E+00  6.46E-01  5.94E-01  2.30E+02  3.82E-18   1
       23    4  8.162E+00  6.56E-01  5.91E-01  2.28E+02  3.72E-18   1
       23    2  8.114E+00  4.34E-01  6.74E-01  2.30E+02  2.84E-18   1
       22    3  8.152E+00  4.38E-01  6.72E-01  2.28E+02  2.77E-18   1
       22    1  8.123E+00  2.18E-01  7.87E-01  2.29E+02  1.63E-18   1
       21    2  8.142E+00  2.19E-01  7.86E-01  2.28E+02  1.60E-18   1

  Inverted lines:

        i    j  wavelength    tau     Tex        eta
                  micron               K

       22   21  6.954E+03 -1.18E-03 -1.42E+02  7.30E-03
       23   22  3.476E+03 -3.03E-03 -2.24E+02  9.24E-03
       24   23  2.317E+03 -3.69E-03 -4.21E+02  7.38E-03
       25   24  1.738E+03 -3.51E-03 -7.97E+02  5.19E-03
       26   25  1.391E+03 -3.01E-03 -1.47E+03  3.53E-03
       27   26  1.159E+03 -1.16E-03 -5.49E+03  1.13E-03
       28   27  9.932E+02 -3.93E-04 -2.21E+04  3.27E-04
       40   39  3.661E+02 -2.14E-02 -2.40E+03  8.17E-03
       42   41  7.003E+03 -9.94E-06 -1.66E+02  6.18E-03
       44   43  2.334E+03 -1.27E-05 -1.15E+03  2.68E-03
       60   59  3.687E+02 -5.19E-03 -7.95E+01  2.41E-01
       62   61  7.052E+03 -1.63E-07 -1.48E+02  6.92E-03
       64   63  2.350E+03 -2.08E-07 -1.02E+03  3.00E-03
       80   79  3.713E+02 -8.79E-05 -6.70E+01  2.81E-01
------------------------------------------------------------------------------


  Molecular column = 5.62E+17 cm-2/kms      Total emission = 2.06E-16 erg/s/mol

  The top emitting lines are:

        i    j  wavelength    tau    beta       Tex      emission   %
                  micron                         K       erg/s/mol
       40   19  7.967E+00  5.16E+00  1.77E-01  2.42E+02  7.04E-18   3
       39   18  7.975E+00  5.06E+00  1.80E-01  2.40E+02  6.59E-18   3
       38   17  7.983E+00  4.94E+00  1.83E-01  2.40E+02  6.52E-18   3
       37   16  7.991E+00  4.79E+00  1.87E-01  2.40E+02  6.45E-18   3
       36   15  7.999E+00  4.62E+00  1.93E-01  2.40E+02  6.43E-18   3
       35   14  8.008E+00  4.44E+00  1.99E-01  2.39E+02  6.35E-18   3
       34   13  8.016E+00  4.23E+00  2.07E-01  2.39E+02  6.28E-18   3
       33   12  8.024E+00  4.00E+00  2.16E-01  2.39E+02  6.16E-18   3
       39   20  8.331E+00  5.70E+00  1.63E-01  2.32E+02  6.05E-18   3
       32   11  8.033E+00  3.75E+00  2.27E-01  2.39E+02  6.04E-18   3
       38   19  8.319E+00  5.57E+00  1.66E-01  2.32E+02  6.02E-18   3
       36   17  8.297E+00  5.22E+00  1.75E-01  2.33E+02  6.01E-18   3
       37   18  8.308E+00  5.40E+00  1.70E-01  2.32E+02  5.99E-18   3
       35   16  8.286E+00  5.01E+00  1.81E-01  2.33E+02  5.97E-18   3
       34   15  8.275E+00  4.78E+00  1.88E-01  2.33E+02  5.95E-18   3
       33   14  8.265E+00  4.53E+00  1.96E-01  2.33E+02  5.87E-18   3
       31   10  8.042E+00  3.48E+00  2.40E-01  2.38E+02  5.86E-18   3
       32   13  8.254E+00  4.26E+00  2.06E-01  2.34E+02  5.81E-18   3
       31   12  8.243E+00  3.97E+00  2.17E-01  2.34E+02  5.68E-18   3
       30    9  8.050E+00  3.19E+00  2.55E-01  2.38E+02  5.65E-18   3
       30   11  8.233E+00  3.67E+00  2.31E-01  2.34E+02  5.55E-18   3
       29    8  8.059E+00  2.88E+00  2.73E-01  2.37E+02  5.37E-18   3
       29   10  8.222E+00  3.34E+00  2.47E-01  2.33E+02  5.37E-18   3
       28    9  8.212E+00  3.01E+00  2.65E-01  2.33E+02  5.13E-18   2
       28    7  8.068E+00  2.56E+00  2.95E-01  2.37E+02  5.08E-18   2
       27    8  8.202E+00  2.66E+00  2.88E-01  2.33E+02  4.84E-18   2
       27    6  8.077E+00  2.23E+00  3.22E-01  2.36E+02  4.72E-18   2
       26    7  8.192E+00  2.30E+00  3.16E-01  2.32E+02  4.52E-18   2
       26    5  8.086E+00  1.88E+00  3.58E-01  2.35E+02  4.32E-18   2
       25    6  8.182E+00  1.93E+00  3.52E-01  2.32E+02  4.14E-18   2
       25    4  8.095E+00  1.52E+00  4.04E-01  2.34E+02  3.84E-18   2
       24    5  8.172E+00  1.55E+00  3.99E-01  2.31E+02  3.68E-18   2
       24    3  8.105E+00  1.15E+00  4.67E-01  2.33E+02  3.25E-18   2
       23    4  8.162E+00  1.17E+00  4.63E-01  2.30E+02  3.12E-18   2
       23    2  8.114E+00  7.71E-01  5.56E-01  2.32E+02  2.51E-18   1
       22    3  8.152E+00  7.79E-01  5.54E-01  2.30E+02  2.40E-18   1
       22    1  8.123E+00  3.88E-01  6.95E-01  2.30E+02  1.51E-18   1
       21    2  8.142E+00  3.90E-01  6.94E-01  2.29E+02  1.47E-18   1

  Inverted lines:

        i    j  wavelength    tau     Tex        eta
                  micron               K

       22   21  6.954E+03 -3.78E-03 -8.25E+01  1.25E-02
       23   22  3.476E+03 -1.04E-02 -1.24E+02  1.67E-02
       24   23  2.317E+03 -1.32E-02 -2.26E+02  1.38E-02
       25   24  1.738E+03 -1.41E-02 -3.85E+02  1.08E-02
       26   25  1.391E+03 -1.34E-02 -6.42E+02  8.06E-03
       27   26  1.159E+03 -9.86E-03 -1.28E+03  4.87E-03
       28   27  9.932E+02 -8.00E-03 -2.16E+03  3.36E-03
       40   39  3.661E+02 -7.47E-02 -1.42E+03  1.38E-02
       42   41  7.003E+03 -1.85E-05 -1.60E+02  6.43E-03
       44   43  2.334E+03 -2.65E-05 -9.90E+02  3.11E-03
       60   59  3.687E+02 -9.27E-03 -8.02E+01  2.39E-01
       62   61  7.052E+03 -2.92E-07 -1.46E+02  6.96E-03
       64   63  2.350E+03 -3.80E-07 -9.94E+02  3.08E-03
       80   79  3.713E+02 -1.57E-04 -6.71E+01  2.81E-01
------------------------------------------------------------------------------


  Molecular column = 1.00E+18 cm-2/kms      Total emission = 1.63E-16 erg/s/mol

  The top emitting lines are:

        i    j  wavelength    tau    beta       Tex      emission   %
                  micron                         K       erg/s/mol
       40   19  7.967E+00  9.17E+00  1.11E-01  2.49E+02  5.39E-18   3
       39   18  7.975E+00  8.99E+00  1.12E-01  2.47E+02  5.05E-18   3
       38   17  7.983E+00  8.77E+00  1.15E-01  2.46E+02  4.99E-18   3
       37   16  7.991E+00  8.52E+00  1.18E-01  2.46E+02  4.93E-18   3
       36   15  7.999E+00  8.22E+00  1.21E-01  2.46E+02  4.92E-18   3
       35   14  8.008E+00  7.89E+00  1.25E-01  2.46E+02  4.86E-18   3
       34   13  8.016E+00  7.51E+00  1.30E-01  2.46E+02  4.82E-18   3
       33   12  8.024E+00  7.10E+00  1.37E-01  2.45E+02  4.73E-18   3
       32   11  8.033E+00  6.66E+00  1.44E-01  2.45E+02  4.64E-18   3
       39   20  8.331E+00  1.01E+01  1.02E-01  2.38E+02  4.62E-18   3
       38   19  8.319E+00  9.90E+00  1.04E-01  2.38E+02  4.58E-18   3
       36   17  8.297E+00  9.27E+00  1.10E-01  2.39E+02  4.58E-18   3
       37   18  8.308E+00  9.60E+00  1.06E-01  2.39E+02  4.56E-18   3
       35   16  8.286E+00  8.90E+00  1.13E-01  2.39E+02  4.55E-18   3
       34   15  8.275E+00  8.49E+00  1.18E-01  2.40E+02  4.54E-18   3
       31   10  8.042E+00  6.18E+00  1.53E-01  2.44E+02  4.51E-18   3
       33   14  8.265E+00  8.05E+00  1.23E-01  2.40E+02  4.48E-18   3
       32   13  8.254E+00  7.57E+00  1.30E-01  2.40E+02  4.44E-18   3
       30    9  8.050E+00  5.67E+00  1.64E-01  2.44E+02  4.38E-18   3
       31   12  8.243E+00  7.06E+00  1.37E-01  2.40E+02  4.34E-18   3
       30   11  8.233E+00  6.52E+00  1.46E-01  2.40E+02  4.25E-18   3
       29    8  8.059E+00  5.13E+00  1.78E-01  2.43E+02  4.20E-18   3
       29   10  8.222E+00  5.95E+00  1.58E-01  2.39E+02  4.11E-18   3
       28    7  8.068E+00  4.55E+00  1.95E-01  2.42E+02  4.00E-18   2
       28    9  8.212E+00  5.35E+00  1.72E-01  2.39E+02  3.96E-18   2
       27    8  8.202E+00  4.73E+00  1.89E-01  2.38E+02  3.77E-18   2
       27    6  8.077E+00  3.96E+00  2.18E-01  2.41E+02  3.77E-18   2
       26    7  8.192E+00  4.09E+00  2.12E-01  2.37E+02  3.55E-18   2
       26    5  8.086E+00  3.34E+00  2.47E-01  2.40E+02  3.49E-18   2
       25    6  8.182E+00  3.43E+00  2.43E-01  2.36E+02  3.30E-18   2
       25    4  8.095E+00  2.70E+00  2.85E-01  2.38E+02  3.13E-18   2
       24    5  8.172E+00  2.76E+00  2.81E-01  2.35E+02  2.96E-18   2
       24    3  8.105E+00  2.04E+00  3.40E-01  2.37E+02  2.71E-18   2
       23    4  8.162E+00  2.07E+00  3.37E-01  2.34E+02  2.54E-18   2
       23    2  8.114E+00  1.37E+00  4.27E-01  2.35E+02  2.16E-18   1
       22    3  8.152E+00  1.39E+00  4.24E-01  2.32E+02  2.02E-18   1
       22    1  8.123E+00  6.89E-01  5.80E-01  2.33E+02  1.39E-18   1
       21    2  8.142E+00  6.93E-01  5.79E-01  2.31E+02  1.32E-18   1

  Inverted lines:

        i    j  wavelength    tau     Tex        eta
                  micron               K

       22   21  6.954E+03 -1.23E-02 -4.90E+01  2.11E-02
       23   22  3.476E+03 -3.48E-02 -7.26E+01  2.85E-02
       24   23  2.317E+03 -4.34E-02 -1.38E+02  2.25E-02
       25   24  1.738E+03 -4.65E-02 -2.38E+02  1.74E-02
       26   25  1.391E+03 -4.68E-02 -3.81E+02  1.36E-02
       27   26  1.159E+03 -4.19E-02 -6.28E+02  9.89E-03
       28   27  9.932E+02 -3.71E-02 -9.83E+02  7.37E-03
       29   28  8.691E+02 -1.73E-02 -2.78E+03  2.98E-03
       30   29  7.726E+02 -9.65E-03 -6.34E+03  1.47E-03
       40   39  3.661E+02 -1.51E-01 -1.53E+03  1.28E-02
       42   41  7.003E+03 -3.55E-05 -1.49E+02  6.88E-03
       44   43  2.334E+03 -5.94E-05 -7.95E+02  3.88E-03
       60   59  3.687E+02 -1.67E-02 -8.13E+01  2.35E-01
       62   61  7.052E+03 -5.27E-07 -1.45E+02  7.03E-03
       64   63  2.350E+03 -7.04E-07 -9.59E+02  3.19E-03
       80   79  3.713E+02 -2.80E-04 -6.73E+01  2.80E-01
------------------------------------------------------------------------------


  Molecular column = 1.78E+18 cm-2/kms      Total emission = 1.33E-16 erg/s/mol

  The top emitting lines are:

        i    j  wavelength    tau    beta       Tex      emission   %
                  micron                         K       erg/s/mol
       40   19  7.967E+00  1.63E+01  6.78E-02  2.58E+02  4.24E-18   3
       39   18  7.975E+00  1.60E+01  6.90E-02  2.56E+02  4.04E-18   3
       38   17  7.983E+00  1.56E+01  7.05E-02  2.56E+02  3.98E-18   3
       37   16  7.991E+00  1.51E+01  7.23E-02  2.55E+02  3.93E-18   3
       36   15  7.999E+00  1.46E+01  7.45E-02  2.55E+02  3.92E-18   3
       35   14  8.008E+00  1.40E+01  7.72E-02  2.55E+02  3.87E-18   3
       34   13  8.016E+00  1.34E+01  8.05E-02  2.55E+02  3.84E-18   3
       33   12  8.024E+00  1.26E+01  8.44E-02  2.54E+02  3.77E-18   3
       32   11  8.033E+00  1.18E+01  8.92E-02  2.54E+02  3.70E-18   3
       39   20  8.331E+00  1.80E+01  6.22E-02  2.47E+02  3.68E-18   3
       38   19  8.319E+00  1.76E+01  6.35E-02  2.47E+02  3.64E-18   3
       36   17  8.297E+00  1.65E+01  6.72E-02  2.48E+02  3.64E-18   3
       37   18  8.308E+00  1.71E+01  6.52E-02  2.48E+02  3.63E-18   3
       35   16  8.286E+00  1.58E+01  6.96E-02  2.48E+02  3.61E-18   3
       34   15  8.275E+00  1.51E+01  7.25E-02  2.48E+02  3.61E-18   3
       31   10  8.042E+00  1.10E+01  9.50E-02  2.53E+02  3.60E-18   3
       33   14  8.265E+00  1.43E+01  7.59E-02  2.48E+02  3.56E-18   3
       32   13  8.254E+00  1.35E+01  8.00E-02  2.48E+02  3.52E-18   3
       30    9  8.050E+00  1.01E+01  1.02E-01  2.52E+02  3.50E-18   3
       31   12  8.243E+00  1.25E+01  8.49E-02  2.48E+02  3.45E-18   3
       30   11  8.233E+00  1.16E+01  9.08E-02  2.48E+02  3.38E-18   3
       29    8  8.059E+00  9.11E+00  1.11E-01  2.51E+02  3.36E-18   3
       29   10  8.222E+00  1.06E+01  9.81E-02  2.48E+02  3.27E-18   2
       28    7  8.068E+00  8.10E+00  1.23E-01  2.50E+02  3.21E-18   2
       28    9  8.212E+00  9.51E+00  1.07E-01  2.47E+02  3.16E-18   2
       27    6  8.077E+00  7.04E+00  1.38E-01  2.49E+02  3.03E-18   2
       27    8  8.202E+00  8.40E+00  1.19E-01  2.46E+02  3.01E-18   2
       26    7  8.192E+00  7.26E+00  1.34E-01  2.45E+02  2.84E-18   2
       26    5  8.086E+00  5.94E+00  1.58E-01  2.48E+02  2.83E-18   2
       25    6  8.182E+00  6.10E+00  1.55E-01  2.44E+02  2.63E-18   2
       25    4  8.095E+00  4.80E+00  1.87E-01  2.46E+02  2.58E-18   2
       24    5  8.172E+00  4.90E+00  1.84E-01  2.42E+02  2.39E-18   2
       24    3  8.105E+00  3.63E+00  2.32E-01  2.44E+02  2.28E-18   2
       23    4  8.162E+00  3.69E+00  2.30E-01  2.40E+02  2.10E-18   2
       23    2  8.114E+00  2.44E+00  3.04E-01  2.41E+02  1.86E-18   1
       22    3  8.152E+00  2.46E+00  3.02E-01  2.37E+02  1.69E-18   1
       22    1  8.123E+00  1.23E+00  4.52E-01  2.38E+02  1.27E-18   1
       21    2  8.142E+00  1.23E+00  4.51E-01  2.35E+02  1.18E-18   1
       60   39  8.045E+00  2.90E-02  9.51E-01  3.49E+02  6.70E-19   1

  Inverted lines:

        i    j  wavelength    tau     Tex        eta
                  micron               K

       22   21  6.954E+03 -4.01E-02 -3.09E+01  3.35E-02
       23   22  3.476E+03 -1.13E-01 -4.73E+01  4.37E-02
       24   23  2.317E+03 -1.37E-01 -9.50E+01  3.27E-02
       25   24  1.738E+03 -1.51E-01 -1.62E+02  2.55E-02
       26   25  1.391E+03 -1.41E-01 -2.83E+02  1.83E-02
       27   26  1.159E+03 -1.22E-01 -4.88E+02  1.27E-02
       28   27  9.932E+02 -1.05E-01 -7.89E+02  9.18E-03
       29   28  8.691E+02 -5.82E-02 -1.88E+03  4.40E-03
       30   29  7.726E+02 -3.71E-02 -3.76E+03  2.48E-03
       40   39  3.661E+02 -1.39E-01 -3.82E+03  5.14E-03
       42   41  7.003E+03 -7.22E-05 -1.33E+02  7.72E-03
       44   43  2.334E+03 -1.48E-04 -5.78E+02  5.33E-03
       60   59  3.687E+02 -3.04E-02 -8.30E+01  2.31E-01
       62   61  7.052E+03 -9.58E-07 -1.43E+02  7.12E-03
       64   63  2.350E+03 -1.33E-06 -9.10E+02  3.36E-03
       80   79  3.713E+02 -5.02E-04 -6.76E+01  2.79E-01
------------------------------------------------------------------------------


  Molecular column = 3.16E+18 cm-2/kms      Total emission = 1.14E-16 erg/s/mol

  The top emitting lines are:

        i    j  wavelength    tau    beta       Tex      emission   %
                  micron                         K       erg/s/mol
       40   19  7.967E+00  2.90E+01  4.11E-02  2.70E+02  3.48E-18   3
       39   18  7.975E+00  2.84E+01  4.18E-02  2.68E+02  3.37E-18   3
       38   17  7.983E+00  2.77E+01  4.27E-02  2.68E+02  3.31E-18   3
       37   16  7.991E+00  2.69E+01  4.39E-02  2.67E+02  3.28E-18   3
       36   15  7.999E+00  2.60E+01  4.53E-02  2.67E+02  3.26E-18   3
       35   14  8.008E+00  2.49E+01  4.69E-02  2.67E+02  3.22E-18   3
       34   13  8.016E+00  2.37E+01  4.90E-02  2.66E+02  3.19E-18   3
       33   12  8.024E+00  2.24E+01  5.14E-02  2.66E+02  3.14E-18   3
       32   11  8.033E+00  2.10E+01  5.44E-02  2.65E+02  3.08E-18   3
       39   20  8.331E+00  3.20E+01  3.76E-02  2.59E+02  3.06E-18   3
       38   19  8.319E+00  3.13E+01  3.84E-02  2.59E+02  3.03E-18   3
       36   17  8.297E+00  2.93E+01  4.07E-02  2.60E+02  3.02E-18   3
       37   18  8.308E+00  3.03E+01  3.95E-02  2.59E+02  3.01E-18   3
       31   10  8.042E+00  1.95E+01  5.81E-02  2.65E+02  3.01E-18   3
       35   16  8.286E+00  2.81E+01  4.22E-02  2.60E+02  3.00E-18   3
       34   15  8.275E+00  2.68E+01  4.40E-02  2.60E+02  2.99E-18   3
       33   14  8.265E+00  2.54E+01  4.61E-02  2.60E+02  2.96E-18   3
       32   13  8.254E+00  2.39E+01  4.86E-02  2.60E+02  2.93E-18   3
       30    9  8.050E+00  1.79E+01  6.26E-02  2.64E+02  2.92E-18   3
       31   12  8.243E+00  2.23E+01  5.17E-02  2.60E+02  2.87E-18   3
       29    8  8.059E+00  1.62E+01  6.82E-02  2.63E+02  2.82E-18   2
       30   11  8.233E+00  2.06E+01  5.54E-02  2.59E+02  2.82E-18   2
       29   10  8.222E+00  1.88E+01  6.00E-02  2.59E+02  2.74E-18   2
       28    7  8.068E+00  1.44E+01  7.55E-02  2.62E+02  2.70E-18   2
       28    9  8.212E+00  1.69E+01  6.58E-02  2.58E+02  2.64E-18   2
       27    6  8.077E+00  1.25E+01  8.51E-02  2.61E+02  2.56E-18   2
       27    8  8.202E+00  1.49E+01  7.32E-02  2.57E+02  2.53E-18   2
       26    5  8.086E+00  1.05E+01  9.83E-02  2.59E+02  2.40E-18   2
       26    7  8.192E+00  1.29E+01  8.28E-02  2.56E+02  2.39E-18   2
       25    6  8.182E+00  1.08E+01  9.61E-02  2.55E+02  2.23E-18   2
       25    4  8.095E+00  8.53E+00  1.17E-01  2.57E+02  2.20E-18   2
       24    5  8.172E+00  8.71E+00  1.15E-01  2.53E+02  2.03E-18   2
       24    3  8.105E+00  6.45E+00  1.48E-01  2.54E+02  1.96E-18   2
       23    4  8.162E+00  6.56E+00  1.46E-01  2.50E+02  1.78E-18   2
       23    2  8.114E+00  4.33E+00  2.03E-01  2.51E+02  1.66E-18   1
       22    3  8.152E+00  4.38E+00  2.01E-01  2.46E+02  1.45E-18   1
       22    1  8.123E+00  2.18E+00  3.27E-01  2.47E+02  1.18E-18   1
       21    2  8.142E+00  2.19E+00  3.26E-01  2.43E+02  1.07E-18   1
       60   39  8.045E+00  7.09E-02  9.04E-01  3.33E+02  6.86E-19   1

  Inverted lines:

        i    j  wavelength    tau     Tex        eta
                  micron               K

       22   21  6.954E+03 -1.30E-01 -2.17E+01  4.77E-02
       23   22  3.476E+03 -3.60E-01 -3.47E+01  5.95E-02
       24   23  2.317E+03 -3.95E-01 -7.88E+01  3.94E-02
       25   24  1.738E+03 -4.02E-01 -1.47E+02  2.82E-02
       26   25  1.391E+03 -3.60E-01 -2.69E+02  1.92E-02
       27   26  1.159E+03 -3.09E-01 -4.66E+02  1.33E-02
       28   27  9.932E+02 -2.53E-01 -7.92E+02  9.14E-03
       29   28  8.691E+02 -1.45E-01 -1.83E+03  4.52E-03
       30   29  7.726E+02 -8.08E-02 -4.19E+03  2.22E-03
       42   41  7.003E+03 -1.61E-04 -1.10E+02  9.37E-03
       44   43  2.334E+03 -4.06E-04 -3.92E+02  7.87E-03
       46   45  1.400E+03 -8.55E-05 -5.11E+03  1.01E-03
       60   59  3.687E+02 -5.70E-02 -8.55E+01  2.24E-01
       62   61  7.052E+03 -1.77E-06 -1.40E+02  7.27E-03
       64   63  2.350E+03 -2.66E-06 -8.26E+02  3.71E-03
       80   79  3.713E+02 -9.04E-04 -6.81E+01  2.77E-01
------------------------------------------------------------------------------


  Molecular column = 5.62E+18 cm-2/kms      Total emission = 1.02E-16 erg/s/mol

  The top emitting lines are:

        i    j  wavelength    tau    beta       Tex      emission   %
                  micron                         K       erg/s/mol
       40   19  7.967E+00  5.15E+01  2.47E-02  2.85E+02  2.99E-18   3
       39   18  7.975E+00  5.05E+01  2.51E-02  2.84E+02  2.91E-18   3
       38   17  7.983E+00  4.92E+01  2.57E-02  2.83E+02  2.86E-18   3
       37   16  7.991E+00  4.78E+01  2.64E-02  2.83E+02  2.83E-18   3
       36   15  7.999E+00  4.61E+01  2.72E-02  2.82E+02  2.82E-18   3
       35   14  8.008E+00  4.43E+01  2.82E-02  2.82E+02  2.79E-18   3
       34   13  8.016E+00  4.22E+01  2.95E-02  2.82E+02  2.76E-18   3
       33   12  8.024E+00  3.99E+01  3.10E-02  2.81E+02  2.72E-18   3
       32   11  8.033E+00  3.74E+01  3.28E-02  2.81E+02  2.67E-18   3
       39   20  8.331E+00  5.69E+01  2.25E-02  2.74E+02  2.64E-18   3
       31   10  8.042E+00  3.47E+01  3.51E-02  2.80E+02  2.61E-18   3
       38   19  8.319E+00  5.55E+01  2.31E-02  2.74E+02  2.61E-18   3
       36   17  8.297E+00  5.20E+01  2.44E-02  2.75E+02  2.60E-18   3
       37   18  8.308E+00  5.39E+01  2.37E-02  2.74E+02  2.60E-18   3
       35   16  8.286E+00  4.99E+01  2.53E-02  2.75E+02  2.59E-18   3
       34   15  8.275E+00  4.77E+01  2.64E-02  2.75E+02  2.58E-18   3
       33   14  8.265E+00  4.52E+01  2.77E-02  2.75E+02  2.56E-18   3
       30    9  8.050E+00  3.18E+01  3.79E-02  2.79E+02  2.55E-18   3
       32   13  8.254E+00  4.25E+01  2.93E-02  2.75E+02  2.53E-18   2
       31   12  8.243E+00  3.96E+01  3.12E-02  2.75E+02  2.49E-18   2
       29    8  8.059E+00  2.88E+01  4.14E-02  2.78E+02  2.47E-18   2
       30   11  8.233E+00  3.66E+01  3.35E-02  2.74E+02  2.45E-18   2
       29   10  8.222E+00  3.34E+01  3.63E-02  2.74E+02  2.39E-18   2
       28    7  8.068E+00  2.56E+01  4.59E-02  2.77E+02  2.38E-18   2
       28    9  8.212E+00  3.00E+01  3.99E-02  2.73E+02  2.32E-18   2
       27    6  8.077E+00  2.22E+01  5.19E-02  2.76E+02  2.27E-18   2
       27    8  8.202E+00  2.65E+01  4.44E-02  2.72E+02  2.23E-18   2
       26    5  8.086E+00  1.87E+01  6.01E-02  2.74E+02  2.14E-18   2
       26    7  8.192E+00  2.29E+01  5.05E-02  2.71E+02  2.13E-18   2
       25    6  8.182E+00  1.92E+01  5.88E-02  2.70E+02  2.00E-18   2
       25    4  8.095E+00  1.52E+01  7.23E-02  2.72E+02  1.98E-18   2
       24    5  8.172E+00  1.55E+01  7.09E-02  2.67E+02  1.83E-18   2
       24    3  8.105E+00  1.15E+01  9.16E-02  2.69E+02  1.79E-18   2
       23    4  8.162E+00  1.16E+01  9.04E-02  2.64E+02  1.62E-18   2
       23    2  8.114E+00  7.70E+00  1.28E-01  2.66E+02  1.54E-18   2
       22    3  8.152E+00  7.78E+00  1.27E-01  2.59E+02  1.33E-18   1
       22    1  8.123E+00  3.87E+00  2.21E-01  2.60E+02  1.16E-18   1
       21    2  8.142E+00  3.89E+00  2.20E-01  2.55E+02  1.03E-18   1
       60   39  8.045E+00  1.81E-01  8.12E-01  3.20E+02  7.07E-19   1

  Inverted lines:

        i    j  wavelength    tau     Tex        eta
                  micron               K

       22   21  6.954E+03 -4.04E-01 -1.78E+01  5.81E-02
       23   22  3.476E+03 -1.04E+00 -3.13E+01  6.61E-02
       24   23  2.317E+03 -1.00E+00 -8.10E+01  3.83E-02
       25   24  1.738E+03 -9.91E-01 -1.56E+02  2.66E-02
       26   25  1.391E+03 -8.32E-01 -3.03E+02  1.71E-02
       27   26  1.159E+03 -7.00E-01 -5.33E+02  1.17E-02
       28   27  9.932E+02 -5.21E-01 -9.94E+02  7.29E-03
       29   28  8.691E+02 -2.76E-01 -2.47E+03  3.35E-03
       30   29  7.726E+02 -7.29E-02 -1.19E+04  7.82E-04
       42   41  7.003E+03 -4.00E-04 -8.32E+01  1.23E-02
       44   43  2.334E+03 -1.22E-03 -2.50E+02  1.23E-02
       46   45  1.400E+03 -7.62E-04 -1.12E+03  4.60E-03
       60   59  3.687E+02 -1.12E-01 -8.92E+01  2.15E-01
       62   61  7.052E+03 -3.36E-06 -1.35E+02  7.58E-03
       64   63  2.350E+03 -5.27E-06 -7.62E+02  4.02E-03
       80   79  3.713E+02 -1.64E-03 -6.91E+01  2.73E-01
------------------------------------------------------------------------------


  Molecular column = 1.00E+19 cm-2/kms      Total emission = 9.44E-17 erg/s/mol

  The top emitting lines are:

        i    j  wavelength    tau    beta       Tex      emission   %
                  micron                         K       erg/s/mol
       40   19  7.967E+00  9.14E+01  1.47E-02  3.04E+02  2.65E-18   3
       39   18  7.975E+00  8.96E+01  1.50E-02  3.03E+02  2.58E-18   3
       38   17  7.983E+00  8.74E+01  1.53E-02  3.02E+02  2.56E-18   3
       37   16  7.991E+00  8.48E+01  1.57E-02  3.02E+02  2.53E-18   3
       36   15  7.999E+00  8.19E+01  1.62E-02  3.01E+02  2.52E-18   3
       35   14  8.008E+00  7.86E+01  1.69E-02  3.01E+02  2.49E-18   3
       34   13  8.016E+00  7.48E+01  1.76E-02  3.01E+02  2.47E-18   3
       33   12  8.024E+00  7.08E+01  1.85E-02  3.00E+02  2.43E-18   3
       32   11  8.033E+00  6.63E+01  1.96E-02  3.00E+02  2.40E-18   3
       31   10  8.042E+00  6.16E+01  2.10E-02  2.99E+02  2.35E-18   2
       39   20  8.331E+00  1.01E+02  1.34E-02  2.93E+02  2.34E-18   2
       38   19  8.319E+00  9.86E+01  1.37E-02  2.93E+02  2.33E-18   2
       36   17  8.297E+00  9.24E+01  1.46E-02  2.93E+02  2.32E-18   2
       37   18  8.308E+00  9.56E+01  1.41E-02  2.93E+02  2.32E-18   2
       35   16  8.286E+00  8.87E+01  1.51E-02  2.93E+02  2.31E-18   2
       34   15  8.275E+00  8.46E+01  1.58E-02  2.94E+02  2.30E-18   2
       30    9  8.050E+00  5.65E+01  2.27E-02  2.98E+02  2.30E-18   2
       33   14  8.265E+00  8.02E+01  1.66E-02  2.94E+02  2.29E-18   2
       32   13  8.254E+00  7.54E+01  1.75E-02  2.94E+02  2.27E-18   2
       29    8  8.059E+00  5.11E+01  2.48E-02  2.97E+02  2.24E-18   2
       31   12  8.243E+00  7.03E+01  1.86E-02  2.93E+02  2.24E-18   2
       30   11  8.233E+00  6.49E+01  2.00E-02  2.93E+02  2.21E-18   2
       28    7  8.068E+00  4.54E+01  2.76E-02  2.96E+02  2.17E-18   2
       29   10  8.222E+00  5.92E+01  2.18E-02  2.93E+02  2.16E-18   2
       28    9  8.212E+00  5.33E+01  2.39E-02  2.92E+02  2.11E-18   2
       27    6  8.077E+00  3.94E+01  3.13E-02  2.95E+02  2.09E-18   2
       27    8  8.202E+00  4.71E+01  2.67E-02  2.92E+02  2.05E-18   2
       26    5  8.086E+00  3.33E+01  3.64E-02  2.93E+02  1.99E-18   2
       26    7  8.192E+00  4.07E+01  3.04E-02  2.91E+02  1.97E-18   2
       25    6  8.182E+00  3.42E+01  3.55E-02  2.89E+02  1.87E-18   2
       25    4  8.095E+00  2.69E+01  4.39E-02  2.91E+02  1.87E-18   2
       24    5  8.172E+00  2.75E+01  4.31E-02  2.87E+02  1.74E-18   2
       24    3  8.105E+00  2.04E+01  5.60E-02  2.89E+02  1.71E-18   2
       23    4  8.162E+00  2.07E+01  5.52E-02  2.84E+02  1.57E-18   2
       23    2  8.114E+00  1.37E+01  7.89E-02  2.85E+02  1.50E-18   2
       22    3  8.152E+00  1.38E+01  7.82E-02  2.79E+02  1.32E-18   1
       22    1  8.123E+00  6.87E+00  1.40E-01  2.80E+02  1.18E-18   1
       21    2  8.142E+00  6.91E+00  1.40E-01  2.74E+02  1.05E-18   1
       60   39  8.045E+00  4.81E-01  6.54E-01  3.11E+02  7.29E-19   1

  Inverted lines:

        i    j  wavelength    tau     Tex        eta
                  micron               K

       22   21  6.954E+03 -1.12E+00 -1.84E+01  5.63E-02
       23   22  3.476E+03 -2.66E+00 -3.46E+01  5.97E-02
       24   23  2.317E+03 -2.36E+00 -9.66E+01  3.21E-02
       25   24  1.738E+03 -2.22E+00 -1.92E+02  2.15E-02
       26   25  1.391E+03 -1.73E+00 -4.00E+02  1.29E-02
       27   26  1.159E+03 -1.36E+00 -7.47E+02  8.31E-03
       28   27  9.932E+02 -8.52E-01 -1.64E+03  4.41E-03
       29   28  8.691E+02 -2.56E-01 -7.18E+03  1.15E-03
       42   41  7.003E+03 -1.14E-03 -5.81E+01  1.77E-02
       43   42  3.500E+03 -7.28E-04 -3.71E+02  5.54E-03
       44   43  2.334E+03 -4.03E-03 -1.55E+02  1.99E-02
       45   44  1.750E+03 -4.63E-04 -2.45E+03  1.68E-03
       46   45  1.400E+03 -3.73E-03 -4.81E+02  1.07E-02
       48   47  1.000E+03 -1.18E-03 -3.01E+03  2.39E-03
       60   59  3.687E+02 -2.45E-01 -9.42E+01  2.04E-01
       62   61  7.052E+03 -6.43E-06 -1.31E+02  7.79E-03
       64   63  2.350E+03 -1.10E-05 -6.78E+02  4.52E-03
       80   79  3.713E+02 -3.01E-03 -7.08E+01  2.67E-01
------------------------------------------------------------------------------


      Normal completion. Molecular column is  1.00E+19 cm-2/kms

        *** SUMMARY ***

        mol column     emission
         cm-2/kms      erg/s/mol
        1.000E+15      6.521E-16
        1.778E+15      6.418E-16
        3.162E+15      6.278E-16
        5.623E+15      6.090E-16
        1.000E+16      5.843E-16
        1.778E+16      5.521E-16
        3.162E+16      5.105E-16
        5.623E+16      4.582E-16
        1.000E+17      3.957E-16
        1.778E+17      3.276E-16
        3.162E+17      2.620E-16
        5.623E+17      2.057E-16
        1.000E+18      1.625E-16
        1.778E+18      1.329E-16
        3.162E+18      1.136E-16
        5.623E+18      1.016E-16
        1.000E+19      9.435E-17

 *** Parameters for selected transitions
     Flux (in W/m2) is integrated over the line
     Io is the source line-center intensity at mu =  0.50 to slab face
     del(Tb) is obtained from (B is the Planck function):
                B(del(Tb)) = I(observed) - B(Tcmb)
     del(TRJ) is obtained from the same with the RJ approximation for B
     Excitation temperature is not part of the output in CEP
                because it changes with position in the slab. The excitation temperature
                will be placed in the file with extension CEP.texc for all column densities
     Maser pumping parameters are tabulated for inverted transitions;
     for definitions see Elitzur 'Astronomical Masers' secs. 4.2 & 7.1,
     and Hollenbach+ 2013, ApJ 773:70
 ***

      6903.86 mic (  43.424 GHz) transition between levels  2 and  1
     Upper Level: v =  0,  J =  1                                                                 
     Lower Level: v =  0,  J =  0                                                                 

    Nmol      tau       Flux   int(Tb dv)   Io      del(Tb)   del(TRJ)     Tex
  cm-2/kms              W/m2     K km/s  W/m2/Hz/st    K         K          K
  1.00E+15  3.80E-04  1.14E-12  2.91E+00  1.42E-18  2.10E+00  1.22E+00  3.22E+03
  1.78E+15  8.76E-04  2.03E-12  5.18E+00  2.52E-18  3.10E+00  2.18E+00  2.49E+03
  3.16E+15  1.90E-03  3.60E-12  9.20E+00  4.48E-18  4.83E+00  3.86E+00  2.04E+03
  5.62E+15  3.91E-03  6.37E-12  1.63E+01  7.94E-18  7.85E+00  6.86E+00  1.76E+03
  1.00E+16  7.74E-03  1.12E-11  2.89E+01  1.41E-17  1.32E+01  1.22E+01  1.58E+03
  1.78E+16  1.50E-02  1.97E-11  5.12E+01  2.48E-17  2.26E+01  2.15E+01  1.45E+03
  3.16E+16  2.82E-02  3.44E-11  9.01E+01  4.35E-17  3.91E+01  3.80E+01  1.37E+03
  5.62E+16  5.23E-02  5.93E-11  1.58E+02  7.56E-17  6.79E+01  6.68E+01  1.31E+03
  1.00E+17  9.60E-02  1.00E-10  2.72E+02  1.29E-16  1.17E+02  1.16E+02  1.27E+03
  1.78E+17  1.75E-01  1.66E-10  4.59E+02  2.12E-16  2.00E+02  1.99E+02  1.24E+03
  3.16E+17  3.18E-01  2.63E-10  7.44E+02  3.31E-16  3.31E+02  3.30E+02  1.22E+03
  5.62E+17  5.76E-01  3.96E-10  1.13E+03  4.72E-16  5.22E+02  5.21E+02  1.19E+03
  1.00E+18  1.05E+00  5.56E-10  1.58E+03  5.92E-16  7.56E+02  7.55E+02  1.17E+03
  1.78E+18  1.92E+00  7.16E-10  1.98E+03  6.41E-16  9.64E+02  9.63E+02  1.13E+03
  3.16E+18  3.54E+00  8.54E-10  2.26E+03  6.30E-16  1.06E+03  1.06E+03  1.09E+03
  5.62E+18  6.61E+00  9.28E-10  2.43E+03  6.01E-16  1.04E+03  1.03E+03  1.04E+03
  1.00E+19  1.22E+01  9.89E-10  2.57E+03  5.78E-16  9.97E+02  9.96E+02  9.98E+02

      3451.95 mic (  86.847 GHz) transition between levels  3 and  2
     Upper Level: v =  0,  J =  2                                                                 
     Lower Level: v =  0,  J =  1                                                                 

    Nmol      tau       Flux   int(Tb dv)   Io      del(Tb)   del(TRJ)     Tex
  cm-2/kms              W/m2     K km/s  W/m2/Hz/st    K         K          K
  1.00E+15  5.17E-03  3.60E-11  1.16E+01  2.25E-17  6.73E+00  4.86E+00  9.45E+02
  1.78E+15  8.81E-03  6.36E-11  2.05E+01  3.98E-17  1.06E+01  8.63E+00  9.86E+02
  3.16E+15  1.50E-02  1.12E-10  3.64E+01  7.04E-17  1.73E+01  1.53E+01  1.03E+03
  5.62E+15  2.57E-02  1.96E-10  6.41E+01  1.24E-16  2.91E+01  2.70E+01  1.07E+03
  1.00E+16  4.43E-02  3.40E-10  1.13E+02  2.16E-16  4.97E+01  4.76E+01  1.10E+03
  1.78E+16  7.67E-02  5.81E-10  1.96E+02  3.72E-16  8.54E+01  8.33E+01  1.13E+03
  3.16E+16  1.34E-01  9.75E-10  3.35E+02  6.26E-16  1.46E+02  1.44E+02  1.15E+03
  5.62E+16  2.35E-01  1.59E-09  5.56E+02  1.01E-15  2.46E+02  2.44E+02  1.17E+03
  1.00E+17  4.15E-01  2.48E-09  8.84E+02  1.53E-15  4.00E+02  3.98E+02  1.17E+03
  1.78E+17  7.35E-01  3.66E-09  1.31E+03  2.10E-15  6.14E+02  6.12E+02  1.18E+03
  3.16E+17  1.31E+00  5.03E-09  1.78E+03  2.53E-15  8.60E+02  8.58E+02  1.18E+03
  5.62E+17  2.33E+00  6.41E-09  2.19E+03  2.70E-15  1.06E+03  1.06E+03  1.18E+03
  1.00E+18  4.16E+00  7.61E-09  2.51E+03  2.71E-15  1.15E+03  1.15E+03  1.17E+03
  1.78E+18  7.46E+00  8.48E-09  2.77E+03  2.69E-15  1.16E+03  1.16E+03  1.16E+03
  3.16E+18  1.35E+01  9.20E-09  2.98E+03  2.65E-15  1.14E+03  1.14E+03  1.15E+03
  5.62E+18  2.43E+01  9.80E-09  3.16E+03  2.61E-15  1.13E+03  1.12E+03  1.13E+03
  1.00E+19  4.40E+01  1.03E-08  3.31E+03  2.56E-15  1.11E+03  1.10E+03  1.11E+03

      6954.10 mic (  43.110 GHz) transition between levels 22 and 21
     Upper Level: v =  1,  J =  1                                                                 
     Lower Level: v =  1,  J =  0                                                                 

    Nmol      tau       Flux   int(Tb dv)   Io      del(Tb)   del(TRJ)     Tex     eta       p1        p2      Gamma1    Gamma2    Gamma
  cm-2/kms              W/m2     K km/s  W/m2/Hz/st    K         K          K                cm-3s-1   cm-3s-1     s-1       s-1       s-1
  1.00E+15  5.54E-07  4.53E-16  1.18E-03  5.65E-22  2.48E-01  4.94E-04  8.95E+02  0.00E+00  0.00E+00  0.00E+00  0.00E+00  0.00E+00  0.00E+00
  1.78E+15  8.78E-07  8.05E-16  2.10E-03  1.01E-21  2.66E-01  8.79E-04  1.00E+03  0.00E+00  0.00E+00  0.00E+00  0.00E+00  0.00E+00  0.00E+00
  3.16E+15  1.34E-06  1.43E-15  3.73E-03  1.79E-21  2.88E-01  1.56E-03  1.17E+03  0.00E+00  0.00E+00  0.00E+00  0.00E+00  0.00E+00  0.00E+00
  5.62E+15  1.89E-06  2.55E-15  6.63E-03  3.18E-21  3.13E-01  2.78E-03  1.48E+03  0.00E+00  0.00E+00  0.00E+00  0.00E+00  0.00E+00  0.00E+00
  1.00E+16  2.22E-06  4.54E-15  1.18E-02  5.67E-21  3.43E-01  4.96E-03  2.23E+03  0.00E+00  0.00E+00  0.00E+00  0.00E+00  0.00E+00  0.00E+00
  1.78E+16  1.10E-06  8.09E-15  2.10E-02  1.01E-20  3.79E-01  8.84E-03  8.06E+03  0.00E+00  0.00E+00  0.00E+00  0.00E+00  0.00E+00  0.00E+00
  3.16E+16 -5.53E-06  0.00E+00  3.75E-02  1.80E-20  4.24E-01  1.58E-02 -2.85E+03  3.63E-04  2.59E-01  7.55E-01  7.36E+00  7.14E+00  7.19E+00
  5.62E+16 -3.04E-05  0.00E+00  6.71E-02  3.23E-20  4.81E-01  2.83E-02 -9.30E+02  1.11E-03  2.55E-01  7.38E-01  7.21E+00  6.93E+00  7.00E+00
  1.00E+17 -1.12E-04  0.00E+00  1.20E-01  5.80E-20  5.55E-01  5.10E-02 -4.52E+02  2.29E-03  2.49E-01  7.13E-01  6.99E+00  6.62E+00  6.71E+00
  1.78E+17 -3.70E-04  0.00E+00  2.18E-01  1.05E-19  6.57E-01  9.26E-02 -2.47E+02  4.18E-03  2.41E-01  6.78E-01  6.66E+00  6.19E+00  6.31E+00
  3.16E+17 -1.18E-03  0.00E+00  3.98E-01  1.92E-19  8.04E-01  1.71E-01 -1.42E+02  7.30E-03  2.30E-01  6.33E-01  6.20E+00  5.61E+00  5.76E+00
  5.62E+17 -3.78E-03  0.00E+00  7.43E-01  3.61E-19  1.03E+00  3.23E-01 -8.25E+01  1.25E-02  2.16E-01  5.80E-01  5.59E+00  4.88E+00  5.06E+00
  1.00E+18 -1.23E-02  0.00E+00  1.44E+00  7.11E-19  1.44E+00  6.41E-01 -4.90E+01  2.11E-02  2.01E-01  5.29E-01  4.83E+00  4.06E+00  4.25E+00
  1.78E+18 -4.01E-02  0.00E+00  3.03E+00  1.52E-18  2.26E+00  1.38E+00 -3.09E+01  3.35E-02  1.90E-01  4.95E-01  3.99E+00  3.24E+00  3.43E+00
  3.16E+18 -1.30E-01  0.00E+00  7.35E+00  3.84E-18  4.35E+00  3.40E+00 -2.17E+01  4.77E-02  1.89E-01  4.98E-01  3.16E+00  2.52E+00  2.68E+00
  5.62E+18 -4.04E-01  0.00E+00  2.33E+01  1.34E-17  1.13E+01  1.03E+01 -1.78E+01  5.81E-02  2.10E-01  5.63E-01  2.47E+00  1.96E+00  2.09E+00
  1.00E+19 -1.12E+00  0.00E+00  1.29E+02  9.29E-17  4.48E+01  4.38E+01 -1.84E+01  5.63E-02  2.65E-01  7.23E-01  1.93E+00  1.57E+00  1.66E+00

      3475.84 mic (  86.250 GHz) transition between levels 23 and 22
     Upper Level: v =  1,  J =  2                                                                 
     Lower Level: v =  1,  J =  1                                                                 

    Nmol      tau       Flux   int(Tb dv)   Io      del(Tb)   del(TRJ)     Tex     eta       p1        p2      Gamma1    Gamma2    Gamma
  cm-2/kms              W/m2     K km/s  W/m2/Hz/st    K         K          K                cm-3s-1   cm-3s-1     s-1       s-1       s-1
  1.00E+15  1.57E-06  1.44E-14  4.70E-03  9.02E-21  5.41E-01  1.97E-03  1.26E+03  0.00E+00  0.00E+00  0.00E+00  0.00E+00  0.00E+00  0.00E+00
  1.78E+15  2.83E-06  2.57E-14  8.36E-03  1.60E-20  5.85E-01  3.51E-03  1.24E+03  0.00E+00  0.00E+00  0.00E+00  0.00E+00  0.00E+00  0.00E+00
  3.16E+15  4.97E-06  4.57E-14  1.49E-02  2.85E-20  6.37E-01  6.24E-03  1.26E+03  0.00E+00  0.00E+00  0.00E+00  0.00E+00  0.00E+00  0.00E+00
  5.62E+15  8.36E-06  8.13E-14  2.65E-02  5.08E-20  6.99E-01  1.11E-02  1.33E+03  0.00E+00  0.00E+00  0.00E+00  0.00E+00  0.00E+00  0.00E+00
  1.00E+16  1.31E-05  1.45E-13  4.71E-02  9.04E-20  7.74E-01  1.98E-02  1.51E+03  0.00E+00  0.00E+00  0.00E+00  0.00E+00  0.00E+00  0.00E+00
  1.78E+16  1.75E-05  2.58E-13  8.40E-02  1.61E-19  8.67E-01  3.53E-02  2.02E+03  0.00E+00  0.00E+00  0.00E+00  0.00E+00  0.00E+00  0.00E+00
  3.16E+16  1.33E-05  4.62E-13  1.50E-01  2.88E-19  9.86E-01  6.31E-02  4.73E+03  0.00E+00  0.00E+00  0.00E+00  0.00E+00  0.00E+00  0.00E+00
  5.62E+16 -2.90E-05  0.00E+00  2.69E-01  5.17E-19  1.14E+00  1.13E-01 -3.89E+03  5.31E-04  7.35E-01  1.19E+00  6.90E+00  6.68E+00  6.77E+00
  1.00E+17 -2.08E-04  0.00E+00  4.84E-01  9.32E-19  1.35E+00  2.04E-01 -9.76E+02  2.12E-03  7.10E-01  1.13E+00  6.60E+00  6.28E+00  6.40E+00
  1.78E+17 -8.51E-04  0.00E+00  8.78E-01  1.70E-18  1.66E+00  3.72E-01 -4.34E+02  4.77E-03  6.75E-01  1.06E+00  6.16E+00  5.72E+00  5.89E+00
  3.16E+17 -3.03E-03  0.00E+00  1.62E+00  3.14E-18  2.13E+00  6.90E-01 -2.24E+02  9.24E-03  6.30E-01  9.62E-01  5.58E+00  5.02E+00  5.23E+00
  5.62E+17 -1.04E-02  0.00E+00  3.07E+00  6.02E-18  2.92E+00  1.32E+00 -1.24E+02  1.67E-02  5.78E-01  8.61E-01  4.86E+00  4.20E+00  4.45E+00
  1.00E+18 -3.48E-02  0.00E+00  6.17E+00  1.23E-17  4.44E+00  2.69E+00 -7.26E+01  2.85E-02  5.26E-01  7.73E-01  4.04E+00  3.36E+00  3.62E+00
  1.78E+18 -1.13E-01  0.00E+00  1.38E+01  2.87E-17  7.95E+00  6.06E+00 -4.73E+01  4.37E-02  4.92E-01  7.27E-01  3.22E+00  2.61E+00  2.84E+00
  3.16E+18 -3.60E-01  0.00E+00  3.91E+01  8.89E-17  1.85E+01  1.65E+01 -3.47E+01  5.95E-02  4.93E-01  7.47E-01  2.50E+00  2.01E+00  2.19E+00
  5.62E+18 -1.04E+00  0.00E+00  1.89E+02  5.36E-16  6.54E+01  6.33E+01 -3.13E+01  6.61E-02  5.56E-01  8.72E-01  1.94E+00  1.60E+00  1.72E+00
  1.00E+19 -2.66E+00  0.00E+00  3.98E+03  1.72E-14  5.09E+02  5.06E+02 -3.46E+01  5.97E-02  7.12E-01  1.15E+00  1.54E+00  1.33E+00  1.41E+00

      7002.80 mic (  42.810 GHz) transition between levels 42 and 41
     Upper Level: v =  2,  J =  1                                                                 
     Lower Level: v =  2,  J =  0                                                                 

    Nmol      tau       Flux   int(Tb dv)   Io      del(Tb)   del(TRJ)     Tex     eta       p1        p2      Gamma1    Gamma2    Gamma
  cm-2/kms              W/m2     K km/s  W/m2/Hz/st    K         K          K                cm-3s-1   cm-3s-1     s-1       s-1       s-1
  1.00E+15 -2.64E-08  0.00E+00  1.24E-05  5.89E-24  1.60E-01  5.27E-06 -1.97E+02  5.22E-03  5.07E-03  1.53E-02  1.39E+01  1.38E+01  1.39E+01
  1.78E+15 -4.81E-08  0.00E+00  2.20E-05  1.05E-23  1.67E-01  9.38E-06 -1.92E+02  5.34E-03  5.07E-03  1.53E-02  1.39E+01  1.38E+01  1.39E+01
  3.16E+15 -8.73E-08  0.00E+00  3.91E-05  1.86E-23  1.75E-01  1.67E-05 -1.88E+02  5.46E-03  5.07E-03  1.53E-02  1.39E+01  1.38E+01  1.39E+01
  5.62E+15 -1.58E-07  0.00E+00  6.95E-05  3.31E-23  1.84E-01  2.97E-05 -1.85E+02  5.56E-03  5.07E-03  1.53E-02  1.39E+01  1.38E+01  1.39E+01
  1.00E+16 -2.86E-07  0.00E+00  1.24E-04  5.88E-23  1.94E-01  5.28E-05 -1.82E+02  5.65E-03  5.06E-03  1.53E-02  1.39E+01  1.38E+01  1.39E+01
  1.78E+16 -5.15E-07  0.00E+00  2.20E-04  1.05E-22  2.06E-01  9.39E-05 -1.79E+02  5.72E-03  5.06E-03  1.53E-02  1.39E+01  1.38E+01  1.39E+01
  3.16E+16 -9.24E-07  0.00E+00  3.91E-04  1.86E-22  2.18E-01  1.67E-04 -1.78E+02  5.78E-03  5.07E-03  1.53E-02  1.39E+01  1.38E+01  1.39E+01
  5.62E+16 -1.66E-06  0.00E+00  6.95E-04  3.31E-22  2.32E-01  2.97E-04 -1.76E+02  5.84E-03  5.07E-03  1.53E-02  1.39E+01  1.38E+01  1.39E+01
  1.00E+17 -3.03E-06  0.00E+00  1.24E-03  5.90E-22  2.49E-01  5.29E-04 -1.71E+02  5.99E-03  5.07E-03  1.53E-02  1.39E+01  1.38E+01  1.39E+01
  1.78E+17 -5.44E-06  0.00E+00  2.20E-03  1.05E-21  2.67E-01  9.43E-04 -1.70E+02  6.03E-03  5.08E-03  1.53E-02  1.39E+01  1.38E+01  1.39E+01
  3.16E+17 -9.94E-06  0.00E+00  3.93E-03  1.87E-21  2.89E-01  1.68E-03 -1.66E+02  6.18E-03  5.09E-03  1.54E-02  1.39E+01  1.38E+01  1.39E+01
  5.62E+17 -1.85E-05  0.00E+00  7.03E-03  3.35E-21  3.15E-01  3.01E-03 -1.60E+02  6.43E-03  5.11E-03  1.54E-02  1.39E+01  1.38E+01  1.38E+01
  1.00E+18 -3.55E-05  0.00E+00  1.26E-02  6.02E-21  3.46E-01  5.41E-03 -1.49E+02  6.88E-03  5.15E-03  1.56E-02  1.39E+01  1.38E+01  1.38E+01
  1.78E+18 -7.22E-05  0.00E+00  2.28E-02  1.09E-20  3.84E-01  9.80E-03 -1.33E+02  7.72E-03  5.23E-03  1.58E-02  1.39E+01  1.38E+01  1.38E+01
  3.16E+18 -1.61E-04  0.00E+00  4.19E-02  2.00E-20  4.33E-01  1.81E-02 -1.10E+02  9.37E-03  5.37E-03  1.62E-02  1.38E+01  1.37E+01  1.37E+01
  5.62E+18 -4.00E-04  0.00E+00  7.91E-02  3.79E-20  5.00E-01  3.44E-02 -8.32E+01  1.23E-02  5.63E-03  1.70E-02  1.37E+01  1.35E+01  1.35E+01
  1.00E+19 -1.14E-03  0.00E+00  1.57E-01  7.57E-20  6.00E-01  6.93E-02 -5.81E+01  1.77E-02  6.11E-03  1.84E-02  1.34E+01  1.30E+01  1.31E+01

      3500.18 mic (  85.651 GHz) transition between levels 43 and 42
     Upper Level: v =  2,  J =  2                                                                 
     Lower Level: v =  2,  J =  1                                                                 

    Nmol      tau       Flux   int(Tb dv)   Io      del(Tb)   del(TRJ)     Tex     eta       p1        p2      Gamma1    Gamma2    Gamma
  cm-2/kms              W/m2     K km/s  W/m2/Hz/st    K         K          K                cm-3s-1   cm-3s-1     s-1       s-1       s-1
  1.00E+15  1.22E-07  1.46E-16  4.91E-05  9.19E-23  3.36E-01  2.02E-05  1.69E+02  0.00E+00  0.00E+00  0.00E+00  0.00E+00  0.00E+00  0.00E+00
  1.78E+15  2.19E-07  2.60E-16  8.73E-05  1.63E-22  3.53E-01  3.60E-05  1.67E+02  0.00E+00  0.00E+00  0.00E+00  0.00E+00  0.00E+00  0.00E+00
  3.16E+15  3.93E-07  4.62E-16  1.55E-04  2.90E-22  3.71E-01  6.40E-05  1.66E+02  0.00E+00  0.00E+00  0.00E+00  0.00E+00  0.00E+00  0.00E+00
  5.62E+15  7.04E-07  8.22E-16  2.76E-04  5.16E-22  3.92E-01  1.14E-04  1.65E+02  0.00E+00  0.00E+00  0.00E+00  0.00E+00  0.00E+00  0.00E+00
  1.00E+16  1.26E-06  1.46E-15  4.91E-04  9.18E-22  4.14E-01  2.02E-04  1.64E+02  0.00E+00  0.00E+00  0.00E+00  0.00E+00  0.00E+00  0.00E+00
  1.78E+16  2.25E-06  2.60E-15  8.72E-04  1.63E-21  4.40E-01  3.60E-04  1.63E+02  0.00E+00  0.00E+00  0.00E+00  0.00E+00  0.00E+00  0.00E+00
  3.16E+16  4.01E-06  4.62E-15  1.55E-03  2.90E-21  4.69E-01  6.40E-04  1.63E+02  0.00E+00  0.00E+00  0.00E+00  0.00E+00  0.00E+00  0.00E+00
  5.62E+16  7.14E-06  8.22E-15  2.76E-03  5.17E-21  5.02E-01  1.14E-03  1.63E+02  0.00E+00  0.00E+00  0.00E+00  0.00E+00  0.00E+00  0.00E+00
  1.00E+17  1.26E-05  1.46E-14  4.92E-03  9.20E-21  5.40E-01  2.03E-03  1.64E+02  0.00E+00  0.00E+00  0.00E+00  0.00E+00  0.00E+00  0.00E+00
  1.78E+17  2.23E-05  2.61E-14  8.76E-03  1.64E-20  5.84E-01  3.61E-03  1.65E+02  0.00E+00  0.00E+00  0.00E+00  0.00E+00  0.00E+00  0.00E+00
  3.16E+17  3.92E-05  4.65E-14  1.56E-02  2.92E-20  6.36E-01  6.44E-03  1.68E+02  0.00E+00  0.00E+00  0.00E+00  0.00E+00  0.00E+00  0.00E+00
  5.62E+17  6.80E-05  8.33E-14  2.79E-02  5.23E-20  6.99E-01  1.15E-02  1.73E+02  0.00E+00  0.00E+00  0.00E+00  0.00E+00  0.00E+00  0.00E+00
  1.00E+18  1.15E-04  1.50E-13  5.02E-02  9.41E-20  7.76E-01  2.07E-02  1.84E+02  0.00E+00  0.00E+00  0.00E+00  0.00E+00  0.00E+00  0.00E+00
  1.78E+18  1.83E-04  2.72E-13  9.10E-02  1.71E-19  8.74E-01  3.77E-02  2.10E+02  0.00E+00  0.00E+00  0.00E+00  0.00E+00  0.00E+00  0.00E+00
  3.16E+18  2.50E-04  5.02E-13  1.68E-01  3.16E-19  1.00E+00  6.98E-02  2.83E+02  0.00E+00  0.00E+00  0.00E+00  0.00E+00  0.00E+00  0.00E+00
  5.62E+18  1.76E-04  9.59E-13  3.19E-01  6.03E-19  1.19E+00  1.34E-01  7.65E+02  0.00E+00  0.00E+00  0.00E+00  0.00E+00  0.00E+00  0.00E+00
  1.00E+19 -7.28E-04  0.00E+00  6.43E-01  1.22E-18  1.48E+00  2.73E-01 -3.71E+02  5.54E-03  1.84E-02  3.01E-02  1.30E+01  1.26E+01  1.27E+01

      7052.19 mic (  42.511 GHz) transition between levels 62 and 61
     Upper Level: v =  3,  J =  1                                                                 
     Lower Level: v =  3,  J =  0                                                                 

    Nmol      tau       Flux   int(Tb dv)   Io      del(Tb)   del(TRJ)     Tex     eta       p1        p2      Gamma1    Gamma2    Gamma
  cm-2/kms              W/m2     K km/s  W/m2/Hz/st    K         K          K                cm-3s-1   cm-3s-1     s-1       s-1       s-1
  1.00E+15 -4.57E-10  0.00E+00  1.80E-07  8.45E-26  1.19E-01  7.69E-08 -1.66E+02  6.16E-03  1.06E-04  3.20E-04  2.00E+01  2.00E+01  2.00E+01
  1.78E+15 -8.29E-10  0.00E+00  3.20E-07  1.50E-25  1.24E-01  1.37E-07 -1.62E+02  6.29E-03  1.06E-04  3.20E-04  2.00E+01  2.00E+01  2.00E+01
  3.16E+15 -1.50E-09  0.00E+00  5.68E-07  2.67E-25  1.28E-01  2.43E-07 -1.59E+02  6.42E-03  1.06E-04  3.20E-04  2.00E+01  2.00E+01  2.00E+01
  5.62E+15 -2.72E-09  0.00E+00  1.01E-06  4.75E-25  1.33E-01  4.33E-07 -1.56E+02  6.52E-03  1.06E-04  3.20E-04  2.00E+01  2.00E+01  2.00E+01
  1.00E+16 -4.90E-09  0.00E+00  1.80E-06  8.44E-25  1.38E-01  7.69E-07 -1.54E+02  6.62E-03  1.06E-04  3.20E-04  2.00E+01  2.00E+01  2.00E+01
  1.78E+16 -8.82E-09  0.00E+00  3.20E-06  1.50E-24  1.44E-01  1.37E-06 -1.52E+02  6.70E-03  1.06E-04  3.20E-04  2.00E+01  2.00E+01  2.00E+01
  3.16E+16 -1.58E-08  0.00E+00  5.68E-06  2.67E-24  1.50E-01  2.43E-06 -1.51E+02  6.75E-03  1.06E-04  3.20E-04  2.00E+01  2.00E+01  2.00E+01
  5.62E+16 -2.83E-08  0.00E+00  1.01E-05  4.75E-24  1.56E-01  4.33E-06 -1.50E+02  6.80E-03  1.06E-04  3.20E-04  2.00E+01  2.00E+01  2.00E+01
  1.00E+17 -5.07E-08  0.00E+00  1.80E-05  8.45E-24  1.63E-01  7.71E-06 -1.49E+02  6.84E-03  1.06E-04  3.20E-04  2.00E+01  2.00E+01  2.00E+01
  1.78E+17 -9.07E-08  0.00E+00  3.20E-05  1.50E-23  1.71E-01  1.37E-05 -1.48E+02  6.88E-03  1.06E-04  3.20E-04  2.00E+01  2.00E+01  2.00E+01
  3.16E+17 -1.63E-07  0.00E+00  5.70E-05  2.68E-23  1.80E-01  2.44E-05 -1.48E+02  6.92E-03  1.06E-04  3.21E-04  2.00E+01  2.00E+01  2.00E+01
  5.62E+17 -2.92E-07  0.00E+00  1.02E-04  4.78E-23  1.90E-01  4.36E-05 -1.46E+02  6.96E-03  1.06E-04  3.22E-04  2.00E+01  2.00E+01  2.00E+01
  1.00E+18 -5.27E-07  0.00E+00  1.82E-04  8.55E-23  2.01E-01  7.80E-05 -1.45E+02  7.03E-03  1.07E-04  3.24E-04  2.00E+01  2.00E+01  2.00E+01
  1.78E+18 -9.58E-07  0.00E+00  3.26E-04  1.53E-22  2.13E-01  1.40E-04 -1.43E+02  7.12E-03  1.08E-04  3.26E-04  2.00E+01  2.00E+01  2.00E+01
  3.16E+18 -1.77E-06  0.00E+00  5.89E-04  2.77E-22  2.27E-01  2.53E-04 -1.40E+02  7.27E-03  1.09E-04  3.32E-04  2.00E+01  2.00E+01  2.00E+01
  5.62E+18 -3.36E-06  0.00E+00  1.08E-03  5.06E-22  2.43E-01  4.62E-04 -1.35E+02  7.58E-03  1.12E-04  3.41E-04  2.00E+01  2.00E+01  2.00E+01
  1.00E+19 -6.43E-06  0.00E+00  2.00E-03  9.42E-22  2.63E-01  8.60E-04 -1.31E+02  7.79E-03  1.17E-04  3.56E-04  2.00E+01  2.00E+01  2.00E+01

      3524.85 mic (  85.051 GHz) transition between levels 63 and 62
     Upper Level: v =  3,  J =  2                                                                 
     Lower Level: v =  3,  J =  1                                                                 

    Nmol      tau       Flux   int(Tb dv)   Io      del(Tb)   del(TRJ)     Tex
  cm-2/kms              W/m2     K km/s  W/m2/Hz/st    K         K          K
  1.00E+15  2.01E-09  2.08E-18  7.13E-07  1.32E-24  2.48E-01  2.93E-07  1.49E+02
  1.78E+15  3.60E-09  3.69E-18  1.27E-06  2.34E-24  2.57E-01  5.22E-07  1.48E+02
  3.16E+15  6.46E-09  6.57E-18  2.26E-06  4.16E-24  2.67E-01  9.27E-07  1.47E+02
  5.62E+15  1.16E-08  1.17E-17  4.01E-06  7.39E-24  2.77E-01  1.65E-06  1.46E+02
  1.00E+16  2.07E-08  2.08E-17  7.13E-06  1.31E-23  2.89E-01  2.93E-06  1.45E+02
  1.78E+16  3.70E-08  3.69E-17  1.27E-05  2.34E-23  3.01E-01  5.21E-06  1.44E+02
  3.16E+16  6.60E-08  6.56E-17  2.25E-05  4.15E-23  3.14E-01  9.27E-06  1.44E+02
  5.62E+16  1.18E-07  1.17E-16  4.01E-05  7.39E-23  3.29E-01  1.65E-05  1.43E+02
  1.00E+17  2.10E-07  2.08E-16  7.14E-05  1.31E-22  3.45E-01  2.93E-05  1.43E+02
  1.78E+17  3.73E-07  3.70E-16  1.27E-04  2.34E-22  3.62E-01  5.22E-05  1.43E+02
  3.16E+17  6.64E-07  6.59E-16  2.26E-04  4.17E-22  3.82E-01  9.30E-05  1.43E+02
  5.62E+17  1.18E-06  1.17E-15  4.04E-04  7.44E-22  4.04E-01  1.66E-04  1.44E+02
  1.00E+18  2.10E-06  2.10E-15  7.22E-04  1.33E-21  4.28E-01  2.97E-04  1.44E+02
  1.78E+18  3.73E-06  3.77E-15  1.30E-03  2.39E-21  4.56E-01  5.33E-04  1.46E+02
  3.16E+18  6.62E-06  6.82E-15  2.34E-03  4.31E-21  4.89E-01  9.63E-04  1.49E+02
  5.62E+18  1.17E-05  1.25E-14  4.28E-03  7.89E-21  5.27E-01  1.76E-03  1.54E+02
  1.00E+19  2.07E-05  2.32E-14  7.96E-03  1.47E-20  5.73E-01  3.28E-03  1.62E+02
