          *** MOLPOP-CEP; version of April 16, 2014 ***

* HCN
* These lines are echoed in the output because they start with a '*'
*
      CEP Exact Radiative Transfer Calculation
      Molecule --- HCN
      Number of levels = 15

        Collision information:
    1.  Relative weight of collision partner =  1.00
        Collision rates from data file DataBase/Coll/HCN_H2_leiden.kij

      Tgas =   50.0 K
      n_tot =  1.00E+02 cm-3

*   linewidth = 1 km/sec
      No considerations of dust absorption
      No considerations of Line Overlap
      No maser saturation effects

      External Radiation field includes:
        - 2.725K Cosmic Background
 Using INCREASING strategy
------------------------------- Energy levels --------------------------------

   i     g         K        quantum numbers

   1     1    0.00000E+00   J =   0
   2     3    4.25360E+00   J =   1
   3     5    1.27608E+01   J =   2
   4     7    2.55213E+01   J =   3
   5     9    4.25349E+01   J =   4
   6    11    6.38010E+01   J =   5
   7    13    8.93195E+01   J =   6
   8    15    1.19089E+02   J =   7
   9    17    1.53110E+02   J =   8
  10    19    1.91381E+02   J =   9
  11    21    2.33901E+02   J =   10
  12    23    2.80669E+02   J =   11
  13    25    3.31683E+02   J =   12
  14    27    3.86944E+02   J =   13
  15    29    4.46450E+02   J =   14
------------------------------------------------------------------------------

--------------------------------- Transitions --------------------------------

  i -> j     micron          GHz        Aij, s^{-1}   Cij, s^{-1}

  2    1   3.38249E+03   8.86306E+01    2.40745E-05   1.23000E-09
  3    1   1.12750E+03   2.65892E+02    0.00000E+00   3.45000E-09
  3    2   1.69125E+03   1.77261E+02    2.31078E-04   1.52000E-09
  4    1   5.63755E+02   5.31778E+02    0.00000E+00   8.77000E-11
  4    2   6.76508E+02   4.43147E+02    0.00000E+00   5.75000E-09
  4    3   1.12752E+03   2.65886E+02    8.35580E-04   1.20000E-09
  5    1   3.38257E+02   8.86285E+02    0.00000E+00   6.10000E-10
  5    2   3.75842E+02   7.97655E+02    0.00000E+00   1.52000E-10
  5    3   4.83230E+02   6.20393E+02    0.00000E+00   6.89000E-09
  5    4   8.45659E+02   3.54508E+02    2.05398E-03   9.61000E-10
  6    1   2.25510E+02   1.32940E+03    0.00000E+00   3.66000E-11
  6    2   2.41618E+02   1.24077E+03    0.00000E+00   1.24000E-09
  6    3   2.81890E+02   1.06351E+03    0.00000E+00   1.87000E-10
  6    4   3.75858E+02   7.97622E+02    0.00000E+00   7.82000E-09
  6    5   6.76558E+02   4.43114E+02    4.10217E-03   8.03000E-10
  7    1   1.61082E+02   1.86112E+03    0.00000E+00   1.75000E-10
  7    2   1.69137E+02   1.77249E+03    0.00000E+00   8.78000E-11
  7    3   1.87931E+02   1.59523E+03    0.00000E+00   1.70000E-09
  7    4   2.25520E+02   1.32934E+03    0.00000E+00   2.25000E-10
  7    5   3.07532E+02   9.74832E+02    0.00000E+00   8.61000E-09
  7    6   5.63819E+02   5.31718E+02    7.19695E-03   7.06000E-10
  8    1   1.20815E+02   2.48142E+03    0.00000E+00   2.12000E-11
  8    2   1.25290E+02   2.39279E+03    0.00000E+00   3.76000E-10
  8    3   1.35314E+02   2.21553E+03    0.00000E+00   1.29000E-10
  8    4   1.53768E+02   1.94964E+03    0.00000E+00   2.11000E-09
  8    5   1.87942E+02   1.59514E+03    0.00000E+00   2.73000E-10
  8    6   2.60232E+02   1.15202E+03    0.00000E+00   9.23000E-09
  8    7   4.83300E+02   6.20304E+02    1.15530E-02   6.59000E-10
  9    1   9.39700E+01   3.19030E+03    0.00000E+00   5.72000E-11
  9    2   9.66552E+01   3.10167E+03    0.00000E+00   5.36000E-11
  9    3   1.02514E+02   2.92441E+03    0.00000E+00   5.29000E-10
  9    4   1.12767E+02   2.65852E+03    0.00000E+00   1.70000E-10
  9    5   1.30118E+02   2.30401E+03    0.00000E+00   2.49000E-09
  9    6   1.61101E+02   1.86090E+03    0.00000E+00   3.37000E-10
  9    7   2.25547E+02   1.32918E+03    0.00000E+00   9.65000E-09
  9    8   4.22912E+02   7.08877E+02    1.73869E-02   6.52000E-10
 10    1   7.51787E+01   3.98773E+03    0.00000E+00   1.21000E-11
 10    2   7.68876E+01   3.89910E+03    0.00000E+00   1.25000E-10
 10    3   8.05495E+01   3.72184E+03    0.00000E+00   8.07000E-11
 10    4   8.67467E+01   3.45595E+03    0.00000E+00   6.77000E-10
 10    5   9.66622E+01   3.10145E+03    0.00000E+00   2.18000E-10
 10    6   1.12775E+02   2.65833E+03    0.00000E+00   2.80000E-09
 10    7   1.40972E+02   2.12661E+03    0.00000E+00   4.16000E-10
 10    8   1.99024E+02   1.50631E+03    0.00000E+00   9.83000E-09
 10    9   3.75947E+02   7.97433E+02    2.49174E-02   6.76000E-10
 11    1   6.15123E+01   4.87370E+03    0.00000E+00   1.90000E-11
 11    2   6.26516E+01   4.78507E+03    0.00000E+00   2.92000E-11
 11    3   6.50618E+01   4.60781E+03    0.00000E+00   1.80000E-10
 11    4   6.90460E+01   4.34192E+03    0.00000E+00   1.10000E-10
 11    5   7.51846E+01   3.98742E+03    0.00000E+00   8.19000E-10
 11    6   8.45843E+01   3.54430E+03    0.00000E+00   2.75000E-10
 11    7   9.95134E+01   3.01258E+03    0.00000E+00   3.05000E-09
 11    8   1.25317E+02   2.39228E+03    0.00000E+00   5.10000E-10
 11    9   1.78087E+02   1.68340E+03    0.00000E+00   9.87000E-09
 11   10   3.38377E+02   8.85971E+02    3.43533E-02   7.26000E-10
 12    1   5.12624E+01   5.84819E+03    0.00000E+00   5.85000E-12
 12    2   5.20513E+01   5.75956E+03    0.00000E+00   4.26000E-11
 12    3   5.37041E+01   5.58230E+03    0.00000E+00   4.38000E-11
 12    4   5.63900E+01   5.31641E+03    0.00000E+00   2.35000E-10
 12    5   6.04188E+01   4.96190E+03    0.00000E+00   1.44000E-10
 12    6   6.63435E+01   4.51879E+03    0.00000E+00   9.44000E-10
 12    7   7.51911E+01   3.98707E+03    0.00000E+00   3.39000E-10
 12    8   8.90446E+01   3.36677E+03    0.00000E+00   3.20000E-09
 12    9   1.12793E+02   2.65789E+03    0.00000E+00   6.13000E-10
 12   10   1.61139E+02   1.86046E+03    0.00000E+00   9.70000E-09
 12   11   3.07641E+02   9.74487E+02    4.59058E-02   7.99000E-10
 13    1   4.33780E+01   6.91117E+03    0.00000E+00   6.43000E-12
 13    2   4.39415E+01   6.82254E+03    0.00000E+00   1.37000E-11
 13    3   4.51136E+01   6.64528E+03    0.00000E+00   6.30000E-11
 13    4   4.69939E+01   6.37939E+03    0.00000E+00   6.06000E-11
 13    5   4.97590E+01   6.02488E+03    0.00000E+00   2.90000E-10
 13    6   5.37092E+01   5.58177E+03    0.00000E+00   1.83000E-10
 13    7   5.93642E+01   5.05005E+03    0.00000E+00   1.05000E-09
 13    8   6.76771E+01   4.42975E+03    0.00000E+00   4.09000E-10
 13    9   8.05705E+01   3.72087E+03    0.00000E+00   3.28000E-09
 13   10   1.02548E+02   2.92344E+03    0.00000E+00   7.24000E-10
 13   11   1.47140E+02   2.03747E+03    0.00000E+00   9.46000E-09
 13   12   2.82030E+02   1.06298E+03    5.97993E-02   8.88000E-10
 14    1   3.71830E+01   8.06262E+03    0.00000E+00   2.32000E-12
 14    2   3.75963E+01   7.97399E+03    0.00000E+00   1.47000E-11
 14    3   3.84511E+01   7.79673E+03    0.00000E+00   2.11000E-11
 14    4   3.98086E+01   7.53084E+03    0.00000E+00   8.45000E-11
 14    5   4.17752E+01   7.17633E+03    0.00000E+00   8.03000E-11
 14    6   4.45244E+01   6.73322E+03    0.00000E+00   3.40000E-10
 14    7   4.83419E+01   6.20150E+03    0.00000E+00   2.25000E-10
 14    8   5.37147E+01   5.58120E+03    0.00000E+00   1.12000E-09
 14    9   6.15297E+01   4.87232E+03    0.00000E+00   4.86000E-10
 14   10   7.35707E+01   4.07489E+03    0.00000E+00   3.26000E-09
 14   11   9.40108E+01   3.18892E+03    0.00000E+00   8.43000E-10
 14   12   1.35381E+02   2.21443E+03    0.00000E+00   9.07000E-09
 14   13   2.60361E+02   1.15145E+03    7.62471E-02   9.99000E-10
 15    1   3.22271E+01   9.30251E+03    0.00000E+00   2.22000E-12
 15    2   3.25371E+01   9.21388E+03    0.00000E+00   5.58000E-12
 15    3   3.31753E+01   9.03662E+03    0.00000E+00   2.24000E-11
 15    4   3.41810E+01   8.77073E+03    0.00000E+00   3.00000E-11
 15    5   3.56208E+01   8.41622E+03    0.00000E+00   1.07000E-10
 15    6   3.76004E+01   7.97311E+03    0.00000E+00   1.03000E-10
 15    7   4.02872E+01   7.44139E+03    0.00000E+00   3.85000E-10
 15    8   4.39508E+01   6.82109E+03    0.00000E+00   2.70000E-10
 15    9   4.90481E+01   6.11221E+03    0.00000E+00   1.16000E-09
 15   10   5.64073E+01   5.31478E+03    0.00000E+00   5.65000E-10
 15   11   6.76915E+01   4.42881E+03    0.00000E+00   3.20000E-09
 15   12   8.67877E+01   3.45432E+03    0.00000E+00   9.62000E-10
 15   13   1.25366E+02   2.39134E+03    0.00000E+00   8.69000E-09
 15   14   2.41789E+02   1.23989E+03    9.54547E-02   1.12000E-09
------------------------------------------------------------------------------

------------------------------------------------------------------------------

      *** All optical depths are listed at line center ***

 *****************************************************
     CEP
  GENERAL DATA
 *****************************************************
 N. active transitions
          14
 N. levels
          15

 ***********************
  Level information   
  index  g    Energy [cm^-1]  
 ***********************
  1    1.0      0.0000
  2    3.0      2.9564
  3    5.0      8.8692
  4    7.0     17.7382
  5    9.0     29.5633
  6   11.0     44.3440
  7   13.0     62.0802
  8   15.0     82.7713
  9   17.0    106.4169
 10   19.0    133.0164
 11   21.0    162.5692
 12   23.0    195.0746
 13   25.0    230.5318
 14   27.0    268.9400
 15   29.0    310.2983

 ***********************
  Transition information
  up  low  freq [GHz]  Aul [s^-1]  detailed (y/n)
 ***********************
  2    1     88.630642   0.240745E-04    yes                
  3    2    177.261285   0.231078E-03    no                 
  4    3    265.885931   0.835580E-03    no                 
  5    4    354.507580   0.205398E-02    no                 
  6    5    443.114238   0.410217E-02    no                 
  7    6    531.717899   0.719695E-02    no                 
  8    7    620.303573   0.115530E-01    no                 
  9    8    708.877255   0.173869E-01    no                 
 10    9    797.432949   0.249174E-01    no                 
 11   10    885.970655   0.343533E-01    no                 
 12   11    974.487376   0.459058E-01    no                 
 13   12   1062.980114   0.597993E-01    no                 
 14   13   1151.448869   0.762471E-01    no                 
 15   14   1239.890642   0.954547E-01    no                 


 *******************************************************************************
 N(mol) [cm^-2]:  0.10000E+06   -  nzones:    5
 *******************************************************************************
  up    low     tau (line center)     cooling         N(up)/N(low)    I_lc(mu= 1.000)   delta(Tb) [K]      del(TRJ) [K]    Int(Ta dv)    % emission
                                                                        [W/m2/Hz/sr]        [K]               [K]           [K km/s]              
   2     1       2.95439E-08       6.69003E-19       6.30435E-01       8.06930E-26       1.67869E-01       4.20959E-11       5.92613E-08        100.00    

 *******************************************************************************
 N(mol) [cm^-2]:  0.17783E+06   -  nzones:    5
 *******************************************************************************
  up    low     tau (line center)     cooling         N(up)/N(low)    I_lc(mu= 1.000)   delta(Tb) [K]      del(TRJ) [K]    Int(Ta dv)    % emission
                                                                        [W/m2/Hz/sr]        [K]               [K]           [K km/s]              
   2     1       5.25373E-08       1.18968E-18       6.30435E-01       1.43495E-25       1.71771E-01       7.48584E-11       1.05383E-07        100.00    

 *******************************************************************************
 N(mol) [cm^-2]:  0.31623E+06   -  nzones:    5
 *******************************************************************************
  up    low     tau (line center)     cooling         N(up)/N(low)    I_lc(mu= 1.000)   delta(Tb) [K]      del(TRJ) [K]    Int(Ta dv)    % emission
                                                                        [W/m2/Hz/sr]        [K]               [K]           [K km/s]              
   2     1       9.34260E-08       2.11557E-18       6.30435E-01       2.55174E-25       1.75859E-01       1.33119E-10       1.87401E-07        100.00    

 *******************************************************************************
 N(mol) [cm^-2]:  0.56234E+06   -  nzones:    5
 *******************************************************************************
  up    low     tau (line center)     cooling         N(up)/N(low)    I_lc(mu= 1.000)   delta(Tb) [K]      del(TRJ) [K]    Int(Ta dv)    % emission
                                                                        [W/m2/Hz/sr]        [K]               [K]           [K km/s]              
   2     1       1.66138E-07       3.76208E-18       6.30435E-01       4.53770E-25       1.80146E-01       2.36723E-10       3.33251E-07        100.00    

 *******************************************************************************
 N(mol) [cm^-2]:  0.10000E+07   -  nzones:    5
 *******************************************************************************
  up    low     tau (line center)     cooling         N(up)/N(low)    I_lc(mu= 1.000)   delta(Tb) [K]      del(TRJ) [K]    Int(Ta dv)    % emission
                                                                        [W/m2/Hz/sr]        [K]               [K]           [K km/s]              
   2     1       2.95439E-07       6.69003E-18       6.30435E-01       8.06930E-25       1.84648E-01       4.20959E-10       5.92613E-07        100.00    

 *******************************************************************************
 N(mol) [cm^-2]:  0.17783E+07   -  nzones:    5
 *******************************************************************************
  up    low     tau (line center)     cooling         N(up)/N(low)    I_lc(mu= 1.000)   delta(Tb) [K]      del(TRJ) [K]    Int(Ta dv)    % emission
                                                                        [W/m2/Hz/sr]        [K]               [K]           [K km/s]              
   2     1       5.25373E-07       1.18968E-17       6.30435E-01       1.43495E-24       1.89380E-01       7.48583E-10       1.05383E-06        100.00    

 *******************************************************************************
 N(mol) [cm^-2]:  0.31623E+07   -  nzones:    5
 *******************************************************************************
  up    low     tau (line center)     cooling         N(up)/N(low)    I_lc(mu= 1.000)   delta(Tb) [K]      del(TRJ) [K]    Int(Ta dv)    % emission
                                                                        [W/m2/Hz/sr]        [K]               [K]           [K km/s]              
   2     1       9.34260E-07       2.11557E-17       6.30435E-01       2.55174E-24       1.94362E-01       1.33119E-09       1.87401E-06        100.00    

 *******************************************************************************
 N(mol) [cm^-2]:  0.56234E+07   -  nzones:    5
 *******************************************************************************
  up    low     tau (line center)     cooling         N(up)/N(low)    I_lc(mu= 1.000)   delta(Tb) [K]      del(TRJ) [K]    Int(Ta dv)    % emission
                                                                        [W/m2/Hz/sr]        [K]               [K]           [K km/s]              
   2     1       1.66138E-06       3.76208E-17       6.30435E-01       4.53770E-24       1.99612E-01       2.36723E-09       3.33250E-06        100.00    

 *******************************************************************************
 N(mol) [cm^-2]:  0.10000E+08   -  nzones:    5
 *******************************************************************************
  up    low     tau (line center)     cooling         N(up)/N(low)    I_lc(mu= 1.000)   delta(Tb) [K]      del(TRJ) [K]    Int(Ta dv)    % emission
                                                                        [W/m2/Hz/sr]        [K]               [K]           [K km/s]              
   2     1       2.95439E-06       6.69003E-17       6.30435E-01       8.06929E-24       2.05154E-01       4.20959E-09       5.92612E-06        100.00    

 *******************************************************************************
 N(mol) [cm^-2]:  0.17783E+08   -  nzones:    5
 *******************************************************************************
  up    low     tau (line center)     cooling         N(up)/N(low)    I_lc(mu= 1.000)   delta(Tb) [K]      del(TRJ) [K]    Int(Ta dv)    % emission
                                                                        [W/m2/Hz/sr]        [K]               [K]           [K km/s]              
   2     1       5.25373E-06       1.18968E-16       6.30435E-01       1.43494E-23       2.11013E-01       7.48582E-09       1.05383E-05        100.00    

 *******************************************************************************
 N(mol) [cm^-2]:  0.31623E+08   -  nzones:    5
 *******************************************************************************
  up    low     tau (line center)     cooling         N(up)/N(low)    I_lc(mu= 1.000)   delta(Tb) [K]      del(TRJ) [K]    Int(Ta dv)    % emission
                                                                        [W/m2/Hz/sr]        [K]               [K]           [K km/s]              
   2     1       9.34260E-06       2.11557E-16       6.30435E-01       2.55173E-23       2.17215E-01       1.33118E-08       1.87400E-05        100.00    

 *******************************************************************************
 N(mol) [cm^-2]:  0.56234E+08   -  nzones:    5
 *******************************************************************************
  up    low     tau (line center)     cooling         N(up)/N(low)    I_lc(mu= 1.000)   delta(Tb) [K]      del(TRJ) [K]    Int(Ta dv)    % emission
                                                                        [W/m2/Hz/sr]        [K]               [K]           [K km/s]              
   2     1       1.66138E-05       3.76208E-16       6.30435E-01       4.53767E-23       2.23794E-01       2.36721E-08       3.33249E-05        100.00    

 *******************************************************************************
 N(mol) [cm^-2]:  0.10000E+09   -  nzones:    5
 *******************************************************************************
  up    low     tau (line center)     cooling         N(up)/N(low)    I_lc(mu= 1.000)   delta(Tb) [K]      del(TRJ) [K]    Int(Ta dv)    % emission
                                                                        [W/m2/Hz/sr]        [K]               [K]           [K km/s]              
   2     1       2.95439E-05       6.69003E-16       6.30435E-01       8.06918E-23       2.30784E-01       4.20953E-08       5.92606E-05        100.00    

 *******************************************************************************
 N(mol) [cm^-2]:  0.17783E+09   -  nzones:    5
 *******************************************************************************
  up    low     tau (line center)     cooling         N(up)/N(low)    I_lc(mu= 1.000)   delta(Tb) [K]      del(TRJ) [K]    Int(Ta dv)    % emission
                                                                        [W/m2/Hz/sr]        [K]               [K]           [K km/s]              
   2     1       5.25373E-05       1.18968E-15       6.30435E-01       1.43491E-22       2.38224E-01       7.48564E-08       1.05381E-04        100.00    

 *******************************************************************************
 N(mol) [cm^-2]:  0.31623E+09   -  nzones:    5
 *******************************************************************************
  up    low     tau (line center)     cooling         N(up)/N(low)    I_lc(mu= 1.000)   delta(Tb) [K]      del(TRJ) [K]    Int(Ta dv)    % emission
                                                                        [W/m2/Hz/sr]        [K]               [K]           [K km/s]              
   2     1       9.34260E-05       2.11557E-15       6.30435E-01       2.55162E-22       2.46160E-01       1.33113E-07       1.87394E-04        100.00    

 *******************************************************************************
 N(mol) [cm^-2]:  0.56234E+09   -  nzones:    5
 *******************************************************************************
  up    low     tau (line center)     cooling         N(up)/N(low)    I_lc(mu= 1.000)   delta(Tb) [K]      del(TRJ) [K]    Int(Ta dv)    % emission
                                                                        [W/m2/Hz/sr]        [K]               [K]           [K km/s]              
   2     1       1.66138E-04       3.75989E-15       6.30436E-01       4.53733E-22       2.54651E-01       2.36841E-07       3.33231E-04        100.00    

 *******************************************************************************
 N(mol) [cm^-2]:  0.10000E+10   -  nzones:    5
 *******************************************************************************
  up    low     tau (line center)     cooling         N(up)/N(low)    I_lc(mu= 1.000)   delta(Tb) [K]      del(TRJ) [K]    Int(Ta dv)    % emission
                                                                        [W/m2/Hz/sr]        [K]               [K]           [K km/s]              
   2     1       2.95439E-04       6.68351E-15       6.30436E-01       8.06812E-22       2.63745E-01       4.21307E-07       5.92551E-04        100.00    

 *******************************************************************************
 N(mol) [cm^-2]:  0.17783E+10   -  nzones:    5
 *******************************************************************************
  up    low     tau (line center)     cooling         N(up)/N(low)    I_lc(mu= 1.000)   delta(Tb) [K]      del(TRJ) [K]    Int(Ta dv)    % emission
                                                                        [W/m2/Hz/sr]        [K]               [K]           [K km/s]              
   2     1       5.25373E-04       1.18774E-14       6.30436E-01       1.43457E-21       2.73517E-01       7.49604E-07       1.05364E-03        100.00    

 *******************************************************************************
 N(mol) [cm^-2]:  0.31623E+10   -  nzones:    5
 *******************************************************************************
  up    low     tau (line center)     cooling         N(up)/N(low)    I_lc(mu= 1.000)   delta(Tb) [K]      del(TRJ) [K]    Int(Ta dv)    % emission
                                                                        [W/m2/Hz/sr]        [K]               [K]           [K km/s]              
   2     1       9.34259E-04       2.10986E-14       6.30437E-01       2.55055E-21       2.84047E-01       1.33416E-06       1.87339E-03        100.00    

 *******************************************************************************
 N(mol) [cm^-2]:  0.56234E+10   -  nzones:    5
 *******************************************************************************
  up    low     tau (line center)     cooling         N(up)/N(low)    I_lc(mu= 1.000)   delta(Tb) [K]      del(TRJ) [K]    Int(Ta dv)    % emission
                                                                        [W/m2/Hz/sr]        [K]               [K]           [K km/s]              
   2     1       1.66137E-03       3.74529E-14       6.30438E-01       4.53395E-21       2.95431E-01       2.37583E-06       3.33056E-03        100.00    

 *******************************************************************************
 N(mol) [cm^-2]:  0.10000E+11   -  nzones:    5
 *******************************************************************************
  up    low     tau (line center)     cooling         N(up)/N(low)    I_lc(mu= 1.000)   delta(Tb) [K]      del(TRJ) [K]    Int(Ta dv)    % emission
                                                                        [W/m2/Hz/sr]        [K]               [K]           [K km/s]              
   2     1       2.95438E-03       6.68974E-14       6.30440E-01       8.05743E-21       3.07785E-01       4.23443E-06       5.91997E-03        100.00    

 *******************************************************************************
 N(mol) [cm^-2]:  0.17783E+11   -  nzones:    5
 *******************************************************************************
  up    low     tau (line center)     cooling         N(up)/N(low)    I_lc(mu= 1.000)   delta(Tb) [K]      del(TRJ) [K]    Int(Ta dv)    % emission
                                                                        [W/m2/Hz/sr]        [K]               [K]           [K km/s]              
   2     1       5.25369E-03       1.18954E-13       6.30443E-01       1.43119E-20       3.21248E-01       7.55663E-06       1.05188E-02        100.00    

 *******************************************************************************
 N(mol) [cm^-2]:  0.31623E+11   -  nzones:    5
 *******************************************************************************
  up    low     tau (line center)     cooling         N(up)/N(low)    I_lc(mu= 1.000)   delta(Tb) [K]      del(TRJ) [K]    Int(Ta dv)    % emission
                                                                        [W/m2/Hz/sr]        [K]               [K]           [K km/s]              
   2     1       9.34247E-03       2.11486E-13       6.30448E-01       2.53988E-20       3.35994E-01       1.35116E-05       1.86785E-02        100.00    

 *******************************************************************************
 N(mol) [cm^-2]:  0.56234E+11   -  nzones:    5
 *******************************************************************************
  up    low     tau (line center)     cooling         N(up)/N(low)    I_lc(mu= 1.000)   delta(Tb) [K]      del(TRJ) [K]    Int(Ta dv)    % emission
                                                                        [W/m2/Hz/sr]        [K]               [K]           [K km/s]              
   2     1       1.66134E-02       3.76195E-13       6.30455E-01       4.50030E-20       3.52244E-01       2.42296E-05       3.31308E-02        100.00    

 *******************************************************************************
 N(mol) [cm^-2]:  0.10000E+12   -  nzones:    5
 *******************************************************************************
  up    low     tau (line center)     cooling         N(up)/N(low)    I_lc(mu= 1.000)   delta(Tb) [K]      del(TRJ) [K]    Int(Ta dv)    % emission
                                                                        [W/m2/Hz/sr]        [K]               [K]           [K km/s]              
   2     1       2.95428E-02       6.80312E-13       6.30468E-01       7.95151E-20       3.70298E-01       4.36563E-05       5.86489E-02        100.00    

 *******************************************************************************
 N(mol) [cm^-2]:  0.17783E+12   -  nzones:    5
 *******************************************************************************
  up    low     tau (line center)     cooling         N(up)/N(low)    I_lc(mu= 1.000)   delta(Tb) [K]      del(TRJ) [K]    Int(Ta dv)    % emission
                                                                        [W/m2/Hz/sr]        [K]               [K]           [K km/s]              
   2     1       5.25341E-02       1.27371E-12       6.30490E-01       1.39798E-19       3.90607E-01       7.93268E-05       0.10346            100.00    

 *******************************************************************************
 N(mol) [cm^-2]:  0.31623E+12   -  nzones:    5
 *******************************************************************************
  up    low     tau (line center)     cooling         N(up)/N(low)    I_lc(mu= 1.000)   delta(Tb) [K]      del(TRJ) [K]    Int(Ta dv)    % emission
                                                                        [W/m2/Hz/sr]        [K]               [K]           [K km/s]              
   2     1       9.34171E-02       2.16372E-12       6.30521E-01       2.43636E-19       4.13346E-01       1.44412E-04       0.18138            100.00    

 *******************************************************************************
 N(mol) [cm^-2]:  0.56234E+12   -  nzones:    5
 *******************************************************************************
  up    low     tau (line center)     cooling         N(up)/N(low)    I_lc(mu= 1.000)   delta(Tb) [K]      del(TRJ) [K]    Int(Ta dv)    % emission
                                                                        [W/m2/Hz/sr]        [K]               [K]           [K km/s]              
   2     1       1.66111E-01       4.09981E-12       6.30580E-01       4.18139E-19       4.39813E-01       2.68261E-04       0.31457            100.00    

 *******************************************************************************
 N(mol) [cm^-2]:  0.10000E+13   -  nzones:    5
 *******************************************************************************
  up    low     tau (line center)     cooling         N(up)/N(low)    I_lc(mu= 1.000)   delta(Tb) [K]      del(TRJ) [K]    Int(Ta dv)    % emission
                                                                        [W/m2/Hz/sr]        [K]               [K]           [K km/s]              
   2     1       2.95363E-01       7.21234E-12       6.30667E-01       6.98821E-19       4.69973E-01       4.99036E-04       0.53551            100.00    

 *******************************************************************************
 N(mol) [cm^-2]:  0.17783E+13   -  nzones:    5
 *******************************************************************************
  up    low     tau (line center)     cooling         N(up)/N(low)    I_lc(mu= 1.000)   delta(Tb) [K]      del(TRJ) [K]    Int(Ta dv)    % emission
                                                                        [W/m2/Hz/sr]        [K]               [K]           [K km/s]              
   2     1       5.25145E-01       1.32741E-11       6.30825E-01       1.11669E-18       5.05563E-01       9.43804E-04       0.88354            100.00    

 *******************************************************************************
 N(mol) [cm^-2]:  0.31623E+13   -  nzones:    5
 *******************************************************************************
  up    low     tau (line center)     cooling         N(up)/N(low)    I_lc(mu= 1.000)   delta(Tb) [K]      del(TRJ) [K]    Int(Ta dv)    % emission
                                                                        [W/m2/Hz/sr]        [K]               [K]           [K km/s]              
   2     1       9.33521E-01       2.63760E-11       6.31146E-01       1.65980E-18       5.49228E-01       1.84277E-03        1.3864            100.00    

 *******************************************************************************
 N(mol) [cm^-2]:  0.56234E+13   -  nzones:    5
 *******************************************************************************
  up    low     tau (line center)     cooling         N(up)/N(low)    I_lc(mu= 1.000)   delta(Tb) [K]      del(TRJ) [K]    Int(Ta dv)    % emission
                                                                        [W/m2/Hz/sr]        [K]               [K]           [K km/s]              
   2     1       1.65906E+00       4.85642E-11       6.31690E-01       2.21700E-18       5.97324E-01       3.43920E-03        2.0203            100.00    

 *******************************************************************************
 N(mol) [cm^-2]:  0.10000E+14   -  nzones:    5
 *******************************************************************************
  up    low     tau (line center)     cooling         N(up)/N(low)    I_lc(mu= 1.000)   delta(Tb) [K]      del(TRJ) [K]    Int(Ta dv)    % emission
                                                                        [W/m2/Hz/sr]        [K]               [K]           [K km/s]              
   2     1       2.94730E+00       8.49906E-11       6.32598E-01       2.59880E-18       6.45343E-01       5.84555E-03        2.6828            100.00    

 *******************************************************************************
 N(mol) [cm^-2]:  0.17783E+14   -  nzones:    5
 *******************************************************************************
  up    low     tau (line center)     cooling         N(up)/N(low)    I_lc(mu= 1.000)   delta(Tb) [K]      del(TRJ) [K]    Int(Ta dv)    % emission
                                                                        [W/m2/Hz/sr]        [K]               [K]           [K km/s]              
   2     1       5.23291E+00       1.36765E-10       6.34012E-01       2.73449E-18       6.87769E-01       8.78417E-03        3.2595            100.00    

 *******************************************************************************
 N(mol) [cm^-2]:  0.31623E+14   -  nzones:    5
 *******************************************************************************
  up    low     tau (line center)     cooling         N(up)/N(low)    I_lc(mu= 1.000)   delta(Tb) [K]      del(TRJ) [K]    Int(Ta dv)    % emission
                                                                        [W/m2/Hz/sr]        [K]               [K]           [K km/s]              
   2     1       9.27686E+00       2.36619E-10       6.36793E-01       2.75995E-18       7.38070E-01       1.34038E-02        3.7387            100.00    

 *******************************************************************************
 N(mol) [cm^-2]:  0.56234E+14   -  nzones:    5
 *******************************************************************************
  up    low     tau (line center)     cooling         N(up)/N(low)    I_lc(mu= 1.000)   delta(Tb) [K]      del(TRJ) [K]    Int(Ta dv)    % emission
                                                                        [W/m2/Hz/sr]        [K]               [K]           [K km/s]              
   2     1       1.64161E+01       3.94373E-10       6.41188E-01       2.77668E-18       7.94611E-01       2.02309E-02        4.1650            100.00    

 *******************************************************************************
 N(mol) [cm^-2]:  0.10000E+15   -  nzones:    5
 *******************************************************************************
  up    low     tau (line center)     cooling         N(up)/N(low)    I_lc(mu= 1.000)   delta(Tb) [K]      del(TRJ) [K]    Int(Ta dv)    % emission
                                                                        [W/m2/Hz/sr]        [K]               [K]           [K km/s]              
   2     1       2.89553E+01       6.76066E-10       6.48468E-01       2.80594E-18       8.70508E-01       3.23548E-02        4.5750            100.00    

 *******************************************************************************
 N(mol) [cm^-2]:  0.17783E+15   -  nzones:    5
 *******************************************************************************
  up    low     tau (line center)     cooling         N(up)/N(low)    I_lc(mu= 1.000)   delta(Tb) [K]      del(TRJ) [K]    Int(Ta dv)    % emission
                                                                        [W/m2/Hz/sr]        [K]               [K]           [K km/s]              
   2     1       5.07916E+01       1.17460E-09       6.60716E-01       2.85672E-18       9.68865E-01       5.33944E-02        4.9998            100.00    

 *******************************************************************************
 N(mol) [cm^-2]:  0.31623E+15   -  nzones:    5
 *******************************************************************************
  up    low     tau (line center)     cooling         N(up)/N(low)    I_lc(mu= 1.000)   delta(Tb) [K]      del(TRJ) [K]    Int(Ta dv)    % emission
                                                                        [W/m2/Hz/sr]        [K]               [K]           [K km/s]              
   2     1       8.83032E+01       2.04394E-09       6.81001E-01       2.94216E-18       1.09352E+00       8.87974E-02        5.4772            100.00    

 *******************************************************************************
 N(mol) [cm^-2]:  0.56234E+15   -  nzones:    5
 *******************************************************************************
  up    low     tau (line center)     cooling         N(up)/N(low)    I_lc(mu= 1.000)   delta(Tb) [K]      del(TRJ) [K]    Int(Ta dv)    % emission
                                                                        [W/m2/Hz/sr]        [K]               [K]           [K km/s]              
   2     1       1.51397E+02       3.53335E-09       7.13776E-01       3.08366E-18       1.25244E+00       1.47428E-01        6.0629            100.00    

 *******************************************************************************
 N(mol) [cm^-2]:  0.10000E+16   -  nzones:    5
 *******************************************************************************
  up    low     tau (line center)     cooling         N(up)/N(low)    I_lc(mu= 1.000)   delta(Tb) [K]      del(TRJ) [K]    Int(Ta dv)    % emission
                                                                        [W/m2/Hz/sr]        [K]               [K]           [K km/s]              
   2     1       2.54312E+02       6.02792E-09       7.64908E-01       3.31369E-18       1.45719E+00       2.42738E-01        6.8399            100.00    

 *******************************************************************************
 N(mol) [cm^-2]:  0.17783E+16   -  nzones:    5
 *******************************************************************************
  up    low     tau (line center)     cooling         N(up)/N(low)    I_lc(mu= 1.000)   delta(Tb) [K]      del(TRJ) [K]    Int(Ta dv)    % emission
                                                                        [W/m2/Hz/sr]        [K]               [K]           [K km/s]              
   2     1       4.15261E+02       1.00983E-08       8.41125E-01       3.67935E-18       1.72407E+00       3.94245E-01        7.9297            100.00    

 *******************************************************************************
 N(mol) [cm^-2]:  0.31623E+16   -  nzones:    5
 *******************************************************************************
  up    low     tau (line center)     cooling         N(up)/N(low)    I_lc(mu= 1.000)   delta(Tb) [K]      del(TRJ) [K]    Int(Ta dv)    % emission
                                                                        [W/m2/Hz/sr]        [K]               [K]           [K km/s]              
   2     1       6.54335E+02       1.65192E-08       9.48026E-01       4.24345E-18       2.07420E+00       6.27976E-01        9.4977            100.00    

 *******************************************************************************
 N(mol) [cm^-2]:  0.56234E+16   -  nzones:    5
 *******************************************************************************
  up    low     tau (line center)     cooling         N(up)/N(low)    I_lc(mu= 1.000)   delta(Tb) [K]      del(TRJ) [K]    Int(Ta dv)    % emission
                                                                        [W/m2/Hz/sr]        [K]               [K]           [K km/s]              
   2     1       9.89885E+02       2.62829E-08       1.08771E+00       5.08549E-18       2.53507E+00       9.76872E-01        11.757            100.00    

 *******************************************************************************
 N(mol) [cm^-2]:  0.10000E+17   -  nzones:    5
 *******************************************************************************
  up    low     tau (line center)     cooling         N(up)/N(low)    I_lc(mu= 1.000)   delta(Tb) [K]      del(TRJ) [K]    Int(Ta dv)    % emission
                                                                        [W/m2/Hz/sr]        [K]               [K]           [K km/s]              
   2     1       1.43549E+03       4.05902E-08       1.25673E+00       6.30044E-18       3.14113E+00       1.48028E+00        14.966            100.00    

 *******************************************************************************
 N(mol) [cm^-2]:  0.17783E+17   -  nzones:    5
 *******************************************************************************
  up    low     tau (line center)     cooling         N(up)/N(low)    I_lc(mu= 1.000)   delta(Tb) [K]      del(TRJ) [K]    Int(Ta dv)    % emission
                                                                        [W/m2/Hz/sr]        [K]               [K]           [K km/s]              
   2     1       2.00070E+03       6.07665E-08       1.44554E+00       7.99303E-18       3.93222E+00       2.18159E+00        19.417            100.00    

 *******************************************************************************
 N(mol) [cm^-2]:  0.31623E+17   -  nzones:    5
 *******************************************************************************
  up    low     tau (line center)     cooling         N(up)/N(low)    I_lc(mu= 1.000)   delta(Tb) [K]      del(TRJ) [K]    Int(Ta dv)    % emission
                                                                        [W/m2/Hz/sr]        [K]               [K]           [K km/s]              
   2     1       2.69643E+03       8.81589E-08       1.64098E+00       1.02727E-17       4.95216E+00       3.12615E+00        25.422            100.00    

 *******************************************************************************
 N(mol) [cm^-2]:  0.56234E+17   -  nzones:    5
 *******************************************************************************
  up    low     tau (line center)     cooling         N(up)/N(low)    I_lc(mu= 1.000)   delta(Tb) [K]      del(TRJ) [K]    Int(Ta dv)    % emission
                                                                        [W/m2/Hz/sr]        [K]               [K]           [K km/s]              
   2     1       3.54337E+03       1.24041E-07       1.82995E+00       1.32424E-17       6.24381E+00       4.35664E+00        33.290            100.00    

 *******************************************************************************
 N(mol) [cm^-2]:  0.78137E+17   -  nzones:    5
 *******************************************************************************
  up    low     tau (line center)     cooling         N(up)/N(low)    I_lc(mu= 1.000)   delta(Tb) [K]      del(TRJ) [K]    Int(Ta dv)    % emission
                                                                        [W/m2/Hz/sr]        [K]               [K]           [K km/s]              
   2     1       4.10973E+03       1.48934E-07       1.93099E+00       1.52731E-17       7.11413E+00       5.19802E+00        38.708            100.00    
