          *** MOLPOP-CEP  May 16, 08 ***
* CO with collision rates from Flower, 2001, J.Phys.B.,2731
* These lines are echoed in the output because they start with a '*'
* Instructions for data input are found at the end of the input file		
      Molecule --- CO_rotation
      Number of levels = 11
      Tgas =  100.0 K
      n_H2 = 1.00E+04 cm-3
      n_CO_rotation/n_H2 = 1.00E-04
      n_CO_rotation = 1.00E+00 cm-3
      NO LINE OVERLAP USED
      Thermal speed =   0.2 km/s
      Slab escape probability 
      Using Entered Doppler Width =    1.0 km/s
      FWHM =   1.7 km/s
      NO SATURATION EFFECTS
      Aspect Ratio = 1
    1.  Relative weight of collision partner = 1.00
        Collision rates from data file CO_60.kij
         Rotational de-excitation of CO by H for 100K< T <3000K (Balakrishnan & 
        N.Balakrishnan;M.Yan;A.Dalgarno;,  Ap. J.,568,443--447                  
    *** T = 100.0 K is below the values tabulated in DataBase_Basecol/Coll/CO_60.kij

    *** Rate coefficients extrapolated from T = 100.0 K using sqrt(T)

      External Radiation field includes:
        - 3K Cosmic Background
 Using INCREASING strategy
--------------------------------- Transitions --------------------------------

  i -> j     micron          GHz            K        Aij, s^{-1}   Cij, s^{-1}

  2    1   2.60078E+03   1.15270E+02   5.53209E+00   7.20335E-08   2.37000E-06
  3    1   8.66927E+02   3.45811E+02   1.65963E+01   0.00000E+00   7.19000E-07
  3    2   1.30039E+03   2.30540E+02   1.10642E+01   6.91038E-07   3.18000E-06
  4    1   4.33473E+02   6.91606E+02   3.31918E+01   0.00000E+00   1.47000E-07
  4    2   5.20170E+02   5.76336E+02   2.76597E+01   0.00000E+00   1.23000E-06
  4    3   8.66964E+02   3.45796E+02   1.65956E+01   2.49656E-06   3.52000E-06
  5    1   2.60091E+02   1.15265E+03   5.53182E+01   0.00000E+00   2.07000E-07
  5    2   2.88991E+02   1.03737E+03   4.97861E+01   0.00000E+00   3.81000E-07
  5    3   3.71566E+02   8.06834E+02   3.87219E+01   0.00000E+00   1.40000E-06
  5    4   6.50254E+02   4.61039E+02   2.21263E+01   6.12634E-06   3.60000E-06
  6    1   1.73399E+02   1.72892E+03   8.29747E+01   0.00000E+00   9.62000E-08
  6    2   1.85786E+02   1.61364E+03   7.74427E+01   0.00000E+00   4.01000E-07
  6    3   2.16753E+02   1.38310E+03   6.63785E+01   0.00000E+00   4.57000E-07
  6    4   2.89010E+02   1.03731E+03   4.97829E+01   0.00000E+00   1.38000E-06
  6    5   5.20229E+02   5.76270E+02   2.76566E+01   1.22128E-05   3.54000E-06
  7    1   1.23861E+02   2.42039E+03   1.16160E+02   0.00000E+00   8.04000E-08
  7    2   1.30055E+02   2.30512E+03   1.10628E+02   0.00000E+00   1.93000E-07
  7    3   1.44508E+02   2.07458E+03   9.95638E+01   0.00000E+00   4.69000E-07
  7    4   1.73413E+02   1.72878E+03   8.29683E+01   0.00000E+00   4.96000E-07
  7    5   2.36478E+02   1.26774E+03   6.08419E+01   0.00000E+00   1.32000E-06
  7    6   4.33557E+02   6.91471E+02   3.31854E+01   2.13740E-05   3.42000E-06
  8    1   9.29002E+01   3.22704E+03   1.54873E+02   0.00000E+00   3.84000E-08
  8    2   9.63415E+01   3.11177E+03   1.49341E+02   0.00000E+00   1.57000E-07
  8    3   1.04050E+02   2.88123E+03   1.38277E+02   0.00000E+00   2.24000E-07
  8    4   1.18241E+02   2.53543E+03   1.21681E+02   0.00000E+00   4.77000E-07
  8    5   1.44521E+02   2.07439E+03   9.95550E+01   0.00000E+00   5.14000E-07
  8    6   2.00112E+02   1.49812E+03   7.18985E+01   0.00000E+00   1.26000E-06
  8    7   3.71650E+02   8.06652E+02   3.87131E+01   3.42224E-05   3.27000E-06
  9    1   7.22593E+01   4.14884E+03   1.99113E+02   0.00000E+00   2.97000E-08
  9    2   7.43244E+01   4.03357E+03   1.93581E+02   0.00000E+00   7.53000E-08
  9    3   7.88299E+01   3.80303E+03   1.82516E+02   0.00000E+00   1.80000E-07
  9    4   8.67146E+01   3.45723E+03   1.65921E+02   0.00000E+00   2.30000E-07
  9    5   1.00058E+02   2.99619E+03   1.43795E+02   0.00000E+00   4.65000E-07
  9    6   1.23885E+02   2.41992E+03   1.16138E+02   0.00000E+00   5.28000E-07
  9    7   1.73445E+02   1.72845E+03   8.29526E+01   0.00000E+00   1.20000E-06
  9    8   3.25224E+02   9.21802E+02   4.42395E+01   5.13399E-05   3.09000E-06
 10    1   5.78108E+01   5.18575E+03   2.48876E+02   0.00000E+00   1.38000E-08
 10    2   5.91251E+01   5.07048E+03   2.43344E+02   0.00000E+00   5.53000E-08
 10    3   6.19414E+01   4.83994E+03   2.32280E+02   0.00000E+00   8.38000E-08
 10    4   6.67074E+01   4.49414E+03   2.15685E+02   0.00000E+00   1.80000E-07
 10    5   7.43329E+01   4.03310E+03   1.93558E+02   0.00000E+00   2.25000E-07
 10    6   8.67246E+01   3.45683E+03   1.65902E+02   0.00000E+00   4.47000E-07
 10    7   1.08410E+02   2.76536E+03   1.32716E+02   0.00000E+00   5.31000E-07
 10    8   1.53056E+02   1.95871E+03   9.40032E+01   0.00000E+00   1.15000E-06
 10    9   2.89121E+02   1.03691E+03   4.97638E+01   7.32982E-05   2.88000E-06
 11    1   4.73028E+01   6.33774E+03   3.04163E+02   0.00000E+00   9.38000E-09
 11    2   4.81790E+01   6.22247E+03   2.98631E+02   0.00000E+00   2.47000E-08
 11    3   5.00327E+01   5.99192E+03   2.87567E+02   0.00000E+00   6.15000E-08
 11    4   5.30970E+01   5.64613E+03   2.70971E+02   0.00000E+00   8.33000E-08
 11    5   5.78182E+01   5.18509E+03   2.48845E+02   0.00000E+00   1.75000E-07
 11    6   6.50475E+01   4.60882E+03   2.21188E+02   0.00000E+00   2.17000E-07
 11    7   7.65294E+01   3.91735E+03   1.88003E+02   0.00000E+00   4.27000E-07
 11    8   9.63747E+01   3.11070E+03   1.49290E+02   0.00000E+00   5.28000E-07
 11    9   1.36961E+02   2.18890E+03   1.05050E+02   0.00000E+00   1.10000E-06
 11   10   2.60240E+02   1.15199E+03   5.52865E+01   1.00636E-04   2.69000E-06
------------------------------------------------------------------------------

------------------------------------------------------------------------------


  R = 1.00E+16cm     H2 column = 1.00E+20cm-2     mol column = 1.00E+16 cm-2
  Total emission = 1.73E-20 erg/s/mol 
  Populations:
      level    x(i)         n(i)       n(i)/n*     T_ex(i,1)     emission     %
                          cm^{-3}                      K         erg/s/mol
        1    4.332E-02    4.332E-02    1.526E+00    0.000E+00    0.000E+00    0
        2    4.621E-02    1.312E-01    1.628E+00   -5.967E+02    0.000E+00    0
        3    4.746E-02    2.010E-01    1.672E+00    2.223E+02    1.941E-22    1
        4    4.484E-02    2.252E-01    1.580E+00    1.116E+02    1.025E-21    6
        5    3.706E-02    1.918E-01    1.305E+00    7.798E+01    2.525E-21   15
        6    2.550E-02    1.223E-01    8.982E-01    6.102E+01    3.848E-21   22
        7    1.403E-02    5.708E-02    4.942E-01    5.075E+01    4.007E-21   23
        8    6.314E-03    2.013E-02    2.224E-01    4.457E+01    2.991E-21   17
        9    2.578E-03    5.984E-03    9.082E-02    4.137E+01    1.703E-21   10
       10    1.012E-03    1.596E-03    3.565E-02    3.985E+01    7.745E-22    4
       11    3.354E-04    3.363E-04    1.181E-02    3.849E+01    2.551E-22    1

  The top 15 emitting lines are:

        i    j  wavelength    tau    beta       Tex      emission   %
                  micron                         K       erg/s/mol
        7    6  4.336E+02  3.42E-01  7.17E-01  3.57E+01  4.01E-21  23
        6    5  5.202E+02  4.33E-01  6.75E-01  4.25E+01  3.85E-21  22
        8    7  3.717E+02  1.80E-01  8.12E-01  3.27E+01  2.99E-21  17
        5    4  6.503E+02  3.70E-01  7.03E-01  5.37E+01  2.52E-21  15
        9    8  3.252E+02  6.67E-02  9.08E-01  3.31E+01  1.70E-21  10
        4    3  8.670E+02  2.05E-01  7.96E-01  7.45E+01  1.03E-21   6
       10    9  2.891E+02  2.02E-02  9.64E-01  3.47E+01  7.74E-22   4
       11   10  2.602E+02  5.68E-03  9.87E-01  3.34E+01  2.55E-22   1
        3    2  1.300E+03  6.00E-02  9.15E-01  1.32E+02  1.94E-22   1

  Inverted lines:

        i    j  wavelength    tau     Tex        eta
                  micron               K

        2    1  2.601E+03 -3.44E-03 -5.97E+02  4.64E-03
------------------------------------------------------------------------------


  R = 1.78E+16cm     H2 column = 1.78E+20cm-2     mol column = 1.78E+16 cm-2
  Total emission = 1.65E-20 erg/s/mol 
  Populations:
      level    x(i)         n(i)       n(i)/n*     T_ex(i,1)     emission     %
                          cm^{-3}                      K         erg/s/mol
        1    4.214E-02    4.214E-02    1.485E+00    0.000E+00    0.000E+00    0
        2    4.474E-02    1.270E-01    1.576E+00   -1.229E+03    0.000E+00    0
        3    4.566E-02    1.934E-01    1.608E+00    1.934E+02    1.768E-22    1
        4    4.346E-02    2.183E-01    1.531E+00    1.102E+02    8.960E-22    5
        5    3.711E-02    1.921E-01    1.307E+00    8.131E+01    2.197E-21   13
        6    2.710E-02    1.300E-01    9.548E-01    6.528E+01    3.464E-21   21
        7    1.593E-02    6.481E-02    5.611E-01    5.442E+01    3.830E-21   23
        8    7.354E-03    2.344E-02    2.591E-01    4.701E+01    3.036E-21   18
        9    2.910E-03    6.756E-03    1.025E-01    4.269E+01    1.785E-21   11
       10    1.100E-03    1.735E-03    3.875E-02    4.057E+01    8.180E-22    5
       11    3.582E-04    3.592E-04    1.262E-02    3.895E+01    2.698E-22    2

  The top 15 emitting lines are:

        i    j  wavelength    tau    beta       Tex      emission   %
                  micron                         K       erg/s/mol
        7    6  4.336E+02  6.18E-01  6.03E-01  3.84E+01  3.83E-21  23
        6    5  5.202E+02  7.19E-01  5.71E-01  4.68E+01  3.46E-21  21
        8    7  3.717E+02  3.60E-01  7.08E-01  3.34E+01  3.04E-21  18
        5    4  6.503E+02  5.95E-01  6.11E-01  5.84E+01  2.20E-21  13
        9    8  3.252E+02  1.40E-01  8.43E-01  3.23E+01  1.78E-21  11
        4    3  8.670E+02  3.41E-01  7.18E-01  7.70E+01  8.96E-22   5
       10    9  2.891E+02  4.11E-02  9.36E-01  3.38E+01  8.18E-22   5
       11   10  2.602E+02  1.10E-02  9.78E-01  3.30E+01  2.70E-22   2
        3    2  1.300E+03  1.11E-01  8.66E-01  1.23E+02  1.77E-22   1

  Inverted lines:

        i    j  wavelength    tau     Tex        eta
                  micron               K

        2    1  2.601E+03 -2.89E-03 -1.23E+03  2.25E-03
------------------------------------------------------------------------------


  R = 3.16E+16cm     H2 column = 3.16E+20cm-2     mol column = 3.16E+16 cm-2
  Total emission = 1.53E-20 erg/s/mol 
  Populations:
      level    x(i)         n(i)       n(i)/n*     T_ex(i,1)     emission     %
                          cm^{-3}                      K         erg/s/mol
        1    4.127E-02    4.127E-02    1.454E+00    0.000E+00    0.000E+00    0
        2    4.279E-02    1.215E-01    1.507E+00    2.892E+02    6.430E-24    0
        3    4.349E-02    1.842E-01    1.532E+00    1.463E+02    1.558E-22    1
        4    4.174E-02    2.096E-01    1.470E+00    1.035E+02    7.492E-22    5
        5    3.687E-02    1.908E-01    1.299E+00    8.308E+01    1.828E-21   12
        6    2.874E-02    1.379E-01    1.012E+00    6.963E+01    2.981E-21   19
        7    1.846E-02    7.510E-02    6.502E-01    5.908E+01    3.526E-21   23
        8    9.106E-03    2.903E-02    3.208E-01    5.061E+01    3.034E-21   20
        9    3.540E-03    8.217E-03    1.247E-01    4.477E+01    1.891E-21   12
       10    1.257E-03    1.983E-03    4.428E-02    4.162E+01    8.831E-22    6
       11    3.948E-04    3.960E-04    1.391E-02    3.955E+01    2.920E-22    2

  The top 15 emitting lines are:

        i    j  wavelength    tau    beta       Tex      emission   %
                  micron                         K       erg/s/mol
        7    6  4.336E+02  1.09E+00  4.79E-01  4.28E+01  3.53E-21  23
        8    7  3.717E+02  7.19E-01  5.71E-01  3.54E+01  3.03E-21  20
        6    5  5.202E+02  1.16E+00  4.64E-01  5.26E+01  2.98E-21  19
        9    8  3.252E+02  3.09E-01  7.34E-01  3.19E+01  1.89E-21  12
        5    4  6.503E+02  9.41E-01  5.12E-01  6.41E+01  1.83E-21  12
       10    9  2.891E+02  9.06E-02  8.84E-01  3.25E+01  8.83E-22   6
        4    3  8.670E+02  5.57E-01  6.25E-01  8.01E+01  7.49E-22   5
       11   10  2.602E+02  2.26E-02  9.60E-01  3.23E+01  2.92E-22   2
        3    2  1.300E+03  1.96E-01  8.01E-01  1.17E+02  1.56E-22   1

  No inversions
------------------------------------------------------------------------------


  R = 5.62E+16cm     H2 column = 5.62E+20cm-2     mol column = 5.62E+16 cm-2
  Total emission = 1.39E-20 erg/s/mol 
  Populations:
      level    x(i)         n(i)       n(i)/n*     T_ex(i,1)     emission     %
                          cm^{-3}                      K         erg/s/mol
        1    3.952E-02    3.952E-02    1.392E+00    0.000E+00    0.000E+00    0
        2    4.071E-02    1.156E-01    1.434E+00    2.152E+02    5.900E-24    0
        3    4.112E-02    1.741E-01    1.448E+00    1.313E+02    1.307E-22    1
        4    3.979E-02    1.998E-01    1.402E+00    1.021E+02    5.957E-22    4
        5    3.628E-02    1.878E-01    1.278E+00    8.659E+01    1.445E-21   10
        6    3.011E-02    1.445E-01    1.061E+00    7.532E+01    2.435E-21   17
        7    2.138E-02    8.697E-02    7.530E-01    6.540E+01    3.082E-21   22
        8    1.182E-02    3.769E-02    4.165E-01    5.620E+01    2.921E-21   21
        9    4.773E-03    1.108E-02    1.681E-01    4.850E+01    1.999E-21   14
       10    1.567E-03    2.471E-03    5.519E-02    4.354E+01    9.767E-22    7
       11    4.567E-04    4.581E-04    1.609E-02    4.054E+01    3.254E-22    2

  The top 15 emitting lines are:

        i    j  wavelength    tau    beta       Tex      emission   %
                  micron                         K       erg/s/mol
        7    6  4.336E+02  1.84E+00  3.62E-01  4.92E+01  3.08E-21  22
        8    7  3.717E+02  1.39E+00  4.24E-01  3.95E+01  2.92E-21  21
        6    5  5.202E+02  1.85E+00  3.61E-01  5.98E+01  2.43E-21  17
        9    8  3.252E+02  7.05E-01  5.75E-01  3.28E+01  2.00E-21  14
        5    4  6.503E+02  1.47E+00  4.11E-01  7.06E+01  1.44E-21  10
       10    9  2.891E+02  2.22E-01  7.85E-01  3.09E+01  9.77E-22   7
        4    3  8.670E+02  9.03E-01  5.21E-01  8.35E+01  5.96E-22   4
       11   10  2.602E+02  5.09E-02  9.25E-01  3.10E+01  3.25E-22   2
        3    2  1.300E+03  3.54E-01  7.11E-01  1.10E+02  1.31E-22   1

  No inversions
------------------------------------------------------------------------------


  R = 1.00E+17cm     H2 column = 1.00E+21cm-2     mol column = 1.00E+17 cm-2
  Total emission = 1.22E-20 erg/s/mol 
  Populations:
      level    x(i)         n(i)       n(i)/n*     T_ex(i,1)     emission     %
                          cm^{-3}                      K         erg/s/mol
        1    3.765E-02    3.765E-02    1.326E+00    0.000E+00    0.000E+00    0
        2    3.851E-02    1.093E-01    1.357E+00    1.691E+02    5.249E-24    0
        3    3.869E-02    1.639E-01    1.363E+00    1.197E+02    1.040E-22    1
        4    3.775E-02    1.896E-01    1.330E+00    1.008E+02    4.488E-22    4
        5    3.538E-02    1.831E-01    1.246E+00    8.989E+01    1.084E-21    9
        6    3.100E-02    1.487E-01    1.092E+00    8.102E+01    1.885E-21   15
        7    2.416E-02    9.830E-02    8.511E-01    7.236E+01    2.541E-21   21
        8    1.535E-02    4.895E-02    5.409E-01    6.333E+01    2.652E-21   22
        9    7.040E-03    1.634E-02    2.480E-01    5.429E+01    2.046E-21   17
       10    2.242E-03    3.537E-03    7.899E-02    4.687E+01    1.095E-21    9
       11    5.730E-04    5.746E-04    2.018E-02    4.209E+01    3.743E-22    3

  The top 15 emitting lines are:

        i    j  wavelength    tau    beta       Tex      emission   %
                  micron                         K       erg/s/mol
        8    7  3.717E+02  2.54E+00  2.96E-01  4.61E+01  2.65E-21  22
        7    6  4.336E+02  3.03E+00  2.64E-01  5.71E+01  2.54E-21  21
        9    8  3.252E+02  1.55E+00  3.99E-01  3.62E+01  2.05E-21  17
        6    5  5.202E+02  2.90E+00  2.72E-01  6.77E+01  1.89E-21  15
       10    9  2.891E+02  5.86E-01  6.15E-01  3.03E+01  1.09E-21   9
        5    4  6.503E+02  2.30E+00  3.16E-01  7.73E+01  1.08E-21   9
        4    3  8.670E+02  1.45E+00  4.14E-01  8.71E+01  4.49E-22   4
       11   10  2.602E+02  1.33E-01  8.48E-01  2.88E+01  3.74E-22   3
        3    2  1.300E+03  6.25E-01  6.01E-01  1.04E+02  1.04E-22   1

  No inversions
------------------------------------------------------------------------------


  R = 1.78E+17cm     H2 column = 1.78E+21cm-2     mol column = 1.78E+17 cm-2
  Total emission = 1.04E-20 erg/s/mol 
  Populations:
      level    x(i)         n(i)       n(i)/n*     T_ex(i,1)     emission     %
                          cm^{-3}                      K         erg/s/mol
        1    3.576E-02    3.576E-02    1.260E+00    0.000E+00    0.000E+00    0
        2    3.633E-02    1.031E-01    1.280E+00    1.400E+02    4.495E-24    0
        3    3.637E-02    1.541E-01    1.281E+00    1.114E+02    7.814E-23    1
        4    3.575E-02    1.796E-01    1.259E+00    9.991E+01    3.204E-22    3
        5    3.420E-02    1.770E-01    1.205E+00    9.254E+01    7.717E-22    7
        6    3.133E-02    1.503E-01    1.104E+00    8.625E+01    1.372E-21   13
        7    2.647E-02    1.077E-01    9.324E-01    7.942E+01    1.953E-21   19
        8    1.921E-02    6.125E-02    6.769E-01    7.137E+01    2.238E-21   22
        9    1.054E-02    2.448E-02    3.715E-01    6.198E+01    1.966E-21   19
       10    3.751E-03    5.916E-03    1.321E-01    5.247E+01    1.205E-21   12
       11    8.371E-04    8.395E-04    2.949E-02    4.475E+01    4.434E-22    4

  The top 15 emitting lines are:

        i    j  wavelength    tau    beta       Tex      emission   %
                  micron                         K       erg/s/mol
        8    7  3.717E+02  4.42E+00  2.00E-01  5.47E+01  2.24E-21  22
        9    8  3.252E+02  3.17E+00  2.56E-01  4.24E+01  1.97E-21  19
        7    6  4.336E+02  4.86E+00  1.85E-01  6.63E+01  1.95E-21  19
        6    5  5.202E+02  4.53E+00  1.96E-01  7.59E+01  1.37E-21  13
       10    9  2.891E+02  1.52E+00  4.04E-01  3.25E+01  1.20E-21  12
        5    4  6.503E+02  3.62E+00  2.33E-01  8.33E+01  7.72E-22   7
       11   10  2.602E+02  4.04E-01  6.88E-01  2.69E+01  4.43E-22   4
        4    3  8.670E+02  2.35E+00  3.12E-01  9.06E+01  3.20E-22   3
        3    2  1.300E+03  1.08E+00  4.81E-01  1.01E+02  7.81E-23   1

  No inversions
------------------------------------------------------------------------------


  R = 3.16E+17cm     H2 column = 3.16E+21cm-2     mol column = 3.16E+17 cm-2
  Total emission = 8.38E-21 erg/s/mol 
  Populations:
      level    x(i)         n(i)       n(i)/n*     T_ex(i,1)     emission     %
                          cm^{-3}                      K         erg/s/mol
        1    3.399E-02    3.399E-02    1.197E+00    0.000E+00    0.000E+00    0
        2    3.433E-02    9.744E-02    1.209E+00    1.218E+02    3.677E-24    0
        3    3.430E-02    1.453E-01    1.208E+00    1.059E+02    5.543E-23    1
        4    3.389E-02    1.702E-01    1.194E+00    9.914E+01    2.172E-22    3
        5    3.298E-02    1.707E-01    1.162E+00    9.481E+01    5.168E-22    6
        6    3.120E-02    1.497E-01    1.099E+00    9.064E+01    9.432E-22   11
        7    2.798E-02    1.139E-01    9.858E-01    8.566E+01    1.410E-21   17
        8    2.264E-02    7.216E-02    7.974E-01    7.921E+01    1.745E-21   21
        9    1.493E-02    3.467E-02    5.261E-01    7.077E+01    1.724E-21   21
       10    6.627E-03    1.045E-02    2.335E-01    6.035E+01    1.243E-21   15
       11    1.531E-03    1.536E-03    5.394E-02    4.952E+01    5.256E-22    6

  The top 15 emitting lines are:

        i    j  wavelength    tau    beta       Tex      emission   %
                  micron                         K       erg/s/mol
        8    7  3.717E+02  7.38E+00  1.32E-01  6.46E+01  1.75E-21  21
        9    8  3.252E+02  5.91E+00  1.59E-01  5.15E+01  1.72E-21  21
        7    6  4.336E+02  7.80E+00  1.26E-01  7.53E+01  1.41E-21  17
       10    9  2.891E+02  3.56E+00  2.36E-01  3.80E+01  1.24E-21  15
        6    5  5.202E+02  7.19E+00  1.35E-01  8.33E+01  9.43E-22  11
       11   10  2.602E+02  1.26E+00  4.46E-01  2.74E+01  5.26E-22   6
        5    4  6.503E+02  5.76E+00  1.62E-01  8.90E+01  5.17E-22   6
        4    3  8.670E+02  3.83E+00  2.23E-01  9.32E+01  2.17E-22   3
        3    2  1.300E+03  1.85E+00  3.61E-01  9.94E+01  5.54E-23   1

  No inversions
------------------------------------------------------------------------------


  R = 5.62E+17cm     H2 column = 5.62E+21cm-2     mol column = 5.62E+17 cm-2
  Total emission = 6.51E-21 erg/s/mol 
  Populations:
      level    x(i)         n(i)       n(i)/n*     T_ex(i,1)     emission     %
                          cm^{-3}                      K         erg/s/mol
        1    3.247E-02    3.247E-02    1.144E+00    0.000E+00    0.000E+00    0
        2    3.265E-02    9.269E-02    1.150E+00    1.112E+02    2.857E-24    0
        3    3.260E-02    1.381E-01    1.148E+00    1.024E+02    3.750E-23    1
        4    3.236E-02    1.626E-01    1.140E+00    9.900E+01    1.397E-22    2
        5    3.183E-02    1.648E-01    1.121E+00    9.652E+01    3.336E-22    5
        6    3.078E-02    1.477E-01    1.084E+00    9.393E+01    6.220E-22   10
        7    2.877E-02    1.171E-01    1.013E+00    9.056E+01    9.672E-22   15
        8    2.514E-02    8.013E-02    8.855E-01    8.581E+01    1.276E-21   20
        9    1.910E-02    4.433E-02    6.727E-01    7.895E+01    1.387E-21   21
       10    1.083E-02    1.708E-02    3.814E-01    6.938E+01    1.153E-21   18
       11    3.197E-03    3.206E-03    1.126E-01    5.675E+01    5.876E-22    9

  The top 15 emitting lines are:

        i    j  wavelength    tau    beta       Tex      emission   %
                  micron                         K       erg/s/mol
        9    8  3.252E+02  1.04E+01  9.98E-02  6.17E+01  1.39E-21  21
        8    7  3.717E+02  1.22E+01  8.70E-02  7.41E+01  1.28E-21  20
       10    9  2.891E+02  7.26E+00  1.34E-01  4.67E+01  1.15E-21  18
        7    6  4.336E+02  1.26E+01  8.44E-02  8.31E+01  9.67E-22  15
        6    5  5.202E+02  1.17E+01  9.03E-02  8.91E+01  6.22E-22  10
       11   10  2.602E+02  3.51E+00  2.39E-01  3.12E+01  5.88E-22   9
        5    4  6.503E+02  9.41E+00  1.08E-01  9.30E+01  3.34E-22   5
        4    3  8.670E+02  6.32E+00  1.50E-01  9.58E+01  1.40E-22   2
        3    2  1.300E+03  3.15E+00  2.57E-01  9.86E+01  3.75E-23   1

  No inversions
------------------------------------------------------------------------------


  R = 1.00E+18cm     H2 column = 1.00E+22cm-2     mol column = 1.00E+18 cm-2
  Total emission = 4.83E-21 erg/s/mol 
  Populations:
      level    x(i)         n(i)       n(i)/n*     T_ex(i,1)     emission     %
                          cm^{-3}                      K         erg/s/mol
        1    3.125E-02    3.125E-02    1.101E+00    0.000E+00    0.000E+00    0
        2    3.134E-02    8.895E-02    1.104E+00    1.052E+02    2.092E-24    0
        3    3.130E-02    1.325E-01    1.102E+00    1.009E+02    2.400E-23    0
        4    3.116E-02    1.565E-01    1.098E+00    9.910E+01    8.751E-23    2
        5    3.085E-02    1.597E-01    1.087E+00    9.771E+01    2.094E-22    4
        6    3.024E-02    1.451E-01    1.065E+00    9.620E+01    3.963E-22    8
        7    2.904E-02    1.182E-01    1.023E+00    9.407E+01    6.348E-22   13
        8    2.674E-02    8.524E-02    9.421E-01    9.086E+01    8.805E-22   18
        9    2.244E-02    5.210E-02    7.907E-01    8.574E+01    1.035E-21   21
       10    1.534E-02    2.420E-02    5.406E-01    7.777E+01    9.702E-22   20
       11    6.258E-03    6.276E-03    2.205E-01    6.541E+01    5.877E-22   12

  The top 15 emitting lines are:

        i    j  wavelength    tau    beta       Tex      emission   %
                  micron                         K       erg/s/mol
        9    8  3.252E+02  1.76E+01  6.34E-02  7.16E+01  1.04E-21  21
       10    9  2.891E+02  1.35E+01  7.96E-02  5.67E+01  9.70E-22  20
        8    7  3.717E+02  2.02E+01  5.65E-02  8.24E+01  8.80E-22  18
        7    6  4.336E+02  2.08E+01  5.48E-02  8.91E+01  6.35E-22  13
       11   10  2.602E+02  8.15E+00  1.22E-01  3.81E+01  5.88E-22  12
        6    5  5.202E+02  1.93E+01  5.86E-02  9.33E+01  3.96E-22   8
        5    4  6.503E+02  1.57E+01  7.01E-02  9.57E+01  2.09E-22   4
        4    3  8.670E+02  1.06E+01  9.78E-02  9.74E+01  8.75E-23   2

  No inversions
------------------------------------------------------------------------------


  R = 1.78E+18cm     H2 column = 1.78E+22cm-2     mol column = 1.78E+18 cm-2
  Total emission = 3.43E-21 erg/s/mol 
  Populations:
      level    x(i)         n(i)       n(i)/n*     T_ex(i,1)     emission     %
                          cm^{-3}                      K         erg/s/mol
        1    3.032E-02    3.032E-02    1.068E+00    0.000E+00    0.000E+00    0
        2    3.036E-02    8.618E-02    1.070E+00    1.022E+02    1.448E-24    0
        3    3.033E-02    1.285E-01    1.069E+00    1.002E+02    1.495E-23    0
        4    3.025E-02    1.519E-01    1.066E+00    9.928E+01    5.380E-23    2
        5    3.007E-02    1.557E-01    1.059E+00    9.852E+01    1.287E-22    4
        6    2.973E-02    1.426E-01    1.047E+00    9.766E+01    2.458E-22    7
        7    2.903E-02    1.181E-01    1.023E+00    9.640E+01    4.019E-22   12
        8    2.765E-02    8.816E-02    9.742E-01    9.439E+01    5.790E-22   17
        9    2.483E-02    5.763E-02    8.746E-01    9.087E+01    7.244E-22   21
       10    1.940E-02    3.059E-02    6.833E-01    8.478E+01    7.495E-22   22
       11    1.028E-02    1.031E-02    3.622E-01    7.377E+01    5.279E-22   15

  The top 15 emitting lines are:

        i    j  wavelength    tau    beta       Tex      emission   %
                  micron                         K       erg/s/mol
       10    9  2.891E+02  2.39E+01  4.87E-02  6.68E+01  7.50E-22  22
        9    8  3.252E+02  2.98E+01  4.01E-02  8.04E+01  7.24E-22  21
        8    7  3.717E+02  3.38E+01  3.59E-02  8.88E+01  5.79E-22  17
       11   10  2.602E+02  1.66E+01  6.67E-02  4.66E+01  5.28E-22  15
        7    6  4.336E+02  3.51E+01  3.47E-02  9.34E+01  4.02E-22  12
        6    5  5.202E+02  3.27E+01  3.70E-02  9.60E+01  2.46E-22   7
        5    4  6.503E+02  2.67E+01  4.42E-02  9.74E+01  1.29E-22   4
        4    3  8.670E+02  1.81E+01  6.19E-02  9.84E+01  5.38E-23   2

  No inversions
------------------------------------------------------------------------------


  R = 3.16E+18cm     H2 column = 3.16E+22cm-2     mol column = 3.16E+18 cm-2
  Total emission = 2.34E-21 erg/s/mol 
  Populations:
      level    x(i)         n(i)       n(i)/n*     T_ex(i,1)     emission     %
                          cm^{-3}                      K         erg/s/mol
        1    2.965E-02    2.965E-02    1.045E+00    0.000E+00    0.000E+00    0
        2    2.967E-02    8.422E-02    1.045E+00    1.009E+02    9.506E-25    0
        3    2.965E-02    1.256E-01    1.045E+00    9.994E+01    9.168E-24    0
        4    2.960E-02    1.487E-01    1.043E+00    9.947E+01    3.263E-23    1
        5    2.950E-02    1.527E-01    1.039E+00    9.905E+01    7.793E-23    3
        6    2.930E-02    1.406E-01    1.032E+00    9.858E+01    1.496E-22    6
        7    2.891E-02    1.176E-01    1.018E+00    9.785E+01    2.477E-22   11
        8    2.811E-02    8.962E-02    9.904E-01    9.667E+01    3.664E-22   16
        9    2.636E-02    6.119E-02    9.287E-01    9.442E+01    4.807E-22   21
       10    2.257E-02    3.559E-02    7.950E-01    9.011E+01    5.390E-22   23
       11    1.454E-02    1.458E-02    5.123E-01    8.102E+01    4.318E-22   18

  The top 15 emitting lines are:

        i    j  wavelength    tau    beta       Tex      emission   %
                  micron                         K       erg/s/mol
       10    9  2.891E+02  4.12E+01  3.01E-02  7.62E+01  5.39E-22  23
        9    8  3.252E+02  5.06E+01  2.50E-02  8.73E+01  4.81E-22  21
       11   10  2.602E+02  3.12E+01  3.85E-02  5.57E+01  4.32E-22  18
        8    7  3.717E+02  5.75E+01  2.23E-02  9.33E+01  3.66E-22  16
        7    6  4.336E+02  6.00E+01  2.15E-02  9.61E+01  2.48E-22  11
        6    5  5.202E+02  5.62E+01  2.28E-02  9.77E+01  1.50E-22   6
        5    4  6.503E+02  4.60E+01  2.73E-02  9.84E+01  7.79E-23   3
        4    3  8.670E+02  3.13E+01  3.84E-02  9.90E+01  3.26E-23   1

  No inversions
------------------------------------------------------------------------------


  R = 5.62E+18cm     H2 column = 5.62E+22cm-2     mol column = 5.62E+18 cm-2
  Total emission = 1.54E-21 erg/s/mol 
  Populations:
      level    x(i)         n(i)       n(i)/n*     T_ex(i,1)     emission     %
                          cm^{-3}                      K         erg/s/mol
        1    2.919E-02    2.919E-02    1.028E+00    0.000E+00    0.000E+00    0
        2    2.920E-02    8.288E-02    1.029E+00    1.004E+02    5.948E-25    0
        3    2.919E-02    1.236E-01    1.028E+00    9.989E+01    5.554E-24    0
        4    2.916E-02    1.465E-01    1.027E+00    9.965E+01    1.959E-23    1
        5    2.910E-02    1.506E-01    1.025E+00    9.941E+01    4.668E-23    3
        6    2.898E-02    1.391E-01    1.021E+00    9.915E+01    8.978E-23    6
        7    2.876E-02    1.170E-01    1.013E+00    9.873E+01    1.498E-22   10
        8    2.831E-02    9.025E-02    9.974E-01    9.806E+01    2.253E-22   15
        9    2.728E-02    6.332E-02    9.610E-01    9.671E+01    3.058E-22   20
       10    2.481E-02    3.913E-02    8.741E-01    9.387E+01    3.654E-22   24
       11    1.841E-02    1.846E-02    6.485E-01    8.684E+01    3.270E-22   21

  The top 15 emitting lines are:

        i    j  wavelength    tau    beta       Tex      emission   %
                  micron                         K       erg/s/mol
       10    9  2.891E+02  7.07E+01  1.85E-02  8.40E+01  3.65E-22  24
       11   10  2.602E+02  5.55E+01  2.31E-02  6.49E+01  3.27E-22  21
        9    8  3.252E+02  8.69E+01  1.54E-02  9.22E+01  3.06E-22  20
        8    7  3.717E+02  9.93E+01  1.36E-02  9.61E+01  2.25E-22  15
        7    6  4.336E+02  1.04E+02  1.31E-02  9.77E+01  1.50E-22  10
        6    5  5.202E+02  9.77E+01  1.38E-02  9.86E+01  8.98E-23   6
        5    4  6.503E+02  8.02E+01  1.66E-02  9.90E+01  4.67E-23   3
        4    3  8.670E+02  5.46E+01  2.34E-02  9.94E+01  1.96E-23   1

  No inversions
------------------------------------------------------------------------------


  R = 1.00E+19cm     H2 column = 1.00E+23cm-2     mol column = 1.00E+19 cm-2
  Total emission = 9.79E-22 erg/s/mol 
  Populations:
      level    x(i)         n(i)       n(i)/n*     T_ex(i,1)     emission     %
                          cm^{-3}                      K         erg/s/mol
        1    2.889E-02    2.889E-02    1.018E+00    0.000E+00    0.000E+00    0
        2    2.889E-02    8.201E-02    1.018E+00    1.002E+02    3.658E-25    0
        3    2.888E-02    1.223E-01    1.017E+00    9.990E+01    3.333E-24    0
        4    2.887E-02    1.450E-01    1.017E+00    9.977E+01    1.167E-23    1
        5    2.883E-02    1.492E-01    1.016E+00    9.963E+01    2.775E-23    3
        6    2.876E-02    1.380E-01    1.013E+00    9.949E+01    5.338E-23    5
        7    2.863E-02    1.165E-01    1.009E+00    9.925E+01    8.943E-23    9
        8    2.839E-02    9.049E-02    1.000E+00    9.888E+01    1.358E-22   14
        9    2.779E-02    6.451E-02    9.790E-01    9.809E+01    1.885E-22   19
       10    2.628E-02    4.145E-02    9.258E-01    9.634E+01    2.363E-22   24
       11    2.155E-02    2.161E-02    7.590E-01    9.121E+01    2.327E-22   24

  The top 15 emitting lines are:

        i    j  wavelength    tau    beta       Tex      emission   %
                  micron                         K       erg/s/mol
       10    9  2.891E+02  1.22E+02  1.13E-02  8.99E+01  2.36E-22  24
       11   10  2.602E+02  9.64E+01  1.40E-02  7.36E+01  2.33E-22  24
        9    8  3.252E+02  1.51E+02  9.32E-03  9.54E+01  1.89E-22  19
        8    7  3.717E+02  1.73E+02  8.21E-03  9.78E+01  1.36E-22  14
        7    6  4.336E+02  1.82E+02  7.84E-03  9.87E+01  8.94E-23   9
        6    5  5.202E+02  1.71E+02  8.29E-03  9.92E+01  5.34E-23   5
        5    4  6.503E+02  1.41E+02  9.93E-03  9.94E+01  2.77E-23   3
        4    3  8.670E+02  9.60E+01  1.41E-02  9.96E+01  1.17E-23   1

  No inversions
------------------------------------------------------------------------------


  R = 1.78E+19cm     H2 column = 1.78E+23cm-2     mol column = 1.78E+19 cm-2
  Total emission = 6.09E-22 erg/s/mol 
  Populations:
      level    x(i)         n(i)       n(i)/n*     T_ex(i,1)     emission     %
                          cm^{-3}                      K         erg/s/mol
        1    2.869E-02    2.869E-02    1.011E+00    0.000E+00    0.000E+00    0
        2    2.869E-02    8.145E-02    1.011E+00    1.001E+02    2.221E-25    0
        3    2.869E-02    1.215E-01    1.011E+00    9.992E+01    1.986E-24    0
        4    2.868E-02    1.440E-01    1.010E+00    9.986E+01    6.909E-24    1
        5    2.866E-02    1.483E-01    1.010E+00    9.978E+01    1.639E-23    3
        6    2.862E-02    1.373E-01    1.008E+00    9.970E+01    3.152E-23    5
        7    2.854E-02    1.161E-01    1.006E+00    9.956E+01    5.293E-23    9
        8    2.840E-02    9.055E-02    1.001E+00    9.935E+01    8.082E-23   13
        9    2.807E-02    6.515E-02    9.887E-01    9.890E+01    1.138E-22   19
       10    2.718E-02    4.287E-02    9.575E-01    9.787E+01    1.474E-22   24
       11    2.389E-02    2.396E-02    8.416E-01    9.432E+01    1.572E-22   26

  The top 15 emitting lines are:

        i    j  wavelength    tau    beta       Tex      emission   %
                  micron                         K       erg/s/mol
       11   10  2.602E+02  1.66E+02  8.54E-03  8.11E+01  1.57E-22  26
       10    9  2.891E+02  2.12E+02  6.83E-03  9.39E+01  1.47E-22  24
        9    8  3.252E+02  2.64E+02  5.57E-03  9.74E+01  1.14E-22  19
        8    7  3.717E+02  3.05E+02  4.88E-03  9.87E+01  8.08E-23  13
        7    6  4.336E+02  3.21E+02  4.65E-03  9.92E+01  5.29E-23   9
        6    5  5.202E+02  3.02E+02  4.92E-03  9.95E+01  3.15E-23   5
        5    4  6.503E+02  2.48E+02  5.90E-03  9.97E+01  1.64E-23   3
        4    3  8.670E+02  1.69E+02  8.39E-03  9.98E+01  6.91E-24   1

  No inversions
------------------------------------------------------------------------------


  R = 3.16E+19cm     H2 column = 3.16E+23cm-2     mol column = 3.16E+19 cm-2
  Total emission = 3.71E-22 erg/s/mol 
  Populations:
      level    x(i)         n(i)       n(i)/n*     T_ex(i,1)     emission     %
                          cm^{-3}                      K         erg/s/mol
        1    2.857E-02    2.857E-02    1.006E+00    0.000E+00    0.000E+00    0
        2    2.857E-02    8.110E-02    1.007E+00    1.000E+02    1.335E-25    0
        3    2.857E-02    1.210E-01    1.006E+00    9.995E+01    1.176E-24    0
        4    2.856E-02    1.435E-01    1.006E+00    9.991E+01    4.070E-24    1
        5    2.855E-02    1.478E-01    1.006E+00    9.986E+01    9.633E-24    3
        6    2.853E-02    1.369E-01    1.005E+00    9.982E+01    1.852E-23    5
        7    2.848E-02    1.159E-01    1.003E+00    9.974E+01    3.114E-23    8
        8    2.840E-02    9.055E-02    1.001E+00    9.963E+01    4.768E-23   13
        9    2.821E-02    6.549E-02    9.939E-01    9.937E+01    6.768E-23   18
       10    2.770E-02    4.370E-02    9.760E-01    9.878E+01    8.955E-23   24
       11    2.553E-02    2.560E-02    8.994E-01    9.643E+01    1.019E-22   27

  The top 15 emitting lines are:

        i    j  wavelength    tau    beta       Tex      emission   %
                  micron                         K       erg/s/mol
       11   10  2.602E+02  2.86E+02  5.18E-03  8.71E+01  1.02E-22  27
       10    9  2.891E+02  3.71E+02  4.07E-03  9.65E+01  8.95E-23  24
        9    8  3.252E+02  4.66E+02  3.30E-03  9.85E+01  6.77E-23  18
        8    7  3.717E+02  5.38E+02  2.88E-03  9.93E+01  4.77E-23  13
        7    6  4.336E+02  5.67E+02  2.74E-03  9.95E+01  3.11E-23   8
        6    5  5.202E+02  5.34E+02  2.90E-03  9.97E+01  1.85E-23   5
        5    4  6.503E+02  4.39E+02  3.48E-03  9.98E+01  9.63E-24   3
        4    3  8.670E+02  2.99E+02  4.96E-03  9.99E+01  4.07E-24   1

  No inversions
------------------------------------------------------------------------------


  R = 5.62E+19cm     H2 column = 5.62E+23cm-2     mol column = 5.62E+19 cm-2
  Total emission = 2.23E-22 erg/s/mol 
  Populations:
      level    x(i)         n(i)       n(i)/n*     T_ex(i,1)     emission     %
                          cm^{-3}                      K         erg/s/mol
        1    2.850E-02    2.850E-02    1.004E+00    0.000E+00    0.000E+00    0
        2    2.850E-02    8.089E-02    1.004E+00    1.000E+02    7.963E-26    0
        3    2.849E-02    1.207E-01    1.004E+00    9.996E+01    6.928E-25    0
        4    2.849E-02    1.431E-01    1.004E+00    9.995E+01    2.387E-24    1
        5    2.848E-02    1.474E-01    1.003E+00    9.992E+01    5.640E-24    3
        6    2.847E-02    1.366E-01    1.003E+00    9.989E+01    1.084E-23    5
        7    2.845E-02    1.157E-01    1.002E+00    9.985E+01    1.823E-23    8
        8    2.840E-02    9.053E-02    1.000E+00    9.978E+01    2.796E-23   13
        9    2.829E-02    6.567E-02    9.966E-01    9.964E+01    3.989E-23   18
       10    2.800E-02    4.417E-02    9.865E-01    9.930E+01    5.346E-23   24
       11    2.662E-02    2.670E-02    9.378E-01    9.781E+01    6.381E-23   29

  The top 15 emitting lines are:

        i    j  wavelength    tau    beta       Tex      emission   %
                  micron                         K       erg/s/mol
       11   10  2.602E+02  4.95E+02  3.11E-03  9.16E+01  6.38E-23  29
       10    9  2.891E+02  6.54E+02  2.40E-03  9.80E+01  5.35E-23  24
        9    8  3.252E+02  8.23E+02  1.94E-03  9.91E+01  3.99E-23  18
        8    7  3.717E+02  9.54E+02  1.69E-03  9.96E+01  2.80E-23  13
        7    6  4.336E+02  1.00E+03  1.61E-03  9.97E+01  1.82E-23   8
        6    5  5.202E+02  9.46E+02  1.70E-03  9.98E+01  1.08E-23   5
        5    4  6.503E+02  7.77E+02  2.04E-03  9.99E+01  5.64E-24   3
        4    3  8.670E+02  5.31E+02  2.92E-03  9.99E+01  2.39E-24   1

  No inversions
------------------------------------------------------------------------------


  R = 1.00E+20cm     H2 column = 1.00E+24cm-2     mol column = 1.00E+20 cm-2
  Total emission = 1.32E-22 erg/s/mol 
  Populations:
      level    x(i)         n(i)       n(i)/n*     T_ex(i,1)     emission     %
                          cm^{-3}                      K         erg/s/mol
        1    2.845E-02    2.845E-02    1.002E+00    0.000E+00    0.000E+00    0
        2    2.845E-02    8.076E-02    1.002E+00    1.000E+02    4.721E-26    0
        3    2.845E-02    1.205E-01    1.002E+00    9.998E+01    4.066E-25    0
        4    2.845E-02    1.429E-01    1.002E+00    9.997E+01    1.396E-24    1
        5    2.844E-02    1.472E-01    1.002E+00    9.995E+01    3.292E-24    2
        6    2.844E-02    1.364E-01    1.002E+00    9.994E+01    6.319E-24    5
        7    2.842E-02    1.156E-01    1.001E+00    9.991E+01    1.063E-23    8
        8    2.840E-02    9.052E-02    1.000E+00    9.987E+01    1.633E-23   12
        9    2.833E-02    6.577E-02    9.981E-01    9.979E+01    2.337E-23   18
       10    2.817E-02    4.443E-02    9.924E-01    9.960E+01    3.156E-23   24
       11    2.732E-02    2.740E-02    9.624E-01    9.868E+01    3.896E-23   29

  The top 15 emitting lines are:

        i    j  wavelength    tau    beta       Tex      emission   %
                  micron                         K       erg/s/mol
       11   10  2.602E+02  8.64E+02  1.85E-03  9.47E+01  3.90E-23  29
       10    9  2.891E+02  1.16E+03  1.41E-03  9.89E+01  3.16E-23  24
        9    8  3.252E+02  1.46E+03  1.13E-03  9.95E+01  2.34E-23  18
        8    7  3.717E+02  1.69E+03  9.86E-04  9.98E+01  1.63E-23  12
        7    6  4.336E+02  1.78E+03  9.39E-04  9.98E+01  1.06E-23   8
        6    5  5.202E+02  1.68E+03  9.93E-04  9.99E+01  6.32E-24   5
        5    4  6.503E+02  1.38E+03  1.19E-03  9.99E+01  3.29E-24   2
        4    3  8.670E+02  9.42E+02  1.71E-03  1.00E+02  1.40E-24   1

  No inversions
------------------------------------------------------------------------------


      Normal completion. Dimension is   1.00E+20 cm


                                  SUMMARY

      R        H2 column   mol column     emission   xi
      cm          cm-2        cm-2     erg/s/mol
   1.000E+16   1.000E+20   1.000E+16   1.732E-20   2.000E-07
   1.778E+16   1.778E+20   1.778E+16   1.647E-20   3.557E-07
   3.162E+16   3.162E+20   3.162E+16   1.535E-20   6.325E-07
   5.623E+16   5.623E+20   5.623E+16   1.392E-20   1.125E-06
   1.000E+17   1.000E+21   1.000E+17   1.223E-20   2.000E-06
   1.778E+17   1.778E+21   1.778E+17   1.035E-20   3.557E-06
   3.162E+17   3.162E+21   3.162E+17   8.384E-21   6.325E-06
   5.623E+17   5.623E+21   5.623E+17   6.506E-21   1.125E-05
   1.000E+18   1.000E+22   1.000E+18   4.827E-21   2.000E-05
   1.778E+18   1.778E+22   1.778E+18   3.427E-21   3.557E-05
   3.162E+18   3.162E+22   3.162E+18   2.336E-21   6.325E-05
   5.623E+18   5.623E+22   5.623E+18   1.535E-21   1.125E-04
   1.000E+19   1.000E+23   1.000E+19   9.792E-22   2.000E-04
   1.778E+19   1.778E+23   1.778E+19   6.091E-22   3.557E-04
   3.162E+19   3.162E+23   3.162E+19   3.714E-22   6.325E-04
   5.623E+19   5.623E+23   5.623E+19   2.230E-22   1.125E-03
   1.000E+20   1.000E+24   1.000E+20   1.323E-22   2.000E-03

                    Parameters for selected transitions

      2600.78 mic (115.270 GHz) transition between levels  2 and  1
     Upper Level: N = 1                                                                           
     Lower Level: N = 0                                                                           

     R       Tex      tau     Flux     eta       p1       p2     Gamma1   Gamma2    Gamma
     cm       K                Jy             cm-3s-1  cm-3s-1     s-1      s-1      s-1 
 1.00E+16-5.97E+02-3.44E-03 0.00E+00 4.64E-03 2.54E-07 1.16E-06 5.87E-06 8.87E-06 8.12E-06
 1.78E+16-1.23E+03-2.89E-03 0.00E+00 2.25E-03 2.47E-07 1.13E-06 5.87E-06 8.87E-06 8.12E-06
 3.16E+16 2.89E+02 2.11E-02 5.29E+10 0.00E+00 0.00E+00 0.00E+00 0.00E+00 0.00E+00 0.00E+00
 5.62E+16 2.15E+02 4.81E-02 8.63E+10 0.00E+00 0.00E+00 0.00E+00 0.00E+00 0.00E+00 0.00E+00
 1.00E+17 1.69E+02 1.03E-01 1.37E+11 0.00E+00 0.00E+00 0.00E+00 0.00E+00 0.00E+00 0.00E+00
 1.78E+17 1.40E+02 2.10E-01 2.08E+11 0.00E+00 0.00E+00 0.00E+00 0.00E+00 0.00E+00 0.00E+00
 3.16E+17 1.22E+02 4.07E-01 3.02E+11 0.00E+00 0.00E+00 0.00E+00 0.00E+00 0.00E+00 0.00E+00
 5.62E+17 1.11E+02 7.56E-01 4.18E+11 0.00E+00 0.00E+00 0.00E+00 0.00E+00 0.00E+00 0.00E+00
 1.00E+18 1.05E+02 1.37E+00 5.44E+11 0.00E+00 0.00E+00 0.00E+00 0.00E+00 0.00E+00 0.00E+00
 1.78E+18 1.02E+02 2.42E+00 6.70E+11 0.00E+00 0.00E+00 0.00E+00 0.00E+00 0.00E+00 0.00E+00
 3.16E+18 1.01E+02 4.27E+00 7.82E+11 0.00E+00 0.00E+00 0.00E+00 0.00E+00 0.00E+00 0.00E+00
 5.62E+18 1.00E+02 7.51E+00 8.70E+11 0.00E+00 0.00E+00 0.00E+00 0.00E+00 0.00E+00 0.00E+00
 1.00E+19 1.00E+02 1.32E+01 9.51E+11 0.00E+00 0.00E+00 0.00E+00 0.00E+00 0.00E+00 0.00E+00
 1.78E+19 1.00E+02 2.34E+01 1.03E+12 0.00E+00 0.00E+00 0.00E+00 0.00E+00 0.00E+00 0.00E+00
 3.16E+19 1.00E+02 4.15E+01 1.10E+12 0.00E+00 0.00E+00 0.00E+00 0.00E+00 0.00E+00 0.00E+00
 5.62E+19 1.00E+02 7.36E+01 1.16E+12 0.00E+00 0.00E+00 0.00E+00 0.00E+00 0.00E+00 0.00E+00
 1.00E+20 1.00E+02 1.31E+02 1.23E+12 0.00E+00 0.00E+00 0.00E+00 0.00E+00 0.00E+00 0.00E+00

      1300.39 mic (230.540 GHz) transition between levels  3 and  2
     Upper Level: N = 2                                                                           
     Lower Level: N = 1                                                                           

     R       Tex      tau     Flux     eta       p1       p2     Gamma1   Gamma2    Gamma
     cm       K                Jy             cm-3s-1  cm-3s-1     s-1      s-1      s-1 
 1.00E+16 1.32E+02 6.00E-02 2.52E+11 0.00E+00 0.00E+00 0.00E+00 0.00E+00 0.00E+00 0.00E+00
 1.78E+16 1.23E+02 1.11E-01 4.09E+11 0.00E+00 0.00E+00 0.00E+00 0.00E+00 0.00E+00 0.00E+00
 3.16E+16 1.17E+02 1.96E-01 6.41E+11 0.00E+00 0.00E+00 0.00E+00 0.00E+00 0.00E+00 0.00E+00
 5.62E+16 1.10E+02 3.54E-01 9.56E+11 0.00E+00 0.00E+00 0.00E+00 0.00E+00 0.00E+00 0.00E+00
 1.00E+17 1.04E+02 6.25E-01 1.35E+12 0.00E+00 0.00E+00 0.00E+00 0.00E+00 0.00E+00 0.00E+00
 1.78E+17 1.01E+02 1.08E+00 1.81E+12 0.00E+00 0.00E+00 0.00E+00 0.00E+00 0.00E+00 0.00E+00
 3.16E+17 9.94E+01 1.85E+00 2.28E+12 0.00E+00 0.00E+00 0.00E+00 0.00E+00 0.00E+00 0.00E+00
 5.62E+17 9.86E+01 3.15E+00 2.74E+12 0.00E+00 0.00E+00 0.00E+00 0.00E+00 0.00E+00 0.00E+00
 1.00E+18 9.88E+01 5.36E+00 3.12E+12 0.00E+00 0.00E+00 0.00E+00 0.00E+00 0.00E+00 0.00E+00
 1.78E+18 9.92E+01 9.20E+00 3.46E+12 0.00E+00 0.00E+00 0.00E+00 0.00E+00 0.00E+00 0.00E+00
 3.16E+18 9.94E+01 1.59E+01 3.77E+12 0.00E+00 0.00E+00 0.00E+00 0.00E+00 0.00E+00 0.00E+00
 5.62E+18 9.96E+01 2.79E+01 4.06E+12 0.00E+00 0.00E+00 0.00E+00 0.00E+00 0.00E+00 0.00E+00
 1.00E+19 9.98E+01 4.89E+01 4.33E+12 0.00E+00 0.00E+00 0.00E+00 0.00E+00 0.00E+00 0.00E+00
 1.78E+19 9.98E+01 8.64E+01 4.59E+12 0.00E+00 0.00E+00 0.00E+00 0.00E+00 0.00E+00 0.00E+00
 3.16E+19 9.99E+01 1.53E+02 4.83E+12 0.00E+00 0.00E+00 0.00E+00 0.00E+00 0.00E+00 0.00E+00
 5.62E+19 9.99E+01 2.71E+02 5.07E+12 0.00E+00 0.00E+00 0.00E+00 0.00E+00 0.00E+00 0.00E+00
 1.00E+20 1.00E+02 4.81E+02 5.29E+12 0.00E+00 0.00E+00 0.00E+00 0.00E+00 0.00E+00 0.00E+00

       866.96 mic (345.796 GHz) transition between levels  4 and  3
     Upper Level: N = 3                                                                           
     Lower Level: N = 2                                                                           

     R       Tex      tau     Flux     eta       p1       p2     Gamma1   Gamma2    Gamma
     cm       K                Jy             cm-3s-1  cm-3s-1     s-1      s-1      s-1 
 1.00E+16 7.45E+01 2.05E-01 8.89E+11 0.00E+00 0.00E+00 0.00E+00 0.00E+00 0.00E+00 0.00E+00
 1.78E+16 7.70E+01 3.41E-01 1.38E+12 0.00E+00 0.00E+00 0.00E+00 0.00E+00 0.00E+00 0.00E+00
 3.16E+16 8.01E+01 5.57E-01 2.05E+12 0.00E+00 0.00E+00 0.00E+00 0.00E+00 0.00E+00 0.00E+00
 5.62E+16 8.35E+01 9.03E-01 2.90E+12 0.00E+00 0.00E+00 0.00E+00 0.00E+00 0.00E+00 0.00E+00
 1.00E+17 8.71E+01 1.45E+00 3.89E+12 0.00E+00 0.00E+00 0.00E+00 0.00E+00 0.00E+00 0.00E+00
 1.78E+17 9.06E+01 2.35E+00 4.94E+12 0.00E+00 0.00E+00 0.00E+00 0.00E+00 0.00E+00 0.00E+00
 3.16E+17 9.32E+01 3.83E+00 5.95E+12 0.00E+00 0.00E+00 0.00E+00 0.00E+00 0.00E+00 0.00E+00
 5.62E+17 9.58E+01 6.32E+00 6.81E+12 0.00E+00 0.00E+00 0.00E+00 0.00E+00 0.00E+00 0.00E+00
 1.00E+18 9.74E+01 1.06E+01 7.59E+12 0.00E+00 0.00E+00 0.00E+00 0.00E+00 0.00E+00 0.00E+00
 1.78E+18 9.84E+01 1.81E+01 8.29E+12 0.00E+00 0.00E+00 0.00E+00 0.00E+00 0.00E+00 0.00E+00
 3.16E+18 9.90E+01 3.13E+01 8.95E+12 0.00E+00 0.00E+00 0.00E+00 0.00E+00 0.00E+00 0.00E+00
 5.62E+18 9.94E+01 5.46E+01 9.55E+12 0.00E+00 0.00E+00 0.00E+00 0.00E+00 0.00E+00 0.00E+00
 1.00E+19 9.96E+01 9.60E+01 1.01E+13 0.00E+00 0.00E+00 0.00E+00 0.00E+00 0.00E+00 0.00E+00
 1.78E+19 9.98E+01 1.69E+02 1.07E+13 0.00E+00 0.00E+00 0.00E+00 0.00E+00 0.00E+00 0.00E+00
 3.16E+19 9.99E+01 2.99E+02 1.12E+13 0.00E+00 0.00E+00 0.00E+00 0.00E+00 0.00E+00 0.00E+00
 5.62E+19 9.99E+01 5.31E+02 1.16E+13 0.00E+00 0.00E+00 0.00E+00 0.00E+00 0.00E+00 0.00E+00
 1.00E+20 1.00E+02 9.42E+02 1.21E+13 0.00E+00 0.00E+00 0.00E+00 0.00E+00 0.00E+00 0.00E+00

       650.25 mic (461.039 GHz) transition between levels  5 and  4
     Upper Level: N = 4                                                                           
     Lower Level: N = 3                                                                           

     R       Tex      tau     Flux     eta       p1       p2     Gamma1   Gamma2    Gamma
     cm       K                Jy             cm-3s-1  cm-3s-1     s-1      s-1      s-1 
 1.00E+16 5.37E+01 3.70E-01 1.64E+12 0.00E+00 0.00E+00 0.00E+00 0.00E+00 0.00E+00 0.00E+00
 1.78E+16 5.84E+01 5.95E-01 2.54E+12 0.00E+00 0.00E+00 0.00E+00 0.00E+00 0.00E+00 0.00E+00
 3.16E+16 6.41E+01 9.41E-01 3.76E+12 0.00E+00 0.00E+00 0.00E+00 0.00E+00 0.00E+00 0.00E+00
 5.62E+16 7.06E+01 1.47E+00 5.28E+12 0.00E+00 0.00E+00 0.00E+00 0.00E+00 0.00E+00 0.00E+00
 1.00E+17 7.73E+01 2.30E+00 7.05E+12 0.00E+00 0.00E+00 0.00E+00 0.00E+00 0.00E+00 0.00E+00
 1.78E+17 8.33E+01 3.62E+00 8.92E+12 0.00E+00 0.00E+00 0.00E+00 0.00E+00 0.00E+00 0.00E+00
 3.16E+17 8.90E+01 5.76E+00 1.06E+13 0.00E+00 0.00E+00 0.00E+00 0.00E+00 0.00E+00 0.00E+00
 5.62E+17 9.30E+01 9.41E+00 1.22E+13 0.00E+00 0.00E+00 0.00E+00 0.00E+00 0.00E+00 0.00E+00
 1.00E+18 9.57E+01 1.57E+01 1.36E+13 0.00E+00 0.00E+00 0.00E+00 0.00E+00 0.00E+00 0.00E+00
 1.78E+18 9.74E+01 2.67E+01 1.49E+13 0.00E+00 0.00E+00 0.00E+00 0.00E+00 0.00E+00 0.00E+00
 3.16E+18 9.84E+01 4.60E+01 1.60E+13 0.00E+00 0.00E+00 0.00E+00 0.00E+00 0.00E+00 0.00E+00
 5.62E+18 9.90E+01 8.02E+01 1.71E+13 0.00E+00 0.00E+00 0.00E+00 0.00E+00 0.00E+00 0.00E+00
 1.00E+19 9.94E+01 1.41E+02 1.80E+13 0.00E+00 0.00E+00 0.00E+00 0.00E+00 0.00E+00 0.00E+00
 1.78E+19 9.97E+01 2.48E+02 1.90E+13 0.00E+00 0.00E+00 0.00E+00 0.00E+00 0.00E+00 0.00E+00
 3.16E+19 9.98E+01 4.39E+02 1.98E+13 0.00E+00 0.00E+00 0.00E+00 0.00E+00 0.00E+00 0.00E+00
 5.62E+19 9.99E+01 7.77E+02 2.06E+13 0.00E+00 0.00E+00 0.00E+00 0.00E+00 0.00E+00 0.00E+00
 1.00E+20 9.99E+01 1.38E+03 2.14E+13 0.00E+00 0.00E+00 0.00E+00 0.00E+00 0.00E+00 0.00E+00

       371.65 mic (806.652 GHz) transition between levels  8 and  7
     Upper Level: N = 7                                                                           
     Lower Level: N = 6                                                                           

     R       Tex      tau     Flux     eta       p1       p2     Gamma1   Gamma2    Gamma
     cm       K                Jy             cm-3s-1  cm-3s-1     s-1      s-1      s-1 
 1.00E+16 3.27E+01 1.80E-01 1.11E+12 0.00E+00 0.00E+00 0.00E+00 0.00E+00 0.00E+00 0.00E+00
 1.78E+16 3.34E+01 3.60E-01 2.01E+12 0.00E+00 0.00E+00 0.00E+00 0.00E+00 0.00E+00 0.00E+00
 3.16E+16 3.54E+01 7.19E-01 3.57E+12 0.00E+00 0.00E+00 0.00E+00 0.00E+00 0.00E+00 0.00E+00
 5.62E+16 3.95E+01 1.39E+00 6.10E+12 0.00E+00 0.00E+00 0.00E+00 0.00E+00 0.00E+00 0.00E+00
 1.00E+17 4.61E+01 2.54E+00 9.86E+12 0.00E+00 0.00E+00 0.00E+00 0.00E+00 0.00E+00 0.00E+00
 1.78E+17 5.47E+01 4.42E+00 1.48E+13 0.00E+00 0.00E+00 0.00E+00 0.00E+00 0.00E+00 0.00E+00
 3.16E+17 6.46E+01 7.38E+00 2.05E+13 0.00E+00 0.00E+00 0.00E+00 0.00E+00 0.00E+00 0.00E+00
 5.62E+17 7.41E+01 1.22E+01 2.67E+13 0.00E+00 0.00E+00 0.00E+00 0.00E+00 0.00E+00 0.00E+00
 1.00E+18 8.24E+01 2.02E+01 3.27E+13 0.00E+00 0.00E+00 0.00E+00 0.00E+00 0.00E+00 0.00E+00
 1.78E+18 8.88E+01 3.38E+01 3.83E+13 0.00E+00 0.00E+00 0.00E+00 0.00E+00 0.00E+00 0.00E+00
 3.16E+18 9.33E+01 5.75E+01 4.31E+13 0.00E+00 0.00E+00 0.00E+00 0.00E+00 0.00E+00 0.00E+00
 5.62E+18 9.61E+01 9.93E+01 4.71E+13 0.00E+00 0.00E+00 0.00E+00 0.00E+00 0.00E+00 0.00E+00
 1.00E+19 9.78E+01 1.73E+02 5.05E+13 0.00E+00 0.00E+00 0.00E+00 0.00E+00 0.00E+00 0.00E+00
 1.78E+19 9.87E+01 3.05E+02 5.34E+13 0.00E+00 0.00E+00 0.00E+00 0.00E+00 0.00E+00 0.00E+00
 3.16E+19 9.93E+01 5.38E+02 5.60E+13 0.00E+00 0.00E+00 0.00E+00 0.00E+00 0.00E+00 0.00E+00
 5.62E+19 9.96E+01 9.54E+02 5.84E+13 0.00E+00 0.00E+00 0.00E+00 0.00E+00 0.00E+00 0.00E+00
 1.00E+20 9.98E+01 1.69E+03 6.07E+13 0.00E+00 0.00E+00 0.00E+00 0.00E+00 0.00E+00 0.00E+00
