          *** MOLPOP-CEP; version of June 8, 2015 ***

* CO with collision rates from Yang et al 2010
* CEP solution for constant physical conditions
* These lines are echoed in the output because they start with a '*'
*
      CEP Exact Radiative Transfer Calculation
      Molecule --- CO
      Number of levels = 20

        Collision information:
    1.  Relative weight of collision partner =  3.00
        Collision rates from data file DataBase/Coll/Yang_CO_H2o.kij

    2.  Relative weight of collision partner =  1.00
        Collision rates from data file DataBase/Coll/Yang_CO_H2p.kij

      Tgas =  100.0 K
      n_tot =  1.00E+04 cm-3

      No considerations of dust absorption
      No considerations of Line Overlap
      No maser saturation effects

      External Radiation field includes:
        - 2.725K Cosmic Background
        - Dust with Td =  100.0 K and Tau(v) =  3.00E+00
          Dust properties from file DataBase/Standard_ISM.dat
 Using INCREASING strategy
------------------------------------------------------------------------------

      *** All optical depths are listed at line center ***

 *****************************************************
     CEP
  GENERAL DATA
 *****************************************************
 N. active transitions
          19
 N. levels
          20

 ***********************
  Level information   
  index  g    Energy [cm^-1]  
 ***********************
  1    1.0      0.0000
  2    3.0      3.8450
  3    5.0     11.5350
  4    7.0     23.0695
  5    9.0     38.4481
  6   11.0     57.6704
  7   13.0     80.7354
  8   15.0    107.6424
  9   17.0    138.3904
 10   19.0    172.9780
 11   21.0    211.4041
 12   23.0    253.6672
 13   25.0    299.7656
 14   27.0    349.6975
 15   29.0    403.4612
 16   31.0    461.0545
 17   33.0    522.4751
 18   35.0    587.7209
 19   37.0    656.7892
 20   39.0    729.6774

 ***********************
  Transition information
  up  low  freq [GHz]  Aul [s^-1]  detailed (y/n)
 ***********************
  2    1    115.270200   7.203000E-08    yes                
  3    2    230.540400   6.910000E-07    yes                
  4    3    345.795611   2.497000E-06    yes                
  5    4    461.038830   6.126000E-06    yes                
  6    5    576.270057   1.221000E-05    no                 
  7    6    691.471304   2.137000E-05    no                 
  8    7    806.651567   3.422000E-05    yes                
  9    8    921.801850   5.134000E-05    no                 
 10    9   1036.910162   7.330000E-05    no                 
 11   10   1151.985497   1.006000E-04    no                 
 12   11   1267.015863   1.339000E-04    no                 
 13   12   1381.995265   1.735000E-04    no                 
 14   13   1496.920703   2.200000E-04    no                 
 15   14   1611.795177   2.739000E-04    no                 
 16   15   1726.603697   3.354000E-04    no                 
 17   16   1841.343265   4.050000E-04    no                 
 18   17   1956.019876   4.829000E-04    no                 
 19   18   2070.615543   5.695000E-04    no                 
 20   19   2185.133264   6.650000E-04    no                 


      Terminated. Number of steps reached  100


        *** SUMMARY ***

        mol column     emission
         cm-2/kms      erg/s/mol
        3.880E+00      3.800E+00
        1.000E+00      7.440E-01
        1.850E-02      1.590E-02
        3.170E-02      3.290E-02
        3.760E-02      3.040E-02
        1.900E-02      2.040E-02
        1.120E-02      1.140E-02
        6.870E-04      6.140E-04
        5.730E-06      2.550E-06
        1.399-316      1.399-316
        0.000E+00      0.000E+00
        0.000E+00      0.000E+00
        1.304E-76      6.046-154
        1.300E-90      8.545E-72
        6.041-154      1.301E-90
        8.418E-53      1.175E-47
        4.665E-33      2.991E-67
        4.175E-62      2.005E-52
        6.044-154      1.302E-90
        1.304E-76      6.041-154
        1.301E-90      1.139E-71
        1.793E-52      7.119E-38
        1.284E-57      4.175E-62
        2.405E-57      6.044-154
        1.300E-90      1.304E-76

 *** Parameters for selected transitions
     Io is the source line-center intensity at mu =  0.50 to slab face
     del(Tb) is obtained from (B is the Planck function):
                B(del(Tb)) = I(observed) - B(Tcmb)
     del(TRJ) is obtained from the same with the RJ approximation for B
 ***

      2600.78 mic ( 115.270 GHz) transition between levels  2 and  1
     Upper Level: J =   1                                                                         
     Lower Level: J =   0                                                                         

    Nmol      Tex       tau       Flux   int(Tb dv)   Io      del(Tb)   del(TRJ)
  cm-2/kms     K                   Jy      K km/s  W/m2/Hz/st    K         K
  1.78E+13  0.00E+00  1.67E-05  1.23E-10  6.24E-03  2.88E-20  8.29E-01  7.03E-03
  3.16E+13  0.00E+00  2.97E-05  2.18E-10  1.11E-02  5.11E-20  9.08E-01  1.25E-02
  5.62E+13  0.00E+00  5.29E-05  3.88E-10  1.97E-02  9.09E-20  1.00E+00  2.22E-02
  1.00E+14  0.00E+00  9.40E-05  6.89E-10  3.51E-02  1.61E-19  1.12E+00  3.95E-02
  1.78E+14  0.00E+00  1.67E-04  1.22E-09  6.23E-02  2.87E-19  1.26E+00  7.01E-02
  3.16E+14  0.00E+00  2.98E-04  2.17E-09  1.11E-01  5.09E-19  1.45E+00  1.24E-01
  5.62E+14  0.00E+00  5.31E-04  3.85E-09  1.96E-01  9.03E-19  1.70E+00  2.21E-01
  1.00E+15  0.00E+00  9.47E-04  6.80E-09  3.47E-01  1.60E-18  2.04E+00  3.91E-01
  1.78E+15  0.00E+00  1.69E-03  1.20E-08  6.13E-01  2.82E-18  2.52E+00  6.90E-01
  3.16E+15  0.00E+00  3.04E-03  2.11E-08  1.08E+00  4.97E-18  3.23E+00  1.21E+00
  5.62E+15  0.00E+00  5.47E-03  3.68E-08  1.89E+00  8.69E-18  4.31E+00  2.12E+00
  1.00E+16  0.00E+00  9.93E-03  6.36E-08  3.30E+00  1.51E-17  6.04E+00  3.69E+00
  1.78E+16  0.00E+00  1.82E-02  1.09E-07  5.69E+00  2.59E-17  8.81E+00  6.33E+00
  3.16E+16  0.00E+00  3.37E-02  1.82E-07  9.72E+00  4.38E-17  1.33E+01  1.07E+01
  5.62E+16  0.00E+00  6.31E-02  3.00E-07  1.64E+01  7.25E-17  2.03E+01  1.77E+01
  1.00E+17  0.00E+00  1.19E-01  4.78E-07  2.72E+01  1.16E-16  3.11E+01  2.84E+01
  1.78E+17  0.00E+00  2.21E-01  7.37E-07  4.44E+01  1.78E-16  4.62E+01  4.35E+01
  3.16E+17  0.00E+00  4.09E-01  1.09E-06  7.05E+01  2.55E-16  6.50E+01  6.22E+01
  5.62E+17  0.00E+00  7.40E-01  1.53E-06  1.08E+02  3.33E-16  8.38E+01  8.11E+01
  1.00E+18  0.00E+00  1.33E+00  2.02E-06  1.57E+02  3.86E-16  9.68E+01  9.40E+01
  1.78E+18  0.00E+00  2.35E+00  2.52E-06  2.11E+02  4.07E-16  1.02E+02  9.90E+01
  3.16E+18  0.00E+00  4.13E+00  2.97E-06  2.62E+02  4.10E-16  1.02E+02  9.96E+01
  5.62E+18  0.00E+00  7.27E+00  3.32E-06  3.04E+02  4.07E-16  1.02E+02  9.89E+01
  1.00E+19  0.00E+00  1.28E+01  3.62E-06  3.39E+02  4.03E-16  1.01E+02  9.79E+01
  1.78E+19  0.00E+00  2.26E+01  3.91E-06  3.70E+02  3.99E-16  9.97E+01  9.70E+01

      1300.39 mic ( 230.540 GHz) transition between levels  3 and  2
     Upper Level: J =   2                                                                         
     Lower Level: J =   1                                                                         

    Nmol      Tex       tau       Flux   int(Tb dv)   Io      del(Tb)   del(TRJ)
  cm-2/kms     K                   Jy      K km/s  W/m2/Hz/st    K         K
  1.78E+13  0.00E+00  1.01E-04  3.62E-09  2.30E-02  4.23E-19  1.83E+00  2.59E-02
  3.16E+13  0.00E+00  1.79E-04  6.43E-09  4.08E-02  7.53E-19  2.02E+00  4.61E-02
  5.62E+13  0.00E+00  3.18E-04  1.14E-08  7.26E-02  1.34E-18  2.25E+00  8.18E-02
  1.00E+14  0.00E+00  5.67E-04  2.03E-08  1.29E-01  2.38E-18  2.55E+00  1.45E-01
  1.78E+14  0.00E+00  1.01E-03  3.60E-08  2.29E-01  4.22E-18  2.93E+00  2.58E-01
  3.16E+14  0.00E+00  1.80E-03  6.38E-08  4.06E-01  7.48E-18  3.43E+00  4.58E-01
  5.62E+14  0.00E+00  3.22E-03  1.13E-07  7.20E-01  1.32E-17  4.12E+00  8.10E-01
  1.00E+15  0.00E+00  5.76E-03  1.98E-07  1.27E+00  2.34E-17  5.10E+00  1.43E+00
  1.78E+15  0.00E+00  1.03E-02  3.47E-07  2.24E+00  4.11E-17  6.56E+00  2.51E+00
  3.16E+15  0.00E+00  1.86E-02  6.02E-07  3.93E+00  7.16E-17  8.78E+00  4.38E+00
  5.62E+15  0.00E+00  3.37E-02  1.03E-06  6.84E+00  1.23E-16  1.23E+01  7.55E+00
  1.00E+16  0.00E+00  6.10E-02  1.73E-06  1.18E+01  2.09E-16  1.77E+01  1.28E+01
  1.78E+16  0.00E+00  1.10E-01  2.83E-06  1.99E+01  3.43E-16  2.61E+01  2.10E+01
  3.16E+16  0.00E+00  1.98E-01  4.47E-06  3.31E+01  5.39E-16  3.82E+01  3.30E+01
  5.62E+16  0.00E+00  3.51E-01  6.74E-06  5.33E+01  7.96E-16  5.40E+01  4.87E+01
  1.00E+17  0.00E+00  6.13E-01  9.67E-06  8.26E+01  1.08E-15  7.13E+01  6.59E+01
  1.78E+17  0.00E+00  1.05E+00  1.31E-05  1.22E+02  1.32E-15  8.59E+01  8.05E+01
  3.16E+17  0.00E+00  1.79E+00  1.68E-05  1.69E+02  1.46E-15  9.44E+01  8.90E+01
  5.62E+17  0.00E+00  3.04E+00  2.04E-05  2.18E+02  1.50E-15  9.70E+01  9.16E+01
  1.00E+18  0.00E+00  5.17E+00  2.35E-05  2.63E+02  1.52E-15  9.81E+01  9.27E+01
  1.78E+18  0.00E+00  8.87E+00  2.61E-05  3.01E+02  1.52E-15  9.81E+01  9.26E+01
  3.16E+18  0.00E+00  1.54E+01  2.85E-05  3.33E+02  1.51E-15  9.80E+01  9.26E+01
  5.62E+18  0.00E+00  2.69E+01  3.07E-05  3.63E+02  1.52E-15  9.81E+01  9.27E+01
  1.00E+19  0.00E+00  4.73E+01  3.29E-05  3.91E+02  1.52E-15  9.86E+01  9.32E+01
  1.78E+19  0.00E+00  8.35E+01  3.49E-05  4.17E+02  1.53E-15  9.90E+01  9.36E+01

       866.96 mic ( 345.796 GHz) transition between levels  4 and  3
     Upper Level: J =   3                                                                         
     Lower Level: J =   2                                                                         

    Nmol      Tex       tau       Flux   int(Tb dv)   Io      del(Tb)   del(TRJ)
  cm-2/kms     K                   Jy      K km/s  W/m2/Hz/st    K         K
  1.78E+13  0.00E+00  3.28E-04  2.23E-08  4.20E-02  1.74E-18  2.83E+00  4.74E-02
  3.16E+13  0.00E+00  5.83E-04  3.97E-08  7.47E-02  3.10E-18  3.14E+00  8.42E-02
  5.62E+13  0.00E+00  1.04E-03  7.05E-08  1.33E-01  5.50E-18  3.52E+00  1.50E-01
  1.00E+14  0.00E+00  1.84E-03  1.25E-07  2.36E-01  9.76E-18  4.00E+00  2.66E-01
  1.78E+14  0.00E+00  3.27E-03  2.21E-07  4.19E-01  1.73E-17  4.62E+00  4.71E-01
  3.16E+14  0.00E+00  5.80E-03  3.91E-07  7.42E-01  3.07E-17  5.46E+00  8.34E-01
  5.62E+14  0.00E+00  1.03E-02  6.87E-07  1.31E+00  5.41E-17  6.62E+00  1.47E+00
  1.00E+15  0.00E+00  1.82E-02  1.20E-06  2.32E+00  9.50E-17  8.28E+00  2.58E+00
  1.78E+15  0.00E+00  3.21E-02  2.08E-06  4.07E+00  1.65E-16  1.07E+01  4.50E+00
  3.16E+15  0.00E+00  5.64E-02  3.54E-06  7.10E+00  2.84E-16  1.45E+01  7.72E+00
  5.62E+15  0.00E+00  9.82E-02  5.92E-06  1.22E+01  4.77E-16  2.02E+01  1.30E+01
  1.00E+16  0.00E+00  1.70E-01  9.63E-06  2.08E+01  7.75E-16  2.86E+01  2.11E+01
  1.78E+16  0.00E+00  2.89E-01  1.51E-05  3.45E+01  1.20E-15  4.04E+01  3.26E+01
  3.16E+16  0.00E+00  4.87E-01  2.27E-05  5.55E+01  1.73E-15  5.50E+01  4.71E+01
  5.62E+16  0.00E+00  8.09E-01  3.23E-05  8.54E+01  2.29E-15  7.02E+01  6.22E+01
  1.00E+17  0.00E+00  1.33E+00  4.35E-05  1.25E+02  2.73E-15  8.22E+01  7.42E+01
  1.78E+17  0.00E+00  2.19E+00  5.53E-05  1.70E+02  2.97E-15  8.90E+01  8.09E+01
  3.16E+17  0.00E+00  3.61E+00  6.68E-05  2.15E+02  3.05E-15  9.12E+01  8.31E+01
  5.62E+17  0.00E+00  6.01E+00  7.63E-05  2.56E+02  3.11E-15  9.28E+01  8.48E+01
  1.00E+18  0.00E+00  1.02E+01  8.48E-05  2.91E+02  3.15E-15  9.37E+01  8.56E+01
  1.78E+18  0.00E+00  1.74E+01  9.29E-05  3.23E+02  3.19E-15  9.49E+01  8.68E+01
  3.16E+18  0.00E+00  3.02E+01  1.01E-04  3.52E+02  3.24E-15  9.61E+01  8.81E+01
  5.62E+18  0.00E+00  5.27E+01  1.08E-04  3.80E+02  3.28E-15  9.74E+01  8.94E+01
  1.00E+19  0.00E+00  9.27E+01  1.15E-04  4.07E+02  3.32E-15  9.83E+01  9.03E+01
  1.78E+19  0.00E+00  1.64E+02  1.22E-04  4.32E+02  3.34E-15  9.89E+01  9.09E+01

       650.25 mic ( 461.039 GHz) transition between levels  5 and  4
     Upper Level: J =   4                                                                         
     Lower Level: J =   3                                                                         

    Nmol      Tex       tau       Flux   int(Tb dv)   Io      del(Tb)   del(TRJ)
  cm-2/kms     K                   Jy      K km/s  W/m2/Hz/st    K         K
  1.78E+13  0.00E+00  6.32E-04  6.27E-08  4.98E-02  3.67E-18  3.70E+00  5.62E-02
  3.16E+13  0.00E+00  1.12E-03  1.11E-07  8.85E-02  6.52E-18  4.09E+00  9.98E-02
  5.62E+13  0.00E+00  1.99E-03  1.98E-07  1.57E-01  1.16E-17  4.58E+00  1.77E-01
  1.00E+14  0.00E+00  3.53E-03  3.50E-07  2.80E-01  2.06E-17  5.19E+00  3.15E-01
  1.78E+14  0.00E+00  6.26E-03  6.20E-07  4.97E-01  3.65E-17  5.97E+00  5.59E-01
  3.16E+14  0.00E+00  1.11E-02  1.09E-06  8.83E-01  6.46E-17  7.02E+00  9.89E-01
  5.62E+14  0.00E+00  1.95E-02  1.92E-06  1.57E+00  1.14E-16  8.46E+00  1.74E+00
  1.00E+15  0.00E+00  3.41E-02  3.34E-06  2.77E+00  2.00E-16  1.05E+01  3.06E+00
  1.78E+15  0.00E+00  5.93E-02  5.76E-06  4.88E+00  3.46E-16  1.35E+01  5.30E+00
  3.16E+15  0.00E+00  1.02E-01  9.76E-06  8.54E+00  5.90E-16  1.79E+01  9.03E+00
  5.62E+15  0.00E+00  1.73E-01  1.62E-05  1.48E+01  9.77E-16  2.44E+01  1.50E+01
  1.00E+16  0.00E+00  2.90E-01  2.61E-05  2.51E+01  1.55E-15  3.36E+01  2.38E+01
  1.78E+16  0.00E+00  4.79E-01  4.04E-05  4.16E+01  2.32E-15  4.56E+01  3.55E+01
  3.16E+16  0.00E+00  7.79E-01  5.96E-05  6.61E+01  3.18E-15  5.91E+01  4.88E+01
  5.62E+16  0.00E+00  1.25E+00  8.33E-05  9.99E+01  3.98E-15  7.14E+01  6.09E+01
  1.00E+17  0.00E+00  2.02E+00  1.10E-04  1.41E+02  4.52E-15  7.97E+01  6.92E+01
  1.78E+17  0.00E+00  3.26E+00  1.37E-04  1.85E+02  4.77E-15  8.36E+01  7.30E+01
  3.16E+17  0.00E+00  5.31E+00  1.61E-04  2.27E+02  4.94E-15  8.62E+01  7.56E+01
  5.62E+17  0.00E+00  8.81E+00  1.81E-04  2.63E+02  5.05E-15  8.79E+01  7.73E+01
  1.00E+18  0.00E+00  1.49E+01  2.01E-04  2.95E+02  5.19E-15  9.01E+01  7.95E+01
  1.78E+18  0.00E+00  2.55E+01  2.20E-04  3.25E+02  5.36E-15  9.26E+01  8.20E+01
  3.16E+18  0.00E+00  4.42E+01  2.39E-04  3.54E+02  5.50E-15  9.49E+01  8.43E+01
  5.62E+18  0.00E+00  7.72E+01  2.57E-04  3.82E+02  5.62E-15  9.67E+01  8.60E+01
  1.00E+19  0.00E+00  1.36E+02  2.73E-04  4.08E+02  5.70E-15  9.79E+01  8.72E+01
  1.78E+19  0.00E+00  2.39E+02  2.88E-04  4.32E+02  5.75E-15  9.87E+01  8.80E+01

       371.65 mic ( 806.652 GHz) transition between levels  8 and  7
     Upper Level: J =   7                                                                         
     Lower Level: J =   6                                                                         

    Nmol      Tex       tau       Flux   int(Tb dv)   Io      del(Tb)   del(TRJ)
  cm-2/kms     K                   Jy      K km/s  W/m2/Hz/st    K         K
  1.78E+13  0.00E+00  4.53E-04  8.84E-08  3.59E-02  4.13E-18  5.14E+00  2.07E-02
  3.16E+13  0.00E+00  8.06E-04  1.57E-07  6.39E-02  7.35E-18  5.56E+00  3.68E-02
  5.62E+13  0.00E+00  1.44E-03  2.80E-07  1.14E-01  1.31E-17  6.06E+00  6.54E-02
  1.00E+14  0.00E+00  2.56E-03  4.98E-07  2.03E-01  2.33E-17  6.66E+00  1.17E-01
  1.78E+14  0.00E+00  4.57E-03  8.85E-07  3.62E-01  4.15E-17  7.40E+00  2.08E-01
  3.16E+14  0.00E+00  8.17E-03  1.58E-06  6.47E-01  7.40E-17  8.31E+00  3.70E-01
  5.62E+14  0.00E+00  1.47E-02  2.81E-06  1.16E+00  1.32E-16  9.47E+00  6.61E-01
  1.00E+15  0.00E+00  2.64E-02  5.01E-06  2.09E+00  2.36E-16  1.10E+01  1.18E+00
  1.78E+15  0.00E+00  4.80E-02  8.93E-06  3.79E+00  4.21E-16  1.31E+01  2.11E+00
  3.16E+15  0.00E+00  8.79E-02  1.59E-05  6.94E+00  7.49E-16  1.59E+01  3.75E+00
  5.62E+15  0.00E+00  1.63E-01  2.84E-05  1.29E+01  1.32E-15  2.01E+01  6.58E+00
  1.00E+16  0.00E+00  3.05E-01  5.04E-05  2.41E+01  2.24E-15  2.59E+01  1.12E+01
  1.78E+16  0.00E+00  5.70E-01  8.83E-05  4.55E+01  3.59E-15  3.37E+01  1.79E+01
  3.16E+16  0.00E+00  1.05E+00  1.50E-04  8.48E+01  5.19E-15  4.24E+01  2.60E+01
  5.62E+16  0.00E+00  1.89E+00  2.43E-04  1.51E+02  6.73E-15  5.06E+01  3.36E+01
  1.00E+17  0.00E+00  3.25E+00  3.66E-04  2.47E+02  8.02E-15  5.73E+01  4.01E+01
  1.78E+17  0.00E+00  5.45E+00  5.09E-04  3.62E+02  9.11E-15  6.30E+01  4.56E+01
  3.16E+17  0.00E+00  9.00E+00  6.46E-04  4.80E+02  1.01E-14  6.80E+01  5.05E+01
  5.62E+17  0.00E+00  1.50E+01  7.67E-04  5.81E+02  1.10E-14  7.25E+01  5.48E+01
  1.00E+18  0.00E+00  2.54E+01  8.80E-04  6.71E+02  1.19E-14  7.75E+01  5.97E+01
  1.78E+18  0.00E+00  4.36E+01  9.92E-04  7.57E+02  1.30E-14  8.27E+01  6.48E+01
  3.16E+18  0.00E+00  7.57E+01  1.11E-03  8.46E+02  1.39E-14  8.77E+01  6.98E+01
  5.62E+18  0.00E+00  1.32E+02  1.22E-03  9.32E+02  1.47E-14  9.17E+01  7.37E+01
  1.00E+19  0.00E+00  2.33E+02  1.32E-03  1.01E+03  1.53E-14  9.47E+01  7.67E+01
  1.78E+19  0.00E+00  4.11E+02  1.41E-03  1.08E+03  1.57E-14  9.67E+01  7.87E+01
