          *** MOLPOP-CEP; version of December 3, 2013 ***

* CO with collision rates from Yang et al 2010
* CEP solution for variable physical conditions
* These lines are echoed in the output because they start with a '*'
*
      CEP Exact Radiative Transfer Calculation
      Molecule --- CO
      Number of levels = 20

        Collision information:
    1.  Relative weight of collision partner =  3.00
        Collision rates from data file DataBase/Coll/Yang_CO_H2o.kij

    2.  Relative weight of collision partner =  1.00
        Collision rates from data file DataBase/Coll/Yang_CO_H2p.kij

      Using file with physical conditions: Samples/CO/variable_conditions.dat
      No considerations of dust absorption
      No considerations of Line Overlap
      No maser saturation effects

      External Radiation field includes:
        - 2.725K Cosmic Background
 Using INCREASING strategy
------------------------------------------------------------------------------

      *** All optical depths are listed at line center ***

 *****************************************************
     CEP
  GENERAL DATA
 *****************************************************
 N. active transitions
          19
 N. levels
          20

 ***********************
  Level information   
  index  g    Energy [cm^-1]  
 ***********************
  1    1.0      0.0000
  2    3.0      3.8450
  3    5.0     11.5350
  4    7.0     23.0695
  5    9.0     38.4481
  6   11.0     57.6704
  7   13.0     80.7354
  8   15.0    107.6424
  9   17.0    138.3904
 10   19.0    172.9780
 11   21.0    211.4041
 12   23.0    253.6672
 13   25.0    299.7656
 14   27.0    349.6975
 15   29.0    403.4612
 16   31.0    461.0545
 17   33.0    522.4751
 18   35.0    587.7209
 19   37.0    656.7892
 20   39.0    729.6774

 ***********************
  Transition information
  up  low  freq [GHz]  Aul [s^-1]  detailed (y/n)
 ***********************
  2    1    115.270200   0.720300E-07    yes                
  3    2    230.540400   0.691000E-06    yes                
  4    3    345.795611   0.249700E-05    yes                
  5    4    461.038830   0.612600E-05    yes                
  6    5    576.270057   0.122100E-04    no                 
  7    6    691.471304   0.213700E-04    no                 
  8    7    806.651567   0.342200E-04    yes                
  9    8    921.801850   0.513400E-04    no                 
 10    9   1036.910162   0.733000E-04    no                 
 11   10   1151.985497   0.100600E-03    no                 
 12   11   1267.015863   0.133900E-03    no                 
 13   12   1381.995265   0.173500E-03    no                 
 14   13   1496.920703   0.220000E-03    no                 
 15   14   1611.795177   0.273900E-03    no                 
 16   15   1726.603697   0.335400E-03    no                 
 17   16   1841.343265   0.405000E-03    no                 
 18   17   1956.019876   0.482900E-03    no                 
 19   18   2070.615543   0.569500E-03    no                 
 20   19   2185.133264   0.665000E-03    no                 


 *******************************************************************************
 N(mol) [cm^-2]:  0.10000E+15   -  R [cm]:  0.10000E+16    -  nzones:    5
 *******************************************************************************
  up    low     tau (line center)     cooling         N(up)/N(low)    I_lc(mu= 0.500)   delta(Tb) [K]   del(TRJ) [K]
   2     1      -3.59600E-04       1.06506E-09       3.20967E+00       2.48723E-16       1.22534E+00       6.12277E-02
   3     2       1.08337E-03       3.05508E-08       1.50254E+00       3.57998E-15       2.80683E+00       2.19027E-01
   4     3       5.95537E-03       1.37599E-07       8.39275E-01       1.08047E-14       4.09638E+00       2.93880E-01
   5     4       6.89142E-03       2.42365E-07       5.38851E-01       1.42703E-14       4.78129E+00       2.18472E-01
   8     7       8.50804E-04       1.07284E-07       3.18408E-01       5.01489E-15       5.27261E+00       2.50852E-02
