          *** MOLPOP-CEP; version of December 3, 2013 ***

* CO with collision rates from Yang et al 2010
* These lines are echoed in the output because they start with a '*'
*
      Solution method is Slab (Capriotti) escape probability 
      Molecule --- CO
      Number of levels = 20

        Collision information:
    1.  Relative weight of collision partner =  3.00
        Collision rates from data file DataBase/Coll/Yang_CO_H2o.kij

    2.  Relative weight of collision partner =  1.00
        Collision rates from data file DataBase/Coll/Yang_CO_H2p.kij

      Tgas =  100.0 K
      n_tot =  1.00E+04 cm-3

      Dust absorption effects included:
        Dust properties from file DataBase/Standard_ISM.dat
        Dust optical depth at V is  1.00E-21 times column (in cm^-2) of H nuclei
        n_CO/n_tot =  1.00E-04
        using entered linewidth of  1.0 km/s
      No considerations of Line Overlap
      No maser saturation effects

      External Radiation field includes:
        - 2.725K Cosmic Background
 Using INCREASING strategy
------------------------------------------------------------------------------

      *** All optical depths are listed at line center ***


  Molecular column = 1.00E+16 cm-2/kms      Total emission = 9.03E-21 erg/s/mol
  H-nuclei column  = 1.00E+20 cm-2          tau(dust) at V = 1.00E-01
 
  Populations:
      level    x(i)         n(i)       n(i)/n*     T_ex(i,1)     emission     %
                          cm^{-3}                      K         erg/s/mol
        1    5.375E-02    5.375E-02    1.962E+00    0.000E+00    0.000E+00    0
        2    6.348E-02    1.802E-01    2.317E+00   -4.977E+01    0.000E+00    0
        3    6.067E-02    2.570E-01    2.214E+00    3.702E+02    2.268E-22    3
        4    4.864E-02    2.443E-01    1.775E+00    7.687E+01    9.496E-22   11
        5    3.096E-02    1.602E-01    1.130E+00    5.007E+01    1.847E-21   20
        6    1.500E-02    7.196E-02    5.474E-01    3.940E+01    2.199E-21   24
        7    5.777E-03    2.351E-02    2.108E-01    3.425E+01    1.779E-21   20
        8    2.072E-03    6.604E-03    7.560E-02    3.223E+01    1.079E-21   12
        9    7.795E-04    1.809E-03    2.845E-02    3.199E+01    5.449E-22    6
       10    3.117E-04    4.916E-04    1.138E-02    3.258E+01    2.442E-22    3
       11    1.298E-04    1.302E-04    4.738E-03    3.354E+01    9.954E-23    1
       12    5.588E-05    3.341E-05    2.039E-03    3.470E+01    3.751E-23    0
       13    2.505E-05    8.387E-06    9.141E-04    3.599E+01    1.332E-23    0
       14    1.191E-05    2.100E-06    4.346E-04    3.742E+01    4.582E-24    0
       15    5.554E-06    4.852E-07    2.027E-04    3.874E+01    1.419E-24    0
       16    2.483E-06    1.013E-07    9.061E-05    3.992E+01    3.885E-25    0
       17    1.197E-06    2.148E-08    4.370E-05    4.124E+01    1.062E-25    0
       18    5.520E-07    4.108E-09    2.015E-05    4.240E+01    2.571E-26    0
       19    2.492E-07    7.258E-10    9.095E-06    4.348E+01    5.671E-27    0
       20    1.017E-07    1.094E-10    3.711E-06    4.434E+01    1.053E-27    0

  The top emitting lines are:

        i    j  wavelength    tau      Xdust   beta       Tex      emission   %
                  micron                                   K       erg/s/mol
        6    5  5.202E+02  4.78E-01  4.54E-06  6.55E-01  2.76E+01  2.20E-21  24
        5    4  6.503E+02  5.82E-01  2.50E-06  6.16E-01  3.29E+01  1.85E-21  20
        7    6  4.336E+02  2.41E-01  1.30E-05  7.73E-01  2.58E+01  1.78E-21  20
        8    7  3.717E+02  8.09E-02  5.38E-05  8.94E-01  2.74E+01  1.08E-21  12
        4    3  8.670E+02  4.22E-01  2.00E-06  6.79E-01  4.29E+01  9.50E-22  11
        9    8  3.252E+02  2.25E-02  2.51E-04  9.60E-01  3.12E+01  5.45E-22   6
       10    9  2.891E+02  6.09E-03  1.14E-03  9.86E-01  3.52E+01  2.44E-22   3
        3    2  1.300E+03  1.48E-01  2.58E-06  8.36E-01  7.09E+01  2.27E-22   3
       11   10  2.602E+02  1.65E-03  5.21E-03  9.96E-01  3.87E+01  9.95E-23   1

  Inverted lines:

        i    j  wavelength    tau     Tex        eta
                  micron               K

        2    1  2.601E+03 -5.39E-02 -4.98E+01  5.55E-02
------------------------------------------------------------------------------


  Molecular column = 1.78E+16 cm-2/kms      Total emission = 8.75E-21 erg/s/mol
  H-nuclei column  = 1.78E+20 cm-2          tau(dust) at V = 1.78E-01
 
  Populations:
      level    x(i)         n(i)       n(i)/n*     T_ex(i,1)     emission     %
                          cm^{-3}                      K         erg/s/mol
        1    5.166E-02    5.166E-02    1.885E+00    0.000E+00    0.000E+00    0
        2    6.023E-02    1.710E-01    2.198E+00   -5.638E+01    0.000E+00    0
        3    5.750E-02    2.435E-01    2.098E+00    2.819E+02    1.971E-22    2
        4    4.785E-02    2.404E-01    1.746E+00    8.127E+01    8.138E-22    9
        5    3.292E-02    1.704E-01    1.201E+00    5.511E+01    1.638E-21   19
        6    1.750E-02    8.397E-02    6.388E-01    4.340E+01    2.090E-21   24
        7    7.030E-03    2.860E-02    2.565E-01    3.680E+01    1.821E-21   21
        8    2.435E-03    7.764E-03    8.888E-02    3.364E+01    1.157E-21   13
        9    8.777E-04    2.037E-03    3.203E-02    3.282E+01    5.932E-22    7
       10    3.441E-04    5.427E-04    1.256E-02    3.318E+01    2.667E-22    3
       11    1.426E-04    1.430E-04    5.203E-03    3.404E+01    1.089E-22    1
       12    6.131E-05    3.666E-05    2.238E-03    3.514E+01    4.111E-23    0
       13    2.752E-05    9.215E-06    1.004E-03    3.639E+01    1.463E-23    0
       14    1.309E-05    2.307E-06    4.776E-04    3.780E+01    5.035E-24    0
       15    6.111E-06    5.340E-07    2.230E-04    3.910E+01    1.562E-24    0
       16    2.740E-06    1.117E-07    9.999E-05    4.026E+01    4.287E-25    0
       17    1.322E-06    2.372E-08    4.825E-05    4.155E+01    1.172E-25    0
       18    6.106E-07    4.544E-09    2.228E-05    4.270E+01    2.844E-26    0
       19    2.762E-07    8.042E-10    1.008E-05    4.377E+01    6.284E-27    0
       20    1.128E-07    1.213E-10    4.116E-06    4.461E+01    1.168E-27    0

  The top emitting lines are:

        i    j  wavelength    tau      Xdust   beta       Tex      emission   %
                  micron                                   K       erg/s/mol
        6    5  5.202E+02  8.53E-01  4.52E-06  5.34E-01  3.05E+01  2.09E-21  24
        7    6  4.336E+02  4.91E-01  1.13E-05  6.50E-01  2.67E+01  1.82E-21  21
        5    4  6.503E+02  9.32E-01  2.77E-06  5.14E-01  3.72E+01  1.64E-21  19
        8    7  3.717E+02  1.77E-01  4.37E-05  8.15E-01  2.68E+01  1.16E-21  13
        4    3  8.670E+02  6.53E-01  2.29E-06  5.92E-01  4.75E+01  8.14E-22   9
        9    8  3.252E+02  4.77E-02  2.11E-04  9.28E-01  3.02E+01  5.93E-22   7
       10    9  2.891E+02  1.23E-02  1.01E-03  9.76E-01  3.47E+01  2.67E-22   3
        3    2  1.300E+03  2.51E-01  2.71E-06  7.67E-01  7.05E+01  1.97E-22   2
       11   10  2.602E+02  3.25E-03  4.71E-03  9.92E-01  3.86E+01  1.09E-22   1

  Inverted lines:

        i    j  wavelength    tau     Tex        eta
                  micron               K

        2    1  2.601E+03 -8.08E-02 -5.64E+01  4.90E-02
------------------------------------------------------------------------------


  Molecular column = 3.16E+16 cm-2/kms      Total emission = 8.37E-21 erg/s/mol
  H-nuclei column  = 3.16E+20 cm-2          tau(dust) at V = 3.16E-01
 
  Populations:
      level    x(i)         n(i)       n(i)/n*     T_ex(i,1)     emission     %
                          cm^{-3}                      K         erg/s/mol
        1    4.916E-02    4.916E-02    1.794E+00    0.000E+00    0.000E+00    0
        2    5.639E-02    1.601E-01    2.058E+00   -6.765E+01    0.000E+00    0
        3    5.388E-02    2.282E-01    1.966E+00    2.232E+02    1.643E-22    2
        4    4.650E-02    2.336E-01    1.697E+00    8.565E+01    6.680E-22    8
        5    3.462E-02    1.792E-01    1.263E+00    6.119E+01    1.390E-21   17
        6    2.068E-02    9.924E-02    7.549E-01    4.894E+01    1.908E-21   23
        7    9.164E-03    3.729E-02    3.344E-01    4.088E+01    1.828E-21   22
        8    3.144E-03    1.002E-02    1.147E-01    3.603E+01    1.254E-21   15
        9    1.055E-03    2.449E-03    3.851E-02    3.414E+01    6.648E-22    8
       10    3.969E-04    6.260E-04    1.449E-02    3.406E+01    3.010E-22    4
       11    1.624E-04    1.629E-04    5.926E-03    3.474E+01    1.232E-22    1
       12    6.970E-05    4.168E-05    2.544E-03    3.575E+01    4.663E-23    1
       13    3.131E-05    1.049E-05    1.143E-03    3.695E+01    1.663E-23    0
       14    1.491E-05    2.628E-06    5.440E-04    3.831E+01    5.732E-24    0
       15    6.970E-06    6.090E-07    2.544E-04    3.958E+01    1.781E-24    0
       16    3.138E-06    1.280E-07    1.145E-04    4.071E+01    4.910E-25    0
       17    1.515E-06    2.719E-08    5.531E-05    4.199E+01    1.343E-25    0
       18    7.016E-07    5.221E-09    2.560E-05    4.311E+01    3.268E-26    0
       19    3.181E-07    9.265E-10    1.161E-05    4.416E+01    7.239E-27    0
       20    1.301E-07    1.400E-10    4.749E-06    4.498E+01    1.347E-27    0

  The top emitting lines are:

        i    j  wavelength    tau      Xdust   beta       Tex      emission   %
                  micron                                   K       erg/s/mol
        6    5  5.202E+02  1.46E+00  4.69E-06  4.12E-01  3.49E+01  1.91E-21  23
        7    6  4.336E+02  9.89E-01  1.00E-05  5.01E-01  2.90E+01  1.83E-21  22
        5    4  6.503E+02  1.45E+00  3.17E-06  4.14E-01  4.28E+01  1.39E-21  17
        8    7  3.717E+02  4.12E-01  3.34E-05  6.84E-01  2.66E+01  1.25E-21  15
        4    3  8.670E+02  9.92E-01  2.68E-06  5.00E-01  5.30E+01  6.68E-22   8
        9    8  3.252E+02  1.12E-01  1.60E-04  8.66E-01  2.88E+01  6.65E-22   8
       10    9  2.891E+02  2.66E-02  8.29E-04  9.55E-01  3.37E+01  3.01E-22   4
        3    2  1.300E+03  4.16E-01  2.90E-06  6.82E-01  7.09E+01  1.64E-22   2
       11   10  2.602E+02  6.69E-03  4.07E-03  9.85E-01  3.82E+01  1.23E-22   1
       12   11  2.366E+02  1.75E-03  1.92E-02  9.95E-01  4.18E+01  4.66E-23   1

  Inverted lines:

        i    j  wavelength    tau     Tex        eta
                  micron               K

        2    1  2.601E+03 -1.13E-01 -6.76E+01  4.09E-02
------------------------------------------------------------------------------


  Molecular column = 5.62E+16 cm-2/kms      Total emission = 7.89E-21 erg/s/mol
  H-nuclei column  = 5.62E+20 cm-2          tau(dust) at V = 5.62E-01
 
  Populations:
      level    x(i)         n(i)       n(i)/n*     T_ex(i,1)     emission     %
                          cm^{-3}                      K         erg/s/mol
        1    4.637E-02    4.637E-02    1.692E+00    0.000E+00    0.000E+00    0
        2    5.219E-02    1.481E-01    1.905E+00   -8.799E+01    0.000E+00    0
        3    5.001E-02    2.118E-01    1.825E+00    1.835E+02    1.309E-22    2
        4    4.463E-02    2.241E-01    1.629E+00    8.964E+01    5.240E-22    7
        5    3.570E-02    1.848E-01    1.303E+00    6.789E+01    1.123E-21   14
        6    2.406E-02    1.154E-01    8.781E-01    5.584E+01    1.656E-21   21
        7    1.240E-02    5.045E-02    4.525E-01    4.683E+01    1.760E-21   22
        8    4.570E-03    1.457E-02    1.668E-01    4.006E+01    1.347E-21   17
        9    1.415E-03    3.284E-03    5.163E-02    3.633E+01    7.637E-22   10
       10    4.883E-04    7.701E-04    1.782E-02    3.534E+01    3.528E-22    4
       11    1.936E-04    1.942E-04    7.065E-03    3.570E+01    1.449E-22    2
       12    8.258E-05    4.938E-05    3.014E-03    3.657E+01    5.502E-23    1
       13    3.711E-05    1.243E-05    1.354E-03    3.769E+01    1.969E-23    0
       14    1.768E-05    3.117E-06    6.452E-04    3.899E+01    6.794E-24    0
       15    8.288E-06    7.241E-07    3.025E-04    4.022E+01    2.117E-24    0
       16    3.750E-06    1.529E-07    1.368E-04    4.131E+01    5.865E-25    0
       17    1.814E-06    3.254E-08    6.620E-05    4.255E+01    1.607E-25    0
       18    8.425E-07    6.270E-09    3.075E-05    4.365E+01    3.922E-26    0
       19    3.834E-07    1.117E-09    1.399E-05    4.467E+01    8.720E-27    0
       20    1.572E-07    1.691E-10    5.736E-06    4.546E+01    1.627E-27    0

  The top emitting lines are:

        i    j  wavelength    tau      Xdust   beta       Tex      emission   %
                  micron                                   K       erg/s/mol
        7    6  4.336E+02  1.89E+00  9.31E-06  3.56E-01  3.34E+01  1.76E-21  22
        6    5  5.202E+02  2.40E+00  5.09E-06  3.08E-01  4.12E+01  1.66E-21  21
        8    7  3.717E+02  9.68E-01  2.53E-05  5.05E-01  2.79E+01  1.35E-21  17
        5    4  6.503E+02  2.20E+00  3.72E-06  3.25E-01  4.98E+01  1.12E-21  14
        9    8  3.252E+02  2.95E-01  1.08E-04  7.42E-01  2.74E+01  7.64E-22  10
        4    3  8.670E+02  1.49E+00  3.19E-06  4.09E-01  5.93E+01  5.24E-22   7
       10    9  2.891E+02  6.49E-02  6.04E-04  9.10E-01  3.19E+01  3.53E-22   4
       11   10  2.602E+02  1.48E-02  3.28E-03  9.72E-01  3.74E+01  1.45E-22   2
        3    2  1.300E+03  6.73E-01  3.19E-06  5.85E-01  7.22E+01  1.31E-22   2
       12   11  2.366E+02  3.72E-03  1.61E-02  9.91E-01  4.16E+01  5.50E-23   1

  Inverted lines:

        i    j  wavelength    tau     Tex        eta
                  micron               K

        2    1  2.601E+03 -1.44E-01 -8.80E+01  3.14E-02
------------------------------------------------------------------------------


  Molecular column = 1.00E+17 cm-2/kms      Total emission = 7.30E-21 erg/s/mol
  H-nuclei column  = 1.00E+21 cm-2          tau(dust) at V = 1.00E+00
 
  Populations:
      level    x(i)         n(i)       n(i)/n*     T_ex(i,1)     emission     %
                          cm^{-3}                      K         erg/s/mol
        1    4.347E-02    4.347E-02    1.586E+00    0.000E+00    0.000E+00    0
        2    4.794E-02    1.361E-01    1.750E+00   -1.296E+02    0.000E+00    0
        3    4.616E-02    1.955E-01    1.684E+00    1.567E+02    9.971E-23    1
        4    4.240E-02    2.130E-01    1.547E+00    9.304E+01    3.937E-22    5
        5    3.599E-02    1.863E-01    1.313E+00    7.455E+01    8.669E-22   12
        6    2.701E-02    1.296E-01    9.857E-01    6.355E+01    1.360E-21   19
        7    1.638E-02    6.665E-02    5.979E-01    5.435E+01    1.600E-21   22
        8    7.188E-03    2.291E-02    2.623E-01    4.625E+01    1.389E-21   19
        9    2.233E-03    5.184E-03    8.150E-02    4.015E+01    8.800E-22   12
       10    6.675E-04    1.053E-03    2.436E-02    3.734E+01    4.278E-22    6
       11    2.446E-04    2.453E-04    8.928E-03    3.700E+01    1.774E-22    2
       12    1.023E-04    6.115E-05    3.732E-03    3.762E+01    6.753E-23    1
       13    4.591E-05    1.537E-05    1.675E-03    3.863E+01    2.429E-23    0
       14    2.184E-05    3.851E-06    7.972E-04    3.985E+01    8.388E-24    0
       15    1.028E-05    8.985E-07    3.753E-04    4.101E+01    2.626E-24    0
       16    4.680E-06    1.908E-07    1.708E-04    4.206E+01    7.317E-25    0
       17    2.270E-06    4.073E-08    8.285E-05    4.326E+01    2.011E-25    0
       18    1.059E-06    7.880E-09    3.864E-05    4.432E+01    4.927E-26    0
       19    4.841E-07    1.410E-09    1.767E-05    4.531E+01    1.100E-26    0
       20    1.991E-07    2.142E-10    7.266E-06    4.606E+01    2.060E-27    0

  The top emitting lines are:

        i    j  wavelength    tau      Xdust   beta       Tex      emission   %
                  micron                                   K       erg/s/mol
        7    6  4.336E+02  3.38E+00  9.26E-06  2.45E-01  3.99E+01  1.60E-21  22
        8    7  3.717E+02  2.13E+00  2.04E-05  3.31E-01  3.20E+01  1.39E-21  19
        6    5  5.202E+02  3.79E+00  5.73E-06  2.25E-01  4.91E+01  1.36E-21  19
        9    8  3.252E+02  8.24E-01  6.85E-05  5.41E-01  2.75E+01  8.80E-22  12
        5    4  6.503E+02  3.31E+00  4.39E-06  2.49E-01  5.74E+01  8.67E-22  12
       10    9  2.891E+02  1.89E-01  3.69E-04  8.07E-01  2.92E+01  4.28E-22   6
        4    3  8.670E+02  2.22E+00  3.80E-06  3.23E-01  6.62E+01  3.94E-22   5
       11   10  2.602E+02  3.66E-02  2.35E-03  9.42E-01  3.55E+01  1.77E-22   2
        3    2  1.300E+03  1.07E+00  3.58E-06  4.83E-01  7.45E+01  9.97E-23   1
       12   11  2.366E+02  8.37E-03  1.27E-02  9.82E-01  4.11E+01  6.75E-23   1

  Inverted lines:

        i    j  wavelength    tau     Tex        eta
                  micron               K

        2    1  2.601E+03 -1.62E-01 -1.30E+02  2.13E-02
------------------------------------------------------------------------------


  Molecular column = 1.78E+17 cm-2/kms      Total emission = 6.59E-21 erg/s/mol
  H-nuclei column  = 1.78E+21 cm-2          tau(dust) at V = 1.78E+00
 
  Populations:
      level    x(i)         n(i)       n(i)/n*     T_ex(i,1)     emission     %
                          cm^{-3}                      K         erg/s/mol
        1    4.053E-02    4.053E-02    1.479E+00    0.000E+00    0.000E+00    0
        2    4.381E-02    1.244E-01    1.599E+00   -2.457E+02    0.000E+00    0
        3    4.243E-02    1.797E-01    1.549E+00    1.382E+02    7.265E-23    1
        4    3.985E-02    2.001E-01    1.454E+00    9.512E+01    2.829E-22    4
        5    3.555E-02    1.840E-01    1.297E+00    8.085E+01    6.311E-22   10
        6    2.915E-02    1.399E-01    1.064E+00    7.157E+01    1.044E-21   16
        7    2.061E-02    8.384E-02    7.520E-01    6.320E+01    1.347E-21   20
        8    1.121E-02    3.572E-02    4.090E-01    5.464E+01    1.338E-21   20
        9    4.133E-03    9.594E-03    1.508E-01    4.659E+01    9.832E-22   15
       10    1.116E-03    1.760E-03    4.072E-02    4.093E+01    5.301E-22    8
       11    3.419E-04    3.429E-04    1.248E-02    3.891E+01    2.275E-22    3
       12    1.344E-04    8.039E-05    4.907E-03    3.900E+01    8.697E-23    1
       13    5.972E-05    2.000E-05    2.179E-03    3.981E+01    3.141E-23    0
       14    2.839E-05    5.005E-06    1.036E-03    4.092E+01    1.088E-23    0
       15    1.340E-05    1.170E-06    4.889E-04    4.200E+01    3.417E-24    0
       16    6.150E-06    2.508E-07    2.245E-04    4.300E+01    9.611E-25    0
       17    2.991E-06    5.365E-08    1.091E-04    4.414E+01    2.647E-25    0
       18    1.404E-06    1.045E-08    5.124E-05    4.516E+01    6.530E-26    0
       19    6.451E-07    1.879E-09    2.354E-05    4.610E+01    1.466E-26    0
       20    2.668E-07    2.869E-10    9.735E-06    4.681E+01    2.758E-27    0

  The top emitting lines are:

        i    j  wavelength    tau      Xdust   beta       Tex      emission   %
                  micron                                   K       erg/s/mol
        7    6  4.336E+02  5.66E+00  9.83E-06  1.64E-01  4.89E+01  1.35E-21  20
        8    7  3.717E+02  4.28E+00  1.81E-05  2.05E-01  3.89E+01  1.34E-21  20
        6    5  5.202E+02  5.84E+00  6.61E-06  1.60E-01  5.82E+01  1.04E-21  16
        9    8  3.252E+02  2.18E+00  4.61E-05  3.27E-01  3.07E+01  9.83E-22  15
        5    4  6.503E+02  4.93E+00  5.24E-06  1.83E-01  6.60E+01  6.31E-22  10
       10    9  2.891E+02  6.34E-01  1.95E-04  5.98E-01  2.75E+01  5.30E-22   8
        4    3  8.670E+02  3.34E+00  4.48E-06  2.47E-01  7.25E+01  2.83E-22   4
       11   10  2.602E+02  1.14E-01  1.35E-03  8.64E-01  3.19E+01  2.27E-22   3
       12   11  2.366E+02  2.11E-02  8.97E-03  9.62E-01  3.94E+01  8.70E-23   1
        3    2  1.300E+03  1.67E+00  4.07E-06  3.83E-01  7.76E+01  7.26E-23   1

  Inverted lines:

        i    j  wavelength    tau     Tex        eta
                  micron               K

        2    1  2.601E+03 -1.40E-01 -2.46E+02  1.13E-02
------------------------------------------------------------------------------


  Molecular column = 3.16E+17 cm-2/kms      Total emission = 5.81E-21 erg/s/mol
  H-nuclei column  = 3.16E+21 cm-2          tau(dust) at V = 3.16E+00
 
  Populations:
      level    x(i)         n(i)       n(i)/n*     T_ex(i,1)     emission     %
                          cm^{-3}                      K         erg/s/mol
        1    3.779E-02    3.779E-02    1.379E+00    0.000E+00    0.000E+00    0
        2    4.011E-02    1.138E-01    1.464E+00   -1.354E+03    0.000E+00    0
        3    3.906E-02    1.654E-01    1.425E+00    1.248E+02    5.070E-23    1
        4    3.741E-02    1.879E-01    1.365E+00    9.705E+01    1.934E-22    3
        5    3.463E-02    1.792E-01    1.264E+00    8.634E+01    4.398E-22    8
        6    3.030E-02    1.453E-01    1.106E+00    7.896E+01    7.612E-22   13
        7    2.400E-02    9.767E-02    8.760E-01    7.190E+01    1.058E-21   18
        8    1.588E-02    5.062E-02    5.796E-01    6.411E+01    1.178E-21   20
        9    7.635E-03    1.772E-02    2.786E-01    5.546E+01    1.012E-21   17
       10    2.349E-03    3.705E-03    8.573E-02    4.725E+01    6.378E-22   11
       11    5.781E-04    5.798E-04    2.110E-02    4.212E+01    2.984E-22    5
       12    1.905E-04    1.139E-04    6.954E-03    4.083E+01    1.164E-22    2
       13    8.117E-05    2.718E-05    2.962E-03    4.125E+01    4.211E-23    1
       14    3.837E-05    6.765E-06    1.400E-03    4.220E+01    1.464E-23    0
       15    1.813E-05    1.584E-06    6.616E-04    4.317E+01    4.616E-24    0
       16    8.400E-06    3.426E-07    3.066E-04    4.409E+01    1.311E-24    0
       17    4.100E-06    7.355E-08    1.496E-04    4.516E+01    3.626E-25    0
       18    1.939E-06    1.443E-08    7.075E-05    4.612E+01    9.007E-26    0
       19    8.967E-07    2.611E-09    3.272E-05    4.702E+01    2.035E-26    0
       20    3.731E-07    4.013E-10    1.362E-05    4.767E+01    3.852E-27    0

  The top emitting lines are:

        i    j  wavelength    tau      Xdust   beta       Tex      emission   %
                  micron                                   K       erg/s/mol
        8    7  3.717E+02  7.74E+00  1.78E-05  1.27E-01  4.84E+01  1.18E-21  20
        7    6  4.336E+02  9.16E+00  1.08E-05  1.11E-01  5.88E+01  1.06E-21  18
        9    8  3.252E+02  4.97E+00  3.59E-05  1.82E-01  3.77E+01  1.01E-21  17
        6    5  5.202E+02  8.99E+00  7.63E-06  1.12E-01  6.74E+01  7.61E-22  13
       10    9  2.891E+02  2.03E+00  1.09E-04  3.42E-01  2.97E+01  6.38E-22  11
        5    4  6.503E+02  7.46E+00  6.16E-06  1.31E-01  7.41E+01  4.40E-22   8
       11   10  2.602E+02  4.43E-01  6.15E-04  6.70E-01  2.83E+01  2.98E-22   5
        4    3  8.670E+02  5.04E+00  5.28E-06  1.80E-01  7.94E+01  1.93E-22   3
       12   11  2.366E+02  6.59E-02  5.10E-03  9.09E-01  3.54E+01  1.16E-22   2
        3    2  1.300E+03  2.62E+00  4.61E-06  2.90E-01  8.07E+01  5.07E-23   1
       13   12  2.169E+02  1.26E-02  3.22E-02  9.75E-01  4.37E+01  4.21E-23   1

  Inverted lines:

        i    j  wavelength    tau     Tex        eta
                  micron               K

        2    1  2.601E+03 -4.18E-02 -1.35E+03  2.04E-03
------------------------------------------------------------------------------


  Molecular column = 5.62E+17 cm-2/kms      Total emission = 4.99E-21 erg/s/mol
  H-nuclei column  = 5.62E+21 cm-2          tau(dust) at V = 5.62E+00
 
  Populations:
      level    x(i)         n(i)       n(i)/n*     T_ex(i,1)     emission     %
                          cm^{-3}                      K         erg/s/mol
        1    3.642E-02    3.642E-02    1.329E+00    0.000E+00    0.000E+00    0
        2    3.672E-02    1.042E-01    1.340E+00    1.173E+02    3.134E-24    0
        3    3.621E-02    1.533E-01    1.321E+00    9.660E+01    3.558E-23    1
        4    3.518E-02    1.767E-01    1.284E+00    9.055E+01    1.278E-22    3
        5    3.343E-02    1.730E-01    1.220E+00    8.658E+01    2.955E-22    6
        6    3.062E-02    1.469E-01    1.118E+00    8.273E+01    5.295E-22   11
        7    2.631E-02    1.071E-01    9.603E-01    7.814E+01    7.801E-22   16
        8    2.009E-02    6.405E-02    7.333E-01    7.225E+01    9.529E-22   19
        9    1.232E-02    2.859E-02    4.496E-01    6.475E+01    9.369E-22   19
       10    5.141E-03    8.108E-03    1.876E-01    5.597E+01    7.028E-22   14
       11    1.316E-03    1.319E-03    4.802E-02    4.781E+01    3.828E-22    8
       12    3.164E-04    1.892E-04    1.155E-02    4.347E+01    1.593E-22    3
       13    1.164E-04    3.898E-05    4.248E-03    4.288E+01    5.821E-23    1
       14    5.352E-05    9.437E-06    1.953E-03    4.355E+01    2.024E-23    0
       15    2.531E-05    2.211E-06    9.238E-04    4.439E+01    6.424E-24    0
       16    1.179E-05    4.810E-07    4.304E-04    4.522E+01    1.837E-24    0
       17    5.794E-06    1.039E-07    2.115E-04    4.622E+01    5.116E-25    0
       18    2.758E-06    2.053E-08    1.007E-04    4.712E+01    1.279E-25    0
       19    1.286E-06    3.746E-09    4.695E-05    4.797E+01    2.914E-26    0
       20    5.390E-07    5.797E-10    1.967E-05    4.856E+01    5.554E-27    0

  The top emitting lines are:

        i    j  wavelength    tau      Xdust   beta       Tex      emission   %
                  micron                                   K       erg/s/mol
        8    7  3.717E+02  1.32E+01  1.85E-05  8.13E-02  5.89E+01  9.53E-22  19
        9    8  3.252E+02  9.81E+00  3.24E-05  1.04E-01  4.75E+01  9.37E-22  19
        7    6  4.336E+02  1.46E+01  1.20E-05  7.44E-02  6.86E+01  7.80E-22  16
       10    9  2.891E+02  5.33E+00  7.35E-05  1.72E-01  3.63E+01  7.03E-22  14
        6    5  5.202E+02  1.40E+01  8.71E-06  7.73E-02  7.60E+01  5.29E-22  11
       11   10  2.602E+02  1.71E+00  2.83E-04  3.78E-01  2.89E+01  3.83E-22   8
        5    4  6.503E+02  1.15E+01  7.10E-06  9.13E-02  8.12E+01  2.96E-22   6
       12   11  2.366E+02  2.82E-01  2.12E-03  7.49E-01  2.99E+01  1.59E-22   3
        4    3  8.670E+02  7.80E+00  6.07E-06  1.26E-01  8.52E+01  1.28E-22   3
       13   12  2.169E+02  3.80E-02  1.89E-02  9.40E-01  3.99E+01  5.82E-23   1
        3    2  1.300E+03  3.91E+00  5.50E-06  2.20E-01  8.88E+01  3.56E-23   1

  No inversions
------------------------------------------------------------------------------


  Molecular column = 1.00E+18 cm-2/kms      Total emission = 4.17E-21 erg/s/mol
  H-nuclei column  = 1.00E+22 cm-2          tau(dust) at V = 1.00E+01
 
  Populations:
      level    x(i)         n(i)       n(i)/n*     T_ex(i,1)     emission     %
                          cm^{-3}                      K         erg/s/mol
        1    3.410E-02    3.410E-02    1.245E+00    0.000E+00    0.000E+00    0
        2    3.423E-02    9.715E-02    1.249E+00    1.068E+02    2.199E-24    0
        3    3.391E-02    1.436E-01    1.237E+00    9.659E+01    2.297E-23    1
        4    3.327E-02    1.671E-01    1.214E+00    9.306E+01    8.201E-23    2
        5    3.219E-02    1.666E-01    1.175E+00    9.054E+01    1.920E-22    5
        6    3.044E-02    1.460E-01    1.111E+00    8.795E+01    3.531E-22    8
        7    2.765E-02    1.125E-01    1.009E+00    8.470E+01    5.442E-22   13
        8    2.331E-02    7.431E-02    8.508E-01    8.028E+01    7.145E-22   17
        9    1.705E-02    3.958E-02    6.224E-01    7.418E+01    7.846E-22   19
       10    9.553E-03    1.507E-02    3.486E-01    6.617E+01    6.883E-22   16
       11    3.379E-03    3.389E-03    1.233E-01    5.682E+01    4.515E-22   11
       12    7.318E-04    4.376E-04    2.671E-02    4.872E+01    2.154E-22    5
       13    1.877E-04    6.286E-05    6.851E-03    4.533E+01    8.221E-23    2
       14    7.750E-05    1.366E-05    2.828E-03    4.525E+01    2.861E-23    1
       15    3.616E-05    3.159E-06    1.320E-03    4.587E+01    9.111E-24    0
       16    1.696E-05    6.916E-07    6.190E-04    4.658E+01    2.633E-24    0
       17    8.353E-06    1.499E-07    3.048E-04    4.748E+01    7.355E-25    0
       18    4.020E-06    2.992E-08    1.467E-04    4.831E+01    1.859E-25    0
       19    1.887E-06    5.496E-09    6.887E-05    4.908E+01    4.262E-26    0
       20    7.984E-07    8.588E-10    2.914E-05    4.961E+01    8.201E-27    0

  The top emitting lines are:

        i    j  wavelength    tau      Xdust   beta       Tex      emission   %
                  micron                                   K       erg/s/mol
        9    8  3.252E+02  1.77E+01  3.19E-05  6.32E-02  5.86E+01  7.85E-22  19
        8    7  3.717E+02  2.19E+01  1.99E-05  5.26E-02  6.94E+01  7.14E-22  17
       10    9  2.891E+02  1.16E+01  6.01E-05  9.07E-02  4.62E+01  6.88E-22  16
        7    6  4.336E+02  2.35E+01  1.33E-05  4.94E-02  7.75E+01  5.44E-22  13
       11   10  2.602E+02  5.28E+00  1.63E-04  1.73E-01  3.47E+01  4.51E-22  11
        6    5  5.202E+02  2.22E+01  9.76E-06  5.19E-02  8.32E+01  3.53E-22   8
       12   11  2.366E+02  1.30E+00  8.15E-04  4.38E-01  2.84E+01  2.15E-22   5
        5    4  6.503E+02  1.82E+01  7.97E-06  6.16E-02  8.70E+01  1.92E-22   5
       13   12  2.169E+02  1.65E-01  7.72E-03  8.23E-01  3.28E+01  8.22E-23   2
        4    3  8.670E+02  1.24E+01  6.80E-06  8.58E-02  8.98E+01  8.20E-23   2
       14   13  2.003E+02  2.30E-02  6.34E-02  9.60E-01  4.48E+01  2.86E-23   1
        3    2  1.300E+03  6.25E+00  6.11E-06  1.52E-01  9.22E+01  2.30E-23   1

  No inversions
------------------------------------------------------------------------------


  Molecular column = 1.78E+18 cm-2/kms      Total emission = 3.39E-21 erg/s/mol
  H-nuclei column  = 1.78E+22 cm-2          tau(dust) at V = 1.78E+01
 
  Populations:
      level    x(i)         n(i)       n(i)/n*     T_ex(i,1)     emission     %
                          cm^{-3}                      K         erg/s/mol
        1    3.225E-02    3.225E-02    1.177E+00    0.000E+00    0.000E+00    0
        2    3.229E-02    9.165E-02    1.178E+00    1.022E+02    1.480E-24    0
        3    3.209E-02    1.359E-01    1.171E+00    9.710E+01    1.449E-23    0
        4    3.170E-02    1.592E-01    1.157E+00    9.510E+01    5.142E-23    2
        5    3.105E-02    1.607E-01    1.133E+00    9.356E+01    1.213E-22    4
        6    2.998E-02    1.438E-01    1.094E+00    9.192E+01    2.271E-22    7
        7    2.825E-02    1.149E-01    1.031E+00    8.977E+01    3.617E-22   11
        8    2.544E-02    8.109E-02    9.283E-01    8.671E+01    5.014E-22   15
        9    2.097E-02    4.867E-02    7.653E-01    8.222E+01    6.002E-22   18
       10    1.455E-02    2.295E-02    5.311E-01    7.577E+01    5.992E-22   18
       11    7.288E-03    7.309E-03    2.660E-01    6.716E+01    4.688E-22   14
       12    2.138E-03    1.279E-03    7.803E-02    5.736E+01    2.705E-22    8
       13    4.129E-04    1.382E-04    1.507E-02    4.974E+01    1.153E-22    3
       14    1.210E-04    2.134E-05    4.418E-03    4.739E+01    4.109E-23    1
       15    5.275E-05    4.609E-06    1.925E-03    4.750E+01    1.307E-23    0
       16    2.473E-05    1.008E-06    9.024E-04    4.804E+01    3.813E-24    0
       17    1.220E-05    2.189E-07    4.453E-04    4.882E+01    1.069E-24    0
       18    5.926E-06    4.410E-08    2.163E-04    4.957E+01    2.729E-25    0
       19    2.808E-06    8.179E-09    1.025E-04    5.027E+01    6.312E-26    0
       20    1.197E-06    1.288E-09    4.369E-05    5.072E+01    1.223E-26    0

  The top emitting lines are:

        i    j  wavelength    tau      Xdust   beta       Tex      emission   %
                  micron                                   K       erg/s/mol
        9    8  3.252E+02  3.05E+01  3.29E-05  3.93E-02  6.96E+01  6.00E-22  18
       10    9  2.891E+02  2.22E+01  5.57E-05  5.18E-02  5.77E+01  5.99E-22  18
        8    7  3.717E+02  3.61E+01  2.14E-05  3.38E-02  7.87E+01  5.01E-22  15
       11   10  2.602E+02  1.28E+01  1.20E-04  8.35E-02  4.44E+01  4.69E-22  14
        7    6  4.336E+02  3.83E+01  1.45E-05  3.21E-02  8.48E+01  3.62E-22  11
       12   11  2.366E+02  4.76E+00  3.97E-04  1.88E-01  3.32E+01  2.71E-22   8
        6    5  5.202E+02  3.61E+01  1.07E-05  3.39E-02  8.88E+01  2.27E-22   7
        5    4  6.503E+02  2.96E+01  8.73E-06  4.03E-02  9.14E+01  1.21E-22   4
       13   12  2.169E+02  8.87E-01  2.56E-03  5.25E-01  2.87E+01  1.15E-22   3
        4    3  8.670E+02  2.02E+01  7.43E-06  5.64E-02  9.32E+01  5.14E-23   2
       14   13  2.003E+02  9.29E-02  2.79E-02  8.82E-01  3.69E+01  4.11E-23   1

  No inversions
------------------------------------------------------------------------------


  Molecular column = 3.16E+18 cm-2/kms      Total emission = 2.68E-21 erg/s/mol
  H-nuclei column  = 3.16E+22 cm-2          tau(dust) at V = 3.16E+01
 
  Populations:
      level    x(i)         n(i)       n(i)/n*     T_ex(i,1)     emission     %
                          cm^{-3}                      K         erg/s/mol
        1    3.082E-02    3.082E-02    1.125E+00    0.000E+00    0.000E+00    0
        2    3.083E-02    8.750E-02    1.125E+00    1.004E+02    9.549E-25    0
        3    3.071E-02    1.300E-01    1.121E+00    9.782E+01    8.968E-24    0
        4    3.047E-02    1.530E-01    1.112E+00    9.668E+01    3.165E-23    1
        5    3.008E-02    1.557E-01    1.098E+00    9.577E+01    7.492E-23    3
        6    2.944E-02    1.412E-01    1.074E+00    9.476E+01    1.419E-22    5
        7    2.839E-02    1.155E-01    1.036E+00    9.341E+01    2.311E-22    9
        8    2.666E-02    8.499E-02    9.730E-01    9.144E+01    3.330E-22   12
        9    2.374E-02    5.511E-02    8.665E-01    8.842E+01    4.250E-22   16
       10    1.902E-02    3.000E-02    6.941E-01    8.376E+01    4.696E-22   18
       11    1.232E-02    1.236E-02    4.496E-01    7.684E+01    4.263E-22   16
       12    5.386E-03    3.221E-03    1.966E-01    6.766E+01    2.984E-22   11
       13    1.291E-03    4.324E-04    4.712E-02    5.762E+01    1.523E-22    6
       14    2.415E-04    4.257E-05    8.812E-03    5.092E+01    5.875E-23    2
       15    8.039E-05    7.024E-06    2.934E-03    4.939E+01    1.893E-23    1
       16    3.630E-05    1.480E-06    1.325E-03    4.959E+01    5.523E-24    0
       17    1.796E-05    3.222E-07    6.554E-04    5.023E+01    1.561E-24    0
       18    8.761E-06    6.520E-08    3.197E-04    5.087E+01    4.005E-25    0
       19    4.203E-06    1.224E-08    1.534E-04    5.150E+01    9.373E-26    0
       20    1.801E-06    1.938E-09    6.575E-05    5.186E+01    1.825E-26    0

  The top emitting lines are:

        i    j  wavelength    tau      Xdust   beta       Tex      emission   %
                  micron                                   K       erg/s/mol
       10    9  2.891E+02  3.97E+01  5.54E-05  3.11E-02  6.92E+01  4.70E-22  18
       11   10  2.602E+02  2.62E+01  1.04E-04  4.49E-02  5.60E+01  4.26E-22  16
        9    8  3.252E+02  5.17E+01  3.46E-05  2.46E-02  7.92E+01  4.25E-22  16
        8    7  3.717E+02  6.02E+01  2.28E-05  2.14E-02  8.60E+01  3.33E-22  12
       12   11  2.366E+02  1.30E+01  2.59E-04  8.24E-02  4.24E+01  2.98E-22  11
        7    6  4.336E+02  6.35E+01  1.56E-05  2.04E-02  9.02E+01  2.31E-22   9
       13   12  2.169E+02  3.86E+00  1.05E-03  2.22E-01  3.17E+01  1.52E-22   6
        6    5  5.202E+02  5.98E+01  1.15E-05  2.16E-02  9.28E+01  1.42E-22   5
        5    4  6.503E+02  4.91E+01  9.35E-06  2.57E-02  9.44E+01  7.49E-23   3
       14   13  2.003E+02  5.37E-01  8.58E-03  6.32E-01  3.00E+01  5.87E-23   2
        4    3  8.670E+02  3.35E+01  7.94E-06  3.61E-02  9.56E+01  3.16E-23   1
       15   14  1.860E+02  5.42E-02  1.07E-01  9.21E-01  4.13E+01  1.89E-23   1

  No inversions
------------------------------------------------------------------------------


  Molecular column = 5.62E+18 cm-2/kms      Total emission = 2.06E-21 erg/s/mol
  H-nuclei column  = 5.62E+22 cm-2          tau(dust) at V = 5.62E+01
 
  Populations:
      level    x(i)         n(i)       n(i)/n*     T_ex(i,1)     emission     %
                          cm^{-3}                      K         erg/s/mol
        1    2.976E-02    2.976E-02    1.086E+00    0.000E+00    0.000E+00    0
        2    2.975E-02    8.446E-02    1.086E+00    9.997E+01    5.945E-25    0
        3    2.968E-02    1.257E-01    1.083E+00    9.850E+01    5.469E-24    0
        4    2.954E-02    1.484E-01    1.078E+00    9.784E+01    1.919E-23    1
        5    2.930E-02    1.517E-01    1.069E+00    9.730E+01    4.550E-23    2
        6    2.892E-02    1.388E-01    1.056E+00    9.669E+01    8.678E-23    4
        7    2.830E-02    1.152E-01    1.033E+00    9.587E+01    1.433E-22    7
        8    2.727E-02    8.693E-02    9.952E-01    9.467E+01    2.119E-22   10
        9    2.548E-02    5.914E-02    9.299E-01    9.277E+01    2.829E-22   14
       10    2.236E-02    3.527E-02    8.160E-01    8.970E+01    3.370E-22   16
       11    1.721E-02    1.726E-02    6.279E-01    8.474E+01    3.440E-22   17
       12    1.021E-02    6.106E-03    3.727E-01    7.734E+01    2.850E-22   14
       13    3.791E-03    1.270E-03    1.384E-01    6.767E+01    1.777E-22    9
       14    7.456E-04    1.314E-04    2.721E-02    5.771E+01    8.026E-23    4
       15    1.442E-04    1.260E-05    5.262E-03    5.213E+01    2.730E-23    1
       16    5.435E-05    2.217E-06    1.984E-03    5.127E+01    8.004E-24    0
       17    2.636E-05    4.729E-07    9.621E-04    5.168E+01    2.260E-24    0
       18    1.297E-05    9.656E-08    4.735E-04    5.222E+01    5.860E-25    0
       19    6.258E-06    1.822E-08    2.284E-04    5.274E+01    1.378E-25    0
       20    2.711E-06    2.916E-09    9.895E-05    5.302E+01    2.711E-26    0

  The top emitting lines are:

        i    j  wavelength    tau      Xdust   beta       Tex      emission   %
                  micron                                   K       erg/s/mol
       11   10  2.602E+02  4.86E+01  9.96E-05  2.60E-02  6.78E+01  3.44E-22  17
       10    9  2.891E+02  6.90E+01  5.68E-05  1.90E-02  7.92E+01  3.37E-22  16
       12   11  2.366E+02  2.87E+01  2.09E-04  4.15E-02  5.38E+01  2.85E-22  14
        9    8  3.252E+02  8.78E+01  3.62E-05  1.53E-02  8.67E+01  2.83E-22  14
        8    7  3.717E+02  1.02E+02  2.40E-05  1.33E-02  9.12E+01  2.12E-22  10
       13   12  2.169E+02  1.20E+01  5.98E-04  8.81E-02  4.01E+01  1.78E-22   9
        7    6  4.336E+02  1.07E+02  1.64E-05  1.27E-02  9.39E+01  1.43E-22   7
        6    5  5.202E+02  1.01E+02  1.21E-05  1.34E-02  9.55E+01  8.68E-23   4
       14   13  2.003E+02  2.77E+00  2.95E-03  2.80E-01  3.06E+01  8.03E-23   4
        5    4  6.503E+02  8.31E+01  9.84E-06  1.60E-02  9.65E+01  4.55E-23   2
       15   14  1.860E+02  2.96E-01  3.48E-02  7.41E-01  3.20E+01  2.73E-23   1
        4    3  8.670E+02  5.67E+01  8.35E-06  2.26E-02  9.72E+01  1.92E-23   1

  No inversions
------------------------------------------------------------------------------


  Molecular column = 1.00E+19 cm-2/kms      Total emission = 1.54E-21 erg/s/mol
  H-nuclei column  = 1.00E+23 cm-2          tau(dust) at V = 1.00E+02
 
  Populations:
      level    x(i)         n(i)       n(i)/n*     T_ex(i,1)     emission     %
                          cm^{-3}                      K         erg/s/mol
        1    2.899E-02    2.899E-02    1.058E+00    0.000E+00    0.000E+00    0
        2    2.899E-02    8.229E-02    1.058E+00    9.983E+01    3.648E-25    0
        3    2.894E-02    1.226E-01    1.056E+00    9.901E+01    3.297E-24    0
        4    2.886E-02    1.450E-01    1.053E+00    9.863E+01    1.151E-23    1
        5    2.872E-02    1.486E-01    1.048E+00    9.832E+01    2.729E-23    2
        6    2.849E-02    1.367E-01    1.040E+00    9.795E+01    5.223E-23    3
        7    2.813E-02    1.144E-01    1.027E+00    9.746E+01    8.696E-23    6
        8    2.752E-02    8.773E-02    1.004E+00    9.675E+01    1.306E-22    8
        9    2.646E-02    6.142E-02    9.657E-01    9.561E+01    1.796E-22   12
       10    2.455E-02    3.872E-02    8.958E-01    9.373E+01    2.256E-22   15
       11    2.106E-02    2.112E-02    7.687E-01    9.049E+01    2.514E-22   16
       12    1.538E-02    9.195E-03    5.612E-01    8.520E+01    2.383E-22   15
       13    8.149E-03    2.729E-03    2.974E-01    7.726E+01    1.786E-22   12
       14    2.481E-03    4.375E-04    9.056E-02    6.718E+01    9.839E-23    6
       15    3.980E-04    3.478E-05    1.453E-02    5.751E+01    3.806E-23    2
       16    8.853E-05    3.610E-06    3.231E-03    5.339E+01    1.152E-23    1
       17    3.874E-05    6.949E-07    1.414E-03    5.318E+01    3.233E-24    0
       18    1.902E-05    1.416E-07    6.942E-04    5.357E+01    8.426E-25    0
       19    9.256E-06    2.696E-08    3.378E-04    5.400E+01    1.999E-25    0
       20    4.023E-06    4.327E-09    1.468E-04    5.417E+01    3.938E-26    0

  The top emitting lines are:

        i    j  wavelength    tau      Xdust   beta       Tex      emission   %
                  micron                                   K       erg/s/mol
       11   10  2.602E+02  8.63E+01  9.98E-05  1.55E-02  7.83E+01  2.51E-22  16
       12   11  2.366E+02  5.55E+01  1.92E-04  2.31E-02  6.59E+01  2.38E-22  15
       10    9  2.891E+02  1.19E+02  5.85E-05  1.16E-02  8.69E+01  2.26E-22  15
        9    8  3.252E+02  1.51E+02  3.75E-05  9.33E-03  9.18E+01  1.80E-22  12
       13   12  2.169E+02  2.89E+01  4.42E-04  4.12E-02  5.11E+01  1.79E-22  12
        8    7  3.717E+02  1.75E+02  2.49E-05  8.14E-03  9.47E+01  1.31E-22   8
       14   13  2.003E+02  9.97E+00  1.46E-03  1.03E-01  3.77E+01  9.84E-23   6
        7    6  4.336E+02  1.84E+02  1.70E-05  7.76E-03  9.63E+01  8.70E-23   6
        6    5  5.202E+02  1.74E+02  1.25E-05  8.19E-03  9.72E+01  5.22E-23   3
       15   14  1.860E+02  1.74E+00  1.05E-02  3.74E-01  2.97E+01  3.81E-23   2
        5    4  6.503E+02  1.43E+02  1.02E-05  9.81E-03  9.78E+01  2.73E-23   2
       16   15  1.736E+02  1.54E-01  1.40E-01  8.32E-01  3.55E+01  1.15E-23   1
        4    3  8.670E+02  9.74E+01  8.65E-06  1.39E-02  9.83E+01  1.15E-23   1

  No inversions
------------------------------------------------------------------------------


      Normal completion. Molecular column is  1.00E+19 cm-2/kms

                    *** SUMMARY ***

        mol column     emission         dust
         cm-2/kms      erg/s/mol        tau_V
        1.000E+16      9.027E-21      1.000E-01
        1.778E+16      8.749E-21      1.778E-01
        3.162E+16      8.372E-21      3.162E-01
        5.623E+16      7.887E-21      5.623E-01
        1.000E+17      7.298E-21      1.000E+00
        1.778E+17      6.590E-21      1.778E+00
        3.162E+17      5.808E-21      3.162E+00
        5.623E+17      4.993E-21      5.623E+00
        1.000E+18      4.174E-21      1.000E+01
        1.778E+18      3.392E-21      1.778E+01
        3.162E+18      2.679E-21      3.162E+01
        5.623E+18      2.058E-21      5.623E+01
        1.000E+19      1.538E-21      1.000E+02

                    Parameters for selected transitions

      2600.78 mic ( 115.270 GHz) transition between levels  2 and  1
     Upper Level: J =   1                                                                         
     Lower Level: J =   0                                                                         

    Nmol      Tex       tau       Flux   delta(Tb) del(TRJ)    Xdust      eta        p1        p2      Gamma1    Gamma2    Gamma
  cm-2/kms     K                   Jy       K         K                           cm-3s-1   cm-3s-1      s-1       s-1       s-1 
 1.000E+16-4.977E+01-5.393E-02 0.000E+00 5.249E+00 2.960E+00-1.743E-06 5.552E-02 1.467E-07 4.954E-07 2.729E-06 2.749E-06 2.744E-06
 1.778E+16-5.638E+01-8.082E-02 0.000E+00 7.481E+00 5.053E+00-2.068E-06 4.902E-02 1.410E-07 4.697E-07 2.729E-06 2.748E-06 2.743E-06
 3.162E+16-6.765E+01-1.131E-01 0.000E+00 1.107E+01 8.532E+00-2.629E-06 4.087E-02 1.342E-07 4.395E-07 2.729E-06 2.746E-06 2.742E-06
 5.623E+16-8.799E+01-1.444E-01 0.000E+00 1.685E+01 1.423E+01-3.660E-06 3.143E-02 1.265E-07 4.065E-07 2.729E-06 2.744E-06 2.740E-06
 1.000E+17-1.296E+02-1.617E-01 0.000E+00 2.606E+01 2.339E+01-5.812E-06 2.133E-02 1.186E-07 3.731E-07 2.729E-06 2.742E-06 2.739E-06
 1.778E+17-2.457E+02-1.400E-01 0.000E+00 4.018E+01 3.748E+01-1.193E-05 1.126E-02 1.106E-07 3.407E-07 2.729E-06 2.740E-06 2.737E-06
 3.162E+17-1.354E+03-4.175E-02 0.000E+00 6.060E+01 5.788E+01-7.118E-05 2.043E-03 1.031E-07 3.117E-07 2.729E-06 2.738E-06 2.736E-06
 5.623E+17 1.173E+02 8.048E-01 4.584E+11 6.562E+01 6.289E+01 6.566E-06 0.000E+00 0.000E+00 0.000E+00 0.000E+00 0.000E+00 0.000E+00
 1.000E+18 1.068E+02 1.469E+00 5.719E+11 8.222E+01 7.949E+01 6.399E-06 0.000E+00 0.000E+00 0.000E+00 0.000E+00 0.000E+00 0.000E+00
 1.778E+18 1.022E+02 2.579E+00 6.844E+11 9.386E+01 9.112E+01 6.479E-06 0.000E+00 0.000E+00 0.000E+00 0.000E+00 0.000E+00 0.000E+00
 3.162E+18 1.004E+02 4.457E+00 7.853E+11 9.848E+01 9.574E+01 6.667E-06 0.000E+00 0.000E+00 0.000E+00 0.000E+00 0.000E+00 0.000E+00
 5.623E+18 9.997E+01 7.687E+00 8.695E+11 9.909E+01 9.635E+01 6.875E-06 0.000E+00 0.000E+00 0.000E+00 0.000E+00 0.000E+00 0.000E+00
 1.000E+19 9.983E+01 1.334E+01 9.487E+11 9.899E+01 9.625E+01 7.046E-06 0.000E+00 0.000E+00 0.000E+00 0.000E+00 0.000E+00 0.000E+00

      1300.39 mic ( 230.540 GHz) transition between levels  3 and  2
     Upper Level: J =   2                                                                         
     Lower Level: J =   1                                                                         

    Nmol      Tex       tau       Flux   delta(Tb) del(TRJ)    Xdust      eta        p1        p2      Gamma1    Gamma2    Gamma
  cm-2/kms     K                   Jy       K         K                           cm-3s-1   cm-3s-1      s-1       s-1       s-1 
 1.000E+16 7.093E+01 1.480E-01 2.949E+11 1.379E+01 8.988E+00 2.581E-06 0.000E+00 0.000E+00 0.000E+00 0.000E+00 0.000E+00 0.000E+00
 1.778E+16 7.048E+01 2.511E-01 4.558E+11 1.942E+01 1.441E+01 2.705E-06 0.000E+00 0.000E+00 0.000E+00 0.000E+00 0.000E+00 0.000E+00
 3.162E+16 7.086E+01 4.160E-01 6.755E+11 2.737E+01 2.221E+01 2.904E-06 0.000E+00 0.000E+00 0.000E+00 0.000E+00 0.000E+00 0.000E+00
 5.623E+16 7.217E+01 6.731E-01 9.571E+11 3.788E+01 3.262E+01 3.191E-06 0.000E+00 0.000E+00 0.000E+00 0.000E+00 0.000E+00 0.000E+00
 1.000E+17 7.446E+01 1.068E+00 1.297E+12 5.054E+01 4.521E+01 3.576E-06 0.000E+00 0.000E+00 0.000E+00 0.000E+00 0.000E+00 0.000E+00
 1.778E+17 7.760E+01 1.671E+00 1.680E+12 6.383E+01 5.846E+01 4.065E-06 0.000E+00 0.000E+00 0.000E+00 0.000E+00 0.000E+00 0.000E+00
 3.162E+17 8.070E+01 2.622E+00 2.085E+12 7.504E+01 6.964E+01 4.606E-06 0.000E+00 0.000E+00 0.000E+00 0.000E+00 0.000E+00 0.000E+00
 5.623E+17 8.875E+01 3.905E+00 2.602E+12 8.688E+01 8.147E+01 5.500E-06 0.000E+00 0.000E+00 0.000E+00 0.000E+00 0.000E+00 0.000E+00
 1.000E+18 9.217E+01 6.248E+00 2.987E+12 9.181E+01 8.639E+01 6.114E-06 0.000E+00 0.000E+00 0.000E+00 0.000E+00 0.000E+00 0.000E+00
 1.778E+18 9.474E+01 1.021E+01 3.351E+12 9.455E+01 8.912E+01 6.651E-06 0.000E+00 0.000E+00 0.000E+00 0.000E+00 0.000E+00 0.000E+00
 3.162E+18 9.656E+01 1.703E+01 3.688E+12 9.636E+01 9.094E+01 7.092E-06 0.000E+00 0.000E+00 0.000E+00 0.000E+00 0.000E+00 0.000E+00
 5.623E+18 9.778E+01 2.889E+01 3.999E+12 9.758E+01 9.216E+01 7.435E-06 0.000E+00 0.000E+00 0.000E+00 0.000E+00 0.000E+00 0.000E+00
 1.000E+19 9.860E+01 4.966E+01 4.288E+12 9.841E+01 9.298E+01 7.692E-06 0.000E+00 0.000E+00 0.000E+00 0.000E+00 0.000E+00 0.000E+00

       866.96 mic ( 345.796 GHz) transition between levels  4 and  3
     Upper Level: J =   3                                                                         
     Lower Level: J =   2                                                                         

    Nmol      Tex       tau       Flux   delta(Tb) del(TRJ)    Xdust      eta        p1        p2      Gamma1    Gamma2    Gamma
  cm-2/kms     K                   Jy       K         K                           cm-3s-1   cm-3s-1      s-1       s-1       s-1 
 1.000E+16 4.288E+01 4.217E-01 8.233E+11 1.919E+01 1.207E+01 1.997E-06 0.000E+00 0.000E+00 0.000E+00 0.000E+00 0.000E+00 0.000E+00
 1.778E+16 4.748E+01 6.533E-01 1.255E+12 2.644E+01 1.901E+01 2.293E-06 0.000E+00 0.000E+00 0.000E+00 0.000E+00 0.000E+00 0.000E+00
 3.162E+16 5.299E+01 9.922E-01 1.831E+12 3.603E+01 2.837E+01 2.684E-06 0.000E+00 0.000E+00 0.000E+00 0.000E+00 0.000E+00 0.000E+00
 5.623E+16 5.930E+01 1.487E+00 2.555E+12 4.756E+01 3.974E+01 3.185E-06 0.000E+00 0.000E+00 0.000E+00 0.000E+00 0.000E+00 0.000E+00
 1.000E+17 6.617E+01 2.218E+00 3.414E+12 5.976E+01 5.184E+01 3.798E-06 0.000E+00 0.000E+00 0.000E+00 0.000E+00 0.000E+00 0.000E+00
 1.778E+17 7.251E+01 3.343E+00 4.361E+12 7.019E+01 6.222E+01 4.480E-06 0.000E+00 0.000E+00 0.000E+00 0.000E+00 0.000E+00 0.000E+00
 3.162E+17 7.941E+01 5.045E+00 5.303E+12 7.891E+01 7.091E+01 5.279E-06 0.000E+00 0.000E+00 0.000E+00 0.000E+00 0.000E+00 0.000E+00
 5.623E+17 8.522E+01 7.803E+00 6.229E+12 8.516E+01 7.713E+01 6.070E-06 0.000E+00 0.000E+00 0.000E+00 0.000E+00 0.000E+00 0.000E+00
 1.000E+18 8.978E+01 1.239E+01 7.110E+12 8.974E+01 8.170E+01 6.795E-06 0.000E+00 0.000E+00 0.000E+00 0.000E+00 0.000E+00 0.000E+00
 1.778E+18 9.317E+01 2.017E+01 7.928E+12 9.314E+01 8.508E+01 7.427E-06 0.000E+00 0.000E+00 0.000E+00 0.000E+00 0.000E+00 0.000E+00
 3.162E+18 9.557E+01 3.352E+01 8.676E+12 9.553E+01 8.748E+01 7.944E-06 0.000E+00 0.000E+00 0.000E+00 0.000E+00 0.000E+00 0.000E+00
 5.623E+18 9.720E+01 5.674E+01 9.358E+12 9.716E+01 8.910E+01 8.347E-06 0.000E+00 0.000E+00 0.000E+00 0.000E+00 0.000E+00 0.000E+00
 1.000E+19 9.827E+01 9.741E+01 9.980E+12 9.823E+01 9.016E+01 8.646E-06 0.000E+00 0.000E+00 0.000E+00 0.000E+00 0.000E+00 0.000E+00

       650.25 mic ( 461.039 GHz) transition between levels  5 and  4
     Upper Level: J =   4                                                                         
     Lower Level: J =   3                                                                         

    Nmol      Tex       tau       Flux   delta(Tb) del(TRJ)    Xdust      eta        p1        p2      Gamma1    Gamma2    Gamma
  cm-2/kms     K                   Jy       K         K                           cm-3s-1   cm-3s-1      s-1       s-1       s-1 
 1.000E+16 3.287E+01 5.818E-01 1.201E+12 1.914E+01 1.016E+01 2.499E-06 0.000E+00 0.000E+00 0.000E+00 0.000E+00 0.000E+00 0.000E+00
 1.778E+16 3.716E+01 9.323E-01 1.895E+12 2.599E+01 1.648E+01 2.773E-06 0.000E+00 0.000E+00 0.000E+00 0.000E+00 0.000E+00 0.000E+00
 3.162E+16 4.284E+01 1.448E+00 2.858E+12 3.494E+01 2.503E+01 3.174E-06 0.000E+00 0.000E+00 0.000E+00 0.000E+00 0.000E+00 0.000E+00
 5.623E+16 4.977E+01 2.199E+00 4.107E+12 4.530E+01 3.514E+01 3.717E-06 0.000E+00 0.000E+00 0.000E+00 0.000E+00 0.000E+00 0.000E+00
 1.000E+17 5.743E+01 3.310E+00 5.637E+12 5.568E+01 4.535E+01 4.391E-06 0.000E+00 0.000E+00 0.000E+00 0.000E+00 0.000E+00 0.000E+00
 1.778E+17 6.599E+01 4.929E+00 7.297E+12 6.558E+01 5.513E+01 5.244E-06 0.000E+00 0.000E+00 0.000E+00 0.000E+00 0.000E+00 0.000E+00
 3.162E+17 7.407E+01 7.460E+00 9.044E+12 7.403E+01 6.352E+01 6.162E-06 0.000E+00 0.000E+00 0.000E+00 0.000E+00 0.000E+00 0.000E+00
 5.623E+17 8.123E+01 1.152E+01 1.081E+13 8.122E+01 7.066E+01 7.097E-06 0.000E+00 0.000E+00 0.000E+00 0.000E+00 0.000E+00 0.000E+00
 1.000E+18 8.701E+01 1.824E+01 1.248E+13 8.700E+01 7.641E+01 7.968E-06 0.000E+00 0.000E+00 0.000E+00 0.000E+00 0.000E+00 0.000E+00
 1.778E+18 9.136E+01 2.961E+01 1.402E+13 9.135E+01 8.073E+01 8.730E-06 0.000E+00 0.000E+00 0.000E+00 0.000E+00 0.000E+00 0.000E+00
 3.162E+18 9.443E+01 4.915E+01 1.541E+13 9.442E+01 8.379E+01 9.353E-06 0.000E+00 0.000E+00 0.000E+00 0.000E+00 0.000E+00 0.000E+00
 5.623E+18 9.650E+01 8.311E+01 1.664E+13 9.649E+01 8.585E+01 9.836E-06 0.000E+00 0.000E+00 0.000E+00 0.000E+00 0.000E+00 0.000E+00
 1.000E+19 9.785E+01 1.426E+02 1.774E+13 9.784E+01 8.719E+01 1.019E-05 0.000E+00 0.000E+00 0.000E+00 0.000E+00 0.000E+00 0.000E+00

       371.65 mic ( 806.652 GHz) transition between levels  8 and  7
     Upper Level: J =   7                                                                         
     Lower Level: J =   6                                                                         

    Nmol      Tex       tau       Flux   delta(Tb) del(TRJ)    Xdust      eta        p1        p2      Gamma1    Gamma2    Gamma
  cm-2/kms     K                   Jy       K         K                           cm-3s-1   cm-3s-1      s-1       s-1       s-1 
 1.000E+16 2.740E+01 8.092E-02 4.011E+11 1.043E+01 9.685E-01 5.377E-05 0.000E+00 0.000E+00 0.000E+00 0.000E+00 0.000E+00 0.000E+00
 1.778E+16 2.675E+01 1.770E-01 7.647E+11 1.271E+01 1.932E+00 4.372E-05 0.000E+00 0.000E+00 0.000E+00 0.000E+00 0.000E+00 0.000E+00
 3.162E+16 2.657E+01 4.115E-01 1.473E+12 1.629E+01 3.966E+00 3.343E-05 0.000E+00 0.000E+00 0.000E+00 0.000E+00 0.000E+00 0.000E+00
 5.623E+16 2.795E+01 9.679E-01 2.815E+12 2.196E+01 8.013E+00 2.528E-05 0.000E+00 0.000E+00 0.000E+00 0.000E+00 0.000E+00 0.000E+00
 1.000E+17 3.197E+01 2.129E+00 5.163E+12 2.975E+01 1.448E+01 2.043E-05 0.000E+00 0.000E+00 0.000E+00 0.000E+00 0.000E+00 0.000E+00
 1.778E+17 3.886E+01 4.279E+00 8.843E+12 3.852E+01 2.235E+01 1.808E-05 0.000E+00 0.000E+00 0.000E+00 0.000E+00 0.000E+00 0.000E+00
 3.162E+17 4.838E+01 7.740E+00 1.384E+13 4.836E+01 3.156E+01 1.778E-05 0.000E+00 0.000E+00 0.000E+00 0.000E+00 0.000E+00 0.000E+00
 5.623E+17 5.894E+01 1.319E+01 1.991E+13 5.894E+01 4.168E+01 1.855E-05 0.000E+00 0.000E+00 0.000E+00 0.000E+00 0.000E+00 0.000E+00
 1.000E+18 6.941E+01 2.188E+01 2.655E+13 6.941E+01 5.184E+01 1.988E-05 0.000E+00 0.000E+00 0.000E+00 0.000E+00 0.000E+00 0.000E+00
 1.778E+18 7.868E+01 3.614E+01 3.314E+13 7.868E+01 6.090E+01 2.141E-05 0.000E+00 0.000E+00 0.000E+00 0.000E+00 0.000E+00 0.000E+00
 3.162E+18 8.601E+01 6.025E+01 3.914E+13 8.601E+01 6.810E+01 2.284E-05 0.000E+00 0.000E+00 0.000E+00 0.000E+00 0.000E+00 0.000E+00
 5.623E+18 9.123E+01 1.019E+02 4.428E+13 9.123E+01 7.324E+01 2.401E-05 0.000E+00 0.000E+00 0.000E+00 0.000E+00 0.000E+00 0.000E+00
 1.000E+19 9.466E+01 1.748E+02 4.855E+13 9.466E+01 7.662E+01 2.489E-05 0.000E+00 0.000E+00 0.000E+00 0.000E+00 0.000E+00 0.000E+00
