          *** MOLPOP-CEP  May 16, 08 ***
* CO with collision rates from Flower, 2001, J.Phys.B.,2731
* These lines are echoed in the output because they start with a '*'
* Instructions for data input are found at the end of the input file		
      Molecule --- CO
      Number of levels = 11
      Tgas =  100.0 K
      n_H2 = 1.00E+04 cm-3
      n_CO/n_H2 = 1.00E-04
      n_CO = 1.00E+00 cm-3
      NO LINE OVERLAP USED
      Thermal speed =   0.2 km/s
      Coupled escape probability with ALI
      Using Entered Doppler Width =   1.0 km/s
      FWHM =   1.7 km/s
      NO SATURATION EFFECTS
      Aspect Ratio = 1
    1.  Relative weight of collision partner = 1.00
        Collision rates from data file CO_H2o.kij
        Collision rate coefficients for CO-H2_ortho collisions                  
        Flower, 2001, J.Phys.B.,2731                                            
    2.  Relative weight of collision partner = 1.00
        Collision rates from data file CO_H2p.kij
        Collision rate coefficients for CO-H2_para collisions                   
        Flower, 2001, J.Phys.B.,2731                                            

      External Radiation field includes:
        - 3K Cosmic Background
        - Dust with Td =  100.0 K and Tau(v) = 3.00E+00
 Using INCREASING strategy
--------------------------------- Transitions --------------------------------

  i -> j     micron          GHz            K        Aij, s^{-1}   Cij, s^{-1}

  2    1   2.60078E+03   1.15270E+02   5.53209E+00   7.20300E-08   3.65000E-07
  3    1   8.66927E+02   3.45811E+02   1.65963E+01   0.00000E+00   4.70000E-07
  3    2   1.30039E+03   2.30540E+02   1.10642E+01   6.91000E-07   6.80000E-07
  4    1   4.33473E+02   6.91606E+02   3.31918E+01   0.00000E+00   1.25000E-07
  4    2   5.20170E+02   5.76336E+02   2.76597E+01   0.00000E+00   6.80000E-07
  4    3   8.66964E+02   3.45796E+02   1.65956E+01   2.49700E-06   7.45000E-07
  5    1   2.60091E+02   1.15265E+03   5.53182E+01   0.00000E+00   5.90000E-08
  5    2   2.88991E+02   1.03737E+03   4.97861E+01   0.00000E+00   2.20000E-07
  5    3   3.71566E+02   8.06834E+02   3.87219E+01   0.00000E+00   7.25000E-07
  5    4   6.50254E+02   4.61039E+02   2.21263E+01   6.12600E-06   7.45000E-07
  6    1   1.73399E+02   1.72892E+03   8.29747E+01   0.00000E+00   3.20000E-08
  6    2   1.85786E+02   1.61364E+03   7.74427E+01   0.00000E+00   1.00000E-07
  6    3   2.16753E+02   1.38310E+03   6.63785E+01   0.00000E+00   2.65000E-07
  6    4   2.89010E+02   1.03731E+03   4.97829E+01   0.00000E+00   7.55000E-07
  6    5   5.20229E+02   5.76270E+02   2.76566E+01   1.22100E-05   7.80000E-07
  7    1   1.23861E+02   2.42039E+03   1.16160E+02   0.00000E+00   1.07500E-08
  7    2   1.30055E+02   2.30512E+03   1.10628E+02   0.00000E+00   5.80000E-08
  7    3   1.44508E+02   2.07458E+03   9.95638E+01   0.00000E+00   1.13500E-07
  7    4   1.73413E+02   1.72878E+03   8.29683E+01   0.00000E+00   3.05000E-07
  7    5   2.36478E+02   1.26774E+03   6.08419E+01   0.00000E+00   7.85000E-07
  7    6   4.33557E+02   6.91471E+02   3.31854E+01   2.13700E-05   8.00000E-07
  8    1   9.29002E+01   3.22704E+03   1.54873E+02   0.00000E+00   5.95000E-09
  8    2   9.63415E+01   3.11177E+03   1.49341E+02   0.00000E+00   1.90000E-08
  8    3   1.04050E+02   2.88123E+03   1.38277E+02   0.00000E+00   7.50000E-08
  8    4   1.18241E+02   2.53543E+03   1.21681E+02   0.00000E+00   1.25000E-07
  8    5   1.44521E+02   2.07439E+03   9.95550E+01   0.00000E+00   3.40000E-07
  8    6   2.00112E+02   1.49812E+03   7.18985E+01   0.00000E+00   8.10000E-07
  8    7   3.71650E+02   8.06652E+02   3.87131E+01   3.42200E-05   8.05000E-07
  9    1   7.22593E+01   4.14884E+03   1.99113E+02   0.00000E+00   2.35000E-09
  9    2   7.43244E+01   4.03357E+03   1.93581E+02   0.00000E+00   1.17500E-08
  9    3   7.88299E+01   3.80303E+03   1.82516E+02   0.00000E+00   2.40000E-08
  9    4   8.67146E+01   3.45723E+03   1.65921E+02   0.00000E+00   9.25000E-08
  9    5   1.00058E+02   2.99619E+03   1.43795E+02   0.00000E+00   1.40000E-07
  9    6   1.23885E+02   2.41992E+03   1.16138E+02   0.00000E+00   3.85000E-07
  9    7   1.73445E+02   1.72845E+03   8.29526E+01   0.00000E+00   8.25000E-07
  9    8   3.25224E+02   9.21802E+02   4.42395E+01   5.13400E-05   8.40000E-07
 10    1   5.78108E+01   5.18575E+03   2.48876E+02   0.00000E+00   1.16000E-09
 10    2   5.91251E+01   5.07048E+03   2.43344E+02   0.00000E+00   4.55000E-09
 10    3   6.19414E+01   4.83994E+03   2.32280E+02   0.00000E+00   1.65000E-08
 10    4   6.67074E+01   4.49414E+03   2.15685E+02   0.00000E+00   2.80000E-08
 10    5   7.43329E+01   4.03310E+03   1.93558E+02   0.00000E+00   1.10000E-07
 10    6   8.67246E+01   3.45683E+03   1.65902E+02   0.00000E+00   1.50000E-07
 10    7   1.08410E+02   2.76536E+03   1.32716E+02   0.00000E+00   4.15000E-07
 10    8   1.53056E+02   1.95871E+03   9.40032E+01   0.00000E+00   8.45000E-07
 10    9   2.89121E+02   1.03691E+03   4.97638E+01   7.33000E-05   8.50000E-07
 11    1   4.73028E+01   6.33774E+03   3.04163E+02   0.00000E+00   6.15000E-10
 11    2   4.81790E+01   6.22247E+03   2.98631E+02   0.00000E+00   2.40000E-09
 11    3   5.00327E+01   5.99192E+03   2.87567E+02   0.00000E+00   6.00000E-09
 11    4   5.30970E+01   5.64613E+03   2.70971E+02   0.00000E+00   2.10000E-08
 11    5   5.78182E+01   5.18509E+03   2.48845E+02   0.00000E+00   3.15000E-08
 11    6   6.50475E+01   4.60882E+03   2.21188E+02   0.00000E+00   1.25000E-07
 11    7   7.65294E+01   3.91735E+03   1.88003E+02   0.00000E+00   1.50000E-07
 11    8   9.63747E+01   3.11070E+03   1.49290E+02   0.00000E+00   4.45000E-07
 11    9   1.36961E+02   2.18890E+03   1.05050E+02   0.00000E+00   8.25000E-07
 11   10   2.60240E+02   1.15199E+03   5.52865E+01   1.00600E-04   8.75000E-07
------------------------------------------------------------------------------

------------------------------------------------------------------------------

 *****************************************************
     CEP
  GENERAL DATA
 *****************************************************
 N. active transitions
          10
 N. levels
          11
 
 ***********************
  Level information   
  g    Energy [cm^-1]  
 ***********************
  1    1.0      0.0000
  2    3.0      3.8450
  3    5.0     11.5350
  4    7.0     23.0695
  5    9.0     38.4481
  6   11.0     57.6704
  7   13.0     80.7354
  8   15.0    107.6424
  9   17.0    138.3904
 10   19.0    172.9780
 11   21.0    211.4041
 
 ***********************
  Transition information
  up  low  freq [GHz]  Aul [s^-1]  detailed (y/n)
 ***********************
  1    2    1    115.270200   0.648270E-06    yes                
  2    3    2    230.540400   0.191944E-05    yes                
  3    4    3    345.795611   0.489412E-05    yes                
  4    5    4    461.038830   0.101267E-04    yes                
  5    6    5    576.270057   0.182396E-04    no                 
  6    7    6    691.471304   0.298474E-04    no                 
  7    8    7    806.651567   0.455592E-04    yes                
  8    9    8    921.801850   0.659434E-04    no                 
  9   10    9   1036.910162   0.915616E-04    no                 
 10   11   10   1151.985497   0.122894E-03    no                 
 
 
 *******************************************************************************
 N(mol) [cm^-2]:  0.10000E+11   -  R [cm]:  0.10000E+16    -  nzones:    5
 *******************************************************************************
  up    low     optical depth        cooling         N(up)/N(low)    I_center(mu=1.000)
   2     1      -0.48054E-06       0.55906E-13       0.48341E+02       0.65280E-20
   3     2      -0.41110E-06       0.25055E-11       0.23358E+01       0.14628E-18
   4     3       0.41532E-06       0.15334E-10       0.11297E+01       0.59717E-18
   5     4       0.10917E-05       0.34028E-10       0.67826E+00       0.99368E-18
   8     7       0.29750E-06       0.49277E-10       0.54205E+00       0.11509E-17
 
 *******************************************************************************
 N(mol) [cm^-2]:  0.17783E+11   -  R [cm]:  0.10000E+16    -  nzones:    5
 *******************************************************************************
  up    low     optical depth        cooling         N(up)/N(low)    I_center(mu=1.000)
   2     1      -0.85454E-06       0.99417E-13       0.48341E+02       0.11609E-19
   3     2      -0.73104E-06       0.44554E-11       0.23358E+01       0.26012E-18
   4     3       0.73855E-06       0.27267E-10       0.11297E+01       0.10619E-17
   5     4       0.19413E-05       0.60511E-10       0.67826E+00       0.17670E-17
   8     7       0.52904E-06       0.87628E-10       0.54205E+00       0.20467E-17
 
 *******************************************************************************
 N(mol) [cm^-2]:  0.31623E+11   -  R [cm]:  0.10000E+16    -  nzones:    5
 *******************************************************************************
  up    low     optical depth        cooling         N(up)/N(low)    I_center(mu=1.000)
   2     1      -0.15196E-05       0.17679E-12       0.48341E+02       0.20643E-19
   3     2      -0.13000E-05       0.79230E-11       0.23358E+01       0.46257E-18
   4     3       0.13134E-05       0.48489E-10       0.11297E+01       0.18884E-17
   5     4       0.34521E-05       0.10761E-09       0.67826E+00       0.31423E-17
   8     7       0.94078E-06       0.15583E-09       0.54205E+00       0.36396E-17
 
 *******************************************************************************
 N(mol) [cm^-2]:  0.56234E+11   -  R [cm]:  0.10000E+16    -  nzones:    5
 *******************************************************************************
  up    low     optical depth        cooling         N(up)/N(low)    I_center(mu=1.000)
   2     1      -0.27023E-05       0.31438E-12       0.48341E+02       0.36710E-19
   3     2      -0.23118E-05       0.14089E-10       0.23358E+01       0.82258E-18
   4     3       0.23355E-05       0.86227E-10       0.11297E+01       0.33581E-17
   5     4       0.61389E-05       0.19135E-09       0.67826E+00       0.55879E-17
   8     7       0.16730E-05       0.27710E-09       0.54205E+00       0.64722E-17
 
 *******************************************************************************
 N(mol) [cm^-2]:  0.10000E+12   -  R [cm]:  0.10000E+16    -  nzones:    5
 *******************************************************************************
  up    low     optical depth        cooling         N(up)/N(low)    I_center(mu=1.000)
   2     1      -0.48054E-05       0.55906E-12       0.48341E+02       0.65280E-19
   3     2      -0.41110E-05       0.25055E-10       0.23358E+01       0.14628E-17
   4     3       0.41532E-05       0.15334E-09       0.11297E+01       0.59717E-17
   5     4       0.10917E-04       0.34028E-09       0.67826E+00       0.99368E-17
   8     7       0.29750E-05       0.49277E-09       0.54205E+00       0.11509E-16
 
 *******************************************************************************
 N(mol) [cm^-2]:  0.17783E+12   -  R [cm]:  0.10000E+16    -  nzones:    5
 *******************************************************************************
  up    low     optical depth        cooling         N(up)/N(low)    I_center(mu=1.000)
   2     1      -0.85454E-05       0.99417E-12       0.48341E+02       0.11609E-18
   3     2      -0.73104E-05       0.44554E-10       0.23358E+01       0.26012E-17
   4     3       0.73855E-05       0.27267E-09       0.11297E+01       0.10619E-16
   5     4       0.19413E-04       0.60511E-09       0.67826E+00       0.17670E-16
   8     7       0.52904E-05       0.87628E-09       0.54205E+00       0.20467E-16
 
 *******************************************************************************
 N(mol) [cm^-2]:  0.31623E+12   -  R [cm]:  0.10000E+16    -  nzones:    5
 *******************************************************************************
  up    low     optical depth        cooling         N(up)/N(low)    I_center(mu=1.000)
   2     1      -0.15196E-04       0.17679E-11       0.48341E+02       0.20643E-18
   3     2      -0.13000E-04       0.79230E-10       0.23358E+01       0.46257E-17
   4     3       0.13134E-04       0.48489E-09       0.11297E+01       0.18884E-16
   5     4       0.34521E-04       0.10761E-08       0.67826E+00       0.31423E-16
   8     7       0.94078E-05       0.15583E-08       0.54205E+00       0.36396E-16
 
 *******************************************************************************
 N(mol) [cm^-2]:  0.56234E+12   -  R [cm]:  0.10000E+16    -  nzones:    5
 *******************************************************************************
  up    low     optical depth        cooling         N(up)/N(low)    I_center(mu=1.000)
   2     1      -0.27023E-04       0.31438E-11       0.48341E+02       0.36710E-18
   3     2      -0.23118E-04       0.14089E-09       0.23358E+01       0.82259E-17
   4     3       0.23355E-04       0.86227E-09       0.11297E+01       0.33581E-16
   5     4       0.61389E-04       0.19135E-08       0.67826E+00       0.55878E-16
   8     7       0.16730E-04       0.27710E-08       0.54205E+00       0.64722E-16
 
 *******************************************************************************
 N(mol) [cm^-2]:  0.10000E+13   -  R [cm]:  0.10000E+16    -  nzones:    5
 *******************************************************************************
  up    low     optical depth        cooling         N(up)/N(low)    I_center(mu=1.000)
   2     1      -0.48054E-04       0.55906E-11       0.48341E+02       0.65281E-18
   3     2      -0.41110E-04       0.25055E-09       0.23358E+01       0.14628E-16
   4     3       0.41532E-04       0.15334E-08       0.11297E+01       0.59716E-16
   5     4       0.10917E-03       0.34028E-08       0.67826E+00       0.99365E-16
   8     7       0.29750E-04       0.49277E-08       0.54205E+00       0.11509E-15
 
 *******************************************************************************
 N(mol) [cm^-2]:  0.17783E+13   -  R [cm]:  0.10000E+16    -  nzones:    5
 *******************************************************************************
  up    low     optical depth        cooling         N(up)/N(low)    I_center(mu=1.000)
   2     1      -0.85441E-04       0.99430E-11       0.48132E+02       0.11610E-17
   3     2      -0.73082E-04       0.44554E-09       0.23355E+01       0.26013E-16
   4     3       0.73887E-04       0.27265E-08       0.11296E+01       0.10618E-15
   5     4       0.19405E-03       0.60498E-08       0.67845E+00       0.17673E-15
   8     7       0.52899E-04       0.87611E-08       0.54202E+00       0.20463E-15
 
 *******************************************************************************
 N(mol) [cm^-2]:  0.31623E+13   -  R [cm]:  0.10000E+16    -  nzones:    5
 *******************************************************************************
  up    low     optical depth        cooling         N(up)/N(low)    I_center(mu=1.000)
   2     1      -0.15191E-03       0.17683E-10       0.47927E+02       0.20649E-17
   3     2      -0.12992E-03       0.79228E-09       0.23352E+01       0.46258E-16
   4     3       0.13144E-03       0.48478E-08       0.11295E+01       0.18879E-15
   5     4       0.34497E-03       0.10756E-07       0.67855E+00       0.31427E-15
   8     7       0.94062E-04       0.15577E-07       0.54199E+00       0.36381E-15
 
 *******************************************************************************
 N(mol) [cm^-2]:  0.56234E+13   -  R [cm]:  0.10000E+16    -  nzones:    5
 *******************************************************************************
  up    low     optical depth        cooling         N(up)/N(low)    I_center(mu=1.000)
   2     1      -0.27002E-03       0.31443E-10       0.47684E+02       0.36718E-17
   3     2      -0.23099E-03       0.14088E-08       0.23352E+01       0.82253E-16
   4     3       0.23364E-03       0.86165E-08       0.11296E+01       0.33571E-15
   5     4       0.61334E-03       0.19120E-07       0.67865E+00       0.55888E-15
   8     7       0.16739E-03       0.27693E-07       0.54172E+00       0.64679E-15
 
 *******************************************************************************
 N(mol) [cm^-2]:  0.10000E+14   -  R [cm]:  0.10000E+16    -  nzones:    5
 *******************************************************************************
  up    low     optical depth        cooling         N(up)/N(low)    I_center(mu=1.000)
   2     1      -0.47996E-03       0.55912E-10       0.47392E+02       0.65295E-17
   3     2      -0.41061E-03       0.25048E-08       0.23349E+01       0.14626E-15
   4     3       0.41548E-03       0.15315E-07       0.11296E+01       0.59684E-15
   5     4       0.10899E-02       0.33985E-07       0.67896E+00       0.99398E-15
   8     7       0.29769E-03       0.49232E-07       0.54173E+00       0.11503E-14
 
 *******************************************************************************
 N(mol) [cm^-2]:  0.17783E+14   -  R [cm]:  0.10000E+16    -  nzones:    5
 *******************************************************************************
  up    low     optical depth        cooling         N(up)/N(low)    I_center(mu=1.000)
   2     1      -0.85288E-03       0.99419E-10       0.46944E+02       0.11612E-16
   3     2      -0.72972E-03       0.44532E-08       0.23346E+01       0.26005E-15
   4     3       0.73883E-03       0.27212E-07       0.11295E+01       0.10610E-14
   5     4       0.19361E-02       0.60386E-07       0.67944E+00       0.17679E-14
   8     7       0.52966E-03       0.87508E-07       0.54153E+00       0.20451E-14
 
 *******************************************************************************
 N(mol) [cm^-2]:  0.31623E+14   -  R [cm]:  0.10000E+16    -  nzones:    5
 *******************************************************************************
  up    low     optical depth        cooling         N(up)/N(low)    I_center(mu=1.000)
   2     1      -0.15149E-02       0.17685E-09       0.45947E+02       0.20659E-16
   3     2      -0.12947E-02       0.79157E-08       0.23328E+01       0.46231E-15
   4     3       0.13133E-02       0.48327E-07       0.11295E+01       0.18856E-14
   5     4       0.34374E-02       0.10723E-06       0.68016E+00       0.31445E-14
   8     7       0.94254E-03       0.15545E-06       0.54118E+00       0.36343E-14
 
 *******************************************************************************
 N(mol) [cm^-2]:  0.56234E+14   -  R [cm]:  0.10000E+16    -  nzones:    5
 *******************************************************************************
  up    low     optical depth        cooling         N(up)/N(low)    I_center(mu=1.000)
   2     1      -0.26886E-02       0.31453E-09       0.44605E+02       0.36755E-16
   3     2      -0.22964E-02       0.14067E-07       0.23310E+01       0.82184E-15
   4     3       0.23349E-02       0.85752E-07       0.11294E+01       0.33497E-14
   5     4       0.60960E-02       0.19027E-06       0.68137E+00       0.55935E-14
   8     7       0.16782E-02       0.27603E-06       0.54062E+00       0.64572E-14
 
 *******************************************************************************
 N(mol) [cm^-2]:  0.10000E+15   -  R [cm]:  0.10000E+16    -  nzones:    5
 *******************************************************************************
  up    low     optical depth        cooling         N(up)/N(low)    I_center(mu=1.000)
   2     1      -0.47659E-02       0.55946E-09       0.42582E+02       0.65415E-16
   3     2      -0.40664E-02       0.24990E-07       0.23281E+01       0.14607E-14
   4     3       0.41500E-02       0.15195E-06       0.11292E+01       0.59467E-14
   5     4       0.10793E-01       0.33715E-06       0.68332E+00       0.99504E-14
   8     7       0.29906E-02       0.48970E-06       0.53972E+00       0.11466E-13
 
 *******************************************************************************
 N(mol) [cm^-2]:  0.17783E+15   -  R [cm]:  0.10000E+16    -  nzones:    5
 *******************************************************************************
  up    low     optical depth        cooling         N(up)/N(low)    I_center(mu=1.000)
   2     1      -0.84318E-02       0.99528E-09       0.39677E+02       0.11650E-15
   3     2      -0.71809E-02       0.44365E-07       0.23232E+01       0.25955E-14
   4     3       0.73730E-02       0.26869E-06       0.11290E+01       0.10546E-13
   5     4       0.19060E-01       0.59611E-06       0.68638E+00       0.17700E-13
   8     7       0.53361E-02       0.86749E-06       0.53826E+00       0.20343E-13
 
 *******************************************************************************
 N(mol) [cm^-2]:  0.31623E+15   -  R [cm]:  0.10000E+16    -  nzones:    5
 *******************************************************************************
  up    low     optical depth        cooling         N(up)/N(low)    I_center(mu=1.000)
   2     1      -0.14873E-01       0.17713E-08       0.35815E+02       0.20770E-15
   3     2      -0.12624E-01       0.78682E-07       0.23152E+01       0.46101E-14
   4     3       0.13086E-01       0.47349E-06       0.11288E+01       0.18670E-13
   5     4       0.33530E-01       0.10505E-05       0.69113E+00       0.31474E-13
   8     7       0.95418E-02       0.15330E-05       0.53595E+00       0.36041E-13
 
 *******************************************************************************
 N(mol) [cm^-2]:  0.56234E+15   -  R [cm]:  0.10000E+16    -  nzones:    5
 *******************************************************************************
  up    low     optical depth        cooling         N(up)/N(low)    I_center(mu=1.000)
   2     1      -0.26114E-01       0.31538E-08       0.31098E+02       0.37099E-15
   3     2      -0.22032E-01       0.13932E-06       0.23023E+01       0.81845E-14
   4     3       0.23182E-01       0.83005E-06       0.11287E+01       0.32959E-13
   5     4       0.58642E-01       0.18415E-05       0.69834E+00       0.55908E-13
   8     7       0.17121E-01       0.26998E-05       0.53229E+00       0.63715E-13
 
 *******************************************************************************
 N(mol) [cm^-2]:  0.10000E+16   -  R [cm]:  0.10000E+16    -  nzones:    5
 *******************************************************************************
  up    low     optical depth        cooling         N(up)/N(low)    I_center(mu=1.000)
   2     1      -0.45539E-01       0.56205E-08       0.25885E+02       0.66481E-15
   3     2      -0.37988E-01       0.24606E-06       0.22817E+01       0.14521E-13
   4     3       0.40922E-01       0.14437E-05       0.11288E+01       0.57929E-13
   5     4       0.10171E+00       0.32030E-05       0.70899E+00       0.99060E-13
   8     7       0.30895E-01       0.47299E-05       0.52659E+00       0.11227E-12
 
 *******************************************************************************
 N(mol) [cm^-2]:  0.17783E+16   -  R [cm]:  0.10000E+16    -  nzones:    5
 *******************************************************************************
  up    low     optical depth        cooling         N(up)/N(low)    I_center(mu=1.000)
   2     1      -0.78628E-01       0.10032E-07       0.20721E+02       0.11978E-14
   3     2      -0.64215E-01       0.43292E-06       0.22491E+01       0.25739E-13
   4     3       0.71791E-01       0.24822E-05       0.11296E+01       0.10111E-12
   5     4       0.17434E+00       0.55069E-05       0.72422E+00       0.17459E-12
   8     7       0.56256E-01       0.82234E-05       0.51788E+00       0.19689E-12
 
 *******************************************************************************
 N(mol) [cm^-2]:  0.31623E+16   -  R [cm]:  0.10000E+16    -  nzones:    5
 *******************************************************************************
  up    low     optical depth        cooling         N(up)/N(low)    I_center(mu=1.000)
   2     1      -0.13389E+00       0.17947E-07       0.16133E+02       0.21768E-14
   3     2      -0.10511E+00       0.75742E-06       0.21996E+01       0.45558E-13
   4     3       0.12466E+00       0.41979E-05       0.11317E+01       0.17462E-12
   5     4       0.29420E+00       0.93123E-05       0.74511E+00       0.30459E-12
   8     7       0.10393E+00       0.14143E-04       0.50498E+00       0.34302E-12
 
 *******************************************************************************
 N(mol) [cm^-2]:  0.56234E+16   -  R [cm]:  0.10000E+16    -  nzones:    5
 *******************************************************************************
  up    low     optical depth        cooling         N(up)/N(low)    I_center(mu=1.000)
   2     1      -0.22383E+00       0.32189E-07       0.12434E+02       0.40064E-14
   3     2      -0.16339E+00       0.13146E-05       0.21285E+01       0.80403E-13
   4     3       0.21308E+00       0.69428E-05       0.11357E+01       0.29681E-12
   5     4       0.48662E+00       0.15389E-04       0.77239E+00       0.52197E-12
   8     7       0.19631E+00       0.24000E-04       0.48699E+00       0.59256E-12
 
 *******************************************************************************
 N(mol) [cm^-2]:  0.10000E+17   -  R [cm]:  0.10000E+16    -  nzones:    5
 *******************************************************************************
  up    low     optical depth        cooling         N(up)/N(low)    I_center(mu=1.000)
   2     1      -0.36576E+00       0.57838E-07       0.96754E+01       0.75018E-14
   3     2      -0.23380E+00       0.22579E-05       0.20345E+01       0.14092E-12
   4     3       0.35645E+00       0.11158E-04       0.11426E+01       0.49309E-12
   5     4       0.78581E+00       0.24676E-04       0.80600E+00       0.86931E-12
   8     7       0.38246E+00       0.40117E-04       0.46467E+00       0.10128E-11
 
 *******************************************************************************
 N(mol) [cm^-2]:  0.17783E+17   -  R [cm]:  0.10000E+16    -  nzones:    5
 *******************************************************************************
  up    low     optical depth        cooling         N(up)/N(low)    I_center(mu=1.000)
   2     1      -0.58248E+00       0.10386E-06       0.77304E+01       0.14356E-13
   3     2      -0.29061E+00       0.38287E-05       0.19213E+01       0.24289E-12
   4     3       0.58025E+00       0.17328E-04       0.11529E+01       0.79426E-12
   5     4       0.12360E+01       0.38136E-04       0.84471E+00       0.13891E-11
   8     7       0.77108E+00       0.65954E-04       0.44308E+00       0.17022E-11
 
 *******************************************************************************
 N(mol) [cm^-2]:  0.31623E+17   -  R [cm]:  0.10000E+16    -  nzones:    5
 *******************************************************************************
  up    low     optical depth        cooling         N(up)/N(low)    I_center(mu=1.000)
   2     1      -0.90478E+00       0.18541E-06       0.64160E+01       0.28234E-13
   3     2      -0.26962E+00       0.64002E-05       0.17990E+01       0.40350E-12
   4     3       0.91517E+00       0.25918E-04       0.11669E+01       0.12308E-11
   5     4       0.18944E+01       0.56504E-04       0.88620E+00       0.21019E-11
   8     7       0.15879E+01       0.10689E-03       0.43399E+00       0.27627E-11
 
 *******************************************************************************
 N(mol) [cm^-2]:  0.56234E+17   -  R [cm]:  0.10000E+16    -  nzones:    5
 *******************************************************************************
  up    low     optical depth        cooling         N(up)/N(low)    I_center(mu=1.000)
   2     1      -0.13808E+01       0.32700E-06       0.55632E+01       0.57668E-13
   3     2      -0.51123E-01       0.10546E-04       0.16809E+01       0.62475E-12
   4     3       0.13943E+01       0.37366E-04       0.11845E+01       0.18252E-11
   5     4       0.28372E+01       0.80175E-04       0.92798E+00       0.29828E-11
   8     7       0.32234E+01       0.17049E-03       0.45210E+00       0.41777E-11
 
 *******************************************************************************
 N(mol) [cm^-2]:  0.10000E+18   -  R [cm]:  0.10000E+16    -  nzones:    5
 *******************************************************************************
  up    low     optical depth        cooling         N(up)/N(low)    I_center(mu=1.000)
   2     1      -0.23021E+01       0.55472E-06       0.54827E+01       0.13273E-12
   3     2       0.41726E+00       0.16416E-04       0.15982E+01       0.88689E-12
   4     3       0.19927E+01       0.52535E-04       0.12090E+01       0.26050E-11
   5     4       0.40782E+01       0.11066E-03       0.97340E+00       0.40141E-11
   8     7       0.62101E+01       0.27407E-03       0.51218E+00       0.58918E-11
 
 *******************************************************************************
 N(mol) [cm^-2]:  0.11938E+18   -  R [cm]:  0.10000E+16    -  nzones:    5
 *******************************************************************************
  up    low     optical depth        cooling         N(up)/N(low)    I_center(mu=1.000)
   2     1      -0.26038E+01       0.65246E-06       0.53138E+01       0.17286E-12
   3     2       0.65049E+00       0.18864E-04       0.15760E+01       0.96802E-12
   4     3       0.22369E+01       0.57880E-04       0.12151E+01       0.28735E-11
   5     4       0.45801E+01       0.12099E-03       0.98482E+00       0.43226E-11
   8     7       0.74707E+01       0.31222E-03       0.53284E+00       0.63733E-11
