          *** MOLPOP-CEP; version of December 3, 2013 ***

* CO with collision rates from Yang et al 2010
* These lines are echoed in the output because they start with a '*'
*
      Solution method is LVG escape probability; dlogV/dlogr =  1.00
      Molecule --- CO
      Number of levels = 20

        Collision information:
    1.  Relative weight of collision partner =  3.00
        Collision rates from data file DataBase/Coll/Yang_CO_H2o.kij

    2.  Relative weight of collision partner =  1.00
        Collision rates from data file DataBase/Coll/Yang_CO_H2p.kij

      Tgas =  100.0 K
      n_tot =  1.00E+04 cm-3

      No considerations of dust absorption
      No considerations of Line Overlap
      No maser saturation effects

      External Radiation field includes:
        - 2.725K Cosmic Background
 Using INCREASING strategy
------------------------------------------------------------------------------

      *** All optical depths are listed at line center ***


  Molecular column = 1.00E+16 cm-2/kms      Total emission = 9.07E-21 erg/s/mol

  Populations:
      level    x(i)         n(i)       n(i)/n*     T_ex(i,1)     emission     %
                          cm^{-3}                      K         erg/s/mol
        1    5.409E-02    5.409E-02    1.974E+00    0.000E+00    0.000E+00    0
        2    6.437E-02    1.827E-01    2.349E+00   -4.663E+01    0.000E+00    0
        3    6.102E-02    2.584E-01    2.227E+00    3.649E+02    2.381E-22    3
        4    4.849E-02    2.436E-01    1.770E+00    7.523E+01    9.737E-22   11
        5    3.084E-02    1.596E-01    1.126E+00    4.961E+01    1.866E-21   21
        6    1.471E-02    7.059E-02    5.370E-01    3.892E+01    2.215E-21   24
        7    5.489E-03    2.233E-02    2.003E-01    3.367E+01    1.783E-21   20
        8    1.962E-03    6.255E-03    7.162E-02    3.183E+01    1.070E-21   12
        9    7.503E-04    1.741E-03    2.738E-02    3.176E+01    5.360E-22    6
       10    3.034E-04    4.785E-04    1.107E-02    3.244E+01    2.398E-22    3
       11    1.270E-04    1.274E-04    4.634E-03    3.344E+01    9.766E-23    1
       12    5.473E-05    3.273E-05    1.997E-03    3.461E+01    3.677E-23    0
       13    2.454E-05    8.217E-06    8.955E-04    3.591E+01    1.305E-23    0
       14    1.167E-05    2.057E-06    4.258E-04    3.734E+01    4.488E-24    0
       15    5.439E-06    4.752E-07    1.985E-04    3.867E+01    1.390E-24    0
       16    2.430E-06    9.908E-08    8.867E-05    3.985E+01    3.802E-25    0
       17    1.172E-06    2.102E-08    4.276E-05    4.117E+01    1.039E-25    0
       18    5.398E-07    4.017E-09    1.970E-05    4.234E+01    2.514E-26    0
       19    2.436E-07    7.093E-10    8.889E-06    4.343E+01    5.543E-27    0
       20    9.936E-08    1.069E-10    3.626E-06    4.429E+01    1.029E-27    0

  The top emitting lines are:

        i    j  wavelength    tau    beta       Tex      emission   %
                  micron                         K       erg/s/mol
        6    5  5.202E+02  4.81E-01  6.73E-01  2.72E+01  2.22E-21  24
        5    4  6.503E+02  5.80E-01  6.25E-01  3.28E+01  1.87E-21  21
        7    6  4.336E+02  2.39E-01  8.15E-01  2.52E+01  1.78E-21  20
        8    7  3.717E+02  7.70E-02  9.35E-01  2.73E+01  1.07E-21  12
        4    3  8.670E+02  4.32E-01  6.99E-01  4.19E+01  9.74E-22  11
        9    8  3.252E+02  2.12E-02  9.81E-01  3.15E+01  5.36E-22   6
       10    9  2.891E+02  5.84E-03  9.95E-01  3.55E+01  2.40E-22   3
        3    2  1.300E+03  1.57E-01  8.73E-01  6.74E+01  2.38E-22   3
       11   10  2.602E+02  1.60E-03  9.99E-01  3.88E+01  9.77E-23   1

  Inverted lines:

        i    j  wavelength    tau     Tex        eta
                  micron               K

        2    1  2.601E+03 -5.81E-02 -4.66E+01  5.93E-02
------------------------------------------------------------------------------


  Molecular column = 1.78E+16 cm-2/kms      Total emission = 8.73E-21 erg/s/mol

  Populations:
      level    x(i)         n(i)       n(i)/n*     T_ex(i,1)     emission     %
                          cm^{-3}                      K         erg/s/mol
        1    5.152E-02    5.152E-02    1.880E+00    0.000E+00    0.000E+00    0
        2    6.045E-02    1.716E-01    2.206E+00   -5.298E+01    0.000E+00    0
        3    5.709E-02    2.418E-01    2.084E+00    2.620E+02    2.032E-22    2
        4    4.744E-02    2.383E-01    1.731E+00    8.006E+01    8.086E-22    9
        5    3.322E-02    1.720E-01    1.212E+00    5.576E+01    1.604E-21   18
        6    1.796E-02    8.615E-02    6.553E-01    4.405E+01    2.074E-21   24
        7    7.013E-03    2.854E-02    2.560E-01    3.681E+01    1.840E-21   21
        8    2.342E-03    7.465E-03    8.547E-02    3.338E+01    1.170E-21   13
        9    8.514E-04    1.976E-03    3.107E-02    3.267E+01    5.953E-22    7
       10    3.391E-04    5.348E-04    1.237E-02    3.313E+01    2.665E-22    3
       11    1.417E-04    1.421E-04    5.171E-03    3.403E+01    1.088E-22    1
       12    6.111E-05    3.654E-05    2.230E-03    3.514E+01    4.105E-23    0
       13    2.747E-05    9.197E-06    1.002E-03    3.640E+01    1.461E-23    0
       14    1.307E-05    2.304E-06    4.768E-04    3.780E+01    5.027E-24    0
       15    6.100E-06    5.330E-07    2.226E-04    3.910E+01    1.559E-24    0
       16    2.734E-06    1.115E-07    9.977E-05    4.026E+01    4.278E-25    0
       17    1.319E-06    2.366E-08    4.813E-05    4.155E+01    1.169E-25    0
       18    6.089E-07    4.531E-09    2.222E-05    4.270E+01    2.836E-26    0
       19    2.753E-07    8.019E-10    1.005E-05    4.377E+01    6.265E-27    0
       20    1.124E-07    1.209E-10    4.103E-06    4.461E+01    1.164E-27    0

  The top emitting lines are:

        i    j  wavelength    tau    beta       Tex      emission   %
                  micron                         K       erg/s/mol
        6    5  5.202E+02  8.51E-01  5.16E-01  3.10E+01  2.07E-21  24
        7    6  4.336E+02  5.09E-01  6.59E-01  2.61E+01  1.84E-21  21
        5    4  6.503E+02  9.04E-01  4.99E-01  3.83E+01  1.60E-21  18
        8    7  3.717E+02  1.79E-01  8.57E-01  2.61E+01  1.17E-21  13
        4    3  8.670E+02  6.51E-01  5.93E-01  4.72E+01  8.09E-22   9
        9    8  3.252E+02  4.57E-02  9.61E-01  3.04E+01  5.95E-22   7
       10    9  2.891E+02  1.18E-02  9.90E-01  3.51E+01  2.67E-22   3
        3    2  1.300E+03  2.68E-01  7.96E-01  6.60E+01  2.03E-22   2
       11   10  2.602E+02  3.18E-03  9.97E-01  3.88E+01  1.09E-22   1

  Inverted lines:

        i    j  wavelength    tau     Tex        eta
                  micron               K

        2    1  2.601E+03 -8.61E-02 -5.30E+01  5.22E-02
------------------------------------------------------------------------------


  Molecular column = 3.16E+16 cm-2/kms      Total emission = 8.24E-21 erg/s/mol

  Populations:
      level    x(i)         n(i)       n(i)/n*     T_ex(i,1)     emission     %
                          cm^{-3}                      K         erg/s/mol
        1    4.836E-02    4.836E-02    1.765E+00    0.000E+00    0.000E+00    0
        2    5.564E-02    1.580E-01    2.031E+00   -6.507E+01    0.000E+00    0
        3    5.255E-02    2.226E-01    1.918E+00    2.001E+02    1.632E-22    2
        4    4.556E-02    2.288E-01    1.663E+00    8.478E+01    6.309E-22    8
        5    3.505E-02    1.814E-01    1.279E+00    6.321E+01    1.290E-21   16
        6    2.212E-02    1.061E-01    8.073E-01    5.148E+01    1.817E-21   22
        7    1.008E-02    4.103E-02    3.680E-01    4.256E+01    1.830E-21   22
        8    3.268E-03    1.042E-02    1.193E-01    3.650E+01    1.302E-21   16
        9    1.055E-03    2.449E-03    3.850E-02    3.423E+01    6.934E-22    8
       10    4.022E-04    6.344E-04    1.468E-02    3.420E+01    3.121E-22    4
       11    1.667E-04    1.672E-04    6.083E-03    3.491E+01    1.276E-22    2
       12    7.201E-05    4.306E-05    2.628E-03    3.592E+01    4.833E-23    1
       13    3.242E-05    1.085E-05    1.183E-03    3.711E+01    1.724E-23    0
       14    1.546E-05    2.725E-06    5.641E-04    3.847E+01    5.946E-24    0
       15    7.227E-06    6.314E-07    2.637E-04    3.972E+01    1.847E-24    0
       16    3.257E-06    1.328E-07    1.189E-04    4.085E+01    5.096E-25    0
       17    1.573E-06    2.821E-08    5.739E-05    4.211E+01    1.394E-25    0
       18    7.284E-07    5.420E-09    2.658E-05    4.323E+01    3.393E-26    0
       19    3.304E-07    9.622E-10    1.206E-05    4.427E+01    7.518E-27    0
       20    1.351E-07    1.454E-10    4.932E-06    4.508E+01    1.400E-27    0

  The top emitting lines are:

        i    j  wavelength    tau    beta       Tex      emission   %
                  micron                         K       erg/s/mol
        7    6  4.336E+02  1.04E+00  4.56E-01  2.97E+01  1.83E-21  22
        6    5  5.202E+02  1.41E+00  3.67E-01  3.75E+01  1.82E-21  22
        8    7  3.717E+02  4.60E-01  6.84E-01  2.56E+01  1.30E-21  16
        5    4  6.503E+02  1.35E+00  3.80E-01  4.58E+01  1.29E-21  16
        9    8  3.252E+02  1.17E-01  9.03E-01  2.81E+01  6.93E-22   8
        4    3  8.670E+02  9.56E-01  4.82E-01  5.38E+01  6.31E-22   8
       10    9  2.891E+02  2.64E-02  9.77E-01  3.40E+01  3.12E-22   4
        3    2  1.300E+03  4.39E-01  6.95E-01  6.59E+01  1.63E-22   2
       11   10  2.602E+02  6.72E-03  9.94E-01  3.86E+01  1.28E-22   2
       12   11  2.366E+02  1.76E-03  9.98E-01  4.20E+01  4.83E-23   1

  Inverted lines:

        i    j  wavelength    tau     Tex        eta
                  micron               K

        2    1  2.601E+03 -1.16E-01 -6.51E+01  4.25E-02
------------------------------------------------------------------------------


  Molecular column = 5.62E+16 cm-2/kms      Total emission = 7.58E-21 erg/s/mol

  Populations:
      level    x(i)         n(i)       n(i)/n*     T_ex(i,1)     emission     %
                          cm^{-3}                      K         erg/s/mol
        1    4.482E-02    4.482E-02    1.636E+00    0.000E+00    0.000E+00    0
        2    5.039E-02    1.430E-01    1.839E+00   -8.954E+01    0.000E+00    0
        3    4.777E-02    2.023E-01    1.743E+00    1.621E+02    1.230E-22    2
        4    4.301E-02    2.160E-01    1.570E+00    8.893E+01    4.614E-22    6
        5    3.581E-02    1.854E-01    1.307E+00    7.113E+01    9.657E-22   13
        6    2.610E-02    1.252E-01    9.524E-01    6.054E+01    1.467E-21   19
        7    1.487E-02    6.050E-02    5.426E-01    5.128E+01    1.680E-21   22
        8    5.646E-03    1.800E-02    2.060E-01    4.278E+01    1.406E-21   19
        9    1.573E-03    3.650E-03    5.739E-02    3.728E+01    8.373E-22   11
       10    5.216E-04    8.226E-04    1.903E-02    3.585E+01    3.887E-22    5
       11    2.093E-04    2.099E-04    7.638E-03    3.617E+01    1.590E-22    2
       12    9.021E-05    5.394E-05    3.292E-03    3.702E+01    6.043E-23    1
       13    4.075E-05    1.365E-05    1.487E-03    3.811E+01    2.166E-23    0
       14    1.944E-05    3.428E-06    7.095E-04    3.939E+01    7.478E-24    0
       15    9.137E-06    7.983E-07    3.334E-04    4.058E+01    2.335E-24    0
       16    4.141E-06    1.689E-07    1.511E-04    4.166E+01    6.480E-25    0
       17    2.006E-06    3.599E-08    7.321E-05    4.288E+01    1.778E-25    0
       18    9.326E-07    6.940E-09    3.403E-05    4.396E+01    4.344E-26    0
       19    4.252E-07    1.238E-09    1.552E-05    4.497E+01    9.675E-27    0
       20    1.744E-07    1.876E-10    6.365E-06    4.573E+01    1.806E-27    0

  The top emitting lines are:

        i    j  wavelength    tau    beta       Tex      emission   %
                  micron                         K       erg/s/mol
        7    6  4.336E+02  1.92E+00  2.84E-01  3.71E+01  1.68E-21  22
        6    5  5.202E+02  2.20E+00  2.51E-01  4.66E+01  1.47E-21  19
        8    7  3.717E+02  1.15E+00  4.27E-01  2.86E+01  1.41E-21  19
        5    4  6.503E+02  1.96E+00  2.78E-01  5.47E+01  9.66E-22  13
        9    8  3.252E+02  3.73E-01  7.31E-01  2.57E+01  8.37E-22  11
        4    3  8.670E+02  1.38E+00  3.73E-01  6.13E+01  4.61E-22   6
       10    9  2.891E+02  7.28E-02  9.38E-01  3.11E+01  3.89E-22   5
       11   10  2.602E+02  1.57E-02  9.86E-01  3.77E+01  1.59E-22   2
        3    2  1.300E+03  6.92E-01  5.76E-01  6.74E+01  1.23E-22   2
       12   11  2.366E+02  3.94E-03  9.97E-01  4.19E+01  6.04E-23   1

  Inverted lines:

        i    j  wavelength    tau     Tex        eta
                  micron               K

        2    1  2.601E+03 -1.37E-01 -8.95E+01  3.09E-02
------------------------------------------------------------------------------


  Molecular column = 1.00E+17 cm-2/kms      Total emission = 6.77E-21 erg/s/mol

  Populations:
      level    x(i)         n(i)       n(i)/n*     T_ex(i,1)     emission     %
                          cm^{-3}                      K         erg/s/mol
        1    4.126E-02    4.126E-02    1.506E+00    0.000E+00    0.000E+00    0
        2    4.525E-02    1.284E-01    1.651E+00   -1.496E+02    0.000E+00    0
        3    4.320E-02    1.830E-01    1.577E+00    1.383E+02    8.705E-23    1
        4    4.014E-02    2.016E-01    1.465E+00    9.237E+01    3.172E-22    5
        5    3.552E-02    1.838E-01    1.296E+00    7.868E+01    6.764E-22   10
        6    2.887E-02    1.385E-01    1.054E+00    6.992E+01    1.093E-21   16
        7    2.003E-02    8.151E-02    7.311E-01    6.165E+01    1.396E-21   21
        8    1.026E-02    3.269E-02    3.743E-01    5.266E+01    1.375E-21   20
        9    3.218E-03    7.470E-03    1.175E-01    4.384E+01    9.860E-22   15
       10    8.098E-04    1.277E-03    2.955E-02    3.877E+01    5.065E-22    7
       11    2.848E-04    2.856E-04    1.039E-02    3.794E+01    2.108E-22    3
       12    1.201E-04    7.182E-05    4.384E-03    3.846E+01    8.006E-23    1
       13    5.446E-05    1.824E-05    1.988E-03    3.941E+01    2.891E-23    0
       14    2.598E-05    4.580E-06    9.481E-04    4.057E+01    9.989E-24    0
       15    1.228E-05    1.073E-06    4.482E-04    4.169E+01    3.138E-24    0
       16    5.615E-06    2.290E-07    2.049E-04    4.270E+01    8.787E-25    0
       17    2.729E-06    4.896E-08    9.959E-05    4.386E+01    2.419E-25    0
       18    1.277E-06    9.504E-09    4.661E-05    4.489E+01    5.948E-26    0
       19    5.855E-07    1.705E-09    2.137E-05    4.584E+01    1.332E-26    0
       20    2.415E-07    2.597E-10    8.813E-06    4.656E+01    2.501E-27    0

  The top emitting lines are:

        i    j  wavelength    tau    beta       Tex      emission   %
                  micron                         K       erg/s/mol
        7    6  4.336E+02  3.21E+00  1.75E-01  4.76E+01  1.40E-21  21
        8    7  3.717E+02  2.42E+00  2.30E-01  3.66E+01  1.38E-21  20
        6    5  5.202E+02  3.32E+00  1.69E-01  5.72E+01  1.09E-21  16
        9    8  3.252E+02  1.17E+00  4.21E-01  2.76E+01  9.86E-22  15
        5    4  6.503E+02  2.85E+00  1.97E-01  6.44E+01  6.76E-22  10
       10    9  2.891E+02  2.81E-01  7.87E-01  2.65E+01  5.07E-22   7
        4    3  8.670E+02  1.99E+00  2.75E-01  6.93E+01  3.17E-22   5
       11   10  2.602E+02  4.48E-02  9.61E-01  3.46E+01  2.11E-22   3
        3    2  1.300E+03  1.06E+00  4.51E-01  7.05E+01  8.71E-23   1
       12   11  2.366E+02  9.60E-03  9.92E-01  4.13E+01  8.01E-23   1

  Inverted lines:

        i    j  wavelength    tau     Tex        eta
                  micron               K

        2    1  2.601E+03 -1.33E-01 -1.50E+02  1.85E-02
------------------------------------------------------------------------------


  Molecular column = 1.78E+17 cm-2/kms      Total emission = 5.87E-21 erg/s/mol

  Populations:
      level    x(i)         n(i)       n(i)/n*     T_ex(i,1)     emission     %
                          cm^{-3}                      K         erg/s/mol
        1    3.800E-02    3.800E-02    1.387E+00    0.000E+00    0.000E+00    0
        2    4.069E-02    1.155E-01    1.485E+00   -4.214E+02    0.000E+00    0
        3    3.921E-02    1.661E-01    1.431E+00    1.234E+02    5.811E-23    1
        4    3.735E-02    1.876E-01    1.363E+00    9.510E+01    2.065E-22    4
        5    3.452E-02    1.787E-01    1.260E+00    8.521E+01    4.483E-22    8
        6    3.027E-02    1.452E-01    1.105E+00    7.849E+01    7.609E-22   13
        7    2.408E-02    9.799E-02    8.790E-01    7.181E+01    1.057E-21   18
        8    1.587E-02    5.059E-02    5.792E-01    6.395E+01    1.191E-21   20
        9    7.239E-03    1.680E-02    2.642E-01    5.456E+01    1.034E-21   18
       10    1.870E-03    2.949E-03    6.824E-02    4.525E+01    6.456E-22   11
       11    4.496E-04    4.509E-04    1.641E-02    4.067E+01    2.918E-22    5
       12    1.703E-04    1.019E-04    6.217E-03    4.030E+01    1.117E-22    2
       13    7.621E-05    2.552E-05    2.781E-03    4.098E+01    4.033E-23    1
       14    3.654E-05    6.442E-06    1.333E-03    4.200E+01    1.404E-23    0
       15    1.728E-05    1.510E-06    6.306E-04    4.300E+01    4.415E-24    0
       16    8.017E-06    3.269E-07    2.926E-04    4.394E+01    1.254E-24    0
       17    3.902E-06    7.001E-08    1.424E-04    4.501E+01    3.459E-25    0
       18    1.845E-06    1.373E-08    6.732E-05    4.598E+01    8.592E-26    0
       19    8.509E-07    2.478E-09    3.105E-05    4.688E+01    1.936E-26    0
       20    3.536E-07    3.803E-10    1.290E-05    4.754E+01    3.662E-27    0

  The top emitting lines are:

        i    j  wavelength    tau    beta       Tex      emission   %
                  micron                         K       erg/s/mol
        8    7  3.717E+02  4.38E+00  1.29E-01  4.81E+01  1.19E-21  20
        7    6  4.336E+02  5.12E+00  1.10E-01  5.92E+01  1.06E-21  18
        9    8  3.252E+02  2.86E+00  1.96E-01  3.60E+01  1.03E-21  18
        6    5  5.202E+02  5.02E+00  1.12E-01  6.78E+01  7.61E-22  13
       10    9  2.891E+02  1.12E+00  4.35E-01  2.69E+01  6.46E-22  11
        5    4  6.503E+02  4.21E+00  1.34E-01  7.37E+01  4.48E-22   8
       11   10  2.602E+02  1.99E-01  8.43E-01  2.79E+01  2.92E-22   5
        4    3  8.670E+02  2.92E+00  1.92E-01  7.74E+01  2.07E-22   4
       12   11  2.366E+02  2.78E-02  9.76E-01  3.85E+01  1.12E-22   2
        3    2  1.300E+03  1.60E+00  3.31E-01  7.49E+01  5.81E-23   1
       13   12  2.169E+02  6.02E-03  9.95E-01  4.52E+01  4.03E-23   1

  Inverted lines:

        i    j  wavelength    tau     Tex        eta
                  micron               K

        2    1  2.601E+03 -7.62E-02 -4.21E+02  6.56E-03
------------------------------------------------------------------------------


  Molecular column = 3.16E+17 cm-2/kms      Total emission = 4.93E-21 erg/s/mol

  Populations:
      level    x(i)         n(i)       n(i)/n*     T_ex(i,1)     emission     %
                          cm^{-3}                      K         erg/s/mol
        1    3.648E-02    3.648E-02    1.331E+00    0.000E+00    0.000E+00    0
        2    3.667E-02    1.041E-01    1.338E+00    1.099E+02    3.846E-24    0
        3    3.595E-02    1.522E-01    1.312E+00    9.178E+01    3.892E-23    1
        4    3.486E-02    1.751E-01    1.272E+00    8.795E+01    1.286E-22    3
        5    3.319E-02    1.718E-01    1.211E+00    8.538E+01    2.843E-22    6
        6    3.060E-02    1.468E-01    1.117E+00    8.252E+01    5.013E-22   10
        7    2.662E-02    1.083E-01    9.713E-01    7.865E+01    7.419E-22   15
        8    2.069E-02    6.595E-02    7.550E-01    7.319E+01    9.249E-22   19
        9    1.285E-02    2.984E-02    4.691E-01    6.562E+01    9.376E-22   19
       10    5.147E-03    8.117E-03    1.878E-01    5.596E+01    7.243E-22   15
       11    1.091E-03    1.094E-03    3.983E-02    4.643E+01    3.957E-22    8
       12    2.685E-04    1.606E-04    9.799E-03    4.263E+01    1.611E-22    3
       13    1.112E-04    3.725E-05    4.060E-03    4.268E+01    5.828E-23    1
       14    5.284E-05    9.315E-06    1.928E-03    4.349E+01    2.026E-23    0
       15    2.523E-05    2.204E-06    9.207E-04    4.437E+01    6.442E-24    0
       16    1.176E-05    4.795E-07    4.291E-04    4.521E+01    1.839E-24    0
       17    5.788E-06    1.038E-07    2.112E-04    4.621E+01    5.131E-25    0
       18    2.748E-06    2.045E-08    1.003E-04    4.711E+01    1.280E-25    0
       19    1.282E-06    3.735E-09    4.680E-05    4.795E+01    2.918E-26    0
       20    5.362E-07    5.768E-10    1.957E-05    4.854E+01    5.553E-27    0

  The top emitting lines are:

        i    j  wavelength    tau    beta       Tex      emission   %
                  micron                         K       erg/s/mol
        9    8  3.252E+02  5.63E+00  1.00E-01  4.82E+01  9.38E-22  19
        8    7  3.717E+02  7.36E+00  7.67E-02  6.06E+01  9.25E-22  19
        7    6  4.336E+02  8.06E+00  7.00E-02  7.04E+01  7.42E-22  15
       10    9  2.891E+02  3.17E+00  1.77E-01  3.52E+01  7.24E-22  15
        6    5  5.202E+02  7.70E+00  7.32E-02  7.73E+01  5.01E-22  10
       11   10  2.602E+02  9.91E-01  4.71E-01  2.63E+01  3.96E-22   8
        5    4  6.503E+02  6.38E+00  8.84E-02  8.18E+01  2.84E-22   6
       12   11  2.366E+02  1.31E-01  8.93E-01  3.02E+01  1.61E-22   3
        4    3  8.670E+02  4.39E+00  1.28E-01  8.44E+01  1.29E-22   3
       13   12  2.169E+02  1.73E-02  9.85E-01  4.29E+01  5.83E-23   1
        3    2  1.300E+03  2.29E+00  2.42E-01  8.48E+01  3.89E-23   1

  No inversions
------------------------------------------------------------------------------


  Molecular column = 5.62E+17 cm-2/kms      Total emission = 4.01E-21 erg/s/mol

  Populations:
      level    x(i)         n(i)       n(i)/n*     T_ex(i,1)     emission     %
                          cm^{-3}                      K         erg/s/mol
        1    3.388E-02    3.388E-02    1.237E+00    0.000E+00    0.000E+00    0
        2    3.386E-02    9.611E-02    1.236E+00    9.866E+01    2.666E-24    0
        3    3.344E-02    1.416E-01    1.220E+00    9.268E+01    2.368E-23    1
        4    3.282E-02    1.648E-01    1.198E+00    9.122E+01    7.742E-23    2
        5    3.185E-02    1.648E-01    1.162E+00    8.992E+01    1.738E-22    4
        6    3.033E-02    1.455E-01    1.107E+00    8.822E+01    3.152E-22    8
        7    2.791E-02    1.136E-01    1.019E+00    8.570E+01    4.887E-22   12
        8    2.406E-02    7.670E-02    8.781E-01    8.190E+01    6.568E-22   16
        9    1.819E-02    4.222E-02    6.638E-01    7.619E+01    7.494E-22   19
       10    1.053E-02    1.661E-02    3.844E-01    6.805E+01    6.903E-22   17
       11    3.608E-03    3.619E-03    1.317E-01    5.759E+01    4.738E-22   12
       12    6.388E-04    3.820E-04    2.331E-02    4.789E+01    2.292E-22    6
       13    1.741E-04    5.829E-05    6.353E-03    4.500E+01    8.635E-23    2
       14    7.848E-05    1.384E-05    2.864E-03    4.533E+01    2.990E-23    1
       15    3.740E-05    3.268E-06    1.365E-03    4.602E+01    9.538E-24    0
       16    1.767E-05    7.205E-07    6.448E-04    4.674E+01    2.763E-24    0
       17    8.706E-06    1.562E-07    3.177E-04    4.763E+01    7.717E-25    0
       18    4.198E-06    3.124E-08    1.532E-04    4.845E+01    1.955E-25    0
       19    1.968E-06    5.732E-09    7.183E-05    4.921E+01    4.479E-26    0
       20    8.340E-07    8.971E-10    3.044E-05    4.973E+01    8.638E-27    0

  The top emitting lines are:

        i    j  wavelength    tau    beta       Tex      emission   %
                  micron                         K       erg/s/mol
        9    8  3.252E+02  9.97E+00  5.66E-02  6.13E+01  7.49E-22  19
       10    9  2.891E+02  6.84E+00  8.25E-02  4.77E+01  6.90E-22  17
        8    7  3.717E+02  1.21E+01  4.68E-02  7.23E+01  6.57E-22  16
        7    6  4.336E+02  1.28E+01  4.39E-02  8.00E+01  4.89E-22  12
       11   10  2.602E+02  3.30E+00  1.71E-01  3.40E+01  4.74E-22  12
        6    5  5.202E+02  1.21E+01  4.65E-02  8.50E+01  3.15E-22   8
       12   11  2.366E+02  8.02E-01  5.34E-01  2.60E+01  2.29E-22   6
        5    4  6.503E+02  1.00E+01  5.63E-02  8.80E+01  1.74E-22   4
       13   12  2.169E+02  7.98E-02  9.33E-01  3.38E+01  8.64E-23   2
        4    3  8.670E+02  6.87E+00  8.21E-02  8.98E+01  7.74E-23   2
       14   13  2.003E+02  1.10E-02  9.90E-01  4.74E+01  2.99E-23   1
        3    2  1.300E+03  3.56E+00  1.58E-01  9.00E+01  2.37E-23   1

  No inversions
------------------------------------------------------------------------------


  Molecular column = 1.00E+18 cm-2/kms      Total emission = 3.16E-21 erg/s/mol

  Populations:
      level    x(i)         n(i)       n(i)/n*     T_ex(i,1)     emission     %
                          cm^{-3}                      K         erg/s/mol
        1    3.188E-02    3.188E-02    1.163E+00    0.000E+00    0.000E+00    0
        2    3.180E-02    9.026E-02    1.161E+00    9.586E+01    1.714E-24    0
        3    3.157E-02    1.337E-01    1.152E+00    9.451E+01    1.395E-23    0
        4    3.121E-02    1.568E-01    1.139E+00    9.403E+01    4.553E-23    1
        5    3.065E-02    1.587E-01    1.119E+00    9.340E+01    1.033E-22    3
        6    2.978E-02    1.429E-01    1.087E+00    9.244E+01    1.909E-22    6
        7    2.838E-02    1.155E-01    1.036E+00    9.092E+01    3.056E-22   10
        8    2.606E-02    8.308E-02    9.511E-01    8.849E+01    4.333E-22   14
        9    2.220E-02    5.153E-02    8.101E-01    8.462E+01    5.394E-22   17
       10    1.619E-02    2.553E-02    5.908E-01    7.860E+01    5.692E-22   18
       11    8.559E-03    8.584E-03    3.124E-01    6.982E+01    4.758E-22   15
       12    2.439E-03    1.458E-03    8.900E-02    5.868E+01    2.913E-22    9
       13    3.804E-04    1.274E-04    1.388E-02    4.934E+01    1.265E-22    4
       14    1.212E-04    2.137E-05    4.424E-03    4.745E+01    4.478E-23    1
       15    5.602E-05    4.895E-06    2.045E-03    4.778E+01    1.423E-23    0
       16    2.668E-05    1.088E-06    9.738E-04    4.835E+01    4.169E-24    0
       17    1.322E-05    2.372E-07    4.824E-04    4.912E+01    1.171E-24    0
       18    6.433E-06    4.787E-08    2.348E-04    4.985E+01    2.996E-25    0
       19    3.053E-06    8.893E-09    1.114E-04    5.053E+01    6.948E-26    0
       20    1.302E-06    1.401E-09    4.752E-05    5.095E+01    1.349E-26    0

  The top emitting lines are:

        i    j  wavelength    tau    beta       Tex      emission   %
                  micron                         K       erg/s/mol
       10    9  2.891E+02  1.27E+01  4.43E-02  6.12E+01  5.69E-22  18
        9    8  3.252E+02  1.69E+01  3.34E-02  7.34E+01  5.39E-22  17
       11   10  2.602E+02  7.82E+00  7.22E-02  4.65E+01  4.76E-22  15
        8    7  3.717E+02  1.98E+01  2.85E-02  8.19E+01  4.33E-22  14
        7    6  4.336E+02  2.09E+01  2.70E-02  8.73E+01  3.06E-22  10
       12   11  2.366E+02  3.16E+00  1.78E-01  3.26E+01  2.91E-22   9
        6    5  5.202E+02  1.97E+01  2.86E-02  9.06E+01  1.91E-22   6
       13   12  2.169E+02  5.80E-01  6.25E-01  2.63E+01  1.26E-22   4
        5    4  6.503E+02  1.62E+01  3.48E-02  9.25E+01  1.03E-22   3
        4    3  8.670E+02  1.11E+01  5.08E-02  9.36E+01  4.55E-23   1
       14   13  2.003E+02  4.61E-02  9.60E-01  3.86E+01  4.48E-23   1

  No inversions
------------------------------------------------------------------------------


  Molecular column = 1.78E+18 cm-2/kms      Total emission = 2.42E-21 erg/s/mol

  Populations:
      level    x(i)         n(i)       n(i)/n*     T_ex(i,1)     emission     %
                          cm^{-3}                      K         erg/s/mol
        1    3.040E-02    3.040E-02    1.109E+00    0.000E+00    0.000E+00    0
        2    3.034E-02    8.612E-02    1.107E+00    9.652E+01    1.029E-24    0
        3    3.021E-02    1.280E-01    1.103E+00    9.638E+01    8.065E-24    0
        4    3.001E-02    1.507E-01    1.095E+00    9.622E+01    2.635E-23    1
        5    2.969E-02    1.537E-01    1.084E+00    9.590E+01    6.017E-23    2
        6    2.920E-02    1.401E-01    1.066E+00    9.535E+01    1.124E-22    5
        7    2.840E-02    1.156E-01    1.037E+00    9.447E+01    1.837E-22    8
        8    2.707E-02    8.629E-02    9.879E-01    9.303E+01    2.699E-22   11
        9    2.475E-02    5.745E-02    9.032E-01    9.064E+01    3.573E-22   15
       10    2.073E-02    3.269E-02    7.564E-01    8.666E+01    4.168E-22   17
       11    1.438E-02    1.442E-02    5.248E-01    8.025E+01    4.066E-22   17
       12    6.779E-03    4.054E-03    2.474E-01    7.086E+01    3.093E-22   13
       13    1.558E-03    5.216E-04    5.685E-02    5.921E+01    1.689E-22    7
       14    2.348E-04    4.139E-05    8.568E-03    5.085E+01    6.634E-23    3
       15    8.558E-05    7.477E-06    3.123E-03    4.971E+01    2.137E-23    1
       16    4.011E-05    1.636E-06    1.464E-03    5.001E+01    6.251E-24    0
       17    2.008E-05    3.602E-07    7.328E-04    5.066E+01    1.778E-24    0
       18    9.814E-06    7.304E-08    3.582E-04    5.127E+01    4.570E-25    0
       19    4.725E-06    1.376E-08    1.724E-04    5.187E+01    1.075E-25    0
       20    2.027E-06    2.180E-09    7.398E-05    5.219E+01    2.099E-26    0

  The top emitting lines are:

        i    j  wavelength    tau    beta       Tex      emission   %
                  micron                         K       erg/s/mol
       10    9  2.891E+02  2.23E+01  2.53E-02  7.37E+01  4.17E-22  17
       11   10  2.602E+02  1.54E+01  3.67E-02  6.02E+01  4.07E-22  17
        9    8  3.252E+02  2.84E+01  1.98E-02  8.31E+01  3.57E-22  15
       12   11  2.366E+02  8.31E+00  6.79E-02  4.47E+01  3.09E-22  13
        8    7  3.717E+02  3.30E+01  1.71E-02  8.90E+01  2.70E-22  11
        7    6  4.336E+02  3.48E+01  1.62E-02  9.23E+01  1.84E-22   8
       13   12  2.169E+02  2.75E+00  2.04E-01  3.11E+01  1.69E-22   7
        6    5  5.202E+02  3.28E+01  1.72E-02  9.43E+01  1.12E-22   5
       14   13  2.003E+02  3.68E-01  7.34E-01  2.75E+01  6.63E-23   3
        5    4  6.503E+02  2.70E+01  2.09E-02  9.54E+01  6.02E-23   2
        4    3  8.670E+02  1.85E+01  3.06E-02  9.61E+01  2.64E-23   1
       15   14  1.860E+02  2.60E-02  9.77E-01  4.34E+01  2.14E-23   1

  No inversions
------------------------------------------------------------------------------


  Molecular column = 3.16E+18 cm-2/kms      Total emission = 1.80E-21 erg/s/mol

  Populations:
      level    x(i)         n(i)       n(i)/n*     T_ex(i,1)     emission     %
                          cm^{-3}                      K         erg/s/mol
        1    2.937E-02    2.937E-02    1.072E+00    0.000E+00    0.000E+00    0
        2    2.933E-02    8.325E-02    1.070E+00    9.779E+01    5.926E-25    0
        3    2.926E-02    1.239E-01    1.068E+00    9.781E+01    4.610E-24    0
        4    2.914E-02    1.464E-01    1.064E+00    9.773E+01    1.509E-23    1
        5    2.896E-02    1.499E-01    1.057E+00    9.755E+01    3.458E-23    2
        6    2.868E-02    1.376E-01    1.047E+00    9.724E+01    6.503E-23    4
        7    2.823E-02    1.149E-01    1.030E+00    9.673E+01    1.075E-22    6
        8    2.749E-02    8.763E-02    1.003E+00    9.591E+01    1.614E-22    9
        9    2.617E-02    6.075E-02    9.551E-01    9.453E+01    2.223E-22   12
       10    2.375E-02    3.746E-02    8.668E-01    9.214E+01    2.782E-22   15
       11    1.938E-02    1.943E-02    7.072E-01    8.797E+01    3.044E-22   17
       12    1.259E-02    7.528E-03    4.594E-01    8.116E+01    2.756E-22   15
       13    5.130E-03    1.718E-03    1.872E-01    7.120E+01    1.895E-22   11
       14    9.196E-04    1.621E-04    3.356E-02    5.923E+01    9.180E-23    5
       15    1.478E-04    1.292E-05    5.395E-03    5.231E+01    3.176E-23    2
       16    6.065E-05    2.473E-06    2.213E-03    5.176E+01    9.373E-24    1
       17    3.003E-05    5.387E-07    1.096E-03    5.219E+01    2.656E-24    0
       18    1.493E-05    1.111E-07    5.448E-04    5.272E+01    6.950E-25    0
       19    7.203E-06    2.098E-08    2.629E-04    5.320E+01    1.639E-25    0
       20    3.138E-06    3.375E-09    1.145E-04    5.345E+01    3.250E-26    0

  The top emitting lines are:

        i    j  wavelength    tau    beta       Tex      emission   %
                  micron                         K       erg/s/mol
       11   10  2.602E+02  2.77E+01  2.04E-02  7.31E+01  3.04E-22  17
       10    9  2.891E+02  3.83E+01  1.47E-02  8.37E+01  2.78E-22  15
       12   11  2.366E+02  1.73E+01  3.26E-02  5.85E+01  2.76E-22  15
        9    8  3.252E+02  4.83E+01  1.17E-02  9.00E+01  2.22E-22  12
       13   12  2.169E+02  8.13E+00  6.94E-02  4.25E+01  1.89E-22  11
        8    7  3.717E+02  5.60E+01  1.01E-02  9.35E+01  1.61E-22   9
        7    6  4.336E+02  5.90E+01  9.56E-03  9.55E+01  1.07E-22   6
       14   13  2.003E+02  2.12E+00  2.59E-01  2.95E+01  9.18E-23   5
        6    5  5.202E+02  5.57E+01  1.01E-02  9.66E+01  6.50E-23   4
        5    4  6.503E+02  4.58E+01  1.23E-02  9.73E+01  3.46E-23   2
       15   14  1.860E+02  2.02E-01  8.41E-01  2.97E+01  3.18E-23   2
        4    3  8.670E+02  3.13E+01  1.80E-02  9.77E+01  1.51E-23   1
       16   15  1.736E+02  1.41E-02  9.88E-01  4.82E+01  9.37E-24   1

  No inversions
------------------------------------------------------------------------------


  Molecular column = 5.62E+18 cm-2/kms      Total emission = 1.30E-21 erg/s/mol

  Populations:
      level    x(i)         n(i)       n(i)/n*     T_ex(i,1)     emission     %
                          cm^{-3}                      K         erg/s/mol
        1    2.867E-02    2.867E-02    1.046E+00    0.000E+00    0.000E+00    0
        2    2.865E-02    8.131E-02    1.045E+00    9.870E+01    3.366E-25    0
        3    2.861E-02    1.212E-01    1.044E+00    9.871E+01    2.618E-24    0
        4    2.854E-02    1.433E-01    1.042E+00    9.867E+01    8.576E-24    1
        5    2.844E-02    1.472E-01    1.038E+00    9.857E+01    1.970E-23    2
        6    2.828E-02    1.357E-01    1.032E+00    9.839E+01    3.719E-23    3
        7    2.803E-02    1.140E-01    1.023E+00    9.810E+01    6.188E-23    5
        8    2.761E-02    8.802E-02    1.008E+00    9.763E+01    9.402E-23    7
        9    2.688E-02    6.239E-02    9.810E-01    9.687E+01    1.325E-22   10
       10    2.552E-02    4.025E-02    9.313E-01    9.553E+01    1.734E-22   13
       11    2.286E-02    2.292E-02    8.342E-01    9.307E+01    2.058E-22   16
       12    1.800E-02    1.076E-02    6.568E-01    8.869E+01    2.125E-22   16
       13    1.070E-02    3.581E-03    3.903E-01    8.139E+01    1.769E-22   14
       14    3.607E-03    6.360E-04    1.317E-01    7.082E+01    1.086E-22    8
       15    4.843E-04    4.231E-05    1.767E-02    5.872E+01    4.506E-23    3
       16    9.616E-05    3.922E-06    3.509E-03    5.380E+01    1.389E-23    1
       17    4.472E-05    8.023E-07    1.632E-03    5.377E+01    3.938E-24    0
       18    2.222E-05    1.653E-07    8.108E-04    5.414E+01    1.033E-24    0
       19    1.090E-05    3.174E-08    3.977E-04    5.454E+01    2.479E-25    0
       20    4.730E-06    5.087E-09    1.726E-04    5.466E+01    4.898E-26    0

  The top emitting lines are:

        i    j  wavelength    tau    beta       Tex      emission   %
                  micron                         K       erg/s/mol
       12   11  2.366E+02  3.21E+01  1.76E-02  7.18E+01  2.12E-22  16
       11   10  2.602E+02  4.83E+01  1.17E-02  8.34E+01  2.06E-22  16
       13   12  2.169E+02  1.81E+01  3.11E-02  5.60E+01  1.77E-22  14
       10    9  2.891E+02  6.59E+01  8.56E-03  9.05E+01  1.73E-22  13
        9    8  3.252E+02  8.33E+01  6.77E-03  9.43E+01  1.33E-22  10
       14   13  2.003E+02  7.21E+00  7.83E-02  3.98E+01  1.09E-22   8
        8    7  3.717E+02  9.66E+01  5.84E-03  9.63E+01  9.40E-23   7
        7    6  4.336E+02  1.02E+02  5.54E-03  9.74E+01  6.19E-23   5
       15   14  1.860E+02  1.43E+00  3.64E-01  2.78E+01  4.51E-23   3
        6    5  5.202E+02  9.60E+01  5.88E-03  9.80E+01  3.72E-23   3
        5    4  6.503E+02  7.89E+01  7.15E-03  9.84E+01  1.97E-23   2
       16   15  1.736E+02  9.15E-02  9.23E-01  3.39E+01  1.39E-23   1
        4    3  8.670E+02  5.40E+01  1.05E-02  9.86E+01  8.58E-24   1

  No inversions
------------------------------------------------------------------------------


  Molecular column = 1.00E+19 cm-2/kms      Total emission = 9.16E-22 erg/s/mol

  Populations:
      level    x(i)         n(i)       n(i)/n*     T_ex(i,1)     emission     %
                          cm^{-3}                      K         erg/s/mol
        1    2.820E-02    2.820E-02    1.029E+00    0.000E+00    0.000E+00    0
        2    2.819E-02    8.003E-02    1.029E+00    9.925E+01    1.904E-25    0
        3    2.817E-02    1.193E-01    1.028E+00    9.926E+01    1.481E-24    0
        4    2.813E-02    1.413E-01    1.027E+00    9.923E+01    4.853E-24    1
        5    2.807E-02    1.453E-01    1.025E+00    9.917E+01    1.116E-23    1
        6    2.799E-02    1.343E-01    1.021E+00    9.907E+01    2.112E-23    2
        7    2.784E-02    1.133E-01    1.016E+00    9.890E+01    3.527E-23    4
        8    2.761E-02    8.802E-02    1.008E+00    9.864E+01    5.393E-23    6
        9    2.720E-02    6.315E-02    9.928E-01    9.822E+01    7.698E-23    8
       10    2.646E-02    4.173E-02    9.656E-01    9.750E+01    1.034E-22   11
       11    2.496E-02    2.503E-02    9.109E-01    9.614E+01    1.292E-22   14
       12    2.196E-02    1.313E-02    8.013E-01    9.358E+01    1.464E-22   16
       13    1.642E-02    5.498E-03    5.992E-01    8.885E+01    1.413E-22   15
       14    8.629E-03    1.521E-03    3.149E-01    8.095E+01    1.069E-22   12
       15    2.225E-03    1.944E-04    8.120E-02    6.956E+01    5.633E-23    6
       16    2.351E-04    9.589E-06    8.582E-03    5.808E+01    1.992E-23    2
       17    6.713E-05    1.204E-06    2.450E-03    5.545E+01    5.769E-24    1
       18    3.256E-05    2.423E-07    1.188E-03    5.556E+01    1.511E-24    0
       19    1.612E-05    4.696E-08    5.885E-04    5.586E+01    3.667E-25    0
       20    7.026E-06    7.558E-09    2.564E-04    5.585E+01    7.276E-26    0

  The top emitting lines are:

        i    j  wavelength    tau    beta       Tex      emission   %
                  micron                         K       erg/s/mol
       12   11  2.366E+02  5.69E+01  9.92E-03  8.26E+01  1.46E-22  16
       13   12  2.169E+02  3.49E+01  1.62E-02  6.95E+01  1.41E-22  15
       11   10  2.602E+02  8.39E+01  6.72E-03  9.05E+01  1.29E-22  14
       14   13  2.003E+02  1.75E+01  3.22E-02  5.28E+01  1.07E-22  12
       10    9  2.891E+02  1.15E+02  4.92E-03  9.47E+01  1.03E-22  11
        9    8  3.252E+02  1.45E+02  3.89E-03  9.68E+01  7.70E-23   8
       15   14  1.860E+02  5.70E+00  9.91E-02  3.63E+01  5.63E-23   6
        8    7  3.717E+02  1.68E+02  3.35E-03  9.79E+01  5.39E-23   6
        7    6  4.336E+02  1.77E+02  3.18E-03  9.85E+01  3.53E-23   4
        6    5  5.202E+02  1.67E+02  3.37E-03  9.89E+01  2.11E-23   2
       16   15  1.736E+02  7.81E-01  5.41E-01  2.69E+01  1.99E-23   2
        5    4  6.503E+02  1.37E+02  4.10E-03  9.91E+01  1.12E-23   1
       17   16  1.628E+02  3.53E-02  9.69E-01  4.13E+01  5.77E-24   1
        4    3  8.670E+02  9.40E+01  6.00E-03  9.92E+01  4.85E-24   1

  No inversions
------------------------------------------------------------------------------


      Normal completion. Molecular column is  1.00E+19 cm-2/kms

             *** SUMMARY ***

        mol column     emission
         cm-2/kms      erg/s/mol
        1.000E+16      9.075E-21
        1.778E+16      8.734E-21
        3.162E+16      8.241E-21
        5.623E+16      7.581E-21
        1.000E+17      6.772E-21
        1.778E+17      5.866E-21
        3.162E+17      4.930E-21
        5.623E+17      4.010E-21
        1.000E+18      3.161E-21
        1.778E+18      2.417E-21
        3.162E+18      1.795E-21
        5.623E+18      1.298E-21
        1.000E+19      9.161E-22

                    Parameters for selected transitions

      2600.78 mic ( 115.270 GHz) transition between levels  2 and  1
     Upper Level: J =   1                                                                         
     Lower Level: J =   0                                                                         

    Nmol      Tex       tau       Flux   delta(Tb) del(TRJ)     eta       p1        p2       Gamma1    Gamma2    Gamma
  cm-2/kms     K                   Jy       K         K                 cm-3s-1   cm-3s-1      s-1       s-1       s-1 
 1.000E+16-4.663E+01-5.815E-02 0.000E+00 5.304E+00 3.011E+00 5.926E-02 1.476E-07 5.024E-07 2.729E-06 2.750E-06 2.745E-06
 1.778E+16-5.298E+01-8.605E-02 0.000E+00 7.519E+00 5.089E+00 5.216E-02 1.406E-07 4.716E-07 2.729E-06 2.748E-06 2.743E-06
 3.162E+16-6.507E+01-1.158E-01 0.000E+00 1.097E+01 8.436E+00 4.248E-02 1.320E-07 4.338E-07 2.729E-06 2.746E-06 2.742E-06
 5.623E+16-8.954E+01-1.371E-01 0.000E+00 1.630E+01 1.369E+01 3.088E-02 1.223E-07 3.925E-07 2.729E-06 2.744E-06 2.740E-06
 1.000E+17-1.496E+02-1.326E-01 0.000E+00 2.439E+01 2.173E+01 1.849E-02 1.126E-07 3.521E-07 2.729E-06 2.741E-06 2.738E-06
 1.778E+17-4.214E+02-7.620E-02 0.000E+00 3.635E+01 3.365E+01 6.564E-03 1.037E-07 3.163E-07 2.729E-06 2.739E-06 2.736E-06
 3.162E+17 1.099E+02 4.832E-01 3.164E+11 4.346E+01 4.075E+01 0.000E+00 0.000E+00 0.000E+00 0.000E+00 0.000E+00 0.000E+00
 5.623E+17 9.866E+01 8.867E-01 3.898E+11 5.863E+01 5.591E+01 0.000E+00 0.000E+00 0.000E+00 0.000E+00 0.000E+00 0.000E+00
 1.000E+18 9.586E+01 1.525E+00 4.457E+11 7.494E+01 7.221E+01 0.000E+00 0.000E+00 0.000E+00 0.000E+00 0.000E+00 0.000E+00
 1.778E+18 9.652E+01 2.570E+00 4.760E+11 8.856E+01 8.583E+01 0.000E+00 0.000E+00 0.000E+00 0.000E+00 0.000E+00 0.000E+00
 3.162E+18 9.779E+01 4.359E+00 4.874E+11 9.575E+01 9.301E+01 0.000E+00 0.000E+00 0.000E+00 0.000E+00 0.000E+00 0.000E+00
 5.623E+18 9.870E+01 7.498E+00 4.923E+11 9.781E+01 9.507E+01 0.000E+00 0.000E+00 0.000E+00 0.000E+00 0.000E+00 0.000E+00
 1.000E+19 9.925E+01 1.305E+01 4.951E+11 9.841E+01 9.567E+01 0.000E+00 0.000E+00 0.000E+00 0.000E+00 0.000E+00 0.000E+00

      1300.39 mic ( 230.540 GHz) transition between levels  3 and  2
     Upper Level: J =   2                                                                         
     Lower Level: J =   1                                                                         

    Nmol      Tex       tau       Flux   delta(Tb) del(TRJ)     eta       p1        p2       Gamma1    Gamma2    Gamma
  cm-2/kms     K                   Jy       K         K                 cm-3s-1   cm-3s-1      s-1       s-1       s-1 
 1.000E+16 6.741E+01 1.572E-01 3.096E+11 1.380E+01 8.997E+00 0.000E+00 0.000E+00 0.000E+00 0.000E+00 0.000E+00 0.000E+00
 1.778E+16 6.595E+01 2.679E-01 4.699E+11 1.919E+01 1.419E+01 0.000E+00 0.000E+00 0.000E+00 0.000E+00 0.000E+00 0.000E+00
 3.162E+16 6.588E+01 4.390E-01 6.713E+11 2.658E+01 2.143E+01 0.000E+00 0.000E+00 0.000E+00 0.000E+00 0.000E+00 0.000E+00
 5.623E+16 6.739E+01 6.924E-01 8.995E+11 3.613E+01 3.088E+01 0.000E+00 0.000E+00 0.000E+00 0.000E+00 0.000E+00 0.000E+00
 1.000E+17 7.049E+01 1.061E+00 1.132E+12 4.775E+01 4.243E+01 0.000E+00 0.000E+00 0.000E+00 0.000E+00 0.000E+00 0.000E+00
 1.778E+17 7.494E+01 1.603E+00 1.344E+12 6.075E+01 5.538E+01 0.000E+00 0.000E+00 0.000E+00 0.000E+00 0.000E+00 0.000E+00
 3.162E+17 8.478E+01 2.289E+00 1.600E+12 7.655E+01 7.115E+01 0.000E+00 0.000E+00 0.000E+00 0.000E+00 0.000E+00 0.000E+00
 5.623E+17 8.996E+01 3.556E+00 1.732E+12 8.735E+01 8.194E+01 0.000E+00 0.000E+00 0.000E+00 0.000E+00 0.000E+00 0.000E+00
 1.000E+18 9.384E+01 5.707E+00 1.814E+12 9.335E+01 8.793E+01 0.000E+00 0.000E+00 0.000E+00 0.000E+00 0.000E+00 0.000E+00
 1.778E+18 9.632E+01 9.448E+00 1.865E+12 9.611E+01 9.069E+01 0.000E+00 0.000E+00 0.000E+00 0.000E+00 0.000E+00 0.000E+00
 3.162E+18 9.781E+01 1.601E+01 1.896E+12 9.762E+01 9.219E+01 0.000E+00 0.000E+00 0.000E+00 0.000E+00 0.000E+00 0.000E+00
 5.623E+18 9.872E+01 2.756E+01 1.914E+12 9.853E+01 9.310E+01 0.000E+00 0.000E+00 0.000E+00 0.000E+00 0.000E+00 0.000E+00
 1.000E+19 9.926E+01 4.799E+01 1.925E+12 9.907E+01 9.364E+01 0.000E+00 0.000E+00 0.000E+00 0.000E+00 0.000E+00 0.000E+00

       866.96 mic ( 345.796 GHz) transition between levels  4 and  3
     Upper Level: J =   3                                                                         
     Lower Level: J =   2                                                                         

    Nmol      Tex       tau       Flux   delta(Tb) del(TRJ)     eta       p1        p2       Gamma1    Gamma2    Gamma
  cm-2/kms     K                   Jy       K         K                 cm-3s-1   cm-3s-1      s-1       s-1       s-1 
 1.000E+16 4.194E+01 4.319E-01 8.442E+11 1.909E+01 1.198E+01 0.000E+00 0.000E+00 0.000E+00 0.000E+00 0.000E+00 0.000E+00
 1.778E+16 4.725E+01 6.513E-01 1.247E+12 2.629E+01 1.886E+01 0.000E+00 0.000E+00 0.000E+00 0.000E+00 0.000E+00 0.000E+00
 3.162E+16 5.378E+01 9.555E-01 1.730E+12 3.589E+01 2.823E+01 0.000E+00 0.000E+00 0.000E+00 0.000E+00 0.000E+00 0.000E+00
 5.623E+16 6.127E+01 1.380E+00 2.250E+12 4.772E+01 3.990E+01 0.000E+00 0.000E+00 0.000E+00 0.000E+00 0.000E+00 0.000E+00
 1.000E+17 6.933E+01 1.992E+00 2.750E+12 6.088E+01 5.296E+01 0.000E+00 0.000E+00 0.000E+00 0.000E+00 0.000E+00 0.000E+00
 1.778E+17 7.737E+01 2.916E+00 3.184E+12 7.356E+01 6.557E+01 0.000E+00 0.000E+00 0.000E+00 0.000E+00 0.000E+00 0.000E+00
 3.162E+17 8.443E+01 4.393E+00 3.526E+12 8.344E+01 7.542E+01 0.000E+00 0.000E+00 0.000E+00 0.000E+00 0.000E+00 0.000E+00
 5.623E+17 8.980E+01 6.873E+00 3.774E+12 8.968E+01 8.163E+01 0.000E+00 0.000E+00 0.000E+00 0.000E+00 0.000E+00 0.000E+00
 1.000E+18 9.356E+01 1.111E+01 3.948E+12 9.352E+01 8.547E+01 0.000E+00 0.000E+00 0.000E+00 0.000E+00 0.000E+00 0.000E+00
 1.778E+18 9.606E+01 1.846E+01 4.063E+12 9.603E+01 8.797E+01 0.000E+00 0.000E+00 0.000E+00 0.000E+00 0.000E+00 0.000E+00
 3.162E+18 9.765E+01 3.132E+01 4.136E+12 9.762E+01 8.955E+01 0.000E+00 0.000E+00 0.000E+00 0.000E+00 0.000E+00 0.000E+00
 5.623E+18 9.863E+01 5.395E+01 4.181E+12 9.859E+01 9.053E+01 0.000E+00 0.000E+00 0.000E+00 0.000E+00 0.000E+00 0.000E+00
 1.000E+19 9.921E+01 9.398E+01 4.208E+12 9.917E+01 9.111E+01 0.000E+00 0.000E+00 0.000E+00 0.000E+00 0.000E+00 0.000E+00

       650.25 mic ( 461.039 GHz) transition between levels  5 and  4
     Upper Level: J =   4                                                                         
     Lower Level: J =   3                                                                         

    Nmol      Tex       tau       Flux   delta(Tb) del(TRJ)     eta       p1        p2       Gamma1    Gamma2    Gamma
  cm-2/kms     K                   Jy       K         K                 cm-3s-1   cm-3s-1      s-1       s-1       s-1 
 1.000E+16 3.284E+01 5.805E-01 1.213E+12 1.910E+01 1.013E+01 0.000E+00 0.000E+00 0.000E+00 0.000E+00 0.000E+00 0.000E+00
 1.778E+16 3.832E+01 9.036E-01 1.855E+12 2.637E+01 1.684E+01 0.000E+00 0.000E+00 0.000E+00 0.000E+00 0.000E+00 0.000E+00
 3.162E+16 4.575E+01 1.349E+00 2.652E+12 3.629E+01 2.634E+01 0.000E+00 0.000E+00 0.000E+00 0.000E+00 0.000E+00 0.000E+00
 5.623E+16 5.471E+01 1.964E+00 3.531E+12 4.838E+01 3.816E+01 0.000E+00 0.000E+00 0.000E+00 0.000E+00 0.000E+00 0.000E+00
 1.000E+17 6.437E+01 2.851E+00 4.399E+12 6.122E+01 5.082E+01 0.000E+00 0.000E+00 0.000E+00 0.000E+00 0.000E+00 0.000E+00
 1.778E+17 7.371E+01 4.206E+00 5.183E+12 7.275E+01 6.225E+01 0.000E+00 0.000E+00 0.000E+00 0.000E+00 0.000E+00 0.000E+00
 3.162E+17 8.179E+01 6.380E+00 5.845E+12 8.166E+01 7.110E+01 0.000E+00 0.000E+00 0.000E+00 0.000E+00 0.000E+00 0.000E+00
 5.623E+17 8.804E+01 1.001E+01 6.355E+12 8.803E+01 7.743E+01 0.000E+00 0.000E+00 0.000E+00 0.000E+00 0.000E+00 0.000E+00
 1.000E+18 9.248E+01 1.622E+01 6.717E+12 9.247E+01 8.185E+01 0.000E+00 0.000E+00 0.000E+00 0.000E+00 0.000E+00 0.000E+00
 1.778E+18 9.542E+01 2.697E+01 6.958E+12 9.542E+01 8.478E+01 0.000E+00 0.000E+00 0.000E+00 0.000E+00 0.000E+00 0.000E+00
 3.162E+18 9.728E+01 4.578E+01 7.110E+12 9.727E+01 8.663E+01 0.000E+00 0.000E+00 0.000E+00 0.000E+00 0.000E+00 0.000E+00
 5.623E+18 9.841E+01 7.890E+01 7.202E+12 9.841E+01 8.776E+01 0.000E+00 0.000E+00 0.000E+00 0.000E+00 0.000E+00 0.000E+00
 1.000E+19 9.908E+01 1.375E+02 7.257E+12 9.908E+01 8.843E+01 0.000E+00 0.000E+00 0.000E+00 0.000E+00 0.000E+00 0.000E+00

       371.65 mic ( 806.652 GHz) transition between levels  8 and  7
     Upper Level: J =   7                                                                         
     Lower Level: J =   6                                                                         

    Nmol      Tex       tau       Flux   delta(Tb) del(TRJ)     eta       p1        p2       Gamma1    Gamma2    Gamma
  cm-2/kms     K                   Jy       K         K                 cm-3s-1   cm-3s-1      s-1       s-1       s-1 
 1.000E+16 2.734E+01 7.696E-02 3.975E+11 1.029E+01 9.191E-01 0.000E+00 0.000E+00 0.000E+00 0.000E+00 0.000E+00 0.000E+00
 1.778E+16 2.609E+01 1.785E-01 7.736E+11 1.255E+01 1.856E+00 0.000E+00 0.000E+00 0.000E+00 0.000E+00 0.000E+00 0.000E+00
 3.162E+16 2.557E+01 4.604E-01 1.531E+12 1.639E+01 4.030E+00 0.000E+00 0.000E+00 0.000E+00 0.000E+00 0.000E+00 0.000E+00
 5.623E+16 2.856E+01 1.149E+00 2.938E+12 2.344E+01 9.185E+00 0.000E+00 0.000E+00 0.000E+00 0.000E+00 0.000E+00 0.000E+00
 1.000E+17 3.664E+01 2.419E+00 5.111E+12 3.461E+01 1.879E+01 0.000E+00 0.000E+00 0.000E+00 0.000E+00 0.000E+00 0.000E+00
 1.778E+17 4.814E+01 4.381E+00 7.871E+12 4.772E+01 3.095E+01 0.000E+00 0.000E+00 0.000E+00 0.000E+00 0.000E+00 0.000E+00
 3.162E+17 6.058E+01 7.358E+00 1.087E+13 6.055E+01 4.324E+01 0.000E+00 0.000E+00 0.000E+00 0.000E+00 0.000E+00 0.000E+00
 5.623E+17 7.227E+01 1.205E+01 1.373E+13 7.227E+01 5.464E+01 0.000E+00 0.000E+00 0.000E+00 0.000E+00 0.000E+00 0.000E+00
 1.000E+18 8.194E+01 1.978E+01 1.610E+13 8.194E+01 6.410E+01 0.000E+00 0.000E+00 0.000E+00 0.000E+00 0.000E+00 0.000E+00
 1.778E+18 8.897E+01 3.299E+01 1.784E+13 8.897E+01 7.101E+01 0.000E+00 0.000E+00 0.000E+00 0.000E+00 0.000E+00 0.000E+00
 3.162E+18 9.353E+01 5.602E+01 1.897E+13 9.353E+01 7.551E+01 0.000E+00 0.000E+00 0.000E+00 0.000E+00 0.000E+00 0.000E+00
 5.623E+18 9.628E+01 9.661E+01 1.965E+13 9.628E+01 7.821E+01 0.000E+00 0.000E+00 0.000E+00 0.000E+00 0.000E+00 0.000E+00
 1.000E+19 9.787E+01 1.684E+02 2.004E+13 9.787E+01 7.979E+01 0.000E+00 0.000E+00 0.000E+00 0.000E+00 0.000E+00 0.000E+00
