          *** MOLPOP-CEP; version of April 16, 2014 ***

* CO with collision rates from Yang et al 2010
* Includes effects of ISRF radiation field
* These lines are echoed in the output because they start with a '*'
*
      Solution method is Slab (Capriotti) escape probability 
      Molecule --- CO
      Number of levels = 20

        Collision information:
    1.  Relative weight of collision partner =  3.00
        Collision rates from data file DataBase/Coll/Yang_CO_H2o.kij

    2.  Relative weight of collision partner =  1.00
        Collision rates from data file DataBase/Coll/Yang_CO_H2p.kij

      Tgas =  100.0 K
      n_tot =  1.00E+04 cm-3

      No considerations of dust absorption
      No considerations of Line Overlap
      No maser saturation effects

      External Radiation field includes:
        - 2.725K Cosmic Background
        - Dust with Td =  100.0 K and Tau(v) =  3.00E+00
          Dust properties from file DataBase/Standard_ISM.dat
        - Radiation corresponding to SED from file Samples/ISRF.dat
          Normalized to bolometric energy density 3.00E-06 W/m^2
 Using INCREASING strategy
------------------------------------------------------------------------------

      *** All optical depths are listed at line center ***


  Molecular column = 1.00E+16 cm-2/kms      Total emission = 9.03E-21 erg/s/mol

  The top emitting lines are:

        i    j  wavelength    tau    beta       Tex      emission   %
                  micron                         K       erg/s/mol
        6    5  5.202E+02  4.78E-01  6.55E-01  2.76E+01  2.20E-21  24
        5    4  6.503E+02  5.82E-01  6.16E-01  3.29E+01  1.85E-21  20
        7    6  4.336E+02  2.41E-01  7.73E-01  2.58E+01  1.78E-21  20
        8    7  3.717E+02  8.09E-02  8.94E-01  2.74E+01  1.08E-21  12
        4    3  8.670E+02  4.22E-01  6.79E-01  4.29E+01  9.50E-22  11
        9    8  3.252E+02  2.25E-02  9.60E-01  3.12E+01  5.45E-22   6
       10    9  2.891E+02  6.09E-03  9.86E-01  3.52E+01  2.44E-22   3
        3    2  1.300E+03  1.48E-01  8.36E-01  7.09E+01  2.27E-22   3
       11   10  2.602E+02  1.64E-03  9.96E-01  3.87E+01  9.96E-23   1

  Inverted lines:

        i    j  wavelength    tau     Tex        eta
                  micron               K

        2    1  2.601E+03 -5.39E-02 -4.98E+01  5.55E-02
------------------------------------------------------------------------------


  Molecular column = 1.78E+16 cm-2/kms      Total emission = 8.75E-21 erg/s/mol

  The top emitting lines are:

        i    j  wavelength    tau    beta       Tex      emission   %
                  micron                         K       erg/s/mol
        6    5  5.202E+02  8.53E-01  5.34E-01  3.05E+01  2.09E-21  24
        7    6  4.336E+02  4.91E-01  6.50E-01  2.67E+01  1.82E-21  21
        5    4  6.503E+02  9.32E-01  5.14E-01  3.72E+01  1.64E-21  19
        8    7  3.717E+02  1.77E-01  8.15E-01  2.68E+01  1.16E-21  13
        4    3  8.670E+02  6.53E-01  5.92E-01  4.75E+01  8.14E-22   9
        9    8  3.252E+02  4.77E-02  9.28E-01  3.02E+01  5.93E-22   7
       10    9  2.891E+02  1.23E-02  9.76E-01  3.47E+01  2.67E-22   3
        3    2  1.300E+03  2.51E-01  7.67E-01  7.05E+01  1.97E-22   2
       11   10  2.602E+02  3.23E-03  9.92E-01  3.86E+01  1.09E-22   1

  Inverted lines:

        i    j  wavelength    tau     Tex        eta
                  micron               K

        2    1  2.601E+03 -8.08E-02 -5.64E+01  4.90E-02
------------------------------------------------------------------------------


  Molecular column = 3.16E+16 cm-2/kms      Total emission = 8.37E-21 erg/s/mol

  The top emitting lines are:

        i    j  wavelength    tau    beta       Tex      emission   %
                  micron                         K       erg/s/mol
        6    5  5.202E+02  1.46E+00  4.12E-01  3.49E+01  1.91E-21  23
        7    6  4.336E+02  9.89E-01  5.01E-01  2.90E+01  1.83E-21  22
        5    4  6.503E+02  1.45E+00  4.14E-01  4.28E+01  1.39E-21  17
        8    7  3.717E+02  4.12E-01  6.84E-01  2.66E+01  1.25E-21  15
        4    3  8.670E+02  9.92E-01  5.00E-01  5.30E+01  6.68E-22   8
        9    8  3.252E+02  1.12E-01  8.66E-01  2.88E+01  6.65E-22   8
       10    9  2.891E+02  2.66E-02  9.55E-01  3.37E+01  3.01E-22   4
        3    2  1.300E+03  4.16E-01  6.82E-01  7.09E+01  1.64E-22   2
       11   10  2.602E+02  6.66E-03  9.85E-01  3.82E+01  1.23E-22   1
       12   11  2.366E+02  1.72E-03  9.95E-01  4.18E+01  4.66E-23   1

  Inverted lines:

        i    j  wavelength    tau     Tex        eta
                  micron               K

        2    1  2.601E+03 -1.13E-01 -6.76E+01  4.09E-02
------------------------------------------------------------------------------


  Molecular column = 5.62E+16 cm-2/kms      Total emission = 7.89E-21 erg/s/mol

  The top emitting lines are:

        i    j  wavelength    tau    beta       Tex      emission   %
                  micron                         K       erg/s/mol
        7    6  4.336E+02  1.89E+00  3.56E-01  3.34E+01  1.76E-21  22
        6    5  5.202E+02  2.40E+00  3.08E-01  4.12E+01  1.66E-21  21
        8    7  3.717E+02  9.68E-01  5.05E-01  2.79E+01  1.35E-21  17
        5    4  6.503E+02  2.20E+00  3.25E-01  4.98E+01  1.12E-21  14
        9    8  3.252E+02  2.95E-01  7.42E-01  2.74E+01  7.64E-22  10
        4    3  8.670E+02  1.49E+00  4.09E-01  5.93E+01  5.24E-22   7
       10    9  2.891E+02  6.49E-02  9.10E-01  3.19E+01  3.53E-22   4
       11   10  2.602E+02  1.47E-02  9.72E-01  3.74E+01  1.45E-22   2
        3    2  1.300E+03  6.73E-01  5.85E-01  7.22E+01  1.31E-22   2
       12   11  2.366E+02  3.66E-03  9.91E-01  4.16E+01  5.50E-23   1

  Inverted lines:

        i    j  wavelength    tau     Tex        eta
                  micron               K

        2    1  2.601E+03 -1.44E-01 -8.80E+01  3.14E-02
------------------------------------------------------------------------------


  Molecular column = 1.00E+17 cm-2/kms      Total emission = 7.30E-21 erg/s/mol

  The top emitting lines are:

        i    j  wavelength    tau    beta       Tex      emission   %
                  micron                         K       erg/s/mol
        7    6  4.336E+02  3.38E+00  2.45E-01  3.99E+01  1.60E-21  22
        8    7  3.717E+02  2.13E+00  3.31E-01  3.20E+01  1.39E-21  19
        6    5  5.202E+02  3.79E+00  2.25E-01  4.91E+01  1.36E-21  19
        9    8  3.252E+02  8.24E-01  5.41E-01  2.75E+01  8.80E-22  12
        5    4  6.503E+02  3.31E+00  2.49E-01  5.74E+01  8.67E-22  12
       10    9  2.891E+02  1.89E-01  8.07E-01  2.92E+01  4.28E-22   6
        4    3  8.670E+02  2.22E+00  3.23E-01  6.62E+01  3.94E-22   5
       11   10  2.602E+02  3.66E-02  9.42E-01  3.55E+01  1.77E-22   2
        3    2  1.300E+03  1.07E+00  4.83E-01  7.45E+01  9.97E-23   1
       12   11  2.366E+02  8.27E-03  9.82E-01  4.11E+01  6.76E-23   1

  Inverted lines:

        i    j  wavelength    tau     Tex        eta
                  micron               K

        2    1  2.601E+03 -1.62E-01 -1.30E+02  2.13E-02
------------------------------------------------------------------------------


  Molecular column = 1.78E+17 cm-2/kms      Total emission = 6.59E-21 erg/s/mol

  The top emitting lines are:

        i    j  wavelength    tau    beta       Tex      emission   %
                  micron                         K       erg/s/mol
        7    6  4.336E+02  5.66E+00  1.64E-01  4.89E+01  1.35E-21  20
        8    7  3.717E+02  4.28E+00  2.05E-01  3.89E+01  1.34E-21  20
        6    5  5.202E+02  5.84E+00  1.60E-01  5.82E+01  1.04E-21  16
        9    8  3.252E+02  2.18E+00  3.27E-01  3.07E+01  9.83E-22  15
        5    4  6.503E+02  4.93E+00  1.83E-01  6.60E+01  6.31E-22  10
       10    9  2.891E+02  6.34E-01  5.98E-01  2.75E+01  5.30E-22   8
        4    3  8.670E+02  3.34E+00  2.47E-01  7.25E+01  2.83E-22   4
       11   10  2.602E+02  1.13E-01  8.64E-01  3.19E+01  2.28E-22   3
       12   11  2.366E+02  2.09E-02  9.63E-01  3.94E+01  8.70E-23   1
        3    2  1.300E+03  1.67E+00  3.83E-01  7.76E+01  7.26E-23   1

  Inverted lines:

        i    j  wavelength    tau     Tex        eta
                  micron               K

        2    1  2.601E+03 -1.40E-01 -2.46E+02  1.13E-02
------------------------------------------------------------------------------


  Molecular column = 3.16E+17 cm-2/kms      Total emission = 5.81E-21 erg/s/mol

  The top emitting lines are:

        i    j  wavelength    tau    beta       Tex      emission   %
                  micron                         K       erg/s/mol
        8    7  3.717E+02  7.74E+00  1.27E-01  4.84E+01  1.18E-21  20
        7    6  4.336E+02  9.16E+00  1.11E-01  5.88E+01  1.06E-21  18
        9    8  3.252E+02  4.97E+00  1.82E-01  3.77E+01  1.01E-21  17
        6    5  5.202E+02  8.99E+00  1.12E-01  6.74E+01  7.61E-22  13
       10    9  2.891E+02  2.03E+00  3.42E-01  2.97E+01  6.38E-22  11
        5    4  6.503E+02  7.46E+00  1.31E-01  7.41E+01  4.40E-22   8
       11   10  2.602E+02  4.43E-01  6.70E-01  2.83E+01  2.99E-22   5
        4    3  8.670E+02  5.04E+00  1.80E-01  7.94E+01  1.93E-22   3
       12   11  2.366E+02  6.56E-02  9.09E-01  3.54E+01  1.16E-22   2
        3    2  1.300E+03  2.62E+00  2.90E-01  8.07E+01  5.07E-23   1
       13   12  2.169E+02  1.22E-02  9.76E-01  4.37E+01  4.22E-23   1

  Inverted lines:

        i    j  wavelength    tau     Tex        eta
                  micron               K

        2    1  2.601E+03 -4.17E-02 -1.35E+03  2.04E-03
------------------------------------------------------------------------------


  Molecular column = 5.62E+17 cm-2/kms      Total emission = 4.99E-21 erg/s/mol

  The top emitting lines are:

        i    j  wavelength    tau    beta       Tex      emission   %
                  micron                         K       erg/s/mol
        8    7  3.717E+02  1.32E+01  8.13E-02  5.89E+01  9.53E-22  19
        9    8  3.252E+02  9.81E+00  1.04E-01  4.75E+01  9.37E-22  19
        7    6  4.336E+02  1.46E+01  7.44E-02  6.86E+01  7.80E-22  16
       10    9  2.891E+02  5.33E+00  1.72E-01  3.63E+01  7.03E-22  14
        6    5  5.202E+02  1.40E+01  7.73E-02  7.60E+01  5.29E-22  11
       11   10  2.602E+02  1.71E+00  3.78E-01  2.89E+01  3.83E-22   8
        5    4  6.503E+02  1.15E+01  9.13E-02  8.12E+01  2.96E-22   6
       12   11  2.366E+02  2.81E-01  7.49E-01  2.99E+01  1.59E-22   3
        4    3  8.670E+02  7.80E+00  1.26E-01  8.52E+01  1.28E-22   3
       13   12  2.169E+02  3.73E-02  9.41E-01  3.99E+01  5.83E-23   1
        3    2  1.300E+03  3.91E+00  2.20E-01  8.88E+01  3.56E-23   1

  No inversions
------------------------------------------------------------------------------


  Molecular column = 1.00E+18 cm-2/kms      Total emission = 4.18E-21 erg/s/mol

  The top emitting lines are:

        i    j  wavelength    tau    beta       Tex      emission   %
                  micron                         K       erg/s/mol
        9    8  3.252E+02  1.77E+01  6.32E-02  5.86E+01  7.85E-22  19
        8    7  3.717E+02  2.19E+01  5.26E-02  6.94E+01  7.15E-22  17
       10    9  2.891E+02  1.16E+01  9.07E-02  4.62E+01  6.89E-22  16
        7    6  4.336E+02  2.35E+01  4.94E-02  7.75E+01  5.44E-22  13
       11   10  2.602E+02  5.28E+00  1.73E-01  3.47E+01  4.52E-22  11
        6    5  5.202E+02  2.22E+01  5.19E-02  8.32E+01  3.53E-22   8
       12   11  2.366E+02  1.30E+00  4.38E-01  2.84E+01  2.16E-22   5
        5    4  6.503E+02  1.82E+01  6.16E-02  8.70E+01  1.92E-22   5
       13   12  2.169E+02  1.64E-01  8.24E-01  3.28E+01  8.24E-23   2
        4    3  8.670E+02  1.24E+01  8.58E-02  8.98E+01  8.20E-23   2
       14   13  2.003E+02  2.15E-02  9.62E-01  4.48E+01  2.87E-23   1
        3    2  1.300E+03  6.25E+00  1.52E-01  9.22E+01  2.30E-23   1

  No inversions
------------------------------------------------------------------------------


  Molecular column = 1.78E+18 cm-2/kms      Total emission = 3.39E-21 erg/s/mol

  The top emitting lines are:

        i    j  wavelength    tau    beta       Tex      emission   %
                  micron                         K       erg/s/mol
        9    8  3.252E+02  3.05E+01  3.93E-02  6.96E+01  6.00E-22  18
       10    9  2.891E+02  2.22E+01  5.18E-02  5.77E+01  6.00E-22  18
        8    7  3.717E+02  3.61E+01  3.38E-02  7.87E+01  5.02E-22  15
       11   10  2.602E+02  1.28E+01  8.35E-02  4.44E+01  4.69E-22  14
        7    6  4.336E+02  3.83E+01  3.21E-02  8.48E+01  3.62E-22  11
       12   11  2.366E+02  4.77E+00  1.88E-01  3.32E+01  2.71E-22   8
        6    5  5.202E+02  3.61E+01  3.39E-02  8.88E+01  2.27E-22   7
        5    4  6.503E+02  2.96E+01  4.03E-02  9.14E+01  1.21E-22   4
       13   12  2.169E+02  8.87E-01  5.25E-01  2.87E+01  1.16E-22   3
        4    3  8.670E+02  2.02E+01  5.64E-02  9.32E+01  5.14E-23   2
       14   13  2.003E+02  9.06E-02  8.84E-01  3.69E+01  4.13E-23   1

  No inversions
------------------------------------------------------------------------------


  Molecular column = 3.16E+18 cm-2/kms      Total emission = 2.68E-21 erg/s/mol

  The top emitting lines are:

        i    j  wavelength    tau    beta       Tex      emission   %
                  micron                         K       erg/s/mol
       10    9  2.891E+02  3.97E+01  3.11E-02  6.92E+01  4.70E-22  18
       11   10  2.602E+02  2.62E+01  4.49E-02  5.61E+01  4.27E-22  16
        9    8  3.252E+02  5.16E+01  2.46E-02  7.93E+01  4.25E-22  16
        8    7  3.717E+02  6.02E+01  2.14E-02  8.60E+01  3.33E-22  12
       12   11  2.366E+02  1.30E+01  8.24E-02  4.24E+01  2.99E-22  11
        7    6  4.336E+02  6.35E+01  2.04E-02  9.02E+01  2.31E-22   9
       13   12  2.169E+02  3.87E+00  2.21E-01  3.18E+01  1.53E-22   6
        6    5  5.202E+02  5.98E+01  2.16E-02  9.28E+01  1.42E-22   5
        5    4  6.503E+02  4.91E+01  2.57E-02  9.44E+01  7.49E-23   3
       14   13  2.003E+02  5.36E-01  6.33E-01  3.00E+01  5.91E-23   2
        4    3  8.670E+02  3.35E+01  3.61E-02  9.56E+01  3.16E-23   1
       15   14  1.860E+02  4.87E-02  9.27E-01  4.13E+01  1.91E-23   1

  No inversions
------------------------------------------------------------------------------


  Molecular column = 5.62E+18 cm-2/kms      Total emission = 2.06E-21 erg/s/mol

  The top emitting lines are:

        i    j  wavelength    tau    beta       Tex      emission   %
                  micron                         K       erg/s/mol
       11   10  2.602E+02  4.86E+01  2.60E-02  6.79E+01  3.45E-22  17
       10    9  2.891E+02  6.89E+01  1.90E-02  7.93E+01  3.37E-22  16
       12   11  2.366E+02  2.87E+01  4.15E-02  5.39E+01  2.86E-22  14
        9    8  3.252E+02  8.78E+01  1.53E-02  8.67E+01  2.83E-22  14
        8    7  3.717E+02  1.02E+02  1.33E-02  9.12E+01  2.12E-22  10
       13   12  2.169E+02  1.20E+01  8.80E-02  4.02E+01  1.79E-22   9
        7    6  4.336E+02  1.07E+02  1.27E-02  9.39E+01  1.43E-22   7
        6    5  5.202E+02  1.01E+02  1.34E-02  9.55E+01  8.68E-23   4
       14   13  2.003E+02  2.79E+00  2.79E-01  3.07E+01  8.10E-23   4
        5    4  6.503E+02  8.31E+01  1.60E-02  9.65E+01  4.55E-23   2
       15   14  1.860E+02  2.90E-01  7.44E-01  3.20E+01  2.77E-23   1
        4    3  8.670E+02  5.67E+01  2.26E-02  9.72E+01  1.92E-23   1

  No inversions
------------------------------------------------------------------------------


  Molecular column = 1.00E+19 cm-2/kms      Total emission = 1.54E-21 erg/s/mol

  The top emitting lines are:

        i    j  wavelength    tau    beta       Tex      emission   %
                  micron                         K       erg/s/mol
       11   10  2.602E+02  8.62E+01  1.55E-02  7.84E+01  2.52E-22  16
       12   11  2.366E+02  5.55E+01  2.31E-02  6.61E+01  2.39E-22  15
       10    9  2.891E+02  1.19E+02  1.16E-02  8.69E+01  2.26E-22  15
       13   12  2.169E+02  2.89E+01  4.12E-02  5.13E+01  1.80E-22  12
        9    8  3.252E+02  1.51E+02  9.33E-03  9.19E+01  1.80E-22  12
        8    7  3.717E+02  1.75E+02  8.14E-03  9.47E+01  1.31E-22   8
       14   13  2.003E+02  1.00E+01  1.03E-01  3.79E+01  9.98E-23   6
        7    6  4.336E+02  1.84E+02  7.76E-03  9.63E+01  8.70E-23   6
        6    5  5.202E+02  1.74E+02  8.20E-03  9.72E+01  5.22E-23   3
       15   14  1.860E+02  1.75E+00  3.72E-01  2.98E+01  3.89E-23   3
        5    4  6.503E+02  1.43E+02  9.81E-03  9.78E+01  2.73E-23   2
       16   15  1.736E+02  1.36E-01  8.45E-01  3.54E+01  1.19E-23   1
        4    3  8.670E+02  9.74E+01  1.39E-02  9.83E+01  1.15E-23   1

  No inversions
------------------------------------------------------------------------------


      Normal completion. Molecular column is  1.00E+19 cm-2/kms

             *** SUMMARY ***

        mol column     emission
         cm-2/kms      erg/s/mol
        1.000E+16      9.028E-21
        1.778E+16      8.749E-21
        3.162E+16      8.372E-21
        5.623E+16      7.888E-21
        1.000E+17      7.299E-21
        1.778E+17      6.591E-21
        3.162E+17      5.809E-21
        5.623E+17      4.995E-21
        1.000E+18      4.176E-21
        1.778E+18      3.395E-21
        3.162E+18      2.683E-21
        5.623E+18      2.062E-21
        1.000E+19      1.544E-21

 *** Parameters for selected transitions; Io is line-center intensity at mu =  0.50 to slab face

      2600.78 mic ( 115.270 GHz) transition between levels  2 and  1
     Upper Level: J =   1                                                                         
     Lower Level: J =   0                                                                         

    Nmol      Tex       tau       Flux      Io     delta(Tb) del(TRJ)     eta       p1        p2       Gamma1    Gamma2    Gamma
  cm-2/kms     K                   Jy   W/m2/Hz/st    K         K                 cm-3s-1   cm-3s-1      s-1       s-1       s-1 
 1.000E+16-4.977E+01-5.393E-02 0.000E+00 2.445E-17 5.249E+00 2.960E+00 5.552E-02 1.467E-07 4.954E-07 2.729E-06 2.749E-06 2.744E-06 5.112E-07
 1.778E+16-5.638E+01-8.082E-02 0.000E+00 4.239E-17 7.481E+00 5.053E+00 4.902E-02 1.410E-07 4.697E-07 2.729E-06 2.748E-06 2.743E-06 0.000E+00
 3.162E+16-6.765E+01-1.130E-01 0.000E+00 7.297E-17 1.107E+01 8.532E+00 4.087E-02 1.342E-07 4.395E-07 2.729E-06 2.746E-06 2.742E-06 5.044E-07
 5.623E+16-8.799E+01-1.444E-01 0.000E+00 1.241E-16 1.685E+01 1.423E+01 3.143E-02 1.265E-07 4.065E-07 2.729E-06 2.744E-06 2.740E-06 5.191E-07
 1.000E+17-1.296E+02-1.617E-01 0.000E+00 2.064E-16 2.606E+01 2.339E+01 2.133E-02 1.186E-07 3.731E-07 2.729E-06 2.742E-06 2.739E-06 5.352E-07
 1.778E+17-2.457E+02-1.400E-01 0.000E+00 3.279E-16 4.018E+01 3.748E+01 1.126E-02 1.106E-07 3.407E-07 2.729E-06 2.740E-06 2.737E-06 5.486E-07
 3.162E+17-1.354E+03-4.175E-02 0.000E+00 4.824E-16 6.061E+01 5.788E+01 2.043E-03 1.031E-07 3.117E-07 2.729E-06 2.738E-06 2.736E-06 0.000E+00
 5.623E+17 1.173E+02 8.048E-01 4.584E+11 3.743E-16 6.562E+01 6.289E+01 0.000E+00 0.000E+00 0.000E+00 0.000E+00 0.000E+00 0.000E+00 0.000E+00
 1.000E+18 1.068E+02 1.469E+00 5.719E+11 4.024E-16 8.222E+01 7.949E+01 0.000E+00 0.000E+00 0.000E+00 0.000E+00 0.000E+00 0.000E+00 0.000E+00
 1.778E+18 1.022E+02 2.579E+00 6.843E+11 4.036E-16 9.386E+01 9.112E+01 0.000E+00 0.000E+00 0.000E+00 0.000E+00 0.000E+00 0.000E+00 0.000E+00
 3.162E+18 1.004E+02 4.457E+00 7.853E+11 3.988E-16 9.847E+01 9.573E+01 0.000E+00 0.000E+00 0.000E+00 0.000E+00 0.000E+00 0.000E+00 0.000E+00
 5.623E+18 9.997E+01 7.686E+00 8.695E+11 3.969E-16 9.909E+01 9.635E+01 0.000E+00 0.000E+00 0.000E+00 0.000E+00 0.000E+00 0.000E+00 0.000E+00
 1.000E+19 9.982E+01 1.334E+01 9.487E+11 3.963E-16 9.899E+01 9.625E+01 0.000E+00 0.000E+00 0.000E+00 0.000E+00 0.000E+00 0.000E+00 0.000E+00

      1300.39 mic ( 230.540 GHz) transition between levels  3 and  2
     Upper Level: J =   2                                                                         
     Lower Level: J =   1                                                                         

    Nmol      Tex       tau       Flux      Io     delta(Tb) del(TRJ)     eta       p1        p2       Gamma1    Gamma2    Gamma
  cm-2/kms     K                   Jy   W/m2/Hz/st    K         K                 cm-3s-1   cm-3s-1      s-1       s-1       s-1 
 1.000E+16 7.093E+01 1.480E-01 2.949E+11 2.741E-16 1.379E+01 8.988E+00 0.000E+00 0.000E+00 0.000E+00 0.000E+00 0.000E+00 0.000E+00 0.000E+00
 1.778E+16 7.048E+01 2.511E-01 4.558E+11 4.196E-16 1.942E+01 1.441E+01 0.000E+00 0.000E+00 0.000E+00 0.000E+00 0.000E+00 0.000E+00 0.000E+00
 3.162E+16 7.086E+01 4.160E-01 6.755E+11 6.038E-16 2.737E+01 2.221E+01 0.000E+00 0.000E+00 0.000E+00 0.000E+00 0.000E+00 0.000E+00 0.000E+00
 5.623E+16 7.217E+01 6.731E-01 9.571E+11 8.067E-16 3.788E+01 3.262E+01 0.000E+00 0.000E+00 0.000E+00 0.000E+00 0.000E+00 0.000E+00 0.000E+00
 1.000E+17 7.446E+01 1.068E+00 1.297E+12 9.946E-16 5.054E+01 4.521E+01 0.000E+00 0.000E+00 0.000E+00 0.000E+00 0.000E+00 0.000E+00 0.000E+00
 1.778E+17 7.760E+01 1.671E+00 1.680E+12 1.137E-15 6.383E+01 5.846E+01 0.000E+00 0.000E+00 0.000E+00 0.000E+00 0.000E+00 0.000E+00 0.000E+00
 3.162E+17 8.070E+01 2.622E+00 2.085E+12 1.223E-15 7.504E+01 6.964E+01 0.000E+00 0.000E+00 0.000E+00 0.000E+00 0.000E+00 0.000E+00 0.000E+00
 5.623E+17 8.875E+01 3.905E+00 2.602E+12 1.360E-15 8.688E+01 8.147E+01 0.000E+00 0.000E+00 0.000E+00 0.000E+00 0.000E+00 0.000E+00 0.000E+00
 1.000E+18 9.217E+01 6.247E+00 2.987E+12 1.416E-15 9.181E+01 8.638E+01 0.000E+00 0.000E+00 0.000E+00 0.000E+00 0.000E+00 0.000E+00 0.000E+00
 1.778E+18 9.474E+01 1.021E+01 3.351E+12 1.458E-15 9.454E+01 8.912E+01 0.000E+00 0.000E+00 0.000E+00 0.000E+00 0.000E+00 0.000E+00 0.000E+00
 3.162E+18 9.655E+01 1.703E+01 3.688E+12 1.488E-15 9.636E+01 9.093E+01 0.000E+00 0.000E+00 0.000E+00 0.000E+00 0.000E+00 0.000E+00 0.000E+00
 5.623E+18 9.778E+01 2.889E+01 3.999E+12 1.508E-15 9.758E+01 9.215E+01 0.000E+00 0.000E+00 0.000E+00 0.000E+00 0.000E+00 0.000E+00 0.000E+00
 1.000E+19 9.860E+01 4.965E+01 4.288E+12 1.521E-15 9.840E+01 9.298E+01 0.000E+00 0.000E+00 0.000E+00 0.000E+00 0.000E+00 0.000E+00 0.000E+00

       866.96 mic ( 345.796 GHz) transition between levels  4 and  3
     Upper Level: J =   3                                                                         
     Lower Level: J =   2                                                                         

    Nmol      Tex       tau       Flux      Io     delta(Tb) del(TRJ)     eta       p1        p2       Gamma1    Gamma2    Gamma
  cm-2/kms     K                   Jy   W/m2/Hz/st    K         K                 cm-3s-1   cm-3s-1      s-1       s-1       s-1 
 1.000E+16 4.288E+01 4.217E-01 8.233E+11 7.351E-16 1.919E+01 1.207E+01 0.000E+00 0.000E+00 0.000E+00 0.000E+00 0.000E+00 0.000E+00 0.000E+00
 1.778E+16 4.748E+01 6.533E-01 1.255E+12 1.063E-15 2.644E+01 1.901E+01 0.000E+00 0.000E+00 0.000E+00 0.000E+00 0.000E+00 0.000E+00 0.000E+00
 3.162E+16 5.299E+01 9.922E-01 1.831E+12 1.430E-15 3.603E+01 2.837E+01 0.000E+00 0.000E+00 0.000E+00 0.000E+00 0.000E+00 0.000E+00 0.000E+00
 5.623E+16 5.930E+01 1.487E+00 2.555E+12 1.791E-15 4.756E+01 3.974E+01 0.000E+00 0.000E+00 0.000E+00 0.000E+00 0.000E+00 0.000E+00 0.000E+00
 1.000E+17 6.617E+01 2.218E+00 3.414E+12 2.113E-15 5.976E+01 5.184E+01 0.000E+00 0.000E+00 0.000E+00 0.000E+00 0.000E+00 0.000E+00 0.000E+00
 1.778E+17 7.251E+01 3.343E+00 4.361E+12 2.368E-15 7.019E+01 6.221E+01 0.000E+00 0.000E+00 0.000E+00 0.000E+00 0.000E+00 0.000E+00 0.000E+00
 3.162E+17 7.941E+01 5.045E+00 5.303E+12 2.623E-15 7.891E+01 7.091E+01 0.000E+00 0.000E+00 0.000E+00 0.000E+00 0.000E+00 0.000E+00 0.000E+00
 5.623E+17 8.522E+01 7.802E+00 6.229E+12 2.836E-15 8.516E+01 7.713E+01 0.000E+00 0.000E+00 0.000E+00 0.000E+00 0.000E+00 0.000E+00 0.000E+00
 1.000E+18 8.978E+01 1.239E+01 7.110E+12 3.003E-15 8.974E+01 8.170E+01 0.000E+00 0.000E+00 0.000E+00 0.000E+00 0.000E+00 0.000E+00 0.000E+00
 1.778E+18 9.317E+01 2.016E+01 7.928E+12 3.127E-15 9.313E+01 8.508E+01 0.000E+00 0.000E+00 0.000E+00 0.000E+00 0.000E+00 0.000E+00 0.000E+00
 3.162E+18 9.557E+01 3.352E+01 8.676E+12 3.215E-15 9.553E+01 8.747E+01 0.000E+00 0.000E+00 0.000E+00 0.000E+00 0.000E+00 0.000E+00 0.000E+00
 5.623E+18 9.720E+01 5.673E+01 9.358E+12 3.275E-15 9.716E+01 8.910E+01 0.000E+00 0.000E+00 0.000E+00 0.000E+00 0.000E+00 0.000E+00 0.000E+00
 1.000E+19 9.826E+01 9.740E+01 9.980E+12 3.314E-15 9.823E+01 9.016E+01 0.000E+00 0.000E+00 0.000E+00 0.000E+00 0.000E+00 0.000E+00 0.000E+00

       650.25 mic ( 461.039 GHz) transition between levels  5 and  4
     Upper Level: J =   4                                                                         
     Lower Level: J =   3                                                                         

    Nmol      Tex       tau       Flux      Io     delta(Tb) del(TRJ)     eta       p1        p2       Gamma1    Gamma2    Gamma
  cm-2/kms     K                   Jy   W/m2/Hz/st    K         K                 cm-3s-1   cm-3s-1      s-1       s-1       s-1 
 1.000E+16 3.287E+01 5.818E-01 1.201E+12 1.035E-15 1.914E+01 1.016E+01 0.000E+00 0.000E+00 0.000E+00 0.000E+00 0.000E+00 0.000E+00 0.000E+00
 1.778E+16 3.716E+01 9.323E-01 1.895E+12 1.500E-15 2.599E+01 1.648E+01 0.000E+00 0.000E+00 0.000E+00 0.000E+00 0.000E+00 0.000E+00 0.000E+00
 3.162E+16 4.284E+01 1.448E+00 2.858E+12 2.019E-15 3.494E+01 2.503E+01 0.000E+00 0.000E+00 0.000E+00 0.000E+00 0.000E+00 0.000E+00 0.000E+00
 5.623E+16 4.977E+01 2.199E+00 4.107E+12 2.550E-15 4.530E+01 3.514E+01 0.000E+00 0.000E+00 0.000E+00 0.000E+00 0.000E+00 0.000E+00 0.000E+00
 1.000E+17 5.743E+01 3.310E+00 5.637E+12 3.070E-15 5.568E+01 4.535E+01 0.000E+00 0.000E+00 0.000E+00 0.000E+00 0.000E+00 0.000E+00 0.000E+00
 1.778E+17 6.599E+01 4.929E+00 7.297E+12 3.627E-15 6.558E+01 5.513E+01 0.000E+00 0.000E+00 0.000E+00 0.000E+00 0.000E+00 0.000E+00 0.000E+00
 3.162E+17 7.407E+01 7.460E+00 9.044E+12 4.151E-15 7.403E+01 6.352E+01 0.000E+00 0.000E+00 0.000E+00 0.000E+00 0.000E+00 0.000E+00 0.000E+00
 5.623E+17 8.123E+01 1.152E+01 1.081E+13 4.615E-15 8.122E+01 7.066E+01 0.000E+00 0.000E+00 0.000E+00 0.000E+00 0.000E+00 0.000E+00 0.000E+00
 1.000E+18 8.701E+01 1.824E+01 1.248E+13 4.990E-15 8.700E+01 7.641E+01 0.000E+00 0.000E+00 0.000E+00 0.000E+00 0.000E+00 0.000E+00 0.000E+00
 1.778E+18 9.136E+01 2.961E+01 1.402E+13 5.273E-15 9.135E+01 8.073E+01 0.000E+00 0.000E+00 0.000E+00 0.000E+00 0.000E+00 0.000E+00 0.000E+00
 3.162E+18 9.443E+01 4.914E+01 1.541E+13 5.473E-15 9.442E+01 8.379E+01 0.000E+00 0.000E+00 0.000E+00 0.000E+00 0.000E+00 0.000E+00 0.000E+00
 5.623E+18 9.650E+01 8.310E+01 1.664E+13 5.607E-15 9.649E+01 8.585E+01 0.000E+00 0.000E+00 0.000E+00 0.000E+00 0.000E+00 0.000E+00 0.000E+00
 1.000E+19 9.785E+01 1.426E+02 1.774E+13 5.695E-15 9.784E+01 8.719E+01 0.000E+00 0.000E+00 0.000E+00 0.000E+00 0.000E+00 0.000E+00 0.000E+00

       371.65 mic ( 806.652 GHz) transition between levels  8 and  7
     Upper Level: J =   7                                                                         
     Lower Level: J =   6                                                                         

    Nmol      Tex       tau       Flux      Io     delta(Tb) del(TRJ)     eta       p1        p2       Gamma1    Gamma2    Gamma
  cm-2/kms     K                   Jy   W/m2/Hz/st    K         K                 cm-3s-1   cm-3s-1      s-1       s-1       s-1 
 1.000E+16 2.740E+01 8.092E-02 4.012E+11 3.722E-16 1.043E+01 9.685E-01 0.000E+00 0.000E+00 0.000E+00 0.000E+00 0.000E+00 0.000E+00 0.000E+00
 1.778E+16 2.675E+01 1.770E-01 7.647E+11 7.097E-16 1.271E+01 1.932E+00 0.000E+00 0.000E+00 0.000E+00 0.000E+00 0.000E+00 0.000E+00 0.000E+00
 3.162E+16 2.657E+01 4.115E-01 1.474E+12 1.318E-15 1.629E+01 3.967E+00 0.000E+00 0.000E+00 0.000E+00 0.000E+00 0.000E+00 0.000E+00 0.000E+00
 5.623E+16 2.795E+01 9.678E-01 2.815E+12 2.211E-15 2.196E+01 8.013E+00 0.000E+00 0.000E+00 0.000E+00 0.000E+00 0.000E+00 0.000E+00 0.000E+00
 1.000E+17 3.197E+01 2.129E+00 5.163E+12 3.238E-15 2.975E+01 1.448E+01 0.000E+00 0.000E+00 0.000E+00 0.000E+00 0.000E+00 0.000E+00 0.000E+00
 1.778E+17 3.886E+01 4.279E+00 8.844E+12 4.531E-15 3.852E+01 2.235E+01 0.000E+00 0.000E+00 0.000E+00 0.000E+00 0.000E+00 0.000E+00 0.000E+00
 3.162E+17 4.838E+01 7.740E+00 1.385E+13 6.313E-15 4.837E+01 3.156E+01 0.000E+00 0.000E+00 0.000E+00 0.000E+00 0.000E+00 0.000E+00 0.000E+00
 5.623E+17 5.894E+01 1.319E+01 1.992E+13 8.334E-15 5.894E+01 4.169E+01 0.000E+00 0.000E+00 0.000E+00 0.000E+00 0.000E+00 0.000E+00 0.000E+00
 1.000E+18 6.942E+01 2.188E+01 2.656E+13 1.037E-14 6.942E+01 5.185E+01 0.000E+00 0.000E+00 0.000E+00 0.000E+00 0.000E+00 0.000E+00 0.000E+00
 1.778E+18 7.869E+01 3.614E+01 3.314E+13 1.218E-14 7.869E+01 6.091E+01 0.000E+00 0.000E+00 0.000E+00 0.000E+00 0.000E+00 0.000E+00 0.000E+00
 3.162E+18 8.602E+01 6.024E+01 3.915E+13 1.362E-14 8.602E+01 6.811E+01 0.000E+00 0.000E+00 0.000E+00 0.000E+00 0.000E+00 0.000E+00 0.000E+00
 5.623E+18 9.124E+01 1.019E+02 4.429E+13 1.464E-14 9.124E+01 7.325E+01 0.000E+00 0.000E+00 0.000E+00 0.000E+00 0.000E+00 0.000E+00 0.000E+00
 1.000E+19 9.467E+01 1.748E+02 4.856E+13 1.532E-14 9.467E+01 7.663E+01 0.000E+00 0.000E+00 0.000E+00 0.000E+00 0.000E+00 0.000E+00 0.000E+00
