          *** MOLPOP-CEP; version of April 16, 2014 ***

* CO with collision rates from Yang et al 2010
* Includes effects of sample radiation field from DUSTY
* These lines are echoed in the output because they start with a '*'
*
      Solution method is Slab (Capriotti) escape probability 
      Molecule --- CO
      Number of levels = 20

        Collision information:
    1.  Relative weight of collision partner =  3.00
        Collision rates from data file DataBase/Coll/Yang_CO_H2o.kij

    2.  Relative weight of collision partner =  1.00
        Collision rates from data file DataBase/Coll/Yang_CO_H2p.kij

      Tgas =  100.0 K
      n_tot =  1.00E+04 cm-3

      No considerations of dust absorption
      No considerations of Line Overlap
      No maser saturation effects

      External Radiation field includes:
        - 2.725K Cosmic Background
        - Dust with Td =  100.0 K and Tau(v) =  3.00E+00
          Dust properties from file DataBase/Standard_ISM.dat
        - Radiation corresponding to SED from file Samples/SampleDUSTY.stb
          Normalized to bolometric energy density 3.10E+03 W/m^2
          for luminosity 1.00E+04 Lo at distance 1.00E+15 cm
 Using INCREASING strategy
------------------------------------------------------------------------------

      *** All optical depths are listed at line center ***


  Molecular column = 1.00E+16 cm-2/kms      Total emission = 9.66E-21 erg/s/mol
 
  Populations:
     level  n_i/g_i/nmol   n(i)/n*     T_ex(i,1)    emission     %
                                           K        erg/s/mol
        1    5.313E-02    1.939E+00    0.000E+00    0.000E+00    0
        2    5.922E-02    2.284E+00   -5.103E+01    0.000E+00    0
        3    5.065E-02    2.182E+00    3.467E+02    2.239E-22    2
        4    3.461E-02    1.760E+00    7.741E+01    9.487E-22   10
        5    1.799E-02    1.141E+00    5.107E+01    1.884E-21   19
        6    6.849E-03    5.731E-01    4.050E+01    2.310E-21   24
        7    1.999E-03    2.331E-01    3.541E+01    1.958E-21   20
        8    5.090E-04    8.741E-02    3.332E+01    1.238E-21   13
        9    1.243E-04    3.321E-02    3.287E+01    6.329E-22    7
       10    3.007E-05    1.322E-02    3.329E+01    2.833E-22    3
       11    7.204E-06    5.505E-03    3.415E+01    1.156E-22    1
       12    1.708E-06    2.397E-03    3.528E+01    4.408E-23    0
       13    3.972E-07    1.082E-03    3.654E+01    1.577E-23    0
       14    9.150E-08    5.114E-04    3.791E+01    5.391E-24    0
       15    2.025E-08    2.453E-04    3.927E+01    1.718E-24    0
       16    4.049E-09    1.123E-04    4.047E+01    4.816E-25    0
       17    8.029E-10    5.390E-05    4.174E+01    1.309E-25    0
       18    1.457E-10    2.500E-05    4.289E+01    3.191E-26    0
       19    2.461E-11    1.141E-05    4.397E+01    7.114E-27    0
       20    3.618E-12    4.787E-06    4.485E+01    1.359E-27    0

  The top emitting lines are:

        i    j  wavelength    tau    beta       Tex      emission   %
                  micron                         K       erg/s/mol
        6    5  5.202E+02  4.73E-01  6.58E-01  2.86E+01  2.31E-21  24
        7    6  4.336E+02  2.46E-01  7.69E-01  2.69E+01  1.96E-21  20
        5    4  6.503E+02  5.66E-01  6.22E-01  3.38E+01  1.88E-21  19
        8    7  3.717E+02  8.81E-02  8.87E-01  2.83E+01  1.24E-21  13
        4    3  8.670E+02  4.10E-01  6.85E-01  4.36E+01  9.49E-22  10
        9    8  3.252E+02  2.59E-02  9.56E-01  3.14E+01  6.33E-22   7
       10    9  2.891E+02  7.12E-03  9.85E-01  3.51E+01  2.83E-22   3
        3    2  1.300E+03  1.46E-01  8.38E-01  7.08E+01  2.24E-22   2
       11   10  2.602E+02  1.91E-03  9.95E-01  3.87E+01  1.16E-22   1

  Inverted lines:

        i    j  wavelength    tau     Tex        eta
                  micron               K

        2    1  2.601E+03 -5.19E-02 -5.10E+01  5.42E-02
------------------------------------------------------------------------------


  Molecular column = 1.78E+16 cm-2/kms      Total emission = 9.35E-21 erg/s/mol
 
  Populations:
     level  n_i/g_i/nmol   n(i)/n*     T_ex(i,1)    emission     %
                                           K        erg/s/mol
        1    5.114E-02    1.866E+00    0.000E+00    0.000E+00    0
        2    5.627E-02    2.170E+00   -5.782E+01    0.000E+00    0
        3    4.810E-02    2.072E+00    2.713E+02    1.952E-22    2
        4    3.405E-02    1.732E+00    8.162E+01    8.134E-22    9
        5    1.901E-02    1.206E+00    5.590E+01    1.662E-21   18
        6    7.881E-03    6.594E-01    4.437E+01    2.171E-21   23
        7    2.399E-03    2.798E-01    3.797E+01    1.980E-21   21
        8    5.987E-04    1.028E-01    3.482E+01    1.324E-21   14
        9    1.408E-04    3.764E-02    3.378E+01    6.910E-22    7
       10    3.330E-05    1.464E-02    3.392E+01    3.098E-22    3
       11    7.911E-06    6.046E-03    3.467E+01    1.264E-22    1
       12    1.872E-06    2.627E-03    3.573E+01    4.826E-23    1
       13    4.357E-07    1.187E-03    3.695E+01    1.729E-23    0
       14    1.004E-07    5.611E-04    3.829E+01    5.915E-24    0
       15    2.224E-08    2.694E-04    3.963E+01    1.887E-24    0
       16    4.458E-09    1.237E-04    4.081E+01    5.303E-25    0
       17    8.849E-10    5.940E-05    4.206E+01    1.443E-25    0
       18    1.608E-10    2.760E-05    4.319E+01    3.522E-26    0
       19    2.721E-11    1.262E-05    4.425E+01    7.866E-27    0
       20    4.004E-12    5.298E-06    4.511E+01    1.503E-27    0

  The top emitting lines are:

        i    j  wavelength    tau    beta       Tex      emission   %
                  micron                         K       erg/s/mol
        6    5  5.202E+02  8.40E-01  5.37E-01  3.14E+01  2.17E-21  23
        7    6  4.336E+02  4.95E-01  6.48E-01  2.79E+01  1.98E-21  21
        5    4  6.503E+02  9.10E-01  5.19E-01  3.80E+01  1.66E-21  18
        8    7  3.717E+02  1.89E-01  8.06E-01  2.79E+01  1.32E-21  14
        4    3  8.670E+02  6.39E-01  5.96E-01  4.80E+01  8.13E-22   9
        9    8  3.252E+02  5.49E-02  9.20E-01  3.06E+01  6.91E-22   7
       10    9  2.891E+02  1.44E-02  9.72E-01  3.45E+01  3.10E-22   3
        3    2  1.300E+03  2.48E-01  7.69E-01  7.05E+01  1.95E-22   2
       11   10  2.602E+02  3.77E-03  9.91E-01  3.85E+01  1.26E-22   1
       12   11  2.366E+02  9.84E-04  9.97E-01  4.22E+01  4.83E-23   1

  Inverted lines:

        i    j  wavelength    tau     Tex        eta
                  micron               K

        2    1  2.601E+03 -7.79E-02 -5.78E+01  4.78E-02
------------------------------------------------------------------------------


  Molecular column = 3.16E+16 cm-2/kms      Total emission = 8.93E-21 erg/s/mol
 
  Populations:
     level  n_i/g_i/nmol   n(i)/n*     T_ex(i,1)    emission     %
                                           K        erg/s/mol
        1    4.873E-02    1.778E+00    0.000E+00    0.000E+00    0
        2    5.278E-02    2.036E+00   -6.939E+01    0.000E+00    0
        3    4.516E-02    1.946E+00    2.183E+02    1.631E-22    2
        4    3.310E-02    1.684E+00    8.584E+01    6.679E-22    7
        5    1.990E-02    1.263E+00    6.178E+01    1.404E-21   16
        6    9.189E-03    7.689E-01    4.973E+01    1.960E-21   22
        7    3.060E-03    3.568E-01    4.197E+01    1.953E-21   22
        8    7.667E-04    1.317E-01    3.730E+01    1.422E-21   16
        9    1.710E-04    4.570E-02    3.523E+01    7.772E-22    9
       10    3.870E-05    1.702E-02    3.487E+01    3.511E-22    4
       11    9.028E-06    6.899E-03    3.539E+01    1.431E-22    2
       12    2.126E-06    2.984E-03    3.635E+01    5.468E-23    1
       13    4.950E-07    1.349E-03    3.751E+01    1.963E-23    0
       14    1.141E-07    6.379E-04    3.881E+01    6.721E-24    0
       15    2.532E-08    3.067E-04    4.012E+01    2.148E-24    0
       16    5.092E-09    1.413E-04    4.127E+01    6.057E-25    0
       17    1.012E-09    6.794E-05    4.249E+01    1.650E-25    0
       18    1.843E-10    3.163E-05    4.360E+01    4.037E-26    0
       19    3.126E-11    1.450E-05    4.464E+01    9.039E-27    0
       20    4.608E-12    6.097E-06    4.548E+01    1.730E-27    0

  The top emitting lines are:

        i    j  wavelength    tau    beta       Tex      emission   %
                  micron                         K       erg/s/mol
        6    5  5.202E+02  1.44E+00  4.16E-01  3.58E+01  1.96E-21  22
        7    6  4.336E+02  9.85E-01  5.02E-01  3.02E+01  1.95E-21  22
        8    7  3.717E+02  4.29E-01  6.76E-01  2.80E+01  1.42E-21  16
        5    4  6.503E+02  1.42E+00  4.19E-01  4.35E+01  1.40E-21  16
        9    8  3.252E+02  1.27E-01  8.53E-01  2.95E+01  7.77E-22   9
        4    3  8.670E+02  9.75E-01  5.04E-01  5.34E+01  6.68E-22   7
       10    9  2.891E+02  3.16E-02  9.48E-01  3.35E+01  3.51E-22   4
        3    2  1.300E+03  4.11E-01  6.84E-01  7.10E+01  1.63E-22   2
       11   10  2.602E+02  7.84E-03  9.83E-01  3.80E+01  1.43E-22   2
       12   11  2.366E+02  2.00E-03  9.95E-01  4.20E+01  5.47E-23   1

  Inverted lines:

        i    j  wavelength    tau     Tex        eta
                  micron               K

        2    1  2.601E+03 -1.09E-01 -6.94E+01  3.98E-02
------------------------------------------------------------------------------


  Molecular column = 5.62E+16 cm-2/kms      Total emission = 8.39E-21 erg/s/mol
 
  Populations:
     level  n_i/g_i/nmol   n(i)/n*     T_ex(i,1)    emission     %
                                           K        erg/s/mol
        1    4.602E-02    1.680E+00    0.000E+00    0.000E+00    0
        2    4.893E-02    1.887E+00   -9.034E+01    0.000E+00    0
        3    4.199E-02    1.809E+00    1.811E+02    1.303E-22    2
        4    3.179E-02    1.617E+00    8.973E+01    5.242E-22    6
        5    2.048E-02    1.299E+00    6.830E+01    1.131E-21   13
        6    1.058E-02    8.855E-01    5.645E+01    1.686E-21   20
        7    4.040E-03    4.711E-01    4.775E+01    1.845E-21   22
        8    1.086E-03    1.866E-01    4.134E+01    1.497E-21   18
        9    2.308E-04    6.169E-02    3.760E+01    8.933E-22   11
       10    4.836E-05    2.126E-02    3.629E+01    4.150E-22    5
       11    1.083E-05    8.278E-03    3.641E+01    1.690E-22    2
       12    2.521E-06    3.538E-03    3.719E+01    6.452E-23    1
       13    5.858E-07    1.596E-03    3.826E+01    2.320E-23    0
       14    1.351E-07    7.551E-04    3.950E+01    7.953E-24    0
       15    3.003E-08    3.638E-04    4.076E+01    2.547E-24    0
       16    6.067E-09    1.683E-04    4.187E+01    7.217E-25    0
       17    1.208E-09    8.112E-05    4.307E+01    1.970E-25    0
       18    2.207E-10    3.789E-05    4.414E+01    4.836E-26    0
       19    3.757E-11    1.742E-05    4.516E+01    1.086E-26    0
       20    5.550E-12    7.344E-06    4.597E+01    2.084E-27    0

  The top emitting lines are:

        i    j  wavelength    tau    beta       Tex      emission   %
                  micron                         K       erg/s/mol
        7    6  4.336E+02  1.87E+00  3.59E-01  3.45E+01  1.84E-21  22
        6    5  5.202E+02  2.36E+00  3.11E-01  4.19E+01  1.69E-21  20
        8    7  3.717E+02  9.83E-01  5.02E-01  2.95E+01  1.50E-21  18
        5    4  6.503E+02  2.17E+00  3.28E-01  5.03E+01  1.13E-21  13
        9    8  3.252E+02  3.24E-01  7.26E-01  2.86E+01  8.93E-22  11
        4    3  8.670E+02  1.47E+00  4.12E-01  5.96E+01  5.24E-22   6
       10    9  2.891E+02  7.75E-02  8.97E-01  3.18E+01  4.15E-22   5
       11   10  2.602E+02  1.76E-02  9.67E-01  3.70E+01  1.69E-22   2
        3    2  1.300E+03  6.65E-01  5.88E-01  7.24E+01  1.30E-22   2
       12   11  2.366E+02  4.28E-03  9.90E-01  4.17E+01  6.45E-23   1

  Inverted lines:

        i    j  wavelength    tau     Tex        eta
                  micron               K

        2    1  2.601E+03 -1.39E-01 -9.03E+01  3.06E-02
------------------------------------------------------------------------------


  Molecular column = 1.00E+17 cm-2/kms      Total emission = 7.74E-21 erg/s/mol
 
  Populations:
     level  n_i/g_i/nmol   n(i)/n*     T_ex(i,1)    emission     %
                                           K        erg/s/mol
        1    4.319E-02    1.576E+00    0.000E+00    0.000E+00    0
        2    4.502E-02    1.736E+00   -1.336E+02    0.000E+00    0
        3    3.882E-02    1.672E+00    1.555E+02    9.946E-23    1
        4    3.023E-02    1.538E+00    9.307E+01    3.939E-22    5
        5    2.063E-02    1.309E+00    7.484E+01    8.710E-22   11
        6    1.181E-02    9.880E-01    6.398E+01    1.375E-21   18
        7    5.238E-03    6.107E-01    5.506E+01    1.648E-21   21
        8    1.645E-03    2.824E-01    4.739E+01    1.497E-21   19
        9    3.584E-04    9.579E-02    4.155E+01    1.013E-21   13
       10    6.765E-05    2.974E-02    3.853E+01    5.089E-22    7
       11    1.392E-05    1.063E-02    3.783E+01    2.091E-22    3
       12    3.137E-06    4.403E-03    3.830E+01    7.945E-23    1
       13    7.243E-07    1.973E-03    3.922E+01    2.859E-23    0
       14    1.667E-07    9.319E-04    4.036E+01    9.806E-24    0
       15    3.717E-08    4.503E-04    4.157E+01    3.152E-24    0
       16    7.549E-09    2.094E-04    4.263E+01    8.979E-25    0
       17    1.508E-09    1.012E-04    4.378E+01    2.459E-25    0
       18    2.766E-10    4.748E-05    4.482E+01    6.059E-26    0
       19    4.728E-11    2.192E-05    4.580E+01    1.367E-26    0
       20    7.009E-12    9.274E-06    4.657E+01    2.632E-27    0

  The top emitting lines are:

        i    j  wavelength    tau    beta       Tex      emission   %
                  micron                         K       erg/s/mol
        7    6  4.336E+02  3.34E+00  2.47E-01  4.08E+01  1.65E-21  21
        8    7  3.717E+02  2.13E+00  3.32E-01  3.34E+01  1.50E-21  19
        6    5  5.202E+02  3.74E+00  2.27E-01  4.96E+01  1.38E-21  18
        9    8  3.252E+02  8.67E-01  5.30E-01  2.90E+01  1.01E-21  13
        5    4  6.503E+02  3.27E+00  2.51E-01  5.79E+01  8.71E-22  11
       10    9  2.891E+02  2.20E-01  7.86E-01  2.98E+01  5.09E-22   7
        4    3  8.670E+02  2.19E+00  3.25E-01  6.64E+01  3.94E-22   5
       11   10  2.602E+02  4.49E-02  9.32E-01  3.50E+01  2.09E-22   3
        3    2  1.300E+03  1.06E+00  4.86E-01  7.47E+01  9.95E-23   1
       12   11  2.366E+02  9.87E-03  9.80E-01  4.08E+01  7.95E-23   1

  Inverted lines:

        i    j  wavelength    tau     Tex        eta
                  micron               K

        2    1  2.601E+03 -1.56E-01 -1.34E+02  2.07E-02
------------------------------------------------------------------------------


  Molecular column = 1.78E+17 cm-2/kms      Total emission = 6.96E-21 erg/s/mol
 
  Populations:
     level  n_i/g_i/nmol   n(i)/n*     T_ex(i,1)    emission     %
                                           K        erg/s/mol
        1    4.032E-02    1.471E+00    0.000E+00    0.000E+00    0
        2    4.120E-02    1.589E+00   -2.563E+02    0.000E+00    0
        3    3.573E-02    1.540E+00    1.375E+02    7.257E-23    1
        4    2.844E-02    1.447E+00    9.515E+01    2.830E-22    4
        5    2.037E-02    1.293E+00    8.104E+01    6.332E-22    9
        6    1.271E-02    1.063E+00    7.187E+01    1.051E-21   15
        7    6.508E-03    7.588E-01    6.369E+01    1.371E-21   20
        8    2.478E-03    4.255E-01    5.552E+01    1.402E-21   20
        9    6.313E-04    1.687E-01    4.790E+01    1.089E-21   16
       10    1.136E-04    4.996E-02    4.239E+01    6.289E-22    9
       11    2.012E-05    1.538E-02    4.001E+01    2.736E-22    4
       12    4.187E-06    5.877E-03    3.979E+01    1.034E-22    1
       13    9.446E-07    2.574E-03    4.045E+01    3.703E-23    1
       14    2.164E-07    1.209E-03    4.146E+01    1.270E-23    0
       15    4.831E-08    5.852E-04    4.257E+01    4.094E-24    0
       16    9.880E-09    2.741E-04    4.358E+01    1.175E-24    0
       17    1.980E-09    1.329E-04    4.467E+01    3.229E-25    0
       18    3.654E-10    6.271E-05    4.566E+01    8.003E-26    0
       19    6.277E-11    2.910E-05    4.659E+01    1.815E-26    0
       20    9.352E-12    1.237E-05    4.732E+01    3.512E-27    0

  The top emitting lines are:

        i    j  wavelength    tau    beta       Tex      emission   %
                  micron                         K       erg/s/mol
        8    7  3.717E+02  4.24E+00  2.06E-01  4.01E+01  1.40E-21  20
        7    6  4.336E+02  5.60E+00  1.65E-01  4.96E+01  1.37E-21  20
        9    8  3.252E+02  2.21E+00  3.24E-01  3.24E+01  1.09E-21  16
        6    5  5.202E+02  5.79E+00  1.61E-01  5.86E+01  1.05E-21  15
        5    4  6.503E+02  4.88E+00  1.85E-01  6.63E+01  6.33E-22   9
       10    9  2.891E+02  6.96E-01  5.78E-01  2.90E+01  6.29E-22   9
        4    3  8.670E+02  3.31E+00  2.48E-01  7.27E+01  2.83E-22   4
       11   10  2.602E+02  1.39E-01  8.43E-01  3.19E+01  2.74E-22   4
       12   11  2.366E+02  2.60E-02  9.56E-01  3.87E+01  1.03E-22   1
        3    2  1.300E+03  1.66E+00  3.85E-01  7.78E+01  7.26E-23   1
       13   12  2.169E+02  5.73E-03  9.87E-01  4.45E+01  3.70E-23   1

  Inverted lines:

        i    j  wavelength    tau     Tex        eta
                  micron               K

        2    1  2.601E+03 -1.34E-01 -2.56E+02  1.08E-02
------------------------------------------------------------------------------


  Molecular column = 3.16E+17 cm-2/kms      Total emission = 6.11E-21 erg/s/mol
 
  Populations:
     level  n_i/g_i/nmol   n(i)/n*     T_ex(i,1)    emission     %
                                           K        erg/s/mol
        1    3.763E-02    1.373E+00    0.000E+00    0.000E+00    0
        2    3.776E-02    1.456E+00   -1.625E+03    0.000E+00    0
        3    3.293E-02    1.419E+00    1.244E+02    5.069E-23    1
        4    2.673E-02    1.359E+00    9.705E+01    1.936E-22    3
        5    1.985E-02    1.259E+00    8.647E+01    4.409E-22    7
        6    1.319E-02    1.104E+00    7.915E+01    7.641E-22   12
        7    7.536E-03    8.788E-01    7.224E+01    1.068E-21   17
        8    3.439E-03    5.906E-01    6.473E+01    1.210E-21   20
        9    1.109E-03    2.963E-01    5.649E+01    1.076E-21   18
       10    2.277E-04    1.001E-01    4.873E+01    7.273E-22   12
       11    3.521E-05    2.690E-02    4.361E+01    3.651E-22    6
       12    6.181E-06    8.676E-03    4.188E+01    1.423E-22    2
       13    1.301E-06    3.544E-03    4.198E+01    5.016E-23    1
       14    2.929E-07    1.637E-03    4.277E+01    1.711E-23    0
       15    6.529E-08    7.909E-04    4.376E+01    5.526E-24    0
       16    1.345E-08    3.731E-04    4.469E+01    1.599E-24    0
       17    2.707E-09    1.817E-04    4.570E+01    4.414E-25    0
       18    5.027E-10    8.628E-05    4.664E+01    1.101E-25    0
       19    8.692E-11    4.030E-05    4.752E+01    2.513E-26    0
       20    1.303E-11    1.724E-05    4.819E+01    4.892E-27    0

  The top emitting lines are:

        i    j  wavelength    tau    beta       Tex      emission   %
                  micron                         K       erg/s/mol
        8    7  3.717E+02  7.66E+00  1.28E-01  4.93E+01  1.21E-21  20
        9    8  3.252E+02  4.97E+00  1.82E-01  3.91E+01  1.08E-21  18
        7    6  4.336E+02  9.09E+00  1.11E-01  5.93E+01  1.07E-21  17
        6    5  5.202E+02  8.93E+00  1.13E-01  6.77E+01  7.64E-22  12
       10    9  2.891E+02  2.10E+00  3.34E-01  3.14E+01  7.27E-22  12
        5    4  6.503E+02  7.41E+00  1.32E-01  7.43E+01  4.41E-22   7
       11   10  2.602E+02  5.09E-01  6.43E-01  2.96E+01  3.65E-22   6
        4    3  8.670E+02  5.01E+00  1.81E-01  7.96E+01  1.94E-22   3
       12   11  2.366E+02  8.41E-02  8.91E-01  3.50E+01  1.42E-22   2
        3    2  1.300E+03  2.60E+00  2.92E-01  8.09E+01  5.07E-23   1
       13   12  2.169E+02  1.53E-02  9.71E-01  4.26E+01  5.02E-23   1

  Inverted lines:

        i    j  wavelength    tau     Tex        eta
                  micron               K

        2    1  2.601E+03 -3.46E-02 -1.63E+03  1.70E-03
------------------------------------------------------------------------------


  Molecular column = 5.62E+17 cm-2/kms      Total emission = 5.24E-21 erg/s/mol
 
  Populations:
     level  n_i/g_i/nmol   n(i)/n*     T_ex(i,1)    emission     %
                                           K        erg/s/mol
        1    3.628E-02    1.324E+00    0.000E+00    0.000E+00    0
        2    3.460E-02    1.335E+00    1.170E+02    3.123E-24    0
        3    3.055E-02    1.316E+00    9.659E+01    3.558E-23    1
        4    2.515E-02    1.279E+00    9.062E+01    1.278E-22    2
        5    1.917E-02    1.216E+00    8.669E+01    2.960E-22    6
        6    1.333E-02    1.115E+00    8.287E+01    5.306E-22   10
        7    8.240E-03    9.608E-01    7.836E+01    7.847E-22   15
        8    4.306E-03    7.395E-01    7.267E+01    9.677E-22   18
        9    1.733E-03    4.632E-01    6.547E+01    9.701E-22   19
       10    4.656E-04    2.047E-01    5.714E+01    7.609E-22   15
       11    7.735E-05    5.911E-02    4.945E+01    4.538E-22    9
       12    1.096E-05    1.538E-02    4.503E+01    2.032E-22    4
       13    1.943E-06    5.294E-03    4.385E+01    7.142E-23    1
       14    4.126E-07    2.306E-03    4.420E+01    2.384E-23    0
       15    9.119E-08    1.105E-03    4.502E+01    7.694E-24    0
       16    1.885E-08    5.229E-04    4.584E+01    2.239E-24    0
       17    3.814E-09    2.561E-04    4.678E+01    6.218E-25    0
       18    7.131E-10    1.224E-04    4.765E+01    1.562E-25    0
       19    1.243E-10    5.761E-05    4.848E+01    3.592E-26    0
       20    1.875E-11    2.481E-05    4.910E+01    7.042E-27    0

  The top emitting lines are:

        i    j  wavelength    tau    beta       Tex      emission   %
                  micron                         K       erg/s/mol
        9    8  3.252E+02  9.75E+00  1.05E-01  4.86E+01  9.70E-22  19
        8    7  3.717E+02  1.31E+01  8.19E-02  5.97E+01  9.68E-22  18
        7    6  4.336E+02  1.45E+01  7.48E-02  6.90E+01  7.85E-22  15
       10    9  2.891E+02  5.39E+00  1.71E-01  3.79E+01  7.61E-22  15
        6    5  5.202E+02  1.39E+01  7.76E-02  7.61E+01  5.31E-22  10
       11   10  2.602E+02  1.82E+00  3.64E-01  3.08E+01  4.54E-22   9
        5    4  6.503E+02  1.15E+01  9.17E-02  8.14E+01  2.96E-22   6
       12   11  2.366E+02  3.42E-01  7.17E-01  3.11E+01  2.03E-22   4
        4    3  8.670E+02  7.76E+00  1.27E-01  8.53E+01  1.28E-22   2
       13   12  2.169E+02  5.04E-02  9.25E-01  3.83E+01  7.14E-23   1
        3    2  1.300E+03  3.89E+00  2.21E-01  8.88E+01  3.56E-23   1

  No inversions
------------------------------------------------------------------------------


  Molecular column = 1.00E+18 cm-2/kms      Total emission = 4.37E-21 erg/s/mol
 
  Populations:
     level  n_i/g_i/nmol   n(i)/n*     T_ex(i,1)    emission     %
                                           K        erg/s/mol
        1    3.400E-02    1.241E+00    0.000E+00    0.000E+00    0
        2    3.228E-02    1.245E+00    1.067E+02    2.194E-24    0
        3    2.863E-02    1.234E+00    9.660E+01    2.297E-23    1
        4    2.381E-02    1.211E+00    9.311E+01    8.204E-23    2
        5    1.847E-02    1.172E+00    9.063E+01    1.922E-22    4
        6    1.325E-02    1.109E+00    8.805E+01    3.535E-22    8
        7    8.648E-03    1.008E+00    8.485E+01    5.460E-22   12
        8    4.972E-03    8.538E-01    8.055E+01    7.209E-22   16
        9    2.362E-03    6.312E-01    7.466E+01    7.999E-22   18
       10    8.275E-04    3.638E-01    6.698E+01    7.188E-22   16
       11    1.823E-04    1.393E-01    5.818E+01    5.017E-22   11
       12    2.529E-05    3.550E-02    5.066E+01    2.721E-22    6
       13    3.423E-06    9.328E-03    4.686E+01    1.071E-22    2
       14    6.183E-07    3.456E-03    4.610E+01    3.461E-23    1
       15    1.313E-07    1.591E-03    4.657E+01    1.100E-23    0
       16    2.709E-08    7.517E-04    4.724E+01    3.211E-24    0
       17    5.494E-09    3.688E-04    4.807E+01    8.950E-25    0
       18    1.036E-09    1.778E-04    4.886E+01    2.269E-25    0
       19    1.818E-10    8.431E-05    4.961E+01    5.257E-26    0
       20    2.768E-11    3.663E-05    5.016E+01    1.039E-26    0

  The top emitting lines are:

        i    j  wavelength    tau    beta       Tex      emission   %
                  micron                         K       erg/s/mol
        9    8  3.252E+02  1.76E+01  6.35E-02  5.94E+01  8.00E-22  18
        8    7  3.717E+02  2.17E+01  5.29E-02  6.99E+01  7.21E-22  16
       10    9  2.891E+02  1.16E+01  9.08E-02  4.75E+01  7.19E-22  16
        7    6  4.336E+02  2.34E+01  4.96E-02  7.78E+01  5.46E-22  12
       11   10  2.602E+02  5.39E+00  1.71E-01  3.66E+01  5.02E-22  11
        6    5  5.202E+02  2.21E+01  5.20E-02  8.33E+01  3.54E-22   8
       12   11  2.366E+02  1.44E+00  4.16E-01  3.08E+01  2.72E-22   6
        5    4  6.503E+02  1.82E+01  6.18E-02  8.71E+01  1.92E-22   4
       13   12  2.169E+02  2.17E-01  7.88E-01  3.32E+01  1.07E-22   2
        4    3  8.670E+02  1.23E+01  8.61E-02  8.99E+01  8.20E-23   2
       14   13  2.003E+02  3.00E-02  9.50E-01  4.20E+01  3.46E-23   1
        3    2  1.300E+03  6.22E+00  1.52E-01  9.22E+01  2.30E-23   1

  No inversions
------------------------------------------------------------------------------


  Molecular column = 1.78E+18 cm-2/kms      Total emission = 3.54E-21 erg/s/mol
 
  Populations:
     level  n_i/g_i/nmol   n(i)/n*     T_ex(i,1)    emission     %
                                           K        erg/s/mol
        1    3.217E-02    1.174E+00    0.000E+00    0.000E+00    0
        2    3.048E-02    1.175E+00    1.021E+02    1.478E-24    0
        3    2.712E-02    1.168E+00    9.711E+01    1.449E-23    0
        4    2.270E-02    1.154E+00    9.513E+01    5.144E-23    1
        5    1.782E-02    1.131E+00    9.363E+01    1.214E-22    3
        6    1.305E-02    1.092E+00    9.198E+01    2.273E-22    6
        7    8.833E-03    1.030E+00    8.987E+01    3.624E-22   10
        8    5.413E-03    9.295E-01    8.689E+01    5.041E-22   14
        9    2.882E-03    7.704E-01    8.253E+01    6.067E-22   17
       10    1.233E-03    5.420E-01    7.630E+01    6.133E-22   17
       11    3.696E-04    2.824E-01    6.810E+01    4.963E-22   14
       12    6.662E-05    9.351E-02    5.906E+01    3.154E-22    9
       13    7.932E-06    2.161E-02    5.191E+01    1.543E-22    4
       14    1.058E-06    5.913E-03    4.874E+01    5.295E-23    1
       15    1.976E-07    2.394E-03    4.837E+01    1.622E-23    0
       16    3.973E-08    1.102E-03    4.876E+01    4.686E-24    0
       17    8.031E-09    5.391E-04    4.944E+01    1.307E-24    0
       18    1.525E-09    2.618E-04    5.014E+01    3.339E-25    0
       19    2.700E-10    1.252E-04    5.082E+01    7.806E-26    0
       20    4.141E-11    5.480E-05    5.128E+01    1.555E-26    0

  The top emitting lines are:

        i    j  wavelength    tau    beta       Tex      emission   %
                  micron                         K       erg/s/mol
       10    9  2.891E+02  2.22E+01  5.20E-02  5.86E+01  6.13E-22  17
        9    8  3.252E+02  3.03E+01  3.95E-02  7.02E+01  6.07E-22  17
        8    7  3.717E+02  3.60E+01  3.39E-02  7.90E+01  5.04E-22  14
       11   10  2.602E+02  1.28E+01  8.33E-02  4.59E+01  4.96E-22  14
        7    6  4.336E+02  3.81E+01  3.22E-02  8.50E+01  3.62E-22  10
       12   11  2.366E+02  4.93E+00  1.83E-01  3.55E+01  3.15E-22   9
        6    5  5.202E+02  3.60E+01  3.40E-02  8.89E+01  2.27E-22   6
       13   12  2.169E+02  1.04E+00  4.90E-01  3.12E+01  1.54E-22   4
        5    4  6.503E+02  2.95E+01  4.04E-02  9.15E+01  1.21E-22   3
       14   13  2.003E+02  1.31E-01  8.50E-01  3.57E+01  5.30E-23   1
        4    3  8.670E+02  2.01E+01  5.66E-02  9.32E+01  5.14E-23   1

  No inversions
------------------------------------------------------------------------------


  Molecular column = 3.16E+18 cm-2/kms      Total emission = 2.80E-21 erg/s/mol
 
  Populations:
     level  n_i/g_i/nmol   n(i)/n*     T_ex(i,1)    emission     %
                                           K        erg/s/mol
        1    3.076E-02    1.123E+00    0.000E+00    0.000E+00    0
        2    2.911E-02    1.123E+00    1.004E+02    9.542E-25    0
        3    2.596E-02    1.119E+00    9.783E+01    8.969E-24    0
        4    2.182E-02    1.110E+00    9.671E+01    3.165E-23    1
        5    1.727E-02    1.096E+00    9.581E+01    7.496E-23    3
        6    1.282E-02    1.073E+00    9.480E+01    1.420E-22    5
        7    8.878E-03    1.035E+00    9.347E+01    2.314E-22    8
        8    5.667E-03    9.732E-01    9.156E+01    3.341E-22   12
        9    3.252E-03    8.692E-01    8.861E+01    4.277E-22   15
       10    1.594E-03    7.009E-01    8.408E+01    4.756E-22   17
       11    6.055E-04    4.627E-01    7.743E+01    4.394E-22   16
       12    1.534E-04    2.153E-01    6.885E+01    3.247E-22   12
       13    2.244E-05    6.114E-02    5.971E+01    1.881E-22    7
       14    2.352E-06    1.314E-02    5.308E+01    8.079E-23    3
       15    3.303E-07    4.000E-03    5.073E+01    2.524E-23    1
       16    5.990E-08    1.662E-03    5.045E+01    6.974E-24    0
       17    1.187E-08    7.969E-04    5.090E+01    1.926E-24    0
       18    2.257E-09    3.874E-04    5.147E+01    4.937E-25    0
       19    4.032E-10    1.869E-04    5.206E+01    1.166E-25    0
       20    6.225E-11    8.237E-05    5.244E+01    2.338E-26    0

  The top emitting lines are:

        i    j  wavelength    tau    beta       Tex      emission   %
                  micron                         K       erg/s/mol
       10    9  2.891E+02  3.96E+01  3.12E-02  6.98E+01  4.76E-22  17
       11   10  2.602E+02  2.61E+01  4.50E-02  5.71E+01  4.39E-22  16
        9    8  3.252E+02  5.15E+01  2.47E-02  7.96E+01  4.28E-22  15
        8    7  3.717E+02  6.01E+01  2.15E-02  8.63E+01  3.34E-22  12
       12   11  2.366E+02  1.31E+01  8.19E-02  4.43E+01  3.25E-22  12
        7    6  4.336E+02  6.34E+01  2.05E-02  9.03E+01  2.31E-22   8
       13   12  2.169E+02  4.12E+00  2.11E-01  3.45E+01  1.88E-22   7
        6    5  5.202E+02  5.97E+01  2.16E-02  9.28E+01  1.42E-22   5
       14   13  2.003E+02  6.80E-01  5.83E-01  3.18E+01  8.08E-23   3
        5    4  6.503E+02  4.90E+01  2.58E-02  9.45E+01  7.50E-23   3
        4    3  8.670E+02  3.34E+01  3.62E-02  9.56E+01  3.17E-23   1
       15   14  1.860E+02  7.33E-02  9.01E-01  3.94E+01  2.52E-23   1

  No inversions
------------------------------------------------------------------------------


  Molecular column = 5.62E+18 cm-2/kms      Total emission = 2.15E-21 erg/s/mol
 
  Populations:
     level  n_i/g_i/nmol   n(i)/n*     T_ex(i,1)    emission     %
                                           K        erg/s/mol
        1    2.971E-02    1.084E+00    0.000E+00    0.000E+00    0
        2    2.811E-02    1.084E+00    9.995E+01    5.943E-25    0
        3    2.511E-02    1.082E+00    9.851E+01    5.469E-24    0
        4    2.117E-02    1.077E+00    9.786E+01    1.920E-23    1
        5    1.683E-02    1.068E+00    9.733E+01    4.552E-23    2
        6    1.260E-02    1.054E+00    9.672E+01    8.680E-23    4
        7    8.850E-03    1.032E+00    9.591E+01    1.434E-22    7
        8    5.794E-03    9.950E-01    9.474E+01    2.123E-22   10
        9    3.484E-03    9.311E-01    9.289E+01    2.839E-22   13
       10    1.865E-03    8.199E-01    8.990E+01    3.394E-22   16
       11    8.333E-04    6.368E-01    8.510E+01    3.497E-22   16
       12    2.777E-04    3.897E-01    7.810E+01    2.984E-22   14
       13    5.827E-05    1.588E-01    6.918E+01    2.003E-22    9
       14    6.830E-06    3.817E-02    6.005E+01    1.046E-22    5
       15    6.968E-07    8.440E-03    5.445E+01    4.085E-23    2
       16    9.765E-08    2.709E-03    5.254E+01    1.087E-23    1
       17    1.779E-08    1.194E-03    5.246E+01    2.863E-24    0
       18    3.352E-09    5.753E-04    5.286E+01    7.319E-25    0
       19    6.009E-10    2.786E-04    5.334E+01    1.736E-25    0
       20    9.352E-11    1.237E-04    5.363E+01    3.512E-26    0

  The top emitting lines are:

        i    j  wavelength    tau    beta       Tex      emission   %
                  micron                         K       erg/s/mol
       11   10  2.602E+02  4.85E+01  2.60E-02  6.86E+01  3.50E-22  16
       10    9  2.891E+02  6.88E+01  1.90E-02  7.96E+01  3.39E-22  16
       12   11  2.366E+02  2.86E+01  4.16E-02  5.53E+01  2.98E-22  14
        9    8  3.252E+02  8.76E+01  1.53E-02  8.70E+01  2.84E-22  13
        8    7  3.717E+02  1.02E+02  1.34E-02  9.14E+01  2.12E-22  10
       13   12  2.169E+02  1.23E+01  8.66E-02  4.25E+01  2.00E-22   9
        7    6  4.336E+02  1.07E+02  1.27E-02  9.39E+01  1.43E-22   7
       14   13  2.003E+02  3.10E+00  2.60E-01  3.35E+01  1.05E-22   5
        6    5  5.202E+02  1.01E+02  1.34E-02  9.55E+01  8.68E-23   4
        5    4  6.503E+02  8.30E+01  1.61E-02  9.65E+01  4.55E-23   2
       15   14  1.860E+02  3.96E-01  6.91E-01  3.39E+01  4.08E-23   2
        4    3  8.670E+02  5.66E+01  2.26E-02  9.72E+01  1.92E-23   1
       16   15  1.736E+02  4.12E-02  9.36E-01  4.22E+01  1.09E-23   1

  No inversions
------------------------------------------------------------------------------


  Molecular column = 1.00E+19 cm-2/kms      Total emission = 1.60E-21 erg/s/mol
 
  Populations:
     level  n_i/g_i/nmol   n(i)/n*     T_ex(i,1)    emission     %
                                           K        erg/s/mol
        1    2.896E-02    1.057E+00    0.000E+00    0.000E+00    0
        2    2.740E-02    1.057E+00    9.981E+01    3.647E-25    0
        3    2.449E-02    1.055E+00    9.901E+01    3.297E-24    0
        4    2.069E-02    1.052E+00    9.864E+01    1.151E-23    1
        5    1.650E-02    1.047E+00    9.834E+01    2.729E-23    2
        6    1.242E-02    1.039E+00    9.797E+01    5.224E-23    3
        7    8.797E-03    1.026E+00    9.749E+01    8.699E-23    5
        8    5.847E-03    1.004E+00    9.679E+01    1.308E-22    8
        9    3.615E-03    9.662E-01    9.569E+01    1.800E-22   11
       10    2.043E-03    8.980E-01    9.386E+01    2.265E-22   14
       11    1.013E-03    7.742E-01    9.072E+01    2.538E-22   16
       12    4.090E-04    5.742E-01    8.568E+01    2.446E-22   15
       13    1.171E-04    3.192E-01    7.827E+01    1.910E-22   12
       14    1.974E-05    1.103E-01    6.901E+01    1.154E-22    7
       15    1.970E-06    2.386E-02    6.049E+01    5.688E-23    4
       16    1.929E-07    5.352E-03    5.565E+01    1.808E-23    1
       17    2.802E-08    1.881E-03    5.428E+01    4.395E-24    0
       18    4.991E-09    8.566E-04    5.430E+01    1.085E-24    0
       19    8.924E-10    4.138E-04    5.464E+01    2.575E-25    0
       20    1.392E-10    1.841E-04    5.481E+01    5.223E-26    0

  The top emitting lines are:

        i    j  wavelength    tau    beta       Tex      emission   %
                  micron                         K       erg/s/mol
       11   10  2.602E+02  8.60E+01  1.55E-02  7.88E+01  2.54E-22  16
       12   11  2.366E+02  5.53E+01  2.31E-02  6.70E+01  2.45E-22  15
       10    9  2.891E+02  1.19E+02  1.16E-02  8.72E+01  2.26E-22  14
       13   12  2.169E+02  2.90E+01  4.11E-02  5.30E+01  1.91E-22  12
        9    8  3.252E+02  1.50E+02  9.34E-03  9.20E+01  1.80E-22  11
        8    7  3.717E+02  1.75E+02  8.15E-03  9.48E+01  1.31E-22   8
       14   13  2.003E+02  1.04E+01  9.92E-02  4.03E+01  1.15E-22   7
        7    6  4.336E+02  1.84E+02  7.77E-03  9.63E+01  8.70E-23   5
       15   14  1.860E+02  2.04E+00  3.40E-01  3.36E+01  5.69E-23   4
        6    5  5.202E+02  1.73E+02  8.20E-03  9.73E+01  5.22E-23   3
        5    4  6.503E+02  1.42E+02  9.82E-03  9.79E+01  2.73E-23   2
       16   15  1.736E+02  2.17E-01  7.88E-01  3.57E+01  1.81E-23   1
        4    3  8.670E+02  9.73E+01  1.39E-02  9.83E+01  1.15E-23   1

  No inversions
------------------------------------------------------------------------------


      Normal completion. Molecular column is  1.00E+19 cm-2/kms

             *** SUMMARY ***

        mol column     emission
         cm-2/kms      erg/s/mol
        1.000E+16      9.661E-21
        1.778E+16      9.348E-21
        3.162E+16      8.927E-21
        5.623E+16      8.389E-21
        1.000E+17      7.738E-21
        1.778E+17      6.963E-21
        3.162E+17      6.114E-21
        5.623E+17      5.239E-21
        1.000E+18      4.369E-21
        1.778E+18      3.544E-21
        3.162E+18      2.795E-21
        5.623E+18      2.145E-21
        1.000E+19      1.605E-21

 *** Parameters for selected transitions; Io is line-center intensity at mu =  0.50 to slab face

      2600.78 mic ( 115.270 GHz) transition between levels  2 and  1
     Upper Level: J =   1                                                                         
     Lower Level: J =   0                                                                         

    Nmol      Tex       tau       Flux      Io     delta(Tb) del(TRJ)     eta       p1        p2       Gamma1    Gamma2    Gamma
  cm-2/kms     K                   Jy   W/m2/Hz/st    K         K                 cm-3s-1   cm-3s-1      s-1       s-1       s-1 
 1.000E+16-5.103E+01-5.192E-02 0.000E+00 2.405E-17 5.198E+00 2.914E+00 5.415E-02 1.450E-07 5.068E-07 2.729E-06 2.853E-06 2.822E-06 0.000E+00
 1.778E+16-5.782E+01-7.791E-02 0.000E+00 4.174E-17 7.405E+00 4.981E+00 4.780E-02 1.395E-07 4.799E-07 2.729E-06 2.843E-06 2.814E-06 0.000E+00
 3.162E+16-6.939E+01-1.091E-01 0.000E+00 7.189E-17 1.096E+01 8.421E+00 3.984E-02 1.330E-07 4.482E-07 2.729E-06 2.831E-06 2.805E-06 0.000E+00
 5.623E+16-9.034E+01-1.395E-01 0.000E+00 1.223E-16 1.668E+01 1.406E+01 3.061E-02 1.256E-07 4.135E-07 2.729E-06 2.817E-06 2.795E-06 0.000E+00
 1.000E+17-1.336E+02-1.559E-01 0.000E+00 2.036E-16 2.581E+01 2.314E+01 2.071E-02 1.179E-07 3.784E-07 2.729E-06 2.802E-06 2.784E-06 0.000E+00
 1.778E+17-2.563E+02-1.335E-01 0.000E+00 3.237E-16 3.982E+01 3.712E+01 1.079E-02 1.100E-07 3.445E-07 2.729E-06 2.788E-06 2.773E-06 0.000E+00
 3.162E+17-1.625E+03-3.462E-02 0.000E+00 4.765E-16 6.011E+01 5.738E+01 1.702E-03 1.027E-07 3.142E-07 2.729E-06 2.774E-06 2.763E-06 0.000E+00
 5.623E+17 1.170E+02 8.040E-01 4.567E+11 3.730E-16 6.539E+01 6.266E+01 0.000E+00 0.000E+00 0.000E+00 0.000E+00 0.000E+00 0.000E+00 0.000E+00
 1.000E+18 1.067E+02 1.466E+00 5.706E+11 4.018E-16 8.205E+01 7.932E+01 0.000E+00 0.000E+00 0.000E+00 0.000E+00 0.000E+00 0.000E+00 0.000E+00
 1.778E+18 1.021E+02 2.575E+00 6.835E+11 4.033E-16 9.377E+01 9.103E+01 0.000E+00 0.000E+00 0.000E+00 0.000E+00 0.000E+00 0.000E+00 0.000E+00
 3.162E+18 1.004E+02 4.450E+00 7.848E+11 3.986E-16 9.843E+01 9.569E+01 0.000E+00 0.000E+00 0.000E+00 0.000E+00 0.000E+00 0.000E+00 0.000E+00
 5.623E+18 9.995E+01 7.677E+00 8.691E+11 3.968E-16 9.907E+01 9.633E+01 0.000E+00 0.000E+00 0.000E+00 0.000E+00 0.000E+00 0.000E+00 0.000E+00
 1.000E+19 9.981E+01 1.332E+01 9.484E+11 3.963E-16 9.898E+01 9.624E+01 0.000E+00 0.000E+00 0.000E+00 0.000E+00 0.000E+00 0.000E+00 0.000E+00

      1300.39 mic ( 230.540 GHz) transition between levels  3 and  2
     Upper Level: J =   2                                                                         
     Lower Level: J =   1                                                                         

    Nmol      Tex       tau       Flux      Io     delta(Tb) del(TRJ)     eta       p1        p2       Gamma1    Gamma2    Gamma
  cm-2/kms     K                   Jy   W/m2/Hz/st    K         K                 cm-3s-1   cm-3s-1      s-1       s-1       s-1 
 1.000E+16 7.080E+01 1.461E-01 2.911E+11 2.707E-16 1.366E+01 8.866E+00 0.000E+00 0.000E+00 0.000E+00 0.000E+00 0.000E+00 0.000E+00 0.000E+00
 1.778E+16 7.054E+01 2.477E-01 4.513E+11 4.157E-16 1.926E+01 1.425E+01 0.000E+00 0.000E+00 0.000E+00 0.000E+00 0.000E+00 0.000E+00 0.000E+00
 3.162E+16 7.103E+01 4.106E-01 6.708E+11 6.003E-16 2.720E+01 2.204E+01 0.000E+00 0.000E+00 0.000E+00 0.000E+00 0.000E+00 0.000E+00 0.000E+00
 5.623E+16 7.238E+01 6.652E-01 9.529E+11 8.047E-16 3.771E+01 3.245E+01 0.000E+00 0.000E+00 0.000E+00 0.000E+00 0.000E+00 0.000E+00 0.000E+00
 1.000E+17 7.467E+01 1.057E+00 1.293E+12 9.947E-16 5.041E+01 4.508E+01 0.000E+00 0.000E+00 0.000E+00 0.000E+00 0.000E+00 0.000E+00 0.000E+00
 1.778E+17 7.778E+01 1.657E+00 1.678E+12 1.139E-15 6.379E+01 5.841E+01 0.000E+00 0.000E+00 0.000E+00 0.000E+00 0.000E+00 0.000E+00 0.000E+00
 3.162E+17 8.088E+01 2.604E+00 2.085E+12 1.226E-15 7.510E+01 6.971E+01 0.000E+00 0.000E+00 0.000E+00 0.000E+00 0.000E+00 0.000E+00 0.000E+00
 5.623E+17 8.884E+01 3.886E+00 2.602E+12 1.362E-15 8.694E+01 8.152E+01 0.000E+00 0.000E+00 0.000E+00 0.000E+00 0.000E+00 0.000E+00 0.000E+00
 1.000E+18 9.224E+01 6.224E+00 2.988E+12 1.418E-15 9.187E+01 8.645E+01 0.000E+00 0.000E+00 0.000E+00 0.000E+00 0.000E+00 0.000E+00 0.000E+00
 1.778E+18 9.479E+01 1.018E+01 3.351E+12 1.459E-15 9.460E+01 8.917E+01 0.000E+00 0.000E+00 0.000E+00 0.000E+00 0.000E+00 0.000E+00 0.000E+00
 3.162E+18 9.659E+01 1.699E+01 3.688E+12 1.489E-15 9.640E+01 9.097E+01 0.000E+00 0.000E+00 0.000E+00 0.000E+00 0.000E+00 0.000E+00 0.000E+00
 5.623E+18 9.780E+01 2.884E+01 3.999E+12 1.508E-15 9.761E+01 9.218E+01 0.000E+00 0.000E+00 0.000E+00 0.000E+00 0.000E+00 0.000E+00 0.000E+00
 1.000E+19 9.862E+01 4.959E+01 4.288E+12 1.522E-15 9.842E+01 9.299E+01 0.000E+00 0.000E+00 0.000E+00 0.000E+00 0.000E+00 0.000E+00 0.000E+00

       866.96 mic ( 345.796 GHz) transition between levels  4 and  3
     Upper Level: J =   3                                                                         
     Lower Level: J =   2                                                                         

    Nmol      Tex       tau       Flux      Io     delta(Tb) del(TRJ)     eta       p1        p2       Gamma1    Gamma2    Gamma
  cm-2/kms     K                   Jy   W/m2/Hz/st    K         K                 cm-3s-1   cm-3s-1      s-1       s-1       s-1 
 1.000E+16 4.357E+01 4.102E-01 8.225E+11 7.361E-16 1.915E+01 1.203E+01 0.000E+00 0.000E+00 0.000E+00 0.000E+00 0.000E+00 0.000E+00 0.000E+00
 1.778E+16 4.803E+01 6.390E-01 1.254E+12 1.066E-15 2.640E+01 1.897E+01 0.000E+00 0.000E+00 0.000E+00 0.000E+00 0.000E+00 0.000E+00 0.000E+00
 3.162E+16 5.342E+01 9.751E-01 1.831E+12 1.436E-15 3.601E+01 2.835E+01 0.000E+00 0.000E+00 0.000E+00 0.000E+00 0.000E+00 0.000E+00 0.000E+00
 5.623E+16 5.963E+01 1.467E+00 2.555E+12 1.799E-15 4.758E+01 3.976E+01 0.000E+00 0.000E+00 0.000E+00 0.000E+00 0.000E+00 0.000E+00 0.000E+00
 1.000E+17 6.641E+01 2.194E+00 3.415E+12 2.121E-15 5.983E+01 5.191E+01 0.000E+00 0.000E+00 0.000E+00 0.000E+00 0.000E+00 0.000E+00 0.000E+00
 1.778E+17 7.273E+01 3.315E+00 4.363E+12 2.376E-15 7.033E+01 6.236E+01 0.000E+00 0.000E+00 0.000E+00 0.000E+00 0.000E+00 0.000E+00 0.000E+00
 3.162E+17 7.956E+01 5.013E+00 5.307E+12 2.628E-15 7.904E+01 7.103E+01 0.000E+00 0.000E+00 0.000E+00 0.000E+00 0.000E+00 0.000E+00 0.000E+00
 5.623E+17 8.534E+01 7.764E+00 6.232E+12 2.840E-15 8.527E+01 7.724E+01 0.000E+00 0.000E+00 0.000E+00 0.000E+00 0.000E+00 0.000E+00 0.000E+00
 1.000E+18 8.986E+01 1.235E+01 7.113E+12 3.006E-15 8.983E+01 8.178E+01 0.000E+00 0.000E+00 0.000E+00 0.000E+00 0.000E+00 0.000E+00 0.000E+00
 1.778E+18 9.323E+01 2.011E+01 7.930E+12 3.129E-15 9.319E+01 8.514E+01 0.000E+00 0.000E+00 0.000E+00 0.000E+00 0.000E+00 0.000E+00 0.000E+00
 3.162E+18 9.561E+01 3.345E+01 8.678E+12 3.216E-15 9.557E+01 8.751E+01 0.000E+00 0.000E+00 0.000E+00 0.000E+00 0.000E+00 0.000E+00 0.000E+00
 5.623E+18 9.722E+01 5.664E+01 9.359E+12 3.276E-15 9.719E+01 8.912E+01 0.000E+00 0.000E+00 0.000E+00 0.000E+00 0.000E+00 0.000E+00 0.000E+00
 1.000E+19 9.828E+01 9.729E+01 9.981E+12 3.314E-15 9.824E+01 9.018E+01 0.000E+00 0.000E+00 0.000E+00 0.000E+00 0.000E+00 0.000E+00 0.000E+00

       650.25 mic ( 461.039 GHz) transition between levels  5 and  4
     Upper Level: J =   4                                                                         
     Lower Level: J =   3                                                                         

    Nmol      Tex       tau       Flux      Io     delta(Tb) del(TRJ)     eta       p1        p2       Gamma1    Gamma2    Gamma
  cm-2/kms     K                   Jy   W/m2/Hz/st    K         K                 cm-3s-1   cm-3s-1      s-1       s-1       s-1 
 1.000E+16 3.381E+01 5.656E-01 1.225E+12 1.059E-15 1.934E+01 1.034E+01 0.000E+00 0.000E+00 0.000E+00 0.000E+00 0.000E+00 0.000E+00 0.000E+00
 1.778E+16 3.796E+01 9.101E-01 1.922E+12 1.530E-15 2.623E+01 1.671E+01 0.000E+00 0.000E+00 0.000E+00 0.000E+00 0.000E+00 0.000E+00 0.000E+00
 3.162E+16 4.350E+01 1.420E+00 2.887E+12 2.052E-15 3.521E+01 2.530E+01 0.000E+00 0.000E+00 0.000E+00 0.000E+00 0.000E+00 0.000E+00 0.000E+00
 5.623E+16 5.029E+01 2.165E+00 4.136E+12 2.580E-15 4.561E+01 3.544E+01 0.000E+00 0.000E+00 0.000E+00 0.000E+00 0.000E+00 0.000E+00 0.000E+00
 1.000E+17 5.785E+01 3.270E+00 5.664E+12 3.097E-15 5.602E+01 4.568E+01 0.000E+00 0.000E+00 0.000E+00 0.000E+00 0.000E+00 0.000E+00 0.000E+00
 1.778E+17 6.629E+01 4.885E+00 7.322E+12 3.646E-15 6.586E+01 5.541E+01 0.000E+00 0.000E+00 0.000E+00 0.000E+00 0.000E+00 0.000E+00 0.000E+00
 3.162E+17 7.431E+01 7.407E+00 9.066E+12 4.166E-15 7.426E+01 6.375E+01 0.000E+00 0.000E+00 0.000E+00 0.000E+00 0.000E+00 0.000E+00 0.000E+00
 5.623E+17 8.141E+01 1.146E+01 1.082E+13 4.626E-15 8.140E+01 7.084E+01 0.000E+00 0.000E+00 0.000E+00 0.000E+00 0.000E+00 0.000E+00 0.000E+00
 1.000E+18 8.714E+01 1.817E+01 1.250E+13 4.999E-15 8.713E+01 7.654E+01 0.000E+00 0.000E+00 0.000E+00 0.000E+00 0.000E+00 0.000E+00 0.000E+00
 1.778E+18 9.145E+01 2.952E+01 1.403E+13 5.279E-15 9.145E+01 8.083E+01 0.000E+00 0.000E+00 0.000E+00 0.000E+00 0.000E+00 0.000E+00 0.000E+00
 3.162E+18 9.450E+01 4.903E+01 1.541E+13 5.477E-15 9.449E+01 8.386E+01 0.000E+00 0.000E+00 0.000E+00 0.000E+00 0.000E+00 0.000E+00 0.000E+00
 5.623E+18 9.655E+01 8.296E+01 1.664E+13 5.610E-15 9.654E+01 8.590E+01 0.000E+00 0.000E+00 0.000E+00 0.000E+00 0.000E+00 0.000E+00 0.000E+00
 1.000E+19 9.788E+01 1.424E+02 1.775E+13 5.697E-15 9.787E+01 8.722E+01 0.000E+00 0.000E+00 0.000E+00 0.000E+00 0.000E+00 0.000E+00 0.000E+00

       520.23 mic ( 576.270 GHz) transition between levels  6 and  5
     Upper Level: J =   5                                                                         
     Lower Level: J =   4                                                                         

    Nmol      Tex       tau       Flux      Io     delta(Tb) del(TRJ)     eta       p1        p2       Gamma1    Gamma2    Gamma
  cm-2/kms     K                   Jy   W/m2/Hz/st    K         K                 cm-3s-1   cm-3s-1      s-1       s-1       s-1 
 1.000E+16 2.864E+01 4.728E-01 1.202E+12 1.061E-15 1.655E+01 6.407E+00 0.000E+00 0.000E+00 0.000E+00 0.000E+00 0.000E+00 0.000E+00 0.000E+00
 1.778E+16 3.141E+01 8.400E-01 2.008E+12 1.626E-15 2.215E+01 1.113E+01 0.000E+00 0.000E+00 0.000E+00 0.000E+00 0.000E+00 0.000E+00 0.000E+00
 3.162E+16 3.578E+01 1.438E+00 3.225E+12 2.283E-15 2.981E+01 1.809E+01 0.000E+00 0.000E+00 0.000E+00 0.000E+00 0.000E+00 0.000E+00 0.000E+00
 5.623E+16 4.190E+01 2.362E+00 4.931E+12 2.991E-15 3.900E+01 2.679E+01 0.000E+00 0.000E+00 0.000E+00 0.000E+00 0.000E+00 0.000E+00 0.000E+00
 1.000E+17 4.958E+01 3.743E+00 7.153E+12 3.777E-15 4.868E+01 3.616E+01 0.000E+00 0.000E+00 0.000E+00 0.000E+00 0.000E+00 0.000E+00 0.000E+00
 1.778E+17 5.860E+01 5.785E+00 9.722E+12 4.679E-15 5.846E+01 4.572E+01 0.000E+00 0.000E+00 0.000E+00 0.000E+00 0.000E+00 0.000E+00 0.000E+00
 3.162E+17 6.770E+01 8.934E+00 1.257E+13 5.592E-15 6.769E+01 5.480E+01 0.000E+00 0.000E+00 0.000E+00 0.000E+00 0.000E+00 0.000E+00 0.000E+00
 5.623E+17 7.615E+01 1.393E+01 1.552E+13 6.444E-15 7.615E+01 6.315E+01 0.000E+00 0.000E+00 0.000E+00 0.000E+00 0.000E+00 0.000E+00 0.000E+00
 1.000E+18 8.331E+01 2.214E+01 1.839E+13 7.167E-15 8.331E+01 7.025E+01 0.000E+00 0.000E+00 0.000E+00 0.000E+00 0.000E+00 0.000E+00 0.000E+00
 1.778E+18 8.887E+01 3.597E+01 2.103E+13 7.729E-15 8.887E+01 7.576E+01 0.000E+00 0.000E+00 0.000E+00 0.000E+00 0.000E+00 0.000E+00 0.000E+00
 3.162E+18 9.285E+01 5.972E+01 2.336E+13 8.132E-15 9.285E+01 7.970E+01 0.000E+00 0.000E+00 0.000E+00 0.000E+00 0.000E+00 0.000E+00 0.000E+00
 5.623E+18 9.553E+01 1.010E+02 2.539E+13 8.404E-15 9.552E+01 8.236E+01 0.000E+00 0.000E+00 0.000E+00 0.000E+00 0.000E+00 0.000E+00 0.000E+00
 1.000E+19 9.726E+01 1.734E+02 2.717E+13 8.579E-15 9.726E+01 8.408E+01 0.000E+00 0.000E+00 0.000E+00 0.000E+00 0.000E+00 0.000E+00 0.000E+00

       433.56 mic ( 691.471 GHz) transition between levels  7 and  6
     Upper Level: J =   6                                                                         
     Lower Level: J =   5                                                                         

    Nmol      Tex       tau       Flux      Io     delta(Tb) del(TRJ)     eta       p1        p2       Gamma1    Gamma2    Gamma
  cm-2/kms     K                   Jy   W/m2/Hz/st    K         K                 cm-3s-1   cm-3s-1      s-1       s-1       s-1 
 1.000E+16 2.695E+01 2.465E-01 8.488E+11 7.820E-16 1.331E+01 2.988E+00 0.000E+00 0.000E+00 0.000E+00 0.000E+00 0.000E+00 0.000E+00 0.000E+00
 1.778E+16 2.790E+01 4.955E-01 1.527E+12 1.341E-15 1.725E+01 5.674E+00 0.000E+00 0.000E+00 0.000E+00 0.000E+00 0.000E+00 0.000E+00 0.000E+00
 3.162E+16 3.018E+01 9.850E-01 2.678E+12 2.095E-15 2.314E+01 1.038E+01 0.000E+00 0.000E+00 0.000E+00 0.000E+00 0.000E+00 0.000E+00 0.000E+00
 5.623E+16 3.447E+01 1.870E+00 4.497E+12 2.939E-15 3.103E+01 1.734E+01 0.000E+00 0.000E+00 0.000E+00 0.000E+00 0.000E+00 0.000E+00 0.000E+00
 1.000E+17 4.083E+01 3.339E+00 7.146E+12 3.882E-15 3.983E+01 2.552E+01 0.000E+00 0.000E+00 0.000E+00 0.000E+00 0.000E+00 0.000E+00 0.000E+00
 1.778E+17 4.959E+01 5.603E+00 1.057E+13 5.117E-15 4.946E+01 3.471E+01 0.000E+00 0.000E+00 0.000E+00 0.000E+00 0.000E+00 0.000E+00 0.000E+00
 3.162E+17 5.929E+01 9.086E+00 1.465E+13 6.499E-15 5.929E+01 4.423E+01 0.000E+00 0.000E+00 0.000E+00 0.000E+00 0.000E+00 0.000E+00 0.000E+00
 5.623E+17 6.899E+01 1.455E+01 1.913E+13 7.892E-15 6.899E+01 5.372E+01 0.000E+00 0.000E+00 0.000E+00 0.000E+00 0.000E+00 0.000E+00 0.000E+00
 1.000E+18 7.778E+01 2.339E+01 2.367E+13 9.162E-15 7.778E+01 6.237E+01 0.000E+00 0.000E+00 0.000E+00 0.000E+00 0.000E+00 0.000E+00 0.000E+00
 1.778E+18 8.497E+01 3.814E+01 2.794E+13 1.020E-14 8.497E+01 6.946E+01 0.000E+00 0.000E+00 0.000E+00 0.000E+00 0.000E+00 0.000E+00 0.000E+00
 3.162E+18 9.030E+01 6.337E+01 3.172E+13 1.098E-14 9.030E+01 7.472E+01 0.000E+00 0.000E+00 0.000E+00 0.000E+00 0.000E+00 0.000E+00 0.000E+00
 5.623E+18 9.394E+01 1.072E+02 3.496E+13 1.151E-14 9.394E+01 7.833E+01 0.000E+00 0.000E+00 0.000E+00 0.000E+00 0.000E+00 0.000E+00 0.000E+00
 1.000E+19 9.630E+01 1.839E+02 3.772E+13 1.185E-14 9.630E+01 8.066E+01 0.000E+00 0.000E+00 0.000E+00 0.000E+00 0.000E+00 0.000E+00 0.000E+00

       371.65 mic ( 806.652 GHz) transition between levels  8 and  7
     Upper Level: J =   7                                                                         
     Lower Level: J =   6                                                                         

    Nmol      Tex       tau       Flux      Io     delta(Tb) del(TRJ)     eta       p1        p2       Gamma1    Gamma2    Gamma
  cm-2/kms     K                   Jy   W/m2/Hz/st    K         K                 cm-3s-1   cm-3s-1      s-1       s-1       s-1 
 1.000E+16 2.830E+01 8.812E-02 4.602E+11 4.273E-16 1.083E+01 1.116E+00 0.000E+00 0.000E+00 0.000E+00 0.000E+00 0.000E+00 0.000E+00 0.000E+00
 1.778E+16 2.789E+01 1.894E-01 8.751E+11 8.114E-16 1.329E+01 2.221E+00 0.000E+00 0.000E+00 0.000E+00 0.000E+00 0.000E+00 0.000E+00 0.000E+00
 3.162E+16 2.797E+01 4.290E-01 1.672E+12 1.490E-15 1.714E+01 4.515E+00 0.000E+00 0.000E+00 0.000E+00 0.000E+00 0.000E+00 0.000E+00 0.000E+00
 5.623E+16 2.947E+01 9.826E-01 3.128E+12 2.448E-15 2.309E+01 8.908E+00 0.000E+00 0.000E+00 0.000E+00 0.000E+00 0.000E+00 0.000E+00 0.000E+00
 1.000E+17 3.342E+01 2.125E+00 5.564E+12 3.492E-15 3.104E+01 1.560E+01 0.000E+00 0.000E+00 0.000E+00 0.000E+00 0.000E+00 0.000E+00 0.000E+00
 1.778E+17 4.009E+01 4.239E+00 9.266E+12 4.757E-15 3.972E+01 2.346E+01 0.000E+00 0.000E+00 0.000E+00 0.000E+00 0.000E+00 0.000E+00 0.000E+00
 3.162E+17 4.934E+01 7.664E+00 1.422E+13 6.496E-15 4.933E+01 3.248E+01 0.000E+00 0.000E+00 0.000E+00 0.000E+00 0.000E+00 0.000E+00 0.000E+00
 5.623E+17 5.966E+01 1.308E+01 2.022E+13 8.473E-15 5.966E+01 4.238E+01 0.000E+00 0.000E+00 0.000E+00 0.000E+00 0.000E+00 0.000E+00 0.000E+00
 1.000E+18 6.993E+01 2.175E+01 2.679E+13 1.047E-14 6.993E+01 5.235E+01 0.000E+00 0.000E+00 0.000E+00 0.000E+00 0.000E+00 0.000E+00 0.000E+00
 1.778E+18 7.904E+01 3.598E+01 3.332E+13 1.225E-14 7.904E+01 6.126E+01 0.000E+00 0.000E+00 0.000E+00 0.000E+00 0.000E+00 0.000E+00 0.000E+00
 3.162E+18 8.625E+01 6.005E+01 3.927E+13 1.366E-14 8.625E+01 6.834E+01 0.000E+00 0.000E+00 0.000E+00 0.000E+00 0.000E+00 0.000E+00 0.000E+00
 5.623E+18 9.139E+01 1.017E+02 4.437E+13 1.467E-14 9.139E+01 7.340E+01 0.000E+00 0.000E+00 0.000E+00 0.000E+00 0.000E+00 0.000E+00 0.000E+00
 1.000E+19 9.476E+01 1.745E+02 4.861E+13 1.534E-14 9.476E+01 7.672E+01 0.000E+00 0.000E+00 0.000E+00 0.000E+00 0.000E+00 0.000E+00 0.000E+00

       325.22 mic ( 921.802 GHz) transition between levels  9 and  8
     Upper Level: J =   8                                                                         
     Lower Level: J =   7                                                                         

    Nmol      Tex       tau       Flux      Io     delta(Tb) del(TRJ)     eta       p1        p2       Gamma1    Gamma2    Gamma
  cm-2/kms     K                   Jy   W/m2/Hz/st    K         K                 cm-3s-1   cm-3s-1      s-1       s-1       s-1 
 1.000E+16 3.137E+01 2.593E-02 2.058E+11 1.885E-16 9.209E+00 3.657E-01 0.000E+00 0.000E+00 0.000E+00 0.000E+00 0.000E+00 0.000E+00 0.000E+00
 1.778E+16 3.057E+01 5.488E-02 3.996E+11 3.692E-16 1.072E+01 7.266E-01 0.000E+00 0.000E+00 0.000E+00 0.000E+00 0.000E+00 0.000E+00 0.000E+00
 3.162E+16 2.948E+01 1.270E-01 7.993E+11 7.433E-16 1.298E+01 1.514E+00 0.000E+00 0.000E+00 0.000E+00 0.000E+00 0.000E+00 0.000E+00 0.000E+00
 5.623E+16 2.856E+01 3.243E-01 1.634E+12 1.487E-15 1.659E+01 3.305E+00 0.000E+00 0.000E+00 0.000E+00 0.000E+00 0.000E+00 0.000E+00 0.000E+00
 1.000E+17 2.904E+01 8.669E-01 3.294E+12 2.650E-15 2.242E+01 7.146E+00 0.000E+00 0.000E+00 0.000E+00 0.000E+00 0.000E+00 0.000E+00 0.000E+00
 1.778E+17 3.236E+01 2.213E+00 6.299E+12 3.902E-15 3.041E+01 1.347E+01 0.000E+00 0.000E+00 0.000E+00 0.000E+00 0.000E+00 0.000E+00 0.000E+00
 3.162E+17 3.908E+01 4.967E+00 1.107E+13 5.494E-15 3.892E+01 2.090E+01 0.000E+00 0.000E+00 0.000E+00 0.000E+00 0.000E+00 0.000E+00 0.000E+00
 5.623E+17 4.861E+01 9.752E+00 1.774E+13 7.779E-15 4.861E+01 2.980E+01 0.000E+00 0.000E+00 0.000E+00 0.000E+00 0.000E+00 0.000E+00 0.000E+00
 1.000E+18 5.943E+01 1.759E+01 2.601E+13 1.045E-14 5.943E+01 4.003E+01 0.000E+00 0.000E+00 0.000E+00 0.000E+00 0.000E+00 0.000E+00 0.000E+00
 1.778E+18 7.020E+01 3.033E+01 3.509E+13 1.316E-14 7.020E+01 5.039E+01 0.000E+00 0.000E+00 0.000E+00 0.000E+00 0.000E+00 0.000E+00 0.000E+00
 3.162E+18 7.964E+01 5.148E+01 4.399E+13 1.555E-14 7.964E+01 5.956E+01 0.000E+00 0.000E+00 0.000E+00 0.000E+00 0.000E+00 0.000E+00 0.000E+00
 5.623E+18 8.696E+01 8.757E+01 5.193E+13 1.741E-14 8.696E+01 6.670E+01 0.000E+00 0.000E+00 0.000E+00 0.000E+00 0.000E+00 0.000E+00 0.000E+00
 1.000E+19 9.202E+01 1.504E+02 5.856E+13 1.871E-14 9.202E+01 7.166E+01 0.000E+00 0.000E+00 0.000E+00 0.000E+00 0.000E+00 0.000E+00 0.000E+00

       289.12 mic (1036.910 GHz) transition between levels 10 and  9
     Upper Level: J =   9                                                                         
     Lower Level: J =   8                                                                         

    Nmol      Tex       tau       Flux      Io     delta(Tb) del(TRJ)     eta       p1        p2       Gamma1    Gamma2    Gamma
  cm-2/kms     K                   Jy   W/m2/Hz/st    K         K                 cm-3s-1   cm-3s-1      s-1       s-1       s-1 
 1.000E+16 3.507E+01 7.117E-03 8.190E+10 7.417E-17 8.167E+00 1.127E-01 0.000E+00 0.000E+00 0.000E+00 0.000E+00 0.000E+00 0.000E+00 0.000E+00
 1.778E+16 3.451E+01 1.445E-02 1.593E+11 1.450E-16 9.180E+00 2.211E-01 0.000E+00 0.000E+00 0.000E+00 0.000E+00 0.000E+00 0.000E+00 0.000E+00
 3.162E+16 3.350E+01 3.160E-02 3.210E+11 2.946E-16 1.057E+01 4.530E-01 0.000E+00 0.000E+00 0.000E+00 0.000E+00 0.000E+00 0.000E+00 0.000E+00
 5.623E+16 3.184E+01 7.752E-02 6.747E+11 6.258E-16 1.262E+01 9.839E-01 0.000E+00 0.000E+00 0.000E+00 0.000E+00 0.000E+00 0.000E+00 0.000E+00
 1.000E+17 2.985E+01 2.197E-01 1.471E+12 1.360E-15 1.592E+01 2.284E+00 0.000E+00 0.000E+00 0.000E+00 0.000E+00 0.000E+00 0.000E+00 0.000E+00
 1.778E+17 2.902E+01 6.956E-01 3.233E+12 2.711E-15 2.153E+01 5.475E+00 0.000E+00 0.000E+00 0.000E+00 0.000E+00 0.000E+00 0.000E+00 0.000E+00
 3.162E+17 3.144E+01 2.105E+00 6.650E+12 4.186E-15 2.949E+01 1.130E+01 0.000E+00 0.000E+00 0.000E+00 0.000E+00 0.000E+00 0.000E+00 0.000E+00
 5.623E+17 3.786E+01 5.386E+00 1.237E+13 6.038E-15 3.777E+01 1.820E+01 0.000E+00 0.000E+00 0.000E+00 0.000E+00 0.000E+00 0.000E+00 0.000E+00
 1.000E+18 4.745E+01 1.159E+01 2.078E+13 8.867E-15 4.745E+01 2.684E+01 0.000E+00 0.000E+00 0.000E+00 0.000E+00 0.000E+00 0.000E+00 0.000E+00
 1.778E+18 5.860E+01 2.216E+01 3.153E+13 1.229E-14 5.860E+01 3.720E+01 0.000E+00 0.000E+00 0.000E+00 0.000E+00 0.000E+00 0.000E+00 0.000E+00
 3.162E+18 6.981E+01 3.961E+01 4.348E+13 1.581E-14 6.981E+01 4.786E+01 0.000E+00 0.000E+00 0.000E+00 0.000E+00 0.000E+00 0.000E+00 0.000E+00
 5.623E+18 7.964E+01 6.878E+01 5.518E+13 1.894E-14 7.964E+01 5.733E+01 0.000E+00 0.000E+00 0.000E+00 0.000E+00 0.000E+00 0.000E+00 0.000E+00
 1.000E+19 8.718E+01 1.188E+02 6.548E+13 2.136E-14 8.718E+01 6.465E+01 0.000E+00 0.000E+00 0.000E+00 0.000E+00 0.000E+00 0.000E+00 0.000E+00

       260.24 mic (1151.985 GHz) transition between levels 11 and 10
     Upper Level: J =  10                                                                         
     Lower Level: J =   9                                                                         

    Nmol      Tex       tau       Flux      Io     delta(Tb) del(TRJ)     eta       p1        p2       Gamma1    Gamma2    Gamma
  cm-2/kms     K                   Jy   W/m2/Hz/st    K         K                 cm-3s-1   cm-3s-1      s-1       s-1       s-1 
 1.000E+16 3.869E+01 1.911E-03 3.008E+10 2.709E-17 7.454E+00 3.326E-02 0.000E+00 0.000E+00 0.000E+00 0.000E+00 0.000E+00 0.000E+00 0.000E+00
 1.778E+16 3.847E+01 3.774E-03 5.851E+10 5.281E-17 8.192E+00 6.489E-02 0.000E+00 0.000E+00 0.000E+00 0.000E+00 0.000E+00 0.000E+00 0.000E+00
 3.162E+16 3.798E+01 7.844E-03 1.178E+11 1.067E-16 9.147E+00 1.314E-01 0.000E+00 0.000E+00 0.000E+00 0.000E+00 0.000E+00 0.000E+00 0.000E+00
 5.623E+16 3.696E+01 1.764E-02 2.473E+11 2.256E-16 1.044E+01 2.790E-01 0.000E+00 0.000E+00 0.000E+00 0.000E+00 0.000E+00 0.000E+00 0.000E+00
 1.000E+17 3.496E+01 4.492E-02 5.441E+11 5.015E-16 1.232E+01 6.288E-01 0.000E+00 0.000E+00 0.000E+00 0.000E+00 0.000E+00 0.000E+00 0.000E+00
 1.778E+17 3.194E+01 1.390E-01 1.266E+12 1.177E-15 1.533E+01 1.544E+00 0.000E+00 0.000E+00 0.000E+00 0.000E+00 0.000E+00 0.000E+00 0.000E+00
 3.162E+17 2.961E+01 5.088E-01 3.005E+12 2.632E-15 2.056E+01 4.032E+00 0.000E+00 0.000E+00 0.000E+00 0.000E+00 0.000E+00 0.000E+00 0.000E+00
 5.623E+17 3.080E+01 1.825E+00 6.642E+12 4.374E-15 2.844E+01 9.239E+00 0.000E+00 0.000E+00 0.000E+00 0.000E+00 0.000E+00 0.000E+00 0.000E+00
 1.000E+18 3.655E+01 5.393E+00 1.306E+13 6.371E-15 3.647E+01 1.555E+01 0.000E+00 0.000E+00 0.000E+00 0.000E+00 0.000E+00 0.000E+00 0.000E+00
 1.778E+18 4.589E+01 1.283E+01 2.297E+13 9.650E-15 4.589E+01 2.367E+01 0.000E+00 0.000E+00 0.000E+00 0.000E+00 0.000E+00 0.000E+00 0.000E+00
 3.162E+18 5.710E+01 2.614E+01 3.616E+13 1.380E-14 5.710E+01 3.385E+01 0.000E+00 0.000E+00 0.000E+00 0.000E+00 0.000E+00 0.000E+00 0.000E+00
 5.623E+18 6.862E+01 4.849E+01 5.118E+13 1.821E-14 6.862E+01 4.465E+01 0.000E+00 0.000E+00 0.000E+00 0.000E+00 0.000E+00 0.000E+00 0.000E+00
 1.000E+19 7.885E+01 8.605E+01 6.604E+13 2.218E-14 7.885E+01 5.441E+01 0.000E+00 0.000E+00 0.000E+00 0.000E+00 0.000E+00 0.000E+00 0.000E+00

       236.61 mic (1267.016 GHz) transition between levels 12 and 11
     Upper Level: J =  11                                                                         
     Lower Level: J =  10                                                                         

    Nmol      Tex       tau       Flux      Io     delta(Tb) del(TRJ)     eta       p1        p2       Gamma1    Gamma2    Gamma
  cm-2/kms     K                   Jy   W/m2/Hz/st    K         K                 cm-3s-1   cm-3s-1      s-1       s-1       s-1 
 1.000E+16 4.224E+01 5.033E-04 1.043E+10 9.376E-18 6.939E+00 9.507E-03 0.000E+00 0.000E+00 0.000E+00 0.000E+00 0.000E+00 0.000E+00 0.000E+00
 1.778E+16 4.218E+01 9.836E-04 2.030E+10 1.827E-17 7.510E+00 1.853E-02 0.000E+00 0.000E+00 0.000E+00 0.000E+00 0.000E+00 0.000E+00 0.000E+00
 3.162E+16 4.205E+01 1.999E-03 4.092E+10 3.686E-17 8.223E+00 3.740E-02 0.000E+00 0.000E+00 0.000E+00 0.000E+00 0.000E+00 0.000E+00 0.000E+00
 5.623E+16 4.170E+01 4.281E-03 8.585E+10 7.754E-17 9.144E+00 7.877E-02 0.000E+00 0.000E+00 0.000E+00 0.000E+00 0.000E+00 0.000E+00 0.000E+00
 1.000E+17 4.081E+01 9.871E-03 1.880E+11 1.706E-16 1.038E+01 1.738E-01 0.000E+00 0.000E+00 0.000E+00 0.000E+00 0.000E+00 0.000E+00 0.000E+00
 1.778E+17 3.873E+01 2.595E-02 4.352E+11 3.985E-16 1.214E+01 4.093E-01 0.000E+00 0.000E+00 0.000E+00 0.000E+00 0.000E+00 0.000E+00 0.000E+00
 3.162E+17 3.495E+01 8.406E-02 1.065E+12 9.882E-16 1.490E+01 1.044E+00 0.000E+00 0.000E+00 0.000E+00 0.000E+00 0.000E+00 0.000E+00 0.000E+00
 5.623E+17 3.112E+01 3.419E-01 2.703E+12 2.452E-15 1.970E+01 2.907E+00 0.000E+00 0.000E+00 0.000E+00 0.000E+00 0.000E+00 0.000E+00 0.000E+00
 1.000E+18 3.078E+01 1.438E+00 6.437E+12 4.558E-15 2.748E+01 7.469E+00 0.000E+00 0.000E+00 0.000E+00 0.000E+00 0.000E+00 0.000E+00 0.000E+00
 1.778E+18 3.549E+01 4.934E+00 1.327E+13 6.595E-15 3.537E+01 1.328E+01 0.000E+00 0.000E+00 0.000E+00 0.000E+00 0.000E+00 0.000E+00 0.000E+00
 3.162E+18 4.429E+01 1.309E+01 2.429E+13 1.018E-14 4.429E+01 2.063E+01 0.000E+00 0.000E+00 0.000E+00 0.000E+00 0.000E+00 0.000E+00 0.000E+00
 5.623E+18 5.533E+01 2.861E+01 3.970E+13 1.499E-14 5.533E+01 3.039E+01 0.000E+00 0.000E+00 0.000E+00 0.000E+00 0.000E+00 0.000E+00 0.000E+00
 1.000E+19 6.704E+01 5.533E+01 5.787E+13 2.031E-14 6.704E+01 4.117E+01 0.000E+00 0.000E+00 0.000E+00 0.000E+00 0.000E+00 0.000E+00 0.000E+00

       216.93 mic (1381.995 GHz) transition between levels 13 and 12
     Upper Level: J =  12                                                                         
     Lower Level: J =  11                                                                         

    Nmol      Tex       tau       Flux      Io     delta(Tb) del(TRJ)     eta       p1        p2       Gamma1    Gamma2    Gamma
  cm-2/kms     K                   Jy   W/m2/Hz/st    K         K                 cm-3s-1   cm-3s-1      s-1       s-1       s-1 
 1.000E+16 4.548E+01 1.302E-04 3.421E+09 3.073E-18 6.541E+00 2.618E-03 0.000E+00 0.000E+00 0.000E+00 0.000E+00 0.000E+00 0.000E+00 0.000E+00
 1.778E+16 4.550E+01 2.538E-04 6.670E+09 5.993E-18 7.002E+00 5.107E-03 0.000E+00 0.000E+00 0.000E+00 0.000E+00 0.000E+00 0.000E+00 0.000E+00
 3.162E+16 4.550E+01 5.127E-04 1.346E+10 1.210E-17 7.564E+00 1.032E-02 0.000E+00 0.000E+00 0.000E+00 0.000E+00 0.000E+00 0.000E+00 0.000E+00
 5.623E+16 4.545E+01 1.081E-03 2.830E+10 2.546E-17 8.265E+00 2.171E-02 0.000E+00 0.000E+00 0.000E+00 0.000E+00 0.000E+00 0.000E+00 0.000E+00
 1.000E+17 4.525E+01 2.398E-03 6.202E+10 5.590E-17 9.163E+00 4.769E-02 0.000E+00 0.000E+00 0.000E+00 0.000E+00 0.000E+00 0.000E+00 0.000E+00
 1.778E+17 4.455E+01 5.731E-03 1.429E+11 1.292E-16 1.036E+01 1.104E-01 0.000E+00 0.000E+00 0.000E+00 0.000E+00 0.000E+00 0.000E+00 0.000E+00
 3.162E+17 4.256E+01 1.534E-02 3.441E+11 3.134E-16 1.203E+01 2.691E-01 0.000E+00 0.000E+00 0.000E+00 0.000E+00 0.000E+00 0.000E+00 0.000E+00
 5.623E+17 3.834E+01 5.039E-02 8.712E+11 8.041E-16 1.455E+01 7.025E-01 0.000E+00 0.000E+00 0.000E+00 0.000E+00 0.000E+00 0.000E+00 0.000E+00
 1.000E+18 3.316E+01 2.174E-01 2.323E+12 2.148E-15 1.886E+01 2.028E+00 0.000E+00 0.000E+00 0.000E+00 0.000E+00 0.000E+00 0.000E+00 0.000E+00
 1.778E+18 3.117E+01 1.037E+00 5.953E+12 4.600E-15 2.629E+01 5.788E+00 0.000E+00 0.000E+00 0.000E+00 0.000E+00 0.000E+00 0.000E+00 0.000E+00
 3.162E+18 3.450E+01 4.116E+00 1.290E+13 6.667E-15 3.425E+01 1.118E+01 0.000E+00 0.000E+00 0.000E+00 0.000E+00 0.000E+00 0.000E+00 0.000E+00
 5.623E+18 4.248E+01 1.226E+01 2.444E+13 1.034E-14 4.248E+01 1.762E+01 0.000E+00 0.000E+00 0.000E+00 0.000E+00 0.000E+00 0.000E+00 0.000E+00
 1.000E+19 5.304E+01 2.901E+01 4.144E+13 1.562E-14 5.304E+01 2.662E+01 0.000E+00 0.000E+00 0.000E+00 0.000E+00 0.000E+00 0.000E+00 0.000E+00

       200.27 mic (1496.921 GHz) transition between levels 14 and 13
     Upper Level: J =  13                                                                         
     Lower Level: J =  12                                                                         

    Nmol      Tex       tau       Flux      Io     delta(Tb) del(TRJ)     eta       p1        p2       Gamma1    Gamma2    Gamma
  cm-2/kms     K                   Jy   W/m2/Hz/st    K         K                 cm-3s-1   cm-3s-1      s-1       s-1       s-1 
 1.000E+16 4.893E+01 3.275E-05 1.080E+09 9.694E-19 6.229E+00 7.041E-04 0.000E+00 0.000E+00 0.000E+00 0.000E+00 0.000E+00 0.000E+00 0.000E+00
 1.778E+16 4.894E+01 6.387E-05 2.106E+09 1.891E-18 6.612E+00 1.374E-03 0.000E+00 0.000E+00 0.000E+00 0.000E+00 0.000E+00 0.000E+00 0.000E+00
 3.162E+16 4.897E+01 1.290E-04 4.257E+09 3.824E-18 7.070E+00 2.777E-03 0.000E+00 0.000E+00 0.000E+00 0.000E+00 0.000E+00 0.000E+00 0.000E+00
 5.623E+16 4.897E+01 2.715E-04 8.957E+09 8.048E-18 7.629E+00 5.845E-03 0.000E+00 0.000E+00 0.000E+00 0.000E+00 0.000E+00 0.000E+00 0.000E+00
 1.000E+17 4.891E+01 5.972E-04 1.964E+10 1.766E-17 8.324E+00 1.283E-02 0.000E+00 0.000E+00 0.000E+00 0.000E+00 0.000E+00 0.000E+00 0.000E+00
 1.778E+17 4.875E+01 1.387E-03 4.523E+10 4.072E-17 9.216E+00 2.959E-02 0.000E+00 0.000E+00 0.000E+00 0.000E+00 0.000E+00 0.000E+00 0.000E+00
 3.162E+17 4.818E+01 3.414E-03 1.084E+11 9.779E-17 1.038E+01 7.114E-02 0.000E+00 0.000E+00 0.000E+00 0.000E+00 0.000E+00 0.000E+00 0.000E+00
 5.623E+17 4.636E+01 9.218E-03 2.685E+11 2.436E-16 1.196E+01 1.777E-01 0.000E+00 0.000E+00 0.000E+00 0.000E+00 0.000E+00 0.000E+00 0.000E+00
 1.000E+18 4.198E+01 3.004E-02 6.932E+11 6.359E-16 1.426E+01 4.687E-01 0.000E+00 0.000E+00 0.000E+00 0.000E+00 0.000E+00 0.000E+00 0.000E+00
 1.778E+18 3.566E+01 1.309E-01 1.886E+12 1.754E-15 1.801E+01 1.357E+00 0.000E+00 0.000E+00 0.000E+00 0.000E+00 0.000E+00 0.000E+00 0.000E+00
 3.162E+18 3.185E+01 6.804E-01 5.117E+12 4.305E-15 2.471E+01 4.151E+00 0.000E+00 0.000E+00 0.000E+00 0.000E+00 0.000E+00 0.000E+00 0.000E+00
 5.623E+18 3.351E+01 3.099E+00 1.178E+13 6.553E-15 3.288E+01 9.108E+00 0.000E+00 0.000E+00 0.000E+00 0.000E+00 0.000E+00 0.000E+00 0.000E+00
 1.000E+19 4.034E+01 1.043E+01 2.310E+13 1.002E-14 4.034E+01 1.456E+01 0.000E+00 0.000E+00 0.000E+00 0.000E+00 0.000E+00 0.000E+00 0.000E+00

       186.00 mic (1611.795 GHz) transition between levels 15 and 14
     Upper Level: J =  14                                                                         
     Lower Level: J =  13                                                                         

    Nmol      Tex       tau       Flux      Io     delta(Tb) del(TRJ)     eta       p1        p2       Gamma1    Gamma2    Gamma
  cm-2/kms     K                   Jy   W/m2/Hz/st    K         K                 cm-3s-1   cm-3s-1      s-1       s-1       s-1 
 1.000E+16 5.129E+01 8.175E-06 3.195E+08 2.869E-19 5.963E+00 1.797E-04 0.000E+00 0.000E+00 0.000E+00 0.000E+00 0.000E+00 0.000E+00 0.000E+00
 1.778E+16 5.133E+01 1.595E-05 6.241E+08 5.604E-19 6.287E+00 3.510E-04 0.000E+00 0.000E+00 0.000E+00 0.000E+00 0.000E+00 0.000E+00 0.000E+00
 3.162E+16 5.137E+01 3.223E-05 1.263E+09 1.134E-18 6.670E+00 7.105E-04 0.000E+00 0.000E+00 0.000E+00 0.000E+00 0.000E+00 0.000E+00 0.000E+00
 5.623E+16 5.144E+01 6.780E-05 2.665E+09 2.392E-18 7.128E+00 1.499E-03 0.000E+00 0.000E+00 0.000E+00 0.000E+00 0.000E+00 0.000E+00 0.000E+00
 1.000E+17 5.154E+01 1.487E-04 5.862E+09 5.266E-18 7.687E+00 3.299E-03 0.000E+00 0.000E+00 0.000E+00 0.000E+00 0.000E+00 0.000E+00 0.000E+00
 1.778E+17 5.159E+01 3.430E-04 1.354E+10 1.217E-17 8.385E+00 7.623E-03 0.000E+00 0.000E+00 0.000E+00 0.000E+00 0.000E+00 0.000E+00 0.000E+00
 3.162E+17 5.154E+01 8.257E-04 3.250E+10 2.923E-17 9.266E+00 1.832E-02 0.000E+00 0.000E+00 0.000E+00 0.000E+00 0.000E+00 0.000E+00 0.000E+00
 5.623E+17 5.125E+01 2.074E-03 8.048E+10 7.251E-17 1.040E+01 4.547E-02 0.000E+00 0.000E+00 0.000E+00 0.000E+00 0.000E+00 0.000E+00 0.000E+00
 1.000E+18 4.992E+01 5.588E-03 2.046E+11 1.850E-16 1.190E+01 1.162E-01 0.000E+00 0.000E+00 0.000E+00 0.000E+00 0.000E+00 0.000E+00 0.000E+00
 1.778E+18 4.610E+01 1.755E-02 5.364E+11 4.892E-16 1.400E+01 3.091E-01 0.000E+00 0.000E+00 0.000E+00 0.000E+00 0.000E+00 0.000E+00 0.000E+00
 3.162E+18 3.941E+01 7.334E-02 1.485E+12 1.376E-15 1.730E+01 8.937E-01 0.000E+00 0.000E+00 0.000E+00 0.000E+00 0.000E+00 0.000E+00 0.000E+00
 5.623E+18 3.389E+01 3.957E-01 4.273E+12 3.835E-15 2.323E+01 2.872E+00 0.000E+00 0.000E+00 0.000E+00 0.000E+00 0.000E+00 0.000E+00 0.000E+00
 1.000E+19 3.356E+01 2.039E+00 1.058E+13 6.728E-15 3.182E+01 7.459E+00 0.000E+00 0.000E+00 0.000E+00 0.000E+00 0.000E+00 0.000E+00 0.000E+00

       173.63 mic (1726.604 GHz) transition between levels 16 and 15
     Upper Level: J =  15                                                                         
     Lower Level: J =  14                                                                         

    Nmol      Tex       tau       Flux      Io     delta(Tb) del(TRJ)     eta       p1        p2       Gamma1    Gamma2    Gamma
  cm-2/kms     K                   Jy   W/m2/Hz/st    K         K                 cm-3s-1   cm-3s-1      s-1       s-1       s-1 
 1.000E+16 5.148E+01 1.979E-06 8.363E+07 7.509E-20 5.707E+00 4.099E-05 0.000E+00 0.000E+00 0.000E+00 0.000E+00 0.000E+00 0.000E+00 0.000E+00
 1.778E+16 5.156E+01 3.864E-06 1.637E+08 1.470E-19 5.984E+00 8.026E-05 0.000E+00 0.000E+00 0.000E+00 0.000E+00 0.000E+00 0.000E+00 0.000E+00
 3.162E+16 5.167E+01 7.814E-06 3.326E+08 2.986E-19 6.307E+00 1.630E-04 0.000E+00 0.000E+00 0.000E+00 0.000E+00 0.000E+00 0.000E+00 0.000E+00
 5.623E+16 5.181E+01 1.646E-05 7.046E+08 6.327E-19 6.689E+00 3.454E-04 0.000E+00 0.000E+00 0.000E+00 0.000E+00 0.000E+00 0.000E+00 0.000E+00
 1.000E+17 5.198E+01 3.620E-05 1.559E+09 1.400E-18 7.147E+00 7.642E-04 0.000E+00 0.000E+00 0.000E+00 0.000E+00 0.000E+00 0.000E+00 0.000E+00
 1.778E+17 5.221E+01 8.349E-05 3.629E+09 3.258E-18 7.709E+00 1.779E-03 0.000E+00 0.000E+00 0.000E+00 0.000E+00 0.000E+00 0.000E+00 0.000E+00
 3.162E+17 5.245E+01 2.003E-04 8.778E+09 7.886E-18 8.400E+00 4.305E-03 0.000E+00 0.000E+00 0.000E+00 0.000E+00 0.000E+00 0.000E+00 0.000E+00
 5.623E+17 5.256E+01 4.971E-04 2.186E+10 1.965E-17 9.256E+00 1.073E-02 0.000E+00 0.000E+00 0.000E+00 0.000E+00 0.000E+00 0.000E+00 0.000E+00
 1.000E+18 5.250E+01 1.273E-03 5.576E+10 5.018E-17 1.034E+01 2.741E-02 0.000E+00 0.000E+00 0.000E+00 0.000E+00 0.000E+00 0.000E+00 0.000E+00
 1.778E+18 5.165E+01 3.430E-03 1.447E+11 1.306E-16 1.174E+01 7.140E-02 0.000E+00 0.000E+00 0.000E+00 0.000E+00 0.000E+00 0.000E+00 0.000E+00
 3.162E+18 4.854E+01 1.045E-02 3.829E+11 3.477E-16 1.364E+01 1.908E-01 0.000E+00 0.000E+00 0.000E+00 0.000E+00 0.000E+00 0.000E+00 0.000E+00
 5.623E+18 4.217E+01 4.116E-02 1.062E+12 9.776E-16 1.647E+01 5.446E-01 0.000E+00 0.000E+00 0.000E+00 0.000E+00 0.000E+00 0.000E+00 0.000E+00
 1.000E+19 3.567E+01 2.171E-01 3.139E+12 2.902E-15 2.138E+01 1.756E+00 0.000E+00 0.000E+00 0.000E+00 0.000E+00 0.000E+00 0.000E+00 0.000E+00

       162.81 mic (1841.343 GHz) transition between levels 17 and 16
     Upper Level: J =  16                                                                         
     Lower Level: J =  15                                                                         

    Nmol      Tex       tau       Flux      Io     delta(Tb) del(TRJ)     eta       p1        p2       Gamma1    Gamma2    Gamma
  cm-2/kms     K                   Jy   W/m2/Hz/st    K         K                 cm-3s-1   cm-3s-1      s-1       s-1       s-1 
 1.000E+16 5.462E+01 4.203E-07 2.132E+07 1.914E-20 5.496E+00 9.187E-06 0.000E+00 0.000E+00 0.000E+00 0.000E+00 0.000E+00 0.000E+00 0.000E+00
 1.778E+16 5.465E+01 8.228E-07 4.178E+07 3.751E-20 5.736E+00 1.800E-05 0.000E+00 0.000E+00 0.000E+00 0.000E+00 0.000E+00 0.000E+00 0.000E+00
 3.162E+16 5.469E+01 1.671E-06 8.496E+07 7.629E-20 6.013E+00 3.662E-05 0.000E+00 0.000E+00 0.000E+00 0.000E+00 0.000E+00 0.000E+00 0.000E+00
 5.623E+16 5.477E+01 3.538E-06 1.804E+08 1.620E-19 6.338E+00 7.775E-05 0.000E+00 0.000E+00 0.000E+00 0.000E+00 0.000E+00 0.000E+00 0.000E+00
 1.000E+17 5.487E+01 7.822E-06 4.004E+08 3.595E-19 6.722E+00 1.726E-04 0.000E+00 0.000E+00 0.000E+00 0.000E+00 0.000E+00 0.000E+00 0.000E+00
 1.778E+17 5.498E+01 1.819E-05 9.349E+08 8.395E-19 7.186E+00 4.029E-04 0.000E+00 0.000E+00 0.000E+00 0.000E+00 0.000E+00 0.000E+00 0.000E+00
 3.162E+17 5.512E+01 4.399E-05 2.272E+09 2.040E-18 7.745E+00 9.793E-04 0.000E+00 0.000E+00 0.000E+00 0.000E+00 0.000E+00 0.000E+00 0.000E+00
 5.623E+17 5.531E+01 1.095E-04 5.693E+09 5.113E-18 8.423E+00 2.454E-03 0.000E+00 0.000E+00 0.000E+00 0.000E+00 0.000E+00 0.000E+00 0.000E+00
 1.000E+18 5.538E+01 2.797E-04 1.457E+10 1.309E-17 9.252E+00 6.285E-03 0.000E+00 0.000E+00 0.000E+00 0.000E+00 0.000E+00 0.000E+00 0.000E+00
 1.778E+18 5.527E+01 7.298E-04 3.783E+10 3.402E-17 1.028E+01 1.634E-02 0.000E+00 0.000E+00 0.000E+00 0.000E+00 0.000E+00 0.000E+00 0.000E+00
 3.162E+18 5.460E+01 1.967E-03 9.915E+10 8.932E-17 1.158E+01 4.291E-02 0.000E+00 0.000E+00 0.000E+00 0.000E+00 0.000E+00 0.000E+00 0.000E+00
 5.623E+18 5.190E+01 5.815E-03 2.622E+11 2.371E-16 1.328E+01 1.142E-01 0.000E+00 0.000E+00 0.000E+00 0.000E+00 0.000E+00 0.000E+00 0.000E+00
 1.000E+19 4.580E+01 2.135E-02 7.156E+11 6.539E-16 1.569E+01 3.172E-01 0.000E+00 0.000E+00 0.000E+00 0.000E+00 0.000E+00 0.000E+00 0.000E+00

       153.27 mic (1956.020 GHz) transition between levels 18 and 17
     Upper Level: J =  17                                                                         
     Lower Level: J =  16                                                                         

    Nmol      Tex       tau       Flux      Io     delta(Tb) del(TRJ)     eta       p1        p2       Gamma1    Gamma2    Gamma
  cm-2/kms     K                   Jy   W/m2/Hz/st    K         K                 cm-3s-1   cm-3s-1      s-1       s-1       s-1 
 1.000E+16 5.500E+01 8.978E-08 4.891E+06 4.392E-21 5.294E+00 1.868E-06 0.000E+00 0.000E+00 0.000E+00 0.000E+00 0.000E+00 0.000E+00 0.000E+00
 1.778E+16 5.505E+01 1.759E-07 9.600E+06 8.620E-21 5.503E+00 3.667E-06 0.000E+00 0.000E+00 0.000E+00 0.000E+00 0.000E+00 0.000E+00 0.000E+00
 3.162E+16 5.512E+01 3.575E-07 1.957E+07 1.757E-20 5.743E+00 7.474E-06 0.000E+00 0.000E+00 0.000E+00 0.000E+00 0.000E+00 0.000E+00 0.000E+00
 5.623E+16 5.522E+01 7.587E-07 4.168E+07 3.742E-20 6.021E+00 1.592E-05 0.000E+00 0.000E+00 0.000E+00 0.000E+00 0.000E+00 0.000E+00 0.000E+00
 1.000E+17 5.535E+01 1.682E-06 9.287E+07 8.339E-20 6.348E+00 3.547E-05 0.000E+00 0.000E+00 0.000E+00 0.000E+00 0.000E+00 0.000E+00 0.000E+00
 1.778E+17 5.554E+01 3.923E-06 2.181E+08 1.959E-19 6.737E+00 8.331E-05 0.000E+00 0.000E+00 0.000E+00 0.000E+00 0.000E+00 0.000E+00 0.000E+00
 3.162E+17 5.576E+01 9.520E-06 5.337E+08 4.792E-19 7.199E+00 2.038E-04 0.000E+00 0.000E+00 0.000E+00 0.000E+00 0.000E+00 0.000E+00 0.000E+00
 5.623E+17 5.598E+01 2.382E-05 1.346E+09 1.209E-18 7.749E+00 5.142E-04 0.000E+00 0.000E+00 0.000E+00 0.000E+00 0.000E+00 0.000E+00 0.000E+00
 1.000E+18 5.627E+01 6.089E-05 3.478E+09 3.123E-18 8.407E+00 1.328E-03 0.000E+00 0.000E+00 0.000E+00 0.000E+00 0.000E+00 0.000E+00 0.000E+00
 1.778E+18 5.651E+01 1.580E-04 9.101E+09 8.175E-18 9.200E+00 3.478E-03 0.000E+00 0.000E+00 0.000E+00 0.000E+00 0.000E+00 0.000E+00 0.000E+00
 3.162E+18 5.655E+01 4.153E-04 2.393E+10 2.151E-17 1.016E+01 9.150E-03 0.000E+00 0.000E+00 0.000E+00 0.000E+00 0.000E+00 0.000E+00 0.000E+00
 5.623E+18 5.624E+01 1.109E-03 6.308E+10 5.676E-17 1.136E+01 2.416E-02 0.000E+00 0.000E+00 0.000E+00 0.000E+00 0.000E+00 0.000E+00 0.000E+00
 1.000E+19 5.441E+01 3.146E-03 1.663E+11 1.500E-16 1.287E+01 6.390E-02 0.000E+00 0.000E+00 0.000E+00 0.000E+00 0.000E+00 0.000E+00 0.000E+00

       144.78 mic (2070.615 GHz) transition between levels 19 and 18
     Upper Level: J =  18                                                                         
     Lower Level: J =  17                                                                         

    Nmol      Tex       tau       Flux      Io     delta(Tb) del(TRJ)     eta       p1        p2       Gamma1    Gamma2    Gamma
  cm-2/kms     K                   Jy   W/m2/Hz/st    K         K                 cm-3s-1   cm-3s-1      s-1       s-1       s-1 
 1.000E+16 5.588E+01 1.738E-08 1.030E+06 9.249E-22 5.106E+00 3.511E-07 0.000E+00 0.000E+00 0.000E+00 0.000E+00 0.000E+00 0.000E+00 0.000E+00
 1.778E+16 5.594E+01 3.410E-08 2.025E+06 1.819E-21 5.290E+00 6.903E-07 0.000E+00 0.000E+00 0.000E+00 0.000E+00 0.000E+00 0.000E+00 0.000E+00
 3.162E+16 5.601E+01 6.948E-08 4.138E+06 3.716E-21 5.499E+00 1.410E-06 0.000E+00 0.000E+00 0.000E+00 0.000E+00 0.000E+00 0.000E+00 0.000E+00
 5.623E+16 5.612E+01 1.479E-07 8.843E+06 7.941E-21 5.740E+00 3.014E-06 0.000E+00 0.000E+00 0.000E+00 0.000E+00 0.000E+00 0.000E+00 0.000E+00
 1.000E+17 5.625E+01 3.292E-07 1.979E+07 1.777E-20 6.021E+00 6.745E-06 0.000E+00 0.000E+00 0.000E+00 0.000E+00 0.000E+00 0.000E+00 0.000E+00
 1.778E+17 5.642E+01 7.725E-07 4.672E+07 4.195E-20 6.351E+00 1.592E-05 0.000E+00 0.000E+00 0.000E+00 0.000E+00 0.000E+00 0.000E+00 0.000E+00
 3.162E+17 5.663E+01 1.887E-06 1.150E+08 1.033E-19 6.739E+00 3.921E-05 0.000E+00 0.000E+00 0.000E+00 0.000E+00 0.000E+00 0.000E+00 0.000E+00
 5.623E+17 5.688E+01 4.753E-06 2.925E+08 2.626E-19 7.195E+00 9.969E-05 0.000E+00 0.000E+00 0.000E+00 0.000E+00 0.000E+00 0.000E+00 0.000E+00
 1.000E+18 5.711E+01 1.226E-05 7.611E+08 6.835E-19 7.730E+00 2.594E-04 0.000E+00 0.000E+00 0.000E+00 0.000E+00 0.000E+00 0.000E+00 0.000E+00
 1.778E+18 5.740E+01 3.204E-05 2.010E+09 1.805E-18 8.361E+00 6.850E-04 0.000E+00 0.000E+00 0.000E+00 0.000E+00 0.000E+00 0.000E+00 0.000E+00
 3.162E+18 5.770E+01 8.415E-05 5.337E+09 4.791E-18 9.110E+00 1.819E-03 0.000E+00 0.000E+00 0.000E+00 0.000E+00 0.000E+00 0.000E+00 0.000E+00
 5.623E+18 5.782E+01 2.221E-04 1.413E+10 1.270E-17 1.000E+01 4.821E-03 0.000E+00 0.000E+00 0.000E+00 0.000E+00 0.000E+00 0.000E+00 0.000E+00
 1.000E+19 5.773E+01 5.884E-04 3.729E+10 3.352E-17 1.109E+01 1.273E-02 0.000E+00 0.000E+00 0.000E+00 0.000E+00 0.000E+00 0.000E+00 0.000E+00

       137.20 mic (2185.133 GHz) transition between levels 20 and 19
     Upper Level: J =  19                                                                         
     Lower Level: J =  18                                                                         

    Nmol      Tex       tau       Flux      Io     delta(Tb) del(TRJ)     eta       p1        p2       Gamma1    Gamma2    Gamma
  cm-2/kms     K                   Jy   W/m2/Hz/st    K         K                 cm-3s-1   cm-3s-1      s-1       s-1       s-1 
 1.000E+16 5.470E+01 3.156E-09 1.864E+05 1.674E-22 4.916E+00 5.704E-08 0.000E+00 0.000E+00 0.000E+00 0.000E+00 0.000E+00 0.000E+00 0.000E+00
 1.778E+16 5.473E+01 6.204E-09 3.668E+05 3.294E-22 5.077E+00 1.123E-07 0.000E+00 0.000E+00 0.000E+00 0.000E+00 0.000E+00 0.000E+00 0.000E+00
 3.162E+16 5.477E+01 1.267E-08 7.507E+05 6.741E-22 5.260E+00 2.297E-07 0.000E+00 0.000E+00 0.000E+00 0.000E+00 0.000E+00 0.000E+00 0.000E+00
 5.623E+16 5.484E+01 2.707E-08 1.608E+06 1.444E-21 5.468E+00 4.921E-07 0.000E+00 0.000E+00 0.000E+00 0.000E+00 0.000E+00 0.000E+00 0.000E+00
 1.000E+17 5.494E+01 6.054E-08 3.611E+06 3.242E-21 5.709E+00 1.105E-06 0.000E+00 0.000E+00 0.000E+00 0.000E+00 0.000E+00 0.000E+00 0.000E+00
 1.778E+17 5.508E+01 1.428E-07 8.567E+06 7.693E-21 5.991E+00 2.622E-06 0.000E+00 0.000E+00 0.000E+00 0.000E+00 0.000E+00 0.000E+00 0.000E+00
 3.162E+17 5.525E+01 3.513E-07 2.122E+07 1.906E-20 6.319E+00 6.495E-06 0.000E+00 0.000E+00 0.000E+00 0.000E+00 0.000E+00 0.000E+00 0.000E+00
 5.623E+17 5.546E+01 8.920E-07 5.433E+07 4.878E-20 6.698E+00 1.663E-05 0.000E+00 0.000E+00 0.000E+00 0.000E+00 0.000E+00 0.000E+00 0.000E+00
 1.000E+18 5.571E+01 2.318E-06 1.426E+08 1.281E-19 7.138E+00 4.364E-05 0.000E+00 0.000E+00 0.000E+00 0.000E+00 0.000E+00 0.000E+00 0.000E+00
 1.778E+18 5.593E+01 6.112E-06 3.794E+08 3.407E-19 7.647E+00 1.161E-04 0.000E+00 0.000E+00 0.000E+00 0.000E+00 0.000E+00 0.000E+00 0.000E+00
 3.162E+18 5.613E+01 1.621E-05 1.014E+09 9.106E-19 8.238E+00 3.104E-04 0.000E+00 0.000E+00 0.000E+00 0.000E+00 0.000E+00 0.000E+00 0.000E+00
 5.623E+18 5.637E+01 4.290E-05 2.709E+09 2.433E-18 8.927E+00 8.291E-04 0.000E+00 0.000E+00 0.000E+00 0.000E+00 0.000E+00 0.000E+00 0.000E+00
 1.000E+19 5.643E+01 1.133E-04 7.166E+09 6.437E-18 9.733E+00 2.194E-03 0.000E+00 0.000E+00 0.000E+00 0.000E+00 0.000E+00 0.000E+00 0.000E+00
