          *** MOLPOP-CEP; version of December 3, 2013 ***

* CO with collision rates from Yang et al 2010
* These lines are echoed in the output because they start with a '*'
*
      Solution method is Slab (Capriotti) escape probability 
      Molecule --- CO
      Number of levels = 20

        Collision information:
    1.  Relative weight of collision partner =  3.00
        Collision rates from data file DataBase/Coll/Yang_CO_H2o.kij

    2.  Relative weight of collision partner =  1.00
        Collision rates from data file DataBase/Coll/Yang_CO_H2p.kij

      Tgas =  100.0 K
      n_tot =  1.00E+04 cm-3

      No considerations of dust absorption
      No considerations of Line Overlap
      No maser saturation effects

      External Radiation field includes:
        - 2.725K Cosmic Background
        - Dust with Td =  100.0 K and Tau(v) =  3.00E+00
          Dust properties from file DataBase/Standard_ISM.dat
 Using INCREASING strategy
------------------------------------------------------------------------------

      *** All optical depths are listed at line center ***


  Molecular column = 1.00E+16 cm-2/kms      Total emission = 9.03E-21 erg/s/mol
 
  Populations:
      level    x(i)         n(i)       n(i)/n*     T_ex(i,1)     emission     %
                          cm^{-3}                      K         erg/s/mol
        1    5.375E-02    5.375E-02    1.961E+00    0.000E+00    0.000E+00    0
        2    6.348E-02    1.802E-01    2.317E+00   -4.977E+01    0.000E+00    0
        3    6.067E-02    2.569E-01    2.214E+00    3.701E+02    2.268E-22    3
        4    4.864E-02    2.443E-01    1.775E+00    7.686E+01    9.496E-22   11
        5    3.096E-02    1.602E-01    1.130E+00    5.007E+01    1.847E-21   20
        6    1.500E-02    7.198E-02    5.475E-01    3.940E+01    2.200E-21   24
        7    5.781E-03    2.352E-02    2.110E-01    3.425E+01    1.780E-21   20
        8    2.074E-03    6.610E-03    7.567E-02    3.224E+01    1.080E-21   12
        9    7.804E-04    1.811E-03    2.848E-02    3.199E+01    5.455E-22    6
       10    3.121E-04    4.922E-04    1.139E-02    3.259E+01    2.445E-22    3
       11    1.300E-04    1.304E-04    4.745E-03    3.355E+01    9.968E-23    1
       12    5.597E-05    3.347E-05    2.042E-03    3.470E+01    3.757E-23    0
       13    2.509E-05    8.401E-06    9.156E-04    3.599E+01    1.334E-23    0
       14    1.193E-05    2.103E-06    4.354E-04    3.742E+01    4.590E-24    0
       15    5.566E-06    4.863E-07    2.031E-04    3.875E+01    1.422E-24    0
       16    2.489E-06    1.015E-07    9.084E-05    3.993E+01    3.895E-25    0
       17    1.201E-06    2.154E-08    4.381E-05    4.124E+01    1.064E-25    0
       18    5.536E-07    4.120E-09    2.021E-05    4.241E+01    2.579E-26    0
       19    2.500E-07    7.282E-10    9.125E-06    4.349E+01    5.690E-27    0
       20    1.021E-07    1.098E-10    3.726E-06    4.435E+01    1.057E-27    0

  The top emitting lines are:

        i    j  wavelength    tau    beta       Tex      emission   %
                  micron                         K       erg/s/mol
        6    5  5.202E+02  4.78E-01  6.55E-01  2.76E+01  2.20E-21  24
        5    4  6.503E+02  5.82E-01  6.16E-01  3.29E+01  1.85E-21  20
        7    6  4.336E+02  2.41E-01  7.73E-01  2.58E+01  1.78E-21  20
        8    7  3.717E+02  8.10E-02  8.94E-01  2.74E+01  1.08E-21  12
        4    3  8.670E+02  4.22E-01  6.79E-01  4.29E+01  9.50E-22  11
        9    8  3.252E+02  2.25E-02  9.60E-01  3.12E+01  5.45E-22   6
       10    9  2.891E+02  6.09E-03  9.86E-01  3.52E+01  2.45E-22   3
        3    2  1.300E+03  1.48E-01  8.36E-01  7.09E+01  2.27E-22   3
       11   10  2.602E+02  1.65E-03  9.96E-01  3.87E+01  9.97E-23   1

  Inverted lines:

        i    j  wavelength    tau     Tex        eta
                  micron               K

        2    1  2.601E+03 -5.39E-02 -4.98E+01  5.55E-02
------------------------------------------------------------------------------


  Molecular column = 1.78E+16 cm-2/kms      Total emission = 8.75E-21 erg/s/mol
 
  Populations:
      level    x(i)         n(i)       n(i)/n*     T_ex(i,1)     emission     %
                          cm^{-3}                      K         erg/s/mol
        1    5.166E-02    5.166E-02    1.885E+00    0.000E+00    0.000E+00    0
        2    6.022E-02    1.709E-01    2.198E+00   -5.638E+01    0.000E+00    0
        3    5.750E-02    2.435E-01    2.098E+00    2.819E+02    1.971E-22    2
        4    4.785E-02    2.404E-01    1.746E+00    8.127E+01    8.138E-22    9
        5    3.292E-02    1.704E-01    1.201E+00    5.511E+01    1.639E-21   19
        6    1.751E-02    8.398E-02    6.388E-01    4.340E+01    2.090E-21   24
        7    7.033E-03    2.862E-02    2.567E-01    3.681E+01    1.822E-21   21
        8    2.438E-03    7.771E-03    8.897E-02    3.365E+01    1.158E-21   13
        9    8.788E-04    2.040E-03    3.207E-02    3.283E+01    5.939E-22    7
       10    3.445E-04    5.434E-04    1.257E-02    3.319E+01    2.670E-22    3
       11    1.428E-04    1.432E-04    5.210E-03    3.405E+01    1.091E-22    1
       12    6.141E-05    3.672E-05    2.241E-03    3.515E+01    4.118E-23    0
       13    2.757E-05    9.231E-06    1.006E-03    3.640E+01    1.465E-23    0
       14    1.311E-05    2.312E-06    4.785E-04    3.780E+01    5.044E-24    0
       15    6.125E-06    5.351E-07    2.235E-04    3.910E+01    1.565E-24    0
       16    2.747E-06    1.120E-07    1.002E-04    4.026E+01    4.298E-25    0
       17    1.326E-06    2.378E-08    4.838E-05    4.156E+01    1.175E-25    0
       18    6.123E-07    4.557E-09    2.235E-05    4.271E+01    2.852E-26    0
       19    2.770E-07    8.069E-10    1.011E-05    4.378E+01    6.304E-27    0
       20    1.132E-07    1.218E-10    4.132E-06    4.462E+01    1.173E-27    0

  The top emitting lines are:

        i    j  wavelength    tau    beta       Tex      emission   %
                  micron                         K       erg/s/mol
        6    5  5.202E+02  8.53E-01  5.34E-01  3.05E+01  2.09E-21  24
        7    6  4.336E+02  4.91E-01  6.50E-01  2.67E+01  1.82E-21  21
        5    4  6.503E+02  9.32E-01  5.14E-01  3.72E+01  1.64E-21  19
        8    7  3.717E+02  1.77E-01  8.15E-01  2.68E+01  1.16E-21  13
        4    3  8.670E+02  6.53E-01  5.92E-01  4.75E+01  8.14E-22   9
        9    8  3.252E+02  4.77E-02  9.28E-01  3.02E+01  5.94E-22   7
       10    9  2.891E+02  1.23E-02  9.76E-01  3.47E+01  2.67E-22   3
        3    2  1.300E+03  2.51E-01  7.67E-01  7.05E+01  1.97E-22   2
       11   10  2.602E+02  3.24E-03  9.92E-01  3.86E+01  1.09E-22   1

  Inverted lines:

        i    j  wavelength    tau     Tex        eta
                  micron               K

        2    1  2.601E+03 -8.08E-02 -5.64E+01  4.90E-02
------------------------------------------------------------------------------


  Molecular column = 3.16E+16 cm-2/kms      Total emission = 8.38E-21 erg/s/mol
 
  Populations:
      level    x(i)         n(i)       n(i)/n*     T_ex(i,1)     emission     %
                          cm^{-3}                      K         erg/s/mol
        1    4.916E-02    4.916E-02    1.794E+00    0.000E+00    0.000E+00    0
        2    5.638E-02    1.600E-01    2.058E+00   -6.765E+01    0.000E+00    0
        3    5.388E-02    2.282E-01    1.966E+00    2.231E+02    1.643E-22    2
        4    4.650E-02    2.336E-01    1.697E+00    8.564E+01    6.680E-22    8
        5    3.461E-02    1.792E-01    1.263E+00    6.119E+01    1.390E-21   17
        6    2.069E-02    9.924E-02    7.549E-01    4.894E+01    1.909E-21   23
        7    9.167E-03    3.730E-02    3.346E-01    4.089E+01    1.828E-21   22
        8    3.147E-03    1.003E-02    1.148E-01    3.604E+01    1.255E-21   15
        9    1.057E-03    2.453E-03    3.856E-02    3.415E+01    6.656E-22    8
       10    3.974E-04    6.269E-04    1.450E-02    3.406E+01    3.014E-22    4
       11    1.626E-04    1.631E-04    5.935E-03    3.475E+01    1.234E-22    1
       12    6.981E-05    4.175E-05    2.548E-03    3.576E+01    4.671E-23    1
       13    3.137E-05    1.050E-05    1.145E-03    3.696E+01    1.666E-23    0
       14    1.493E-05    2.633E-06    5.450E-04    3.832E+01    5.743E-24    0
       15    6.985E-06    6.103E-07    2.549E-04    3.959E+01    1.785E-24    0
       16    3.146E-06    1.283E-07    1.148E-04    4.072E+01    4.922E-25    0
       17    1.519E-06    2.726E-08    5.545E-05    4.199E+01    1.347E-25    0
       18    7.036E-07    5.236E-09    2.568E-05    4.312E+01    3.277E-26    0
       19    3.192E-07    9.295E-10    1.165E-05    4.417E+01    7.263E-27    0
       20    1.306E-07    1.405E-10    4.767E-06    4.499E+01    1.353E-27    0

  The top emitting lines are:

        i    j  wavelength    tau    beta       Tex      emission   %
                  micron                         K       erg/s/mol
        6    5  5.202E+02  1.46E+00  4.13E-01  3.49E+01  1.91E-21  23
        7    6  4.336E+02  9.89E-01  5.01E-01  2.90E+01  1.83E-21  22
        5    4  6.503E+02  1.45E+00  4.14E-01  4.28E+01  1.39E-21  17
        8    7  3.717E+02  4.12E-01  6.84E-01  2.66E+01  1.25E-21  15
        4    3  8.670E+02  9.92E-01  5.00E-01  5.30E+01  6.68E-22   8
        9    8  3.252E+02  1.12E-01  8.65E-01  2.88E+01  6.66E-22   8
       10    9  2.891E+02  2.66E-02  9.55E-01  3.37E+01  3.01E-22   4
        3    2  1.300E+03  4.16E-01  6.82E-01  7.09E+01  1.64E-22   2
       11   10  2.602E+02  6.67E-03  9.85E-01  3.82E+01  1.23E-22   1
       12   11  2.366E+02  1.72E-03  9.95E-01  4.18E+01  4.67E-23   1

  Inverted lines:

        i    j  wavelength    tau     Tex        eta
                  micron               K

        2    1  2.601E+03 -1.13E-01 -6.77E+01  4.09E-02
------------------------------------------------------------------------------


  Molecular column = 5.62E+16 cm-2/kms      Total emission = 7.89E-21 erg/s/mol
 
  Populations:
      level    x(i)         n(i)       n(i)/n*     T_ex(i,1)     emission     %
                          cm^{-3}                      K         erg/s/mol
        1    4.637E-02    4.637E-02    1.692E+00    0.000E+00    0.000E+00    0
        2    5.219E-02    1.481E-01    1.905E+00   -8.799E+01    0.000E+00    0
        3    5.001E-02    2.118E-01    1.825E+00    1.835E+02    1.309E-22    2
        4    4.462E-02    2.241E-01    1.629E+00    8.964E+01    5.240E-22    7
        5    3.569E-02    1.848E-01    1.303E+00    6.789E+01    1.123E-21   14
        6    2.406E-02    1.154E-01    8.781E-01    5.584E+01    1.656E-21   21
        7    1.240E-02    5.046E-02    4.526E-01    4.683E+01    1.761E-21   22
        8    4.573E-03    1.458E-02    1.669E-01    4.007E+01    1.348E-21   17
        9    1.417E-03    3.288E-03    5.170E-02    3.634E+01    7.647E-22   10
       10    4.890E-04    7.713E-04    1.785E-02    3.535E+01    3.533E-22    4
       11    1.939E-04    1.944E-04    7.076E-03    3.571E+01    1.451E-22    2
       12    8.272E-05    4.946E-05    3.019E-03    3.658E+01    5.511E-23    1
       13    3.718E-05    1.245E-05    1.357E-03    3.770E+01    1.973E-23    0
       14    1.771E-05    3.122E-06    6.463E-04    3.900E+01    6.808E-24    0
       15    8.304E-06    7.256E-07    3.031E-04    4.022E+01    2.122E-24    0
       16    3.759E-06    1.533E-07    1.372E-04    4.132E+01    5.882E-25    0
       17    1.819E-06    3.263E-08    6.637E-05    4.256E+01    1.612E-25    0
       18    8.450E-07    6.288E-09    3.084E-05    4.366E+01    3.936E-26    0
       19    3.847E-07    1.120E-09    1.404E-05    4.468E+01    8.754E-27    0
       20    1.578E-07    1.697E-10    5.758E-06    4.547E+01    1.634E-27    0

  The top emitting lines are:

        i    j  wavelength    tau    beta       Tex      emission   %
                  micron                         K       erg/s/mol
        7    6  4.336E+02  1.89E+00  3.56E-01  3.34E+01  1.76E-21  22
        6    5  5.202E+02  2.40E+00  3.08E-01  4.12E+01  1.66E-21  21
        8    7  3.717E+02  9.68E-01  5.05E-01  2.80E+01  1.35E-21  17
        5    4  6.503E+02  2.20E+00  3.25E-01  4.98E+01  1.12E-21  14
        9    8  3.252E+02  2.95E-01  7.42E-01  2.74E+01  7.65E-22  10
        4    3  8.670E+02  1.49E+00  4.09E-01  5.93E+01  5.24E-22   7
       10    9  2.891E+02  6.49E-02  9.10E-01  3.19E+01  3.53E-22   4
       11   10  2.602E+02  1.47E-02  9.72E-01  3.74E+01  1.45E-22   2
        3    2  1.300E+03  6.73E-01  5.85E-01  7.22E+01  1.31E-22   2
       12   11  2.366E+02  3.66E-03  9.91E-01  4.17E+01  5.51E-23   1

  Inverted lines:

        i    j  wavelength    tau     Tex        eta
                  micron               K

        2    1  2.601E+03 -1.44E-01 -8.80E+01  3.14E-02
------------------------------------------------------------------------------


  Molecular column = 1.00E+17 cm-2/kms      Total emission = 7.30E-21 erg/s/mol
 
  Populations:
      level    x(i)         n(i)       n(i)/n*     T_ex(i,1)     emission     %
                          cm^{-3}                      K         erg/s/mol
        1    4.347E-02    4.347E-02    1.586E+00    0.000E+00    0.000E+00    0
        2    4.794E-02    1.361E-01    1.750E+00   -1.297E+02    0.000E+00    0
        3    4.615E-02    1.955E-01    1.684E+00    1.567E+02    9.970E-23    1
        4    4.240E-02    2.130E-01    1.547E+00    9.304E+01    3.937E-22    5
        5    3.599E-02    1.863E-01    1.313E+00    7.455E+01    8.669E-22   12
        6    2.701E-02    1.296E-01    9.857E-01    6.355E+01    1.360E-21   19
        7    1.638E-02    6.666E-02    5.979E-01    5.435E+01    1.600E-21   22
        8    7.192E-03    2.293E-02    2.625E-01    4.626E+01    1.390E-21   19
        9    2.236E-03    5.191E-03    8.161E-02    4.016E+01    8.811E-22   12
       10    6.688E-04    1.055E-03    2.441E-02    3.735E+01    4.285E-22    6
       11    2.451E-04    2.458E-04    8.944E-03    3.700E+01    1.777E-22    2
       12    1.024E-04    6.126E-05    3.739E-03    3.763E+01    6.766E-23    1
       13    4.599E-05    1.540E-05    1.678E-03    3.863E+01    2.434E-23    0
       14    2.189E-05    3.859E-06    7.987E-04    3.985E+01    8.407E-24    0
       15    1.031E-05    9.005E-07    3.761E-04    4.102E+01    2.633E-24    0
       16    4.691E-06    1.913E-07    1.712E-04    4.207E+01    7.341E-25    0
       17    2.276E-06    4.083E-08    8.307E-05    4.327E+01    2.018E-25    0
       18    1.062E-06    7.903E-09    3.876E-05    4.433E+01    4.946E-26    0
       19    4.856E-07    1.414E-09    1.772E-05    4.532E+01    1.105E-26    0
       20    1.999E-07    2.150E-10    7.295E-06    4.607E+01    2.070E-27    0

  The top emitting lines are:

        i    j  wavelength    tau    beta       Tex      emission   %
                  micron                         K       erg/s/mol
        7    6  4.336E+02  3.38E+00  2.45E-01  3.99E+01  1.60E-21  22
        8    7  3.717E+02  2.13E+00  3.31E-01  3.20E+01  1.39E-21  19
        6    5  5.202E+02  3.78E+00  2.25E-01  4.91E+01  1.36E-21  19
        9    8  3.252E+02  8.24E-01  5.41E-01  2.75E+01  8.81E-22  12
        5    4  6.503E+02  3.31E+00  2.49E-01  5.74E+01  8.67E-22  12
       10    9  2.891E+02  1.89E-01  8.07E-01  2.92E+01  4.28E-22   6
        4    3  8.670E+02  2.22E+00  3.23E-01  6.62E+01  3.94E-22   5
       11   10  2.602E+02  3.66E-02  9.42E-01  3.55E+01  1.78E-22   2
        3    2  1.300E+03  1.07E+00  4.83E-01  7.45E+01  9.97E-23   1
       12   11  2.366E+02  8.28E-03  9.82E-01  4.11E+01  6.77E-23   1

  Inverted lines:

        i    j  wavelength    tau     Tex        eta
                  micron               K

        2    1  2.601E+03 -1.62E-01 -1.30E+02  2.13E-02
------------------------------------------------------------------------------


  Molecular column = 1.78E+17 cm-2/kms      Total emission = 6.59E-21 erg/s/mol
 
  Populations:
      level    x(i)         n(i)       n(i)/n*     T_ex(i,1)     emission     %
                          cm^{-3}                      K         erg/s/mol
        1    4.053E-02    4.053E-02    1.479E+00    0.000E+00    0.000E+00    0
        2    4.381E-02    1.244E-01    1.599E+00   -2.457E+02    0.000E+00    0
        3    4.243E-02    1.797E-01    1.549E+00    1.382E+02    7.265E-23    1
        4    3.984E-02    2.001E-01    1.454E+00    9.512E+01    2.829E-22    4
        5    3.555E-02    1.840E-01    1.297E+00    8.085E+01    6.311E-22   10
        6    2.915E-02    1.399E-01    1.064E+00    7.158E+01    1.044E-21   16
        7    2.061E-02    8.384E-02    7.520E-01    6.320E+01    1.347E-21   20
        8    1.121E-02    3.573E-02    4.091E-01    5.465E+01    1.339E-21   20
        9    4.137E-03    9.603E-03    1.510E-01    4.660E+01    9.841E-22   15
       10    1.118E-03    1.764E-03    4.081E-02    4.094E+01    5.311E-22    8
       11    3.427E-04    3.437E-04    1.251E-02    3.892E+01    2.280E-22    3
       12    1.347E-04    8.055E-05    4.916E-03    3.901E+01    8.715E-23    1
       13    5.983E-05    2.003E-05    2.184E-03    3.982E+01    3.148E-23    0
       14    2.844E-05    5.014E-06    1.038E-03    4.093E+01    1.091E-23    0
       15    1.343E-05    1.173E-06    4.900E-04    4.201E+01    3.428E-24    0
       16    6.165E-06    2.514E-07    2.250E-04    4.301E+01    9.647E-25    0
       17    2.998E-06    5.379E-08    1.094E-04    4.414E+01    2.658E-25    0
       18    1.408E-06    1.048E-08    5.139E-05    4.516E+01    6.559E-26    0
       19    6.472E-07    1.885E-09    2.362E-05    4.611E+01    1.473E-26    0
       20    2.678E-07    2.881E-10    9.773E-06    4.681E+01    2.774E-27    0

  The top emitting lines are:

        i    j  wavelength    tau    beta       Tex      emission   %
                  micron                         K       erg/s/mol
        7    6  4.336E+02  5.66E+00  1.64E-01  4.89E+01  1.35E-21  20
        8    7  3.717E+02  4.28E+00  2.05E-01  3.89E+01  1.34E-21  20
        6    5  5.202E+02  5.84E+00  1.60E-01  5.82E+01  1.04E-21  16
        9    8  3.252E+02  2.18E+00  3.27E-01  3.07E+01  9.84E-22  15
        5    4  6.503E+02  4.93E+00  1.83E-01  6.60E+01  6.31E-22  10
       10    9  2.891E+02  6.34E-01  5.98E-01  2.76E+01  5.31E-22   8
        4    3  8.670E+02  3.34E+00  2.47E-01  7.25E+01  2.83E-22   4
       11   10  2.602E+02  1.14E-01  8.64E-01  3.19E+01  2.28E-22   3
       12   11  2.366E+02  2.09E-02  9.63E-01  3.94E+01  8.72E-23   1
        3    2  1.300E+03  1.67E+00  3.83E-01  7.76E+01  7.26E-23   1

  Inverted lines:

        i    j  wavelength    tau     Tex        eta
                  micron               K

        2    1  2.601E+03 -1.40E-01 -2.46E+02  1.13E-02
------------------------------------------------------------------------------


  Molecular column = 3.16E+17 cm-2/kms      Total emission = 5.81E-21 erg/s/mol
 
  Populations:
      level    x(i)         n(i)       n(i)/n*     T_ex(i,1)     emission     %
                          cm^{-3}                      K         erg/s/mol
        1    3.779E-02    3.779E-02    1.379E+00    0.000E+00    0.000E+00    0
        2    4.010E-02    1.138E-01    1.464E+00   -1.354E+03    0.000E+00    0
        3    3.906E-02    1.654E-01    1.425E+00    1.248E+02    5.070E-23    1
        4    3.741E-02    1.879E-01    1.365E+00    9.705E+01    1.934E-22    3
        5    3.462E-02    1.792E-01    1.264E+00    8.634E+01    4.398E-22    8
        6    3.029E-02    1.453E-01    1.106E+00    7.896E+01    7.612E-22   13
        7    2.400E-02    9.767E-02    8.760E-01    7.191E+01    1.058E-21   18
        8    1.588E-02    5.063E-02    5.797E-01    6.412E+01    1.178E-21   20
        9    7.640E-03    1.773E-02    2.788E-01    5.547E+01    1.012E-21   17
       10    2.353E-03    3.712E-03    8.588E-02    4.727E+01    6.388E-22   11
       11    5.798E-04    5.815E-04    2.116E-02    4.213E+01    2.992E-22    5
       12    1.910E-04    1.142E-04    6.972E-03    4.084E+01    1.167E-22    2
       13    8.134E-05    2.724E-05    2.969E-03    4.126E+01    4.223E-23    1
       14    3.845E-05    6.779E-06    1.403E-03    4.220E+01    1.469E-23    0
       15    1.817E-05    1.588E-06    6.632E-04    4.318E+01    4.634E-24    0
       16    8.422E-06    3.435E-07    3.074E-04    4.410E+01    1.317E-24    0
       17    4.110E-06    7.374E-08    1.500E-04    4.517E+01    3.644E-25    0
       18    1.944E-06    1.447E-08    7.096E-05    4.613E+01    9.057E-26    0
       19    8.996E-07    2.620E-09    3.283E-05    4.702E+01    2.047E-26    0
       20    3.746E-07    4.029E-10    1.367E-05    4.768E+01    3.879E-27    0

  The top emitting lines are:

        i    j  wavelength    tau    beta       Tex      emission   %
                  micron                         K       erg/s/mol
        8    7  3.717E+02  7.74E+00  1.27E-01  4.84E+01  1.18E-21  20
        7    6  4.336E+02  9.16E+00  1.11E-01  5.88E+01  1.06E-21  18
        9    8  3.252E+02  4.97E+00  1.82E-01  3.77E+01  1.01E-21  17
        6    5  5.202E+02  8.99E+00  1.12E-01  6.74E+01  7.61E-22  13
       10    9  2.891E+02  2.03E+00  3.42E-01  2.97E+01  6.39E-22  11
        5    4  6.503E+02  7.46E+00  1.31E-01  7.41E+01  4.40E-22   8
       11   10  2.602E+02  4.43E-01  6.70E-01  2.83E+01  2.99E-22   5
        4    3  8.670E+02  5.04E+00  1.80E-01  7.94E+01  1.93E-22   3
       12   11  2.366E+02  6.58E-02  9.09E-01  3.54E+01  1.17E-22   2
        3    2  1.300E+03  2.62E+00  2.90E-01  8.07E+01  5.07E-23   1
       13   12  2.169E+02  1.22E-02  9.76E-01  4.37E+01  4.22E-23   1

  Inverted lines:

        i    j  wavelength    tau     Tex        eta
                  micron               K

        2    1  2.601E+03 -4.17E-02 -1.35E+03  2.04E-03
------------------------------------------------------------------------------


  Molecular column = 5.62E+17 cm-2/kms      Total emission = 5.00E-21 erg/s/mol
 
  Populations:
      level    x(i)         n(i)       n(i)/n*     T_ex(i,1)     emission     %
                          cm^{-3}                      K         erg/s/mol
        1    3.642E-02    3.642E-02    1.329E+00    0.000E+00    0.000E+00    0
        2    3.672E-02    1.042E-01    1.340E+00    1.173E+02    3.134E-24    0
        3    3.620E-02    1.533E-01    1.321E+00    9.659E+01    3.558E-23    1
        4    3.518E-02    1.767E-01    1.284E+00    9.055E+01    1.278E-22    3
        5    3.342E-02    1.730E-01    1.220E+00    8.658E+01    2.955E-22    6
        6    3.062E-02    1.469E-01    1.118E+00    8.273E+01    5.295E-22   11
        7    2.631E-02    1.071E-01    9.603E-01    7.814E+01    7.801E-22   16
        8    2.009E-02    6.406E-02    7.333E-01    7.226E+01    9.531E-22   19
        9    1.232E-02    2.861E-02    4.497E-01    6.476E+01    9.373E-22   19
       10    5.147E-03    8.118E-03    1.878E-01    5.598E+01    7.036E-22   14
       11    1.320E-03    1.323E-03    4.816E-02    4.783E+01    3.837E-22    8
       12    3.176E-04    1.899E-04    1.159E-02    4.349E+01    1.599E-22    3
       13    1.167E-04    3.909E-05    4.260E-03    4.289E+01    5.841E-23    1
       14    5.365E-05    9.459E-06    1.958E-03    4.356E+01    2.031E-23    0
       15    2.538E-05    2.217E-06    9.262E-04    4.440E+01    6.456E-24    0
       16    1.183E-05    4.823E-07    4.317E-04    4.523E+01    1.848E-24    0
       17    5.809E-06    1.042E-07    2.120E-04    4.623E+01    5.149E-25    0
       18    2.767E-06    2.059E-08    1.010E-04    4.713E+01    1.289E-25    0
       19    1.291E-06    3.759E-09    4.711E-05    4.797E+01    2.937E-26    0
       20    5.411E-07    5.821E-10    1.975E-05    4.857E+01    5.604E-27    0

  The top emitting lines are:

        i    j  wavelength    tau    beta       Tex      emission   %
                  micron                         K       erg/s/mol
        8    7  3.717E+02  1.32E+01  8.13E-02  5.89E+01  9.53E-22  19
        9    8  3.252E+02  9.81E+00  1.04E-01  4.75E+01  9.37E-22  19
        7    6  4.336E+02  1.46E+01  7.44E-02  6.86E+01  7.80E-22  16
       10    9  2.891E+02  5.33E+00  1.72E-01  3.63E+01  7.04E-22  14
        6    5  5.202E+02  1.40E+01  7.73E-02  7.60E+01  5.29E-22  11
       11   10  2.602E+02  1.71E+00  3.78E-01  2.89E+01  3.84E-22   8
        5    4  6.503E+02  1.15E+01  9.13E-02  8.12E+01  2.96E-22   6
       12   11  2.366E+02  2.82E-01  7.49E-01  2.99E+01  1.60E-22   3
        4    3  8.670E+02  7.80E+00  1.26E-01  8.52E+01  1.28E-22   3
       13   12  2.169E+02  3.74E-02  9.41E-01  3.99E+01  5.84E-23   1
        3    2  1.300E+03  3.91E+00  2.20E-01  8.88E+01  3.56E-23   1

  No inversions
------------------------------------------------------------------------------


  Molecular column = 1.00E+18 cm-2/kms      Total emission = 4.18E-21 erg/s/mol
 
  Populations:
      level    x(i)         n(i)       n(i)/n*     T_ex(i,1)     emission     %
                          cm^{-3}                      K         erg/s/mol
        1    3.410E-02    3.410E-02    1.245E+00    0.000E+00    0.000E+00    0
        2    3.422E-02    9.715E-02    1.249E+00    1.068E+02    2.199E-24    0
        3    3.390E-02    1.436E-01    1.237E+00    9.659E+01    2.297E-23    1
        4    3.327E-02    1.671E-01    1.214E+00    9.306E+01    8.201E-23    2
        5    3.219E-02    1.666E-01    1.175E+00    9.054E+01    1.920E-22    5
        6    3.044E-02    1.460E-01    1.111E+00    8.795E+01    3.531E-22    8
        7    2.765E-02    1.125E-01    1.009E+00    8.470E+01    5.442E-22   13
        8    2.331E-02    7.432E-02    8.508E-01    8.028E+01    7.146E-22   17
        9    1.706E-02    3.960E-02    6.225E-01    7.419E+01    7.849E-22   19
       10    9.561E-03    1.508E-02    3.489E-01    6.618E+01    6.889E-22   16
       11    3.387E-03    3.397E-03    1.236E-01    5.684E+01    4.524E-22   11
       12    7.353E-04    4.397E-04    2.684E-02    4.875E+01    2.163E-22    5
       13    1.886E-04    6.315E-05    6.883E-03    4.535E+01    8.262E-23    2
       14    7.775E-05    1.371E-05    2.837E-03    4.527E+01    2.876E-23    1
       15    3.627E-05    3.169E-06    1.324E-03    4.589E+01    9.172E-24    0
       16    1.702E-05    6.939E-07    6.210E-04    4.660E+01    2.655E-24    0
       17    8.380E-06    1.503E-07    3.058E-04    4.749E+01    7.422E-25    0
       18    4.033E-06    3.001E-08    1.472E-04    4.832E+01    1.878E-25    0
       19    1.894E-06    5.516E-09    6.912E-05    4.909E+01    4.310E-26    0
       20    8.018E-07    8.624E-10    2.926E-05    4.962E+01    8.304E-27    0

  The top emitting lines are:

        i    j  wavelength    tau    beta       Tex      emission   %
                  micron                         K       erg/s/mol
        9    8  3.252E+02  1.77E+01  6.32E-02  5.86E+01  7.85E-22  19
        8    7  3.717E+02  2.19E+01  5.26E-02  6.94E+01  7.15E-22  17
       10    9  2.891E+02  1.16E+01  9.07E-02  4.62E+01  6.89E-22  16
        7    6  4.336E+02  2.35E+01  4.94E-02  7.75E+01  5.44E-22  13
       11   10  2.602E+02  5.28E+00  1.73E-01  3.48E+01  4.52E-22  11
        6    5  5.202E+02  2.22E+01  5.19E-02  8.32E+01  3.53E-22   8
       12   11  2.366E+02  1.31E+00  4.38E-01  2.85E+01  2.16E-22   5
        5    4  6.503E+02  1.82E+01  6.16E-02  8.70E+01  1.92E-22   5
       13   12  2.169E+02  1.65E-01  8.23E-01  3.28E+01  8.26E-23   2
        4    3  8.670E+02  1.24E+01  8.58E-02  8.98E+01  8.20E-23   2
       14   13  2.003E+02  2.16E-02  9.62E-01  4.48E+01  2.88E-23   1
        3    2  1.300E+03  6.25E+00  1.52E-01  9.22E+01  2.30E-23   1

  No inversions
------------------------------------------------------------------------------


  Molecular column = 1.78E+18 cm-2/kms      Total emission = 3.40E-21 erg/s/mol
 
  Populations:
      level    x(i)         n(i)       n(i)/n*     T_ex(i,1)     emission     %
                          cm^{-3}                      K         erg/s/mol
        1    3.225E-02    3.225E-02    1.177E+00    0.000E+00    0.000E+00    0
        2    3.229E-02    9.165E-02    1.178E+00    1.022E+02    1.480E-24    0
        3    3.209E-02    1.359E-01    1.171E+00    9.710E+01    1.449E-23    0
        4    3.170E-02    1.592E-01    1.157E+00    9.509E+01    5.142E-23    2
        5    3.104E-02    1.607E-01    1.133E+00    9.356E+01    1.213E-22    4
        6    2.998E-02    1.438E-01    1.094E+00    9.192E+01    2.271E-22    7
        7    2.825E-02    1.149E-01    1.031E+00    8.977E+01    3.617E-22   11
        8    2.544E-02    8.109E-02    9.283E-01    8.672E+01    5.015E-22   15
        9    2.097E-02    4.868E-02    7.654E-01    8.223E+01    6.004E-22   18
       10    1.456E-02    2.297E-02    5.315E-01    7.579E+01    5.997E-22   18
       11    7.301E-03    7.322E-03    2.664E-01    6.719E+01    4.696E-22   14
       12    2.148E-03    1.284E-03    7.839E-02    5.740E+01    2.716E-22    8
       13    4.160E-04    1.393E-04    1.518E-02    4.978E+01    1.161E-22    3
       14    1.217E-04    2.146E-05    4.441E-03    4.742E+01    4.139E-23    1
       15    5.298E-05    4.628E-06    1.933E-03    4.752E+01    1.320E-23    0
       16    2.483E-05    1.012E-06    9.061E-04    4.806E+01    3.858E-24    0
       17    1.225E-05    2.197E-07    4.470E-04    4.884E+01    1.084E-24    0
       18    5.949E-06    4.427E-08    2.171E-04    4.958E+01    2.769E-25    0
       19    2.819E-06    8.211E-09    1.029E-04    5.028E+01    6.416E-26    0
       20    1.203E-06    1.294E-09    4.389E-05    5.073E+01    1.246E-26    0

  The top emitting lines are:

        i    j  wavelength    tau    beta       Tex      emission   %
                  micron                         K       erg/s/mol
        9    8  3.252E+02  3.05E+01  3.93E-02  6.96E+01  6.00E-22  18
       10    9  2.891E+02  2.22E+01  5.18E-02  5.77E+01  6.00E-22  18
        8    7  3.717E+02  3.61E+01  3.38E-02  7.87E+01  5.02E-22  15
       11   10  2.602E+02  1.28E+01  8.35E-02  4.45E+01  4.70E-22  14
        7    6  4.336E+02  3.83E+01  3.21E-02  8.48E+01  3.62E-22  11
       12   11  2.366E+02  4.77E+00  1.88E-01  3.32E+01  2.72E-22   8
        6    5  5.202E+02  3.61E+01  3.39E-02  8.88E+01  2.27E-22   7
        5    4  6.503E+02  2.96E+01  4.03E-02  9.14E+01  1.21E-22   4
       13   12  2.169E+02  8.89E-01  5.25E-01  2.88E+01  1.16E-22   3
        4    3  8.670E+02  2.02E+01  5.64E-02  9.32E+01  5.14E-23   2
       14   13  2.003E+02  9.10E-02  8.84E-01  3.69E+01  4.14E-23   1

  No inversions
------------------------------------------------------------------------------


  Molecular column = 3.16E+18 cm-2/kms      Total emission = 2.68E-21 erg/s/mol
 
  Populations:
      level    x(i)         n(i)       n(i)/n*     T_ex(i,1)     emission     %
                          cm^{-3}                      K         erg/s/mol
        1    3.082E-02    3.082E-02    1.125E+00    0.000E+00    0.000E+00    0
        2    3.082E-02    8.750E-02    1.125E+00    1.004E+02    9.549E-25    0
        3    3.070E-02    1.300E-01    1.121E+00    9.781E+01    8.968E-24    0
        4    3.047E-02    1.530E-01    1.112E+00    9.668E+01    3.165E-23    1
        5    3.007E-02    1.557E-01    1.098E+00    9.577E+01    7.492E-23    3
        6    2.943E-02    1.412E-01    1.074E+00    9.476E+01    1.419E-22    5
        7    2.839E-02    1.155E-01    1.036E+00    9.341E+01    2.311E-22    9
        8    2.666E-02    8.499E-02    9.730E-01    9.145E+01    3.331E-22   12
        9    2.375E-02    5.512E-02    8.667E-01    8.843E+01    4.252E-22   16
       10    1.903E-02    3.002E-02    6.945E-01    8.378E+01    4.700E-22   18
       11    1.234E-02    1.238E-02    4.503E-01    7.687E+01    4.270E-22   16
       12    5.408E-03    3.234E-03    1.974E-01    6.771E+01    2.995E-22   11
       13    1.303E-03    4.363E-04    4.755E-02    5.769E+01    1.534E-22    6
       14    2.441E-04    4.303E-05    8.907E-03    5.098E+01    5.938E-23    2
       15    8.098E-05    7.075E-06    2.955E-03    4.942E+01    1.919E-23    1
       16    3.651E-05    1.489E-06    1.333E-03    4.961E+01    5.620E-24    0
       17    1.805E-05    3.238E-07    6.588E-04    5.025E+01    1.593E-24    0
       18    8.803E-06    6.551E-08    3.213E-04    5.089E+01    4.096E-25    0
       19    4.222E-06    1.230E-08    1.541E-04    5.151E+01    9.607E-26    0
       20    1.811E-06    1.948E-09    6.610E-05    5.187E+01    1.876E-26    0

  The top emitting lines are:

        i    j  wavelength    tau    beta       Tex      emission   %
                  micron                         K       erg/s/mol
       10    9  2.891E+02  3.97E+01  3.11E-02  6.92E+01  4.70E-22  18
       11   10  2.602E+02  2.62E+01  4.49E-02  5.61E+01  4.27E-22  16
        9    8  3.252E+02  5.16E+01  2.46E-02  7.93E+01  4.25E-22  16
        8    7  3.717E+02  6.02E+01  2.14E-02  8.60E+01  3.33E-22  12
       12   11  2.366E+02  1.30E+01  8.24E-02  4.24E+01  3.00E-22  11
        7    6  4.336E+02  6.35E+01  2.04E-02  9.02E+01  2.31E-22   9
       13   12  2.169E+02  3.87E+00  2.21E-01  3.18E+01  1.53E-22   6
        6    5  5.202E+02  5.98E+01  2.16E-02  9.28E+01  1.42E-22   5
        5    4  6.503E+02  4.91E+01  2.57E-02  9.44E+01  7.49E-23   3
       14   13  2.003E+02  5.37E-01  6.32E-01  3.00E+01  5.94E-23   2
        4    3  8.670E+02  3.35E+01  3.61E-02  9.56E+01  3.16E-23   1
       15   14  1.860E+02  4.90E-02  9.27E-01  4.12E+01  1.92E-23   1

  No inversions
------------------------------------------------------------------------------


  Molecular column = 5.62E+18 cm-2/kms      Total emission = 2.06E-21 erg/s/mol
 
  Populations:
      level    x(i)         n(i)       n(i)/n*     T_ex(i,1)     emission     %
                          cm^{-3}                      K         erg/s/mol
        1    2.975E-02    2.975E-02    1.086E+00    0.000E+00    0.000E+00    0
        2    2.975E-02    8.445E-02    1.086E+00    9.997E+01    5.945E-25    0
        3    2.968E-02    1.257E-01    1.083E+00    9.850E+01    5.469E-24    0
        4    2.954E-02    1.484E-01    1.078E+00    9.784E+01    1.919E-23    1
        5    2.930E-02    1.517E-01    1.069E+00    9.730E+01    4.550E-23    2
        6    2.892E-02    1.387E-01    1.055E+00    9.669E+01    8.678E-23    4
        7    2.830E-02    1.152E-01    1.033E+00    9.587E+01    1.433E-22    7
        8    2.727E-02    8.693E-02    9.952E-01    9.467E+01    2.119E-22   10
        9    2.548E-02    5.915E-02    9.300E-01    9.278E+01    2.830E-22   14
       10    2.237E-02    3.528E-02    8.164E-01    8.972E+01    3.373E-22   16
       11    1.723E-02    1.728E-02    6.289E-01    8.478E+01    3.447E-22   17
       12    1.025E-02    6.131E-03    3.742E-01    7.741E+01    2.861E-22   14
       13    3.828E-03    1.282E-03    1.397E-01    6.778E+01    1.791E-22    9
       14    7.584E-04    1.337E-04    2.768E-02    5.783E+01    8.133E-23    4
       15    1.465E-04    1.280E-05    5.347E-03    5.221E+01    2.785E-23    1
       16    5.491E-05    2.239E-06    2.004E-03    5.131E+01    8.217E-24    0
       17    2.657E-05    4.766E-07    9.696E-04    5.171E+01    2.332E-24    0
       18    1.306E-05    9.721E-08    4.767E-04    5.224E+01    6.068E-25    0
       19    6.298E-06    1.834E-08    2.299E-04    5.276E+01    1.432E-25    0
       20    2.730E-06    2.936E-09    9.963E-05    5.304E+01    2.827E-26    0

  The top emitting lines are:

        i    j  wavelength    tau    beta       Tex      emission   %
                  micron                         K       erg/s/mol
       11   10  2.602E+02  4.86E+01  2.60E-02  6.79E+01  3.45E-22  17
       10    9  2.891E+02  6.89E+01  1.90E-02  7.93E+01  3.37E-22  16
       12   11  2.366E+02  2.87E+01  4.15E-02  5.39E+01  2.86E-22  14
        9    8  3.252E+02  8.78E+01  1.53E-02  8.67E+01  2.83E-22  14
        8    7  3.717E+02  1.02E+02  1.33E-02  9.12E+01  2.12E-22  10
       13   12  2.169E+02  1.20E+01  8.79E-02  4.02E+01  1.79E-22   9
        7    6  4.336E+02  1.07E+02  1.27E-02  9.39E+01  1.43E-22   7
        6    5  5.202E+02  1.01E+02  1.34E-02  9.55E+01  8.68E-23   4
       14   13  2.003E+02  2.79E+00  2.79E-01  3.07E+01  8.13E-23   4
        5    4  6.503E+02  8.31E+01  1.60E-02  9.65E+01  4.55E-23   2
       15   14  1.860E+02  2.91E-01  7.44E-01  3.20E+01  2.79E-23   1
        4    3  8.670E+02  5.67E+01  2.26E-02  9.72E+01  1.92E-23   1

  No inversions
------------------------------------------------------------------------------


  Molecular column = 1.00E+19 cm-2/kms      Total emission = 1.54E-21 erg/s/mol
 
  Populations:
      level    x(i)         n(i)       n(i)/n*     T_ex(i,1)     emission     %
                          cm^{-3}                      K         erg/s/mol
        1    2.899E-02    2.899E-02    1.058E+00    0.000E+00    0.000E+00    0
        2    2.898E-02    8.227E-02    1.058E+00    9.982E+01    3.648E-25    0
        3    2.894E-02    1.226E-01    1.056E+00    9.900E+01    3.297E-24    0
        4    2.885E-02    1.449E-01    1.053E+00    9.863E+01    1.151E-23    1
        5    2.871E-02    1.486E-01    1.048E+00    9.832E+01    2.729E-23    2
        6    2.849E-02    1.367E-01    1.040E+00    9.795E+01    5.223E-23    3
        7    2.812E-02    1.144E-01    1.026E+00    9.746E+01    8.696E-23    6
        8    2.752E-02    8.772E-02    1.004E+00    9.675E+01    1.307E-22    8
        9    2.646E-02    6.142E-02    9.657E-01    9.562E+01    1.797E-22   12
       10    2.456E-02    3.873E-02    8.962E-01    9.375E+01    2.257E-22   15
       11    2.109E-02    2.115E-02    7.698E-01    9.054E+01    2.519E-22   16
       12    1.544E-02    9.231E-03    5.634E-01    8.528E+01    2.394E-22   15
       13    8.231E-03    2.756E-03    3.004E-01    7.741E+01    1.802E-22   12
       14    2.535E-03    4.469E-04    9.251E-02    6.737E+01    9.996E-23    6
       15    4.115E-04    3.595E-05    1.502E-02    5.770E+01    3.912E-23    3
       16    9.059E-05    3.694E-06    3.306E-03    5.349E+01    1.197E-23    1
       17    3.928E-05    7.047E-07    1.434E-03    5.323E+01    3.395E-24    0
       18    1.923E-05    1.431E-07    7.017E-04    5.361E+01    8.901E-25    0
       19    9.347E-06    2.722E-08    3.411E-04    5.403E+01    2.124E-25    0
       20    4.062E-06    4.369E-09    1.482E-04    5.420E+01    4.206E-26    0

  The top emitting lines are:

        i    j  wavelength    tau    beta       Tex      emission   %
                  micron                         K       erg/s/mol
       11   10  2.602E+02  8.62E+01  1.55E-02  7.84E+01  2.52E-22  16
       12   11  2.366E+02  5.55E+01  2.31E-02  6.61E+01  2.39E-22  15
       10    9  2.891E+02  1.19E+02  1.16E-02  8.69E+01  2.26E-22  15
       13   12  2.169E+02  2.89E+01  4.12E-02  5.13E+01  1.80E-22  12
        9    8  3.252E+02  1.51E+02  9.33E-03  9.19E+01  1.80E-22  12
        8    7  3.717E+02  1.75E+02  8.14E-03  9.47E+01  1.31E-22   8
       14   13  2.003E+02  1.00E+01  1.03E-01  3.79E+01  1.00E-22   6
        7    6  4.336E+02  1.84E+02  7.76E-03  9.63E+01  8.70E-23   6
        6    5  5.202E+02  1.74E+02  8.20E-03  9.72E+01  5.22E-23   3
       15   14  1.860E+02  1.76E+00  3.72E-01  2.98E+01  3.91E-23   3
        5    4  6.503E+02  1.43E+02  9.81E-03  9.78E+01  2.73E-23   2
       16   15  1.736E+02  1.37E-01  8.45E-01  3.54E+01  1.20E-23   1
        4    3  8.670E+02  9.74E+01  1.39E-02  9.83E+01  1.15E-23   1

  No inversions
------------------------------------------------------------------------------


      Normal completion. Molecular column is  1.00E+19 cm-2/kms

             *** SUMMARY ***

        mol column     emission
         cm-2/kms      erg/s/mol
        1.000E+16      9.031E-21
        1.778E+16      8.752E-21
        3.162E+16      8.376E-21
        5.623E+16      7.891E-21
        1.000E+17      7.302E-21
        1.778E+17      6.594E-21
        3.162E+17      5.812E-21
        5.623E+17      4.997E-21
        1.000E+18      4.178E-21
        1.778E+18      3.396E-21
        3.162E+18      2.684E-21
        5.623E+18      2.063E-21
        1.000E+19      1.545E-21

                    Parameters for selected transitions

      2600.78 mic ( 115.270 GHz) transition between levels  2 and  1
     Upper Level: J =   1                                                                         
     Lower Level: J =   0                                                                         

    Nmol      Tex       tau       Flux   delta(Tb) del(TRJ)     eta       p1        p2       Gamma1    Gamma2    Gamma
  cm-2/kms     K                   Jy       K         K                 cm-3s-1   cm-3s-1      s-1       s-1       s-1 
 1.000E+16-4.977E+01-5.392E-02 0.000E+00 5.249E+00 2.960E+00 5.552E-02 1.467E-07 4.954E-07 2.729E-06 2.749E-06 2.744E-06
 1.778E+16-5.638E+01-8.081E-02 0.000E+00 7.481E+00 5.053E+00 4.902E-02 1.410E-07 4.697E-07 2.729E-06 2.748E-06 2.743E-06
 3.162E+16-6.765E+01-1.130E-01 0.000E+00 1.107E+01 8.532E+00 4.086E-02 1.342E-07 4.395E-07 2.729E-06 2.746E-06 2.742E-06
 5.623E+16-8.799E+01-1.444E-01 0.000E+00 1.685E+01 1.423E+01 3.143E-02 1.265E-07 4.065E-07 2.729E-06 2.744E-06 2.740E-06
 1.000E+17-1.297E+02-1.617E-01 0.000E+00 2.606E+01 2.339E+01 2.133E-02 1.186E-07 3.731E-07 2.729E-06 2.742E-06 2.739E-06
 1.778E+17-2.457E+02-1.400E-01 0.000E+00 4.018E+01 3.748E+01 1.126E-02 1.106E-07 3.407E-07 2.729E-06 2.740E-06 2.737E-06
 3.162E+17-1.354E+03-4.175E-02 0.000E+00 6.061E+01 5.788E+01 2.043E-03 1.031E-07 3.117E-07 2.729E-06 2.738E-06 2.736E-06
 5.623E+17 1.173E+02 8.048E-01 4.584E+11 6.561E+01 6.289E+01 0.000E+00 0.000E+00 0.000E+00 0.000E+00 0.000E+00 0.000E+00
 1.000E+18 1.068E+02 1.468E+00 5.719E+11 8.222E+01 7.949E+01 0.000E+00 0.000E+00 0.000E+00 0.000E+00 0.000E+00 0.000E+00
 1.778E+18 1.022E+02 2.579E+00 6.843E+11 9.386E+01 9.112E+01 0.000E+00 0.000E+00 0.000E+00 0.000E+00 0.000E+00 0.000E+00
 3.162E+18 1.004E+02 4.457E+00 7.853E+11 9.847E+01 9.573E+01 0.000E+00 0.000E+00 0.000E+00 0.000E+00 0.000E+00 0.000E+00
 5.623E+18 9.997E+01 7.686E+00 8.695E+11 9.909E+01 9.635E+01 0.000E+00 0.000E+00 0.000E+00 0.000E+00 0.000E+00 0.000E+00
 1.000E+19 9.982E+01 1.334E+01 9.487E+11 9.899E+01 9.625E+01 0.000E+00 0.000E+00 0.000E+00 0.000E+00 0.000E+00 0.000E+00

      1300.39 mic ( 230.540 GHz) transition between levels  3 and  2
     Upper Level: J =   2                                                                         
     Lower Level: J =   1                                                                         

    Nmol      Tex       tau       Flux   delta(Tb) del(TRJ)     eta       p1        p2       Gamma1    Gamma2    Gamma
  cm-2/kms     K                   Jy       K         K                 cm-3s-1   cm-3s-1      s-1       s-1       s-1 
 1.000E+16 7.092E+01 1.480E-01 2.949E+11 1.379E+01 8.987E+00 0.000E+00 0.000E+00 0.000E+00 0.000E+00 0.000E+00 0.000E+00
 1.778E+16 7.048E+01 2.511E-01 4.557E+11 1.942E+01 1.441E+01 0.000E+00 0.000E+00 0.000E+00 0.000E+00 0.000E+00 0.000E+00
 3.162E+16 7.086E+01 4.160E-01 6.755E+11 2.737E+01 2.221E+01 0.000E+00 0.000E+00 0.000E+00 0.000E+00 0.000E+00 0.000E+00
 5.623E+16 7.217E+01 6.731E-01 9.570E+11 3.788E+01 3.262E+01 0.000E+00 0.000E+00 0.000E+00 0.000E+00 0.000E+00 0.000E+00
 1.000E+17 7.446E+01 1.068E+00 1.297E+12 5.054E+01 4.521E+01 0.000E+00 0.000E+00 0.000E+00 0.000E+00 0.000E+00 0.000E+00
 1.778E+17 7.759E+01 1.671E+00 1.680E+12 6.383E+01 5.846E+01 0.000E+00 0.000E+00 0.000E+00 0.000E+00 0.000E+00 0.000E+00
 3.162E+17 8.070E+01 2.622E+00 2.085E+12 7.504E+01 6.964E+01 0.000E+00 0.000E+00 0.000E+00 0.000E+00 0.000E+00 0.000E+00
 5.623E+17 8.875E+01 3.905E+00 2.602E+12 8.688E+01 8.146E+01 0.000E+00 0.000E+00 0.000E+00 0.000E+00 0.000E+00 0.000E+00
 1.000E+18 9.217E+01 6.247E+00 2.987E+12 9.180E+01 8.638E+01 0.000E+00 0.000E+00 0.000E+00 0.000E+00 0.000E+00 0.000E+00
 1.778E+18 9.474E+01 1.021E+01 3.351E+12 9.454E+01 8.912E+01 0.000E+00 0.000E+00 0.000E+00 0.000E+00 0.000E+00 0.000E+00
 3.162E+18 9.655E+01 1.703E+01 3.688E+12 9.636E+01 9.093E+01 0.000E+00 0.000E+00 0.000E+00 0.000E+00 0.000E+00 0.000E+00
 5.623E+18 9.778E+01 2.889E+01 3.999E+12 9.758E+01 9.215E+01 0.000E+00 0.000E+00 0.000E+00 0.000E+00 0.000E+00 0.000E+00
 1.000E+19 9.860E+01 4.965E+01 4.287E+12 9.840E+01 9.298E+01 0.000E+00 0.000E+00 0.000E+00 0.000E+00 0.000E+00 0.000E+00

       866.96 mic ( 345.796 GHz) transition between levels  4 and  3
     Upper Level: J =   3                                                                         
     Lower Level: J =   2                                                                         

    Nmol      Tex       tau       Flux   delta(Tb) del(TRJ)     eta       p1        p2       Gamma1    Gamma2    Gamma
  cm-2/kms     K                   Jy       K         K                 cm-3s-1   cm-3s-1      s-1       s-1       s-1 
 1.000E+16 4.289E+01 4.216E-01 8.233E+11 1.919E+01 1.207E+01 0.000E+00 0.000E+00 0.000E+00 0.000E+00 0.000E+00 0.000E+00
 1.778E+16 4.748E+01 6.532E-01 1.255E+12 2.644E+01 1.901E+01 0.000E+00 0.000E+00 0.000E+00 0.000E+00 0.000E+00 0.000E+00
 3.162E+16 5.299E+01 9.922E-01 1.831E+12 3.603E+01 2.837E+01 0.000E+00 0.000E+00 0.000E+00 0.000E+00 0.000E+00 0.000E+00
 5.623E+16 5.930E+01 1.487E+00 2.555E+12 4.756E+01 3.974E+01 0.000E+00 0.000E+00 0.000E+00 0.000E+00 0.000E+00 0.000E+00
 1.000E+17 6.616E+01 2.218E+00 3.414E+12 5.976E+01 5.184E+01 0.000E+00 0.000E+00 0.000E+00 0.000E+00 0.000E+00 0.000E+00
 1.778E+17 7.251E+01 3.343E+00 4.361E+12 7.019E+01 6.221E+01 0.000E+00 0.000E+00 0.000E+00 0.000E+00 0.000E+00 0.000E+00
 3.162E+17 7.941E+01 5.045E+00 5.303E+12 7.891E+01 7.091E+01 0.000E+00 0.000E+00 0.000E+00 0.000E+00 0.000E+00 0.000E+00
 5.623E+17 8.522E+01 7.802E+00 6.229E+12 8.515E+01 7.713E+01 0.000E+00 0.000E+00 0.000E+00 0.000E+00 0.000E+00 0.000E+00
 1.000E+18 8.978E+01 1.239E+01 7.110E+12 8.974E+01 8.170E+01 0.000E+00 0.000E+00 0.000E+00 0.000E+00 0.000E+00 0.000E+00
 1.778E+18 9.317E+01 2.016E+01 7.928E+12 9.313E+01 8.508E+01 0.000E+00 0.000E+00 0.000E+00 0.000E+00 0.000E+00 0.000E+00
 3.162E+18 9.557E+01 3.352E+01 8.676E+12 9.553E+01 8.747E+01 0.000E+00 0.000E+00 0.000E+00 0.000E+00 0.000E+00 0.000E+00
 5.623E+18 9.720E+01 5.673E+01 9.358E+12 9.716E+01 8.910E+01 0.000E+00 0.000E+00 0.000E+00 0.000E+00 0.000E+00 0.000E+00
 1.000E+19 9.826E+01 9.740E+01 9.980E+12 9.823E+01 9.016E+01 0.000E+00 0.000E+00 0.000E+00 0.000E+00 0.000E+00 0.000E+00

       650.25 mic ( 461.039 GHz) transition between levels  5 and  4
     Upper Level: J =   4                                                                         
     Lower Level: J =   3                                                                         

    Nmol      Tex       tau       Flux   delta(Tb) del(TRJ)     eta       p1        p2       Gamma1    Gamma2    Gamma
  cm-2/kms     K                   Jy       K         K                 cm-3s-1   cm-3s-1      s-1       s-1       s-1 
 1.000E+16 3.288E+01 5.817E-01 1.201E+12 1.914E+01 1.016E+01 0.000E+00 0.000E+00 0.000E+00 0.000E+00 0.000E+00 0.000E+00
 1.778E+16 3.716E+01 9.322E-01 1.895E+12 2.599E+01 1.648E+01 0.000E+00 0.000E+00 0.000E+00 0.000E+00 0.000E+00 0.000E+00
 3.162E+16 4.284E+01 1.448E+00 2.858E+12 3.494E+01 2.503E+01 0.000E+00 0.000E+00 0.000E+00 0.000E+00 0.000E+00 0.000E+00
 5.623E+16 4.977E+01 2.199E+00 4.107E+12 4.530E+01 3.514E+01 0.000E+00 0.000E+00 0.000E+00 0.000E+00 0.000E+00 0.000E+00
 1.000E+17 5.743E+01 3.310E+00 5.637E+12 5.568E+01 4.535E+01 0.000E+00 0.000E+00 0.000E+00 0.000E+00 0.000E+00 0.000E+00
 1.778E+17 6.599E+01 4.929E+00 7.297E+12 6.558E+01 5.513E+01 0.000E+00 0.000E+00 0.000E+00 0.000E+00 0.000E+00 0.000E+00
 3.162E+17 7.407E+01 7.459E+00 9.044E+12 7.403E+01 6.352E+01 0.000E+00 0.000E+00 0.000E+00 0.000E+00 0.000E+00 0.000E+00
 5.623E+17 8.123E+01 1.152E+01 1.081E+13 8.122E+01 7.066E+01 0.000E+00 0.000E+00 0.000E+00 0.000E+00 0.000E+00 0.000E+00
 1.000E+18 8.701E+01 1.824E+01 1.248E+13 8.700E+01 7.641E+01 0.000E+00 0.000E+00 0.000E+00 0.000E+00 0.000E+00 0.000E+00
 1.778E+18 9.136E+01 2.961E+01 1.402E+13 9.135E+01 8.073E+01 0.000E+00 0.000E+00 0.000E+00 0.000E+00 0.000E+00 0.000E+00
 3.162E+18 9.443E+01 4.914E+01 1.541E+13 9.442E+01 8.379E+01 0.000E+00 0.000E+00 0.000E+00 0.000E+00 0.000E+00 0.000E+00
 5.623E+18 9.650E+01 8.310E+01 1.664E+13 9.649E+01 8.585E+01 0.000E+00 0.000E+00 0.000E+00 0.000E+00 0.000E+00 0.000E+00
 1.000E+19 9.785E+01 1.426E+02 1.774E+13 9.784E+01 8.719E+01 0.000E+00 0.000E+00 0.000E+00 0.000E+00 0.000E+00 0.000E+00

       371.65 mic ( 806.652 GHz) transition between levels  8 and  7
     Upper Level: J =   7                                                                         
     Lower Level: J =   6                                                                         

    Nmol      Tex       tau       Flux   delta(Tb) del(TRJ)     eta       p1        p2       Gamma1    Gamma2    Gamma
  cm-2/kms     K                   Jy       K         K                 cm-3s-1   cm-3s-1      s-1       s-1       s-1 
 1.000E+16 2.741E+01 8.095E-02 4.015E+11 1.043E+01 9.693E-01 0.000E+00 0.000E+00 0.000E+00 0.000E+00 0.000E+00 0.000E+00
 1.778E+16 2.676E+01 1.770E-01 7.654E+11 1.271E+01 1.933E+00 0.000E+00 0.000E+00 0.000E+00 0.000E+00 0.000E+00 0.000E+00
 3.162E+16 2.658E+01 4.116E-01 1.475E+12 1.630E+01 3.970E+00 0.000E+00 0.000E+00 0.000E+00 0.000E+00 0.000E+00 0.000E+00
 5.623E+16 2.796E+01 9.679E-01 2.817E+12 2.196E+01 8.019E+00 0.000E+00 0.000E+00 0.000E+00 0.000E+00 0.000E+00 0.000E+00
 1.000E+17 3.198E+01 2.129E+00 5.166E+12 2.976E+01 1.448E+01 0.000E+00 0.000E+00 0.000E+00 0.000E+00 0.000E+00 0.000E+00
 1.778E+17 3.887E+01 4.278E+00 8.846E+12 3.853E+01 2.236E+01 0.000E+00 0.000E+00 0.000E+00 0.000E+00 0.000E+00 0.000E+00
 3.162E+17 4.839E+01 7.739E+00 1.385E+13 4.837E+01 3.157E+01 0.000E+00 0.000E+00 0.000E+00 0.000E+00 0.000E+00 0.000E+00
 5.623E+17 5.895E+01 1.319E+01 1.992E+13 5.895E+01 4.169E+01 0.000E+00 0.000E+00 0.000E+00 0.000E+00 0.000E+00 0.000E+00
 1.000E+18 6.942E+01 2.188E+01 2.656E+13 6.942E+01 5.185E+01 0.000E+00 0.000E+00 0.000E+00 0.000E+00 0.000E+00 0.000E+00
 1.778E+18 7.869E+01 3.614E+01 3.315E+13 7.869E+01 6.091E+01 0.000E+00 0.000E+00 0.000E+00 0.000E+00 0.000E+00 0.000E+00
 3.162E+18 8.602E+01 6.024E+01 3.915E+13 8.602E+01 6.811E+01 0.000E+00 0.000E+00 0.000E+00 0.000E+00 0.000E+00 0.000E+00
 5.623E+18 9.124E+01 1.019E+02 4.429E+13 9.124E+01 7.325E+01 0.000E+00 0.000E+00 0.000E+00 0.000E+00 0.000E+00 0.000E+00
 1.000E+19 9.467E+01 1.748E+02 4.856E+13 9.467E+01 7.663E+01 0.000E+00 0.000E+00 0.000E+00 0.000E+00 0.000E+00 0.000E+00
